<?xml version="1.0" encoding="UTF-8"?><TestSessionContainer xmlns="http://www.codecover.org/xml/testsession-container" Date="1486960498133" TestSessionContainerId="91048565-8868-407f-9b63-0af502b5fdfd" version="1.0">
<SrcFileList>
<SrcFile Content="package Brandon_Dominion;&#13;&#10;&#13;&#10;&#13;&#10;class Cards {&#13;&#10;  private String Name;&#13;&#10;  private int cost;&#13;&#10;  private int VictoryPoints; &#13;&#10;  private String Card_Type; &#13;&#10;  private Boolean EmbargoToken;&#13;&#10;&#13;&#10;  public Cards(String name2, int coinCost, int vPoints, String type, Boolean EmbargoVal) {&#13;&#10;&#9;  &#9;this.Name = name2;&#13;&#10;&#9;    this.cost = coinCost;&#13;&#10;&#9;    this.VictoryPoints = vPoints;&#13;&#10;&#9;    this.Card_Type = type;&#13;&#10;&#9;    this.EmbargoToken = EmbargoVal; &#13;&#10;}&#13;&#10;&#13;&#10;  public String getName(){ return Name;}&#13;&#10;  &#13;&#10;  public Boolean getToken(){return EmbargoToken;}&#13;&#10;  &#13;&#10; public int getCost(){return cost;}&#13;&#10; &#13;&#10;  public String toString(){&#13;&#10;    return Name+ &quot; &quot;+ cost + &quot; &quot; + VictoryPoints + &quot; &quot; + Card_Type + &quot; &quot; + EmbargoToken;&#13;&#10;  }&#13;&#10;&#13;&#10;  public void addEmbargo(){this.EmbargoToken = true;}&#13;&#10;  &#13;&#10;  &#13;&#10;  public  String getType(){return Card_Type;}&#13;&#10;  &#13;&#10;}&#13;&#10;" Filename="Cards.java" Intrnl_Id="1"/>
<SrcFile Content="package Brandon_Dominion;&#13;&#10;&#13;&#10;import static org.junit.Assert.*;&#13;&#10;&#13;&#10;import org.junit.Test;&#13;&#10;&#13;&#10;public class CardsTest {&#13;&#10;&#13;&#10;&#9;@Test&#13;&#10;&#9;public void testCardsandString() {&#13;&#10;&#9;&#9;Cards C = new Cards(&quot;Test&quot;, 0,0,&quot;Action&quot;,false);&#13;&#10;&#9;&#9;assertEquals(C.toString(), &quot;Test 0 0 Action false&quot;);&#13;&#10;&#9;}&#13;&#10;&#9;&#13;&#10;&#9;@Test&#13;&#10;&#9;public void testGetName(){&#13;&#10;&#9;&#9;Cards C = new Cards(&quot;Test&quot;, 0,0,&quot;Action&quot;,false);&#13;&#10;&#9;&#9;assertEquals(C.getName(), &quot;Test&quot;);&#13;&#10;&#9;}&#13;&#10;&#9;&#13;&#10;&#9;@Test &#13;&#10;&#9;public void testgetToken(){&#13;&#10;&#9;&#9;Cards good = new Cards(&quot;Test&quot;, 0,0,&quot;Action&quot;,false);&#13;&#10;&#9;&#9;assertEquals(good.getToken(), false);&#13;&#10;&#9;&#9;Cards bad = new Cards(&quot;Test&quot;, 0,0,&quot;Action&quot;,true);&#13;&#10;&#9;&#9;assertEquals(bad.getToken(), true);&#13;&#10;&#9;}&#13;&#10;&#9;&#13;&#10;&#9;@Test&#13;&#10;&#9;public void testCost(){&#13;&#10;&#9;&#9;Cards C = new Cards(&quot;Test&quot;, 0,0,&quot;Action&quot;,false);&#13;&#10;&#9;&#9;assertEquals(C.getCost(), 0);&#13;&#10;&#9;}&#13;&#10;&#9;&#13;&#10;&#9;@Test&#13;&#10;&#9;public void testEmbargo(){&#13;&#10;&#9;&#9;Cards C = new Cards(&quot;Test&quot;, 0,0,&quot;Action&quot;,false);&#13;&#10;&#9;&#9;assertEquals(C.getToken(),false);&#13;&#10;&#9;&#9;C.addEmbargo();&#13;&#10;&#9;&#9;assertEquals(C.getToken(),true);&#13;&#10;&#9;}&#13;&#10;&#9;&#13;&#10;&#9;@Test&#13;&#10;&#9;public void testType(){&#13;&#10;&#9;&#9;Cards C = new Cards(&quot;Test&quot;, 0,0,&quot;Action&quot;,false);&#13;&#10;&#9;&#9;assertEquals(C.getType(), &quot;Action&quot;);&#9;&#13;&#10;&#9;}&#13;&#10;&#13;&#10;}&#13;&#10;" Filename="CardsTest.java" Intrnl_Id="2"/>
<SrcFile Content="package Brandon_Dominion;&#13;&#10;&#13;&#10;import static org.junit.Assert.*;&#13;&#10;&#13;&#10;import org.junit.Test;&#13;&#10;&#13;&#10;public class DeckTest {&#13;&#10;&#13;&#10;&#9;@Test&#13;&#10;&#9;public void testBuildActionDeck() {&#13;&#10;&#9;&#9;Deck.Build_Action_Deck(); //make sure that 13 different piles were created&#13;&#10;&#9;&#9;&#13;&#10;&#9;&#9;String[] CardNames = {&quot;Adventurer&quot;, &quot;Ambassador&quot;, &quot;Baron&quot;,&quot;CouncilRoom&quot;, &quot;CutPurse&quot;,&#13;&#10;&#9;    &#9;&#9;&quot;Embargo&quot;,&quot;Feast&quot;,&quot;Garden&quot;,&quot;GreatHall&quot;,&quot;Mine&quot;,&quot;Village&quot;,&quot;Workshop&quot;,&quot;Market&quot;};&#13;&#10;&#9;    int CardCosts[] = {6,3,4,5,4,2,4,4,3,5,3,3,5}; //corresponds with Card cost values&#13;&#10;&#9;    int VictoryPoints[] = {0,0,0,0,0,0,0,0,1,0,0,0,0}; // Victory Point values&#13;&#10;&#9;    &#13;&#10;&#9;    &#13;&#10;&#9;&#9;assertEquals(Deck.getActionDeck().size(), 13);&#13;&#10;&#9;&#9;&#13;&#10;&#9;&#9;for (int i = 0; i &lt; 13; i++) {// make sure there are 10 copies of each action card&#13;&#10;&#9;&#9;&#9;assertEquals(Deck.getActionDeck().get(i).size(), 10);&#13;&#10;&#9;&#9;&#9;assertEquals(Deck.getActionDeck().get(i).get(0).toString(),&#13;&#10;&#9;&#9;&#9;&#9;&#9;CardNames[i] + &quot; &quot; + CardCosts[i] + &quot; &quot; + VictoryPoints[i] + &quot; &quot; + &quot;Action&quot;+ &quot; false&quot;);&#13;&#10;&#9;&#9;}&#13;&#10;&#9;}&#13;&#10;&#9;&#13;&#10;&#9;@Test&#13;&#10;&#9;public void testBuildMV(){ // this could use some more work&#13;&#10;&#9;&#9;Deck.Build_Money_Victory();&#13;&#10;&#9;&#9;assertEquals(Deck.getMoneyDeck().size(), 3);&#13;&#10;&#9;&#9;assertEquals(Deck.curseCards.size(), 10);&#13;&#10;&#9;&#9;assertEquals(Deck.getMoneyDeck().get(0).size(), 60);&#13;&#10;&#9;&#9;assertEquals(Deck.getMoneyDeck().get(1).size(), 40);&#13;&#10;&#9;&#9;assertEquals(Deck.getMoneyDeck().get(2).size(), 30);&#13;&#10;&#9;&#9;&#13;&#10;&#9;}&#13;&#10;&#9;&#13;&#10;&#9;@Test&#13;&#10;&#9;public void testGetAction(){&#13;&#10;&#9;&#9;assertEquals(Deck.getActionDeck(), Deck.getActionDeck());&#13;&#10;&#9;}&#13;&#10;&#9;&#13;&#10;&#9;@Test &#13;&#10;&#9;public void testMoney(){&#13;&#10;&#9;&#9;assertEquals(Deck.getMoneyDeck(),Deck.getMoneyDeck());&#13;&#10;&#9;}&#13;&#10;&#9;@Test &#13;&#10;&#9;public void testVC(){&#13;&#10;&#9;&#9;assertEquals(Deck.getVCDeck(),Deck.getVCDeck());&#13;&#10;&#9;}&#13;&#10;}&#13;&#10;" Filename="DeckTest.java" Intrnl_Id="3"/>
<SrcFile Content="package Brandon_Dominion;&#13;&#10;&#13;&#10;&#13;&#10;class PlayDominion{&#13;&#10;&#9;static Player p1 = new Player(&quot;Player1&quot;);&#13;&#10;&#9;static Player p2 = new Player(&quot;Player2&quot;);&#9;&#13;&#10;&#9;static Deck AllDecks = new Deck();&#13;&#10;&#9;RandNumbers Randoms = new RandNumbers();&#13;&#10;&#13;&#10;&#9;&#13;&#10;&#9;&#13;&#10;&#9;&#13;&#10;&#9;public static void Initialize_Game(){&#13;&#10;&#9;&#9;Cards Copper, Estate; &#13;&#10;&#9;&#9;for (int i = 0; i &lt; 7; i++){&#9;&#9;&#9;&#13;&#10;&#9;&#9;&#9;Copper = new Cards(&quot;Copper&quot;,1,0, &quot;Money&quot;,false);&#9;&#13;&#10;&#9;&#9;&#9;p1.GetDeck().add(Copper);&#13;&#10;&#9;&#9;&#9;p2.GetDeck().add(Copper);&#13;&#10;&#9;&#9;}&#13;&#10;&#9;&#9;for (int i = 0; i &lt; 3; i++){&#13;&#10;&#9;&#9;&#9;Estate = new Cards(&quot;Estate&quot;,2,1, &quot;Victory&quot;,false);&#13;&#10;&#9;&#9;&#9;p1.GetDeck().add(Estate);&#13;&#10;&#9;&#9;&#9;p2.GetDeck().add(Estate);&#13;&#10;&#9;&#9;}&#13;&#10;&#9;&#9;&#9;&#13;&#10;&#9;&#9;Player.shuffle(p1.GetDeck());&#13;&#10;&#9;&#9;Player.shuffle(p2.GetDeck());&#13;&#10;&#13;&#10;&#9;&#9;for(int i = 0; i &lt; 5; i++){&#13;&#10;&#9;&#9;&#9;p1.Draw(0);&#13;&#10;&#9;&#9;&#9;p2.Draw(0);&#13;&#10;&#9;&#9;}&#13;&#10;&#9;&#9;&#13;&#10;&#9;&#9;p1.Get_Player_Stats();&#13;&#10;&#9;&#9;p2.Get_Player_Stats();&#13;&#10;&#9;&#9;&#13;&#10;&#9;&#9;Deck.Build_Money_Victory();&#13;&#10;&#9;&#9;Deck.Build_Action_Deck();&#13;&#10;&#9;}&#13;&#10;&#9;&#13;&#10;&#9;&#13;&#10;&#9;public static boolean CheckifPileIsEmpty(int rand){&#13;&#10;&#9;&#9;if (Deck.getActionDeck().get(rand).size() == 0)&#13;&#10;&#9;&#9;&#9;return true;&#13;&#10;&#9;&#9;else &#13;&#10;&#9;&#9;&#9;return false;&#13;&#10;&#9;}&#13;&#10;&#9;&#13;&#10;&#9;public static boolean CheckMoneyPile(int rand){&#13;&#10;&#9;&#9;if (Deck.getMoneyDeck().get(rand).size() == 0)&#13;&#10;&#9;&#9;&#9;return true;&#13;&#10;&#9;&#9;return false;&#13;&#10;&#9;}&#13;&#10;&#9;&#13;&#10;&#9;public static boolean CheckEndGame(){&#13;&#10;&#9;&#9;int EmptyCounter = 0; &#13;&#10;&#9;&#9;for (int i = 0; i &lt; Deck.getActionDeck().size(); i++){&#13;&#10;&#9;&#9;&#9;if(Deck.getActionDeck().get(i).size() == 0)&#13;&#10;&#9;&#9;&#9;&#9;EmptyCounter++;&#13;&#10;&#9;&#9;}&#13;&#10;&#9;&#9;if (EmptyCounter &gt;= 3 || Deck.getVCDeck().get(2).size() == 0)&#13;&#10;&#9;&#9;&#9;return true;&#13;&#10;&#9;&#9;else &#13;&#10;&#9;&#9;&#9;return false; &#13;&#10;&#9;}&#13;&#10;&#9;&#13;&#10;&#9;// Just a wrapper function&#13;&#10;&#9;public static void Play_Game(){&#9;&#9;&#13;&#10;&#9;&#9;int i = 0;&#13;&#10;&#9;&#9;while (CheckEndGame() == false){&#13;&#10;&#9;&#9;&#9;System.out.println(&quot;Turn: &quot; + i);&#13;&#10;&#9;&#9;&#9;Player1Turn();&#13;&#10;&#9;&#9;&#9;Player2Turn();&#13;&#10;&#9;&#9;&#9;i++;&#13;&#10;&#9;&#9;}&#13;&#10;&#9;&#9;&#13;&#10;&#9;&#9;p1.Get_Player_Stats();&#13;&#10;&#9;&#9;p2.Get_Player_Stats();&#13;&#10;&#9;&#9;System.out.println(&quot;Player 1 Stats: &quot; + p1.toString());&#13;&#10;&#9;&#9;System.out.println(&quot;Player 2 Stats: &quot; + p2.toString());&#13;&#10;&#9;&#9;System.out.println(&quot;Exiting&quot;);&#13;&#10;&#9;}&#9;&#13;&#10;&#9;&#13;&#10;&#13;&#10;&#9;// I could merge the 2 player turns into one function.. But nah. &#13;&#10;&#9;public static void Player2Turn(){&#13;&#10;&#9;&#9;System.out.println(&quot;========================= Player 2 Turn ============================= \n&quot;);&#13;&#10;&#9;&#9;Boolean Bought_Card = false;&#13;&#10;&#9;&#9;int Action_Card_Present = Player.Check_For_Action(p2);&#13;&#10;&#9;&#9;int PlayCard = RandNumbers.getRand(2);&#13;&#10;&#9;&#9;int buyAttempts = 0;&#13;&#10;&#9;&#9;p2.Player_Action_Turns = 1; &#13;&#10;&#9;&#9;p2.Player_Buy_Turns = 1; &#13;&#10;&#9;&#9;&#13;&#10;&#9;&#9;&#13;&#10;&#9;&#9;System.out.println(&quot;Player 2 Rolled &quot; + PlayCard);&#13;&#10;&#9;&#9;System.out.println(&quot;Player 2: GOLD IN HAND &quot; + p2.Get_player_gold_in_hand() + p2.get_PlayHand().toString());&#13;&#10;&#9;&#9;System.out.println(&quot;-------------------------Action Phase ----------------- \n&quot;);&#13;&#10;&#9;&#9;&#13;&#10;&#9;&#9;for(int i = 0; i &lt; p2.Player_Action_Turns; i++){&#13;&#10;&#9;&#9;&#9;Action_Card_Present = Player.Check_For_Action(p2);&#13;&#10;&#9;&#9;if (Action_Card_Present == -1)&#13;&#10;&#9;&#9;&#9;System.out.println(&quot;No Action Cards to play. Moving to buy phase. \n&quot;);&#13;&#10;&#9;&#9;else {&#13;&#10;&#9;&#9;&#9;&#9;System.out.printf(&quot;Player 2 plays %s \n&quot;, p2.get_PlayHand().get(Action_Card_Present).toString());&#13;&#10;&#9;&#9;&#9;&#9;Cards PlayMe = p2.get_PlayHand().remove(Action_Card_Present);&#13;&#10;&#9;&#9;&#9;&#9;p2.Play_Card(PlayMe,p1,p2);&#13;&#10;&#9;&#9;&#9;}&#9;&#13;&#10;&#9;&#9;}&#13;&#10;&#9;&#9;p2.Player_Action_Turns = 1; &#13;&#10;&#9;&#9;&#13;&#10;&#9;&#9;&#13;&#10;&#9;&#9;System.out.println(&quot;-------------------------Buy Phase -------------------- \n&quot;);&#13;&#10;&#9;&#9;boolean safe = false; &#13;&#10;&#9;&#9;int rand = 0;&#13;&#10;&#9;&#9;//Get the size of the action deck and make it a rand value&#13;&#10;&#9;&#9;for(int i = 0; i &lt; p2.Player_Buy_Turns;i++){&#13;&#10;&#9;&#9;&#9;do {&#13;&#10;&#9;&#9;&#9;&#9;if (Deck.getVCDeck().get(2).size() != 0 &amp;&amp; p2.Get_player_gold_in_hand() &gt; 8){&#13;&#10;&#9;&#9;&#9;&#9;&#9;p2.get_PlayHand().add(Deck.getVCDeck().get(2).remove(0));&#13;&#10;&#9;&#9;&#9;&#9;&#9;Bought_Card = true;&#13;&#10;&#9;&#9;&#9;&#9;}&#13;&#10;&#9;&#9;&#9;&#9;else if (Deck.getVCDeck().get(1).size() != 0 &amp;&amp; p2.Get_player_gold_in_hand() &gt; 5){&#13;&#10;&#9;&#9;&#9;&#9;&#9;p2.get_PlayHand().add(Deck.getVCDeck().get(1).remove(0));&#13;&#10;&#9;&#9;&#9;&#9;&#9;Bought_Card = true;&#13;&#10;&#9;&#9;&#9;&#9;}&#13;&#10;&#9;&#9;&#9;&#9;while(safe == false){&#13;&#10;&#9;&#9;&#9;&#9;&#9;int randomVal = RandNumbers.getRand(Deck.getActionDeck().size());&#13;&#10;&#9;&#9;&#9;&#9;&#9;if (CheckifPileIsEmpty(randomVal) == true)&#13;&#10;&#9;&#9;&#9;&#9;&#9;&#9;safe = false;&#13;&#10;&#9;&#9;&#9;&#9;&#9;else{ &#13;&#10;&#9;&#9;&#9;&#9;&#9;&#9;safe = true;&#13;&#10;&#9;&#9;&#9;&#9;&#9;&#9;rand = randomVal;&#13;&#10;&#9;&#9;&#9;&#9;&#9;}&#13;&#10;&#9;&#9;&#9;&#9;}&#13;&#10;&#9;&#9;&#9;&#9;CheckifPileIsEmpty(rand);&#13;&#10;&#9;&#9;&#9;&#9;int Player_2_Gold = p2.Get_player_gold_in_hand();&#13;&#10;&#9;&#9;&#9;&#9;if (Player_2_Gold &lt; Deck.getActionDeck().get(rand).get(0).getCost()){&#13;&#10;&#9;&#9;&#9;&#9;//System.out.println(&quot;Not enough Gold&quot;);&#13;&#10;&#9;&#9;&#9;&#9;&#9;buyAttempts++;&#13;&#10;&#9;&#9;&#9;&#9;&#9;if (buyAttempts &gt; 30){&#13;&#10;&#9;&#9;&#9;&#9;&#9;&#9;if (CheckMoneyPile(0) == false)&#13;&#10;&#9;&#9;&#9;&#9;&#9;&#9;&#9;p2.get_PlayHand().add(Deck.getMoneyDeck().get(0).remove(0)); //remove a copper&#13;&#10;&#9;&#9;&#9;&#9;&#9;&#9;return;&#13;&#10;&#9;&#9;&#9;&#9;&#9;}&#13;&#10;&#9;&#9;&#9;&#9;}&#13;&#10;&#13;&#10;&#9;&#9;&#9;&#9;else {&#13;&#10;&#9;&#9;&#9;&#9;&#9;Cards Bought = Deck.getActionDeck().get(rand).remove(0);&#13;&#10;&#9;&#9;&#9;&#9;&#9;if (Bought.getCost() != 0)&#13;&#10;&#9;&#9;&#9;&#9;&#9;&#9;p2.PayPiper(Bought.getCost());&#13;&#10;&#9;&#9;&#9;&#9;&#9;p2.get_PlayHand().add(Bought);&#13;&#10;&#9;&#9;&#9;&#9;&#9;Bought_Card = true;&#13;&#10;&#9;&#9;&#9;&#9;}&#13;&#10;&#9;&#9;&#9;&#13;&#10;&#9;&#9;&#9;}while(Bought_Card == false);&#13;&#10;&#9;&#9;&#9;Bought_Card = false;&#13;&#10;&#9;&#9;&#9;safe = false;&#13;&#10;&#9;&#9;}&#13;&#10;&#9;&#9;p2.Player_Buy_Turns = 1;&#13;&#10;&#9;&#9;p2.newHand();&#13;&#10;&#9;}&#13;&#10;&#9;&#13;&#10;&#9;&#13;&#10;&#9;&#13;&#10;&#9;public static void Player1Turn(){&#13;&#10;&#9;&#9;System.out.println(&quot;========================= Player 1 Turn ============================== \n&quot;);&#13;&#10;&#9;&#9;int Action_Card_Present;&#13;&#10;&#9;&#9;int buyAttempts = 0;&#13;&#10;&#9;&#9;int rand = 0;&#13;&#10;&#9;&#9;p1.Player_Action_Turns = 1; &#13;&#10;&#9;&#9;p1.Player_Buy_Turns = 1;&#13;&#10;&#13;&#10;&#9;&#9;&#13;&#10;&#9;&#9;System.out.println(&quot;-------------------------Action Phase ----------------- \n&quot;);&#13;&#10;&#9;&#9;for(int i = 0; i &lt; p1.Player_Action_Turns; i++){&#13;&#10;&#9;&#9;&#9;Action_Card_Present = Player.Check_For_Action(p1);&#13;&#10;&#9;&#9;if (Action_Card_Present == -1)&#13;&#10;&#9;&#9;&#9;System.out.println(&quot;No Action Cards to play. Moving to buy phase. \n&quot;);&#13;&#10;&#9;&#9;else {&#13;&#10;&#9;&#9;&#9;&#9;System.out.printf(&quot;Player 1 plays %s \n&quot;, p1.get_PlayHand().get(Action_Card_Present).toString());&#13;&#10;&#9;&#9;&#9;&#9;Cards PlayMe = p1.get_PlayHand().remove(Action_Card_Present);&#13;&#10;&#9;&#9;&#9;&#9;p1.Play_Card(PlayMe,p1,p2);&#13;&#10;&#9;&#9;&#9;}&#9;&#13;&#10;&#9;&#9;}&#13;&#10;&#9;&#9;p1.Player_Action_Turns = 1; &#13;&#10;&#13;&#10;&#9;&#9;System.out.println(&quot;-------------------------Buy Phase -------------------- \n&quot;);&#13;&#10;&#9;&#9;&#13;&#10;&#9;&#9;Boolean Bought_Card = false, safe = false;&#13;&#10;&#9;&#9;//Get the size of the action deck and make it a rand value&#13;&#10;&#9;&#9;for(int i = 0; i &lt; p1.Player_Buy_Turns;i++){&#13;&#10;&#9;&#9;&#9;do {&#13;&#10;&#9;&#9;&#9;&#9;if (Deck.getVCDeck().get(2).size() != 0 &amp;&amp; p1.Get_player_gold_in_hand() &gt; 8){&#13;&#10;&#9;&#9;&#9;&#9;&#9;p1.get_PlayHand().add(Deck.getVCDeck().get(2).remove(0));&#13;&#10;&#9;&#9;&#9;&#9;&#9;Bought_Card = true;&#13;&#10;&#9;&#9;&#9;&#9;}&#13;&#10;&#9;&#9;&#9;&#9;else if (Deck.getVCDeck().get(1).size() != 0 &amp;&amp; p1.Get_player_gold_in_hand() &gt; 5){&#13;&#10;&#9;&#9;&#9;&#9;&#9;p1.get_PlayHand().add(Deck.getVCDeck().get(1).remove(0));&#13;&#10;&#9;&#9;&#9;&#9;&#9;Bought_Card = true;&#13;&#10;&#9;&#9;&#9;&#9;}&#13;&#10;&#9;&#9;&#9;&#9;while(safe == false){&#13;&#10;&#9;&#9;&#9;&#9;&#9;int randomVal = RandNumbers.getRand(Deck.getActionDeck().size());&#13;&#10;&#9;&#9;&#9;&#9;&#9;if (CheckifPileIsEmpty(randomVal) == true)&#13;&#10;&#9;&#9;&#9;&#9;&#9;&#9;safe = false;&#13;&#10;&#9;&#9;&#9;&#9;&#9;else{ &#13;&#10;&#9;&#9;&#9;&#9;&#9;&#9;safe = true;&#13;&#10;&#9;&#9;&#9;&#9;&#9;&#9;rand = randomVal;&#13;&#10;&#9;&#9;&#9;&#9;&#9;}&#13;&#10;&#9;&#9;&#9;&#9;}&#13;&#10;&#9;&#9;&#9;&#9;CheckifPileIsEmpty(rand);&#13;&#10;&#9;&#9;&#9;&#9;int Player_1_Gold = p1.Get_player_gold_in_hand();&#13;&#10;&#9;&#9;&#9;&#9;if (Player_1_Gold &lt; Deck.getActionDeck().get(rand).get(0).getCost()){&#13;&#10;&#9;&#9;&#9;&#9;//System.out.println(&quot;Not enough Gold&quot;);&#13;&#10;&#9;&#9;&#9;&#9;&#9;buyAttempts++;&#13;&#10;&#9;&#9;&#9;&#9;&#9;if (buyAttempts &gt; 30){&#13;&#10;&#9;&#9;&#9;&#9;&#9;&#9;if (CheckMoneyPile(0) == false)&#13;&#10;&#9;&#9;&#9;&#9;&#9;&#9;&#9;p1.get_PlayHand().add(Deck.getMoneyDeck().get(0).remove(0)); //remove a copper&#13;&#10;&#9;&#9;&#9;&#9;&#9;&#9;return;&#13;&#10;&#9;&#9;&#9;&#9;&#9;}&#13;&#10;&#9;&#9;&#9;&#9;}&#13;&#10;&#13;&#10;&#9;&#9;&#9;&#9;else {&#13;&#10;&#9;&#9;&#9;&#9;&#9;Cards Bought = Deck.getActionDeck().get(rand).remove(0);&#13;&#10;&#9;&#9;&#9;&#9;&#9;if (Bought.getCost() != 0)&#13;&#10;&#9;&#9;&#9;&#9;&#9;&#9;p1.PayPiper(Bought.getCost());&#13;&#10;&#9;&#9;&#9;&#9;&#9;p1.get_PlayHand().add(Bought);&#13;&#10;&#9;&#9;&#9;&#9;&#9;Bought_Card = true;&#13;&#10;&#9;&#9;&#9;&#9;}&#13;&#10;&#9;&#9;&#9;&#13;&#10;&#9;&#9;&#9;}while(Bought_Card == false);&#13;&#10;&#9;&#9;&#9;Bought_Card = false;&#13;&#10;&#9;&#9;&#9;safe = false;&#13;&#10;&#9;&#9;}&#13;&#10;&#9;&#9;p1.Player_Buy_Turns = 1;&#13;&#10;&#9;&#9;p1.newHand();&#13;&#10;&#13;&#10;&#9;}&#13;&#10;&#9;&#13;&#10;&#9;public static void main(String[] args){&#13;&#10;&#9;&#9;Initialize_Game();&#13;&#10;&#9;&#9;System.out.println(&quot;\nStarting Game!&quot;);&#13;&#10;&#9;&#9;Play_Game();&#13;&#10;&#9;}&#13;&#10;}" Filename="Play_Dominion.java" Intrnl_Id="4"/>
<SrcFile Content="package Brandon_Dominion;&#13;&#10;&#13;&#10;&#13;&#10;import java.util.*;&#13;&#10;&#13;&#10;&#13;&#10;class Player{&#13;&#10;&#9;&#13;&#10;&#9;private final String Player_Name; &#13;&#10;&#9;private int Player_Victory_Points;&#13;&#10;&#9;private int Player_Gold;&#13;&#10;&#9;private List&lt;Cards&gt; Player_Hand = new ArrayList&lt;Cards&gt;();&#13;&#10;&#9;private List&lt;Cards&gt; Player_Deck = new ArrayList&lt;Cards&gt;();&#13;&#10;&#9;private List&lt;Cards&gt; Player_Discard = new ArrayList&lt;Cards&gt;();&#9;&#13;&#10;&#9;&#13;&#10;&#9;public int Player_Action_Turns; &#13;&#10;&#9;public int Player_Buy_Turns; &#13;&#10;&#9;&#13;&#10;&#9;&#13;&#10;&#9;Player(String Name){ this.Player_Name = Name; }&#13;&#10;&#9;&#13;&#10;&#9;&#13;&#10;&#9;public int safeActionDraw(){&#13;&#10;&#9;&#9;boolean safe = false;&#13;&#10;&#9;&#9;int safe_Num = 0;&#13;&#10;&#9;&#9;&#13;&#10;&#9;&#9;while (safe == false){&#13;&#10;&#9;&#9;&#9;int randVal = RandNumbers.getRand(Deck.getActionDeck().size());&#13;&#10;&#9;&#9;&#9;if (PlayDominion.CheckifPileIsEmpty(randVal) == true || Deck.getActionDeck().get(randVal).get(0).getCost() &gt; 4)&#13;&#10;&#9;&#9;&#9;&#9;safe = false; &#13;&#10;&#9;&#9;&#9;else {&#13;&#10;&#9;&#9;&#9;&#9;safe = true;&#13;&#10;&#9;&#9;&#9;&#9;safe_Num = randVal; &#13;&#10;&#9;&#9;&#9;}&#13;&#10;&#9;&#9;}&#13;&#10;&#9;&#9;return safe_Num;&#13;&#10;&#9;}&#13;&#10;&#9;&#13;&#10;&#9;public int Get_Player_VP(){ return Player_Victory_Points;}&#13;&#10;&#9;&#13;&#10;&#9;public int get_Player_Gold(){ return Player_Gold; }&#13;&#10;&#9;&#13;&#10;&#9;public List&lt;Cards&gt; GetDeck(){ return Player_Deck; }&#13;&#10;&#9;public List&lt;Cards&gt; getDiscard(){ return Player_Discard;}&#13;&#10;&#9;&#13;&#10;&#9;public List&lt;Cards&gt; get_PlayHand (){&#13;&#10;&#9;&#9;return Player_Hand;&#13;&#10;&#9;}&#13;&#10;&#9;&#13;&#10;&#9;public void Hand_To_Discard(int index){&#13;&#10;&#9;&#9;Player_Discard.add(Player_Hand.remove(index));&#13;&#10;&#9;}&#13;&#10;&#9;&#13;&#10;&#9;public void PayPiper(int cost){&#13;&#10;&#9;&#9;System.out.println(&quot;COST OF CARD &quot; + cost);&#13;&#10;&#9;&#9;System.out.println(Player_Hand.toString());&#13;&#10;&#9;&#9;int paid = 0, i = 0;&#13;&#10;&#9;&#9;do {&#13;&#10;&#9;&#9;&#9;if(Player_Hand.get(i).getName() == &quot;Copper&quot;){&#13;&#10;&#9;&#9;&#9;&#9;paid++;&#13;&#10;&#9;&#9;&#9;&#9;Hand_To_Discard(i);&#13;&#10;&#9;&#9;&#9;&#9;i--;&#13;&#10;&#9;&#9;&#9;}&#13;&#10;&#9;&#9;&#9;else if(Player_Hand.get(i).getName() == &quot;Silver&quot;){&#13;&#10;&#9;&#9;&#9;&#9;paid = paid + 2; &#13;&#10;&#9;&#9;&#9;&#9;Hand_To_Discard(i);&#13;&#10;&#9;&#9;&#9;&#9;i--;&#13;&#10;&#9;&#9;&#9;}&#13;&#10;&#9;&#9;&#9;else if (Player_Hand.get(i).getName() == &quot;Gold&quot;){&#13;&#10;&#9;&#9;&#9;&#9;paid = paid + 3;&#13;&#10;&#9;&#9;&#9;&#9;Hand_To_Discard(i);&#13;&#10;&#9;&#9;&#9;&#9;i--;&#13;&#10;&#9;&#9;&#9;}&#13;&#10;&#9;&#9;&#9;i++;&#13;&#10;&#9;&#9;} while(paid &lt; cost);&#13;&#10;&#9;&#9;// ^^^ This could be one of the bugs, it could over pay for a card.&#13;&#10;&#9;&#9;&#13;&#10;&#9;&#9;System.out.println(Player_Discard.toString());&#13;&#10;&#9;}&#13;&#10;&#9;&#13;&#10;&#9;&#13;&#10;&#9;// Function to look through player piles and count gold values and Victory Points&#13;&#10;&#9;public void Get_Player_Stats(){&#13;&#10;&#9;&#9;int Gold_Counter = 0;&#13;&#10;&#9;&#9;int Victory_Point_Counter = 0;&#13;&#10;&#9;&#9;for(int i = 0; i &lt; Player_Deck.size(); i++ ){&#13;&#10;&#9;&#9;&#9;if (Player_Deck.get(i).getName() == &quot;Copper&quot;)&#13;&#10;&#9;&#9;&#9;&#9;Gold_Counter++;&#13;&#10;&#9;&#9;&#9;else if (Player_Deck.get(i).getName() == &quot;Silver&quot;)&#13;&#10;&#9;&#9;&#9;&#9;Gold_Counter = Gold_Counter + 3;&#13;&#10;&#9;&#9;&#9;else if (Player_Deck.get(i).getName() == &quot;Gold&quot;)&#13;&#10;&#9;&#9;&#9;&#9;Gold_Counter = Gold_Counter + 6;&#13;&#10;&#9;&#9;&#9;else if (Player_Deck.get(i).getName() == &quot;Estate&quot;)&#13;&#10;&#9;&#9;&#9;&#9;Victory_Point_Counter++;&#13;&#10;&#9;&#9;&#9;else if (Player_Deck.get(i).getName() == &quot;Duchy&quot;)&#13;&#10;&#9;&#9;&#9;&#9;Victory_Point_Counter = Victory_Point_Counter + 3;&#13;&#10;&#9;&#9;&#9;else if (Player_Deck.get(i).getName() == &quot;Province&quot;)&#13;&#10;&#9;&#9;&#9;&#9;Victory_Point_Counter = Victory_Point_Counter + 6;&#13;&#10;&#9;&#9;&#9;else if (Player_Deck.get(i).getName() == &quot;Curse&quot;)&#13;&#10;&#9;&#9;&#9;&#9;Victory_Point_Counter = Victory_Point_Counter - 1;&#13;&#10;&#9;&#9;}&#13;&#10;&#9;&#9;for (int i = 0; i &lt; Player_Hand.size();i++){&#13;&#10;&#9;&#9;&#9;if (Player_Hand.get(i).getName() == &quot;Copper&quot;)&#13;&#10;&#9;&#9;&#9;&#9;Gold_Counter++;&#13;&#10;&#9;&#9;&#9;else if (Player_Hand.get(i).getName() == &quot;Silver&quot;)&#13;&#10;&#9;&#9;&#9;&#9;Gold_Counter = Gold_Counter + 3;&#13;&#10;&#9;&#9;&#9;else if (Player_Hand.get(i).getName() == &quot;Gold&quot;)&#13;&#10;&#9;&#9;&#9;&#9;Gold_Counter = Gold_Counter + 6;&#13;&#10;&#9;&#9;&#9;else if (Player_Hand.get(i).getName() == &quot;Estate&quot;)&#13;&#10;&#9;&#9;&#9;&#9;Victory_Point_Counter++;&#13;&#10;&#9;&#9;&#9;else if (Player_Hand.get(i).getName() == &quot;Duchy&quot;)&#13;&#10;&#9;&#9;&#9;&#9;Victory_Point_Counter = Victory_Point_Counter + 3;&#13;&#10;&#9;&#9;&#9;else if (Player_Hand.get(i).getName() == &quot;Province&quot;)&#13;&#10;&#9;&#9;&#9;&#9;Victory_Point_Counter = Victory_Point_Counter + 6;&#13;&#10;&#9;&#9;&#9;else if (Player_Hand.get(i).getName() == &quot;Curse&quot;)&#13;&#10;&#9;&#9;&#9;&#9;Victory_Point_Counter = Victory_Point_Counter - 1;&#13;&#10;&#9;&#9;}&#13;&#10;&#9;&#9;for (int i = 0; i &lt; Player_Discard.size();i++){&#13;&#10;&#9;&#9;&#9;if (Player_Discard.get(i).getName() == &quot;Copper&quot;)&#13;&#10;&#9;&#9;&#9;&#9;Gold_Counter++;&#13;&#10;&#9;&#9;&#9;else if (Player_Discard.get(i).getName() == &quot;Silver&quot;)&#13;&#10;&#9;&#9;&#9;&#9;Gold_Counter = Gold_Counter + 3;&#13;&#10;&#9;&#9;&#9;else if (Player_Discard.get(i).getName() == &quot;Gold&quot;)&#13;&#10;&#9;&#9;&#9;&#9;Gold_Counter = Gold_Counter + 6;&#13;&#10;&#9;&#9;&#9;else if (Player_Discard.get(i).getName() == &quot;Estate&quot;)&#13;&#10;&#9;&#9;&#9;&#9;Victory_Point_Counter++;&#13;&#10;&#9;&#9;&#9;else if (Player_Discard.get(i).getName() == &quot;Duchy&quot;)&#13;&#10;&#9;&#9;&#9;&#9;Victory_Point_Counter = Victory_Point_Counter + 3;&#13;&#10;&#9;&#9;&#9;else if (Player_Discard.get(i).getName() == &quot;Province&quot;)&#13;&#10;&#9;&#9;&#9;&#9;Victory_Point_Counter = Victory_Point_Counter + 6;&#13;&#10;&#9;&#9;&#9;else if (Player_Discard.get(i).getName() == &quot;Curse&quot;)&#13;&#10;&#9;&#9;&#9;&#9;Victory_Point_Counter = Victory_Point_Counter - 1; &#13;&#10;&#9;&#9;}&#13;&#10;&#9;&#9;&#13;&#10;&#9;&#9;this.Player_Victory_Points = Victory_Point_Counter;&#13;&#10;&#9;&#9;this.Player_Gold = Gold_Counter;&#13;&#10;&#9;&#9;&#13;&#10;&#9;}&#13;&#10;&#9;&#13;&#10;&#9;public int Get_player_gold_in_hand(){&#13;&#10;&#9;&#9;int GoldCounter = 0;&#13;&#10;&#9;&#9;for(int i = 0; i &lt; Player_Hand.size();i++){&#13;&#10;&#9;&#9;&#9;if (Player_Hand.get(i).getName() == &quot;Copper&quot;)&#13;&#10;&#9;&#9;&#9;&#9;GoldCounter++;&#13;&#10;&#9;&#9;&#9;else if (Player_Hand.get(i).getName() == &quot;Silver&quot;)&#13;&#10;&#9;&#9;&#9;&#9;GoldCounter = GoldCounter + 2;&#13;&#10;&#9;&#9;&#9;else if (Player_Hand.get(i).getName() == &quot;Gold&quot;)&#13;&#10;&#9;&#9;&#9;&#9;GoldCounter = GoldCounter + 3;&#13;&#10;&#9;&#9;}&#13;&#10;&#9;&#9;return GoldCounter;&#13;&#10;&#9;}&#13;&#10;&#9;&#13;&#10;&#9;public void newHand(){&#13;&#10;&#9;&#9;// Discard the rest of the player hand  stupid thing wouldn't work&#13;&#10;&#9;&#9;while(Player_Hand.size() != 0)&#13;&#10;&#9;&#9;&#9;Player_Discard.add(Player_Hand.remove(0));&#13;&#10;&#9;&#9;// If the deck is less than 5 trash it. &#13;&#10;&#9;&#9;if (Player_Deck.size() &lt; 5){&#13;&#10;&#9;&#9;&#9;for (int i = 0; i &lt; Player_Deck.size(); i++){&#13;&#10;&#9;&#9;&#9;&#9;Player_Discard.add(Player_Deck.remove(0));&#13;&#10;&#9;&#9;&#9;&#9;i--;&#13;&#10;&#9;&#9;&#9;}&#13;&#10;&#9;&#9;&#9;for(int i = 0; i &lt; Player_Discard.size(); i++)&#13;&#10;&#9;&#9;&#9;&#9;Player_Deck.add(Player_Discard.remove(0));&#13;&#10;&#9;&#9;&#9;shuffle(Player_Deck);&#13;&#10;&#9;&#9;}&#13;&#10;&#9;&#9;for(int i = 0; i &lt; 5; i++)&#13;&#10;&#9;&#9;&#9;Draw(0);&#13;&#10;&#9;}&#13;&#10;&#9;&#13;&#10;&#9;&#13;&#10;&#9;&#13;&#10;&#9;&#13;&#10;&#9;public void Play_Card(Cards CardInPlay,Player P1, Player P2){&#13;&#10;&#9;&#9;String cardName = CardInPlay.getName();&#13;&#10;&#9;&#9;switch(cardName){&#13;&#10;&#9;&#9;case (&quot;Adventurer&quot;):&#13;&#10;&#9;&#9;&#9;System.out.println(&quot;Reveal deck until you reveal 2 treasure cards, \n&quot;&#13;&#10;&#9;&#9;&#9;&#9;&#9;+ &quot;Put those cards into your hand and discard the rest&quot;);&#13;&#10;&#9;&#9;&#9;handleAdventurer();&#13;&#10;&#9;&#9;&#9;break;&#13;&#10;&#9;&#9;case(&quot;Ambassador&quot;):&#13;&#10;&#9;&#9;&#9;System.out.println(&quot;Reveal a card from your hand, return up to 2 copies of it from your hand to the supply \n&quot;&#13;&#10;&#9;&#9;&#9;&#9;&#9;+ &quot;Then the other player gains a copy of it.&quot;);&#13;&#10;&#9;&#9;&#9;handle_Ambassador(P1,P2);&#13;&#10;&#9;&#9;&#9;break;&#13;&#10;&#9;&#9;&#13;&#10;&#9;&#9;case(&quot;Baron&quot;):&#13;&#10;&#9;&#9;&#9;System.out.println(&quot;Get a Buy&quot; + &quot; Discard an estate for +4 gold, if you don't gain an estate&quot;);&#13;&#10;&#9;&#9;&#9;handle_Baron();&#13;&#10;&#9;&#9;&#9;break;&#13;&#10;&#9;&#9;case(&quot;CouncilRoom&quot;):&#13;&#10;&#9;&#9;&#9;System.out.println(&quot;Gain 4 cards, and +1 for the buy phase, then each player draws a card\n&quot;);&#13;&#10;&#9;&#9;&#9;handle_CouncilRoom(P1,P2);&#13;&#10;&#9;&#9;&#9;break;&#13;&#10;&#9;&#9;case(&quot;CutPurse&quot;):&#13;&#10;&#9;&#9;&#9;System.out.println(&quot;+2 gold, Each player discards a copper, or reveals hand if they have no coppers \n&quot;);&#13;&#10;&#9;&#9;&#9;if (Deck.getMoneyDeck().get(1).size() != 0)&#13;&#10;&#9;&#9;&#9;&#9;this.Player_Hand.add(Deck.getMoneyDeck().get(1).remove(0)); //give him a silver&#13;&#10;&#9;&#9;&#9;handle_CutPurse(P1);&#13;&#10;&#9;&#9;&#9;handle_CutPurse(P2);&#13;&#10;&#9;&#9;&#9;break;&#13;&#10;&#9;&#9;case(&quot;Embargo&quot;):&#13;&#10;&#9;&#9;&#9;System.out.println(&quot;+2 gold, Trash card, put embargo token on supply pile, when a player buys a card &quot;&#13;&#10;&#9;&#9;&#9;&#9;&#9;+ &quot;he gains a curse card per Embargo token on pile\n&quot;); &#13;&#10;&#9;&#9;&#9;handle_Embargo();&#13;&#10;&#9;&#9;&#9;break;&#13;&#10;&#9;&#9;case(&quot;Feast&quot;):&#13;&#10;&#9;&#9;&#9;System.out.println(&quot;Trash card and gain a card costing up to 5 gold \n&quot;); &#13;&#10;&#9;&#9;&#9;handleFeast();&#13;&#10;&#9;&#9;&#9;break;&#13;&#10;&#9;&#9;case(&quot;Garden&quot;):&#13;&#10;&#9;&#9;&#9;System.out.println(&quot;Worth 1 VP per 10 cards you have, rounding down&quot;); &#13;&#10;&#9;&#9;&#9;handleGarden();&#13;&#10;&#9;&#9;&#9;break;&#13;&#10;&#9;&#9;case(&quot;GreatHall&quot;):&#13;&#10;&#9;&#9;&#9;System.out.println(&quot;+1 cards, +1 action\n&quot;);&#13;&#10;&#9;&#9;&#9;handleGreathall();&#13;&#10;&#9;&#9;&#9;break;&#13;&#10;&#9;&#9;case(&quot;Mine&quot;):&#13;&#10;&#9;&#9;&#9;System.out.println(&quot;Trash a money card from your hand and gain one costing up to 3 more gold than it \n&quot;);&#13;&#10;&#9;&#9;&#9;handleMine();&#13;&#10;&#9;&#9;&#9;break;&#13;&#10;&#9;&#9;case(&quot;Village&quot;):&#13;&#10;&#9;&#9;&#9;System.out.println(&quot;+1 cards, +2 actions \n&quot;);&#13;&#10;&#9;&#9;&#9;handleVillage();&#13;&#10;&#9;&#9;&#9;break;&#13;&#10;&#9;&#9;case(&quot;Workshop&quot;):&#13;&#10;&#9;&#9;&#9;System.out.println(&quot;Gain a card costing up to 4 gold\n&quot;);&#13;&#10;&#9;&#9;&#9;handleWorkshop();&#13;&#10;&#9;&#9;&#9;break;&#13;&#10;&#9;&#9;case(&quot;Market&quot;):&#13;&#10;&#9;&#9;&#9;System.out.println(&quot;+1 card, +1 Action, +1 Buy, +1 gold \n&quot;);&#13;&#10;&#9;&#9;&#9;handleMarket();&#13;&#10;&#9;&#9;&#9;break;&#13;&#10;&#9;&#9;default: &#13;&#10;&#9;&#9;&#9;System.out.println(&quot;How did this happen..? \n&quot;);&#13;&#10;&#9;&#9;}&#13;&#10;&#9;}&#13;&#10;&#9;&#13;&#10;&#9;private void handleMarket(){&#13;&#10;&#9;&#9;this.Player_Action_Turns++;&#13;&#10;&#9;&#9;this.Player_Buy_Turns++;&#13;&#10;&#9;&#9;if (Player_Deck.size() == 0)&#13;&#10;&#9;&#9;&#9;getNewDeck();&#13;&#10;&#9;&#9;System.out.println(&quot;Old Hand: &quot; + this.Player_Hand.toString());&#13;&#10;&#9;&#9;&#13;&#10;&#9;&#9;Player_Hand.add(Player_Deck.remove(0));&#13;&#10;&#9;&#9;if (Deck.getMoneyDeck().get(0).size() != 0)&#13;&#10;&#9;&#9;&#9;Player_Hand.add(Deck.getMoneyDeck().get(0).remove(0));&#13;&#10;&#9;&#9;System.out.println(&quot;New Hand: &quot; + this.Player_Hand.toString());&#13;&#10;&#9;&#9;&#13;&#10;&#9;}&#13;&#10;&#9;&#13;&#10;&#9;&#13;&#10;&#9;private void handleWorkshop(){&#13;&#10;&#9;&#9;Boolean Bought_Card = false;&#13;&#10;&#9;&#9;int rand = 0; &#13;&#10;&#9;&#9;while (Bought_Card == false)&#9;{&#13;&#10;&#9;&#9;&#9;&#13;&#10;&#9;&#9;&#9;rand = safeActionDraw();&#13;&#10;&#9;&#9;&#9;&#13;&#10;&#9;&#9;&#9;&#13;&#10;&#9;&#9;&#9;if (PlayDominion.CheckifPileIsEmpty(rand) == false){&#13;&#10;&#9;&#9;&#9;&#9;Cards Bought = Deck.getActionDeck().get(rand).remove(0);&#13;&#10;&#9;&#9;&#9;&#9;System.out.println(&quot;You got a &quot; + Bought.toString());&#13;&#10;&#9;&#9;&#9;&#9;if (Bought.getToken() == true){&#13;&#10;&#9;&#9;&#9;&#9;&#9;System.out.println(&quot;This card has a token on it!! \n&quot;);&#13;&#10;&#9;&#9;&#9;&#9;&#9;if(Deck.getVCDeck().get(3).size() != 0)&#13;&#10;&#9;&#9;&#9;&#9;&#9;&#9;Player_Hand.add(Deck.getVCDeck().get(3).remove(0));&#13;&#10;&#9;&#9;&#9;&#9;}&#13;&#10;&#9;&#9;&#9;&#9;Player_Hand.add(Bought);&#13;&#10;&#9;&#9;&#9;&#9;System.out.println(&quot;New Hand &quot; + this.Player_Hand.toString());&#13;&#10;&#9;&#9;&#9;&#9;Bought_Card = true;&#13;&#10;&#9;&#9;&#9;&#9;}&#13;&#10;&#9;&#9;&#9;else &#13;&#10;&#9;&#9;&#9;&#9;System.out.println(&quot;Tried to draw from an empty deck\n&quot;);;&#13;&#10;&#9;&#9;&#9;}&#13;&#10;&#9;&#9;&#13;&#10;&#9;&#9;}&#13;&#10;&#9;&#9;&#9;&#13;&#10;&#9;&#13;&#10;&#9;&#13;&#10;&#9;private void handleVillage(){&#13;&#10;&#9;&#9;System.out.println(&quot;Old Hand: &quot; + this.Player_Hand.toString());&#13;&#10;&#13;&#10;&#9;&#9;if (Player_Deck.size() == 0)&#13;&#10;&#9;&#9;&#9;getNewDeck();&#13;&#10;&#9;&#9;Player_Hand.add(Player_Deck.remove(0));&#13;&#10;&#9;&#9;this.Player_Action_Turns += 2;&#13;&#10;&#9;&#9;System.out.println(&quot;New Hand: &quot; + this.Player_Hand.toString());&#13;&#10;&#13;&#10;&#9;}&#13;&#10;&#9;&#13;&#10;&#9;private void handleMine(){&#13;&#10;&#9;&#9;System.out.println(&quot;Old Hand: &quot; + this.Player_Hand.toString());&#13;&#10;&#13;&#10;&#9;&#9;for(int i = 0; i &lt; Player_Hand.size();i++){&#13;&#10;&#9;&#9;&#9;if (Player_Hand.get(i).getName() == &quot;Copper&quot;){&#13;&#10;&#9;&#9;&#9;&#9;Player_Hand.remove(i);&#13;&#10;&#9;&#9;&#9;&#9;Player_Hand.add(Deck.getMoneyDeck().get(1).remove(0)); // get silver&#13;&#10;&#9;&#9;&#9;&#9;System.out.println(&quot;New Hand: &quot; + this.Player_Hand.toString());&#13;&#10;&#9;&#9;&#9;&#9;return;&#13;&#10;&#9;&#9;&#9;}&#13;&#10;&#9;&#9;&#9;if (Player_Hand.get(i).getName() == &quot;Silver&quot;){&#13;&#10;&#9;&#9;&#9;&#9;Player_Hand.remove(i);&#13;&#10;&#9;&#9;&#9;&#9;Player_Hand.add(Deck.getMoneyDeck().get(2).remove(0)); // get gold&#13;&#10;&#9;&#9;&#9;&#9;System.out.println(&quot;New Hand: &quot; + this.Player_Hand.toString());&#13;&#10;&#9;&#9;&#9;&#9;return;&#13;&#10;&#9;&#9;&#9;}&#13;&#10;&#9;&#9;}&#13;&#10;&#9;&#9;System.out.println(&quot;You had no money in your hand.. \n&quot;);&#13;&#10;&#9;}&#13;&#10;&#9;&#13;&#10;&#9;private void handleGreathall(){&#13;&#10;&#9;&#9;System.out.println(&quot;Old Hand: &quot; + this.Player_Hand.toString());&#13;&#10;&#13;&#10;&#9;&#9;if (Player_Deck.size() == 0)&#13;&#10;&#9;&#9;&#9;getNewDeck();&#13;&#10;&#9;&#9;Player_Hand.add(Player_Deck.remove(0));&#13;&#10;&#9;&#9;System.out.println(&quot;New Hand: &quot; + this.Player_Hand.toString());&#13;&#10;&#13;&#10;&#9;&#9;this.Player_Action_Turns++;&#13;&#10;&#9;}&#13;&#10;&#9;&#13;&#10;&#9;private void handleGarden(){&#13;&#10;&#9;&#9;int deckSize = Player_Deck.size();&#13;&#10;&#9;&#9;int getCopper = 0,getSilver = 0, getGold = 0; &#13;&#10;&#9;&#9;System.out.println(deckSize);&#13;&#10;&#9;&#9;this.Get_Player_Stats();&#13;&#10;&#9;&#9;System.out.println(&quot;Player Has this many Victory Points&quot; + this.toString());&#13;&#10;&#9;&#9;while (deckSize &gt;= 60){&#13;&#10;&#9;&#9;&#9;deckSize = deckSize / 60;&#13;&#10;&#9;&#9;&#9;getGold++;&#13;&#10;&#9;&#9;}&#13;&#10;&#9;&#9;while(deckSize  &gt;= 30){&#13;&#10;&#9;&#9;&#9;getSilver++;&#13;&#10;&#9;&#9;&#9;deckSize = deckSize / 30;&#13;&#10;&#9;&#9;}&#13;&#10;&#9;&#9;while (deckSize &gt;= 10){&#13;&#10;&#9;&#9;&#9;getCopper++; &#13;&#10;&#9;&#9;&#9;deckSize = deckSize / 10; &#13;&#10;&#9;&#9;}&#13;&#10;&#9;&#9;for(int i = 0; i &lt; getGold;i++){&#13;&#10;&#9;&#9;&#9;if (Deck.getMoneyDeck().get(2).size() != 0)&#13;&#10;&#9;&#9;&#9;&#9;this.Player_Hand.add(Deck.getMoneyDeck().get(2).remove(0));&#13;&#10;&#9;&#9;}&#13;&#10;&#9;&#9;for(int i = 0; i &lt; getSilver;i++){&#13;&#10;&#9;&#9;&#9;if (Deck.getMoneyDeck().get(1).size() != 0)&#13;&#10;&#9;&#9;&#9;&#9;this.Player_Hand.add(Deck.getMoneyDeck().get(1).remove(0));&#13;&#10;&#9;&#9;}&#13;&#10;&#9;&#9;for(int i = 0; i &lt; getCopper;i++){&#13;&#10;&#9;&#9;&#9;if (Deck.getMoneyDeck().get(0).size() != 0)&#13;&#10;&#9;&#9;&#9;&#9;this.Player_Hand.add(Deck.getMoneyDeck().get(0).remove(0));&#13;&#10;&#9;&#9;}&#13;&#10;&#9;&#9;this.Get_Player_Stats();&#13;&#10;&#9;&#9;System.out.println(&quot;Player Has this many Victory Points &quot; + this.toString());&#13;&#10;&#9;}&#13;&#10;&#9;&#13;&#10;&#9;//Need to trash this card as well. &#13;&#10;&#9;private void handleFeast(){&#13;&#10;&#9;&#9;Boolean Bought_Card = false, safe = false;&#13;&#10;&#9;&#9;int rand = 0; &#13;&#10;&#9;&#9;System.out.println(&quot;Old Hand: &quot; + this.Player_Hand.toString());&#13;&#10;&#13;&#10;&#9;&#9;while (Bought_Card == false){&#13;&#10;&#9;&#9;&#9;rand = safeActionDraw();&#13;&#10;&#9;&#9;&#9;if (Deck.getActionDeck().get(rand).get(0).getCost() &gt; 5)&#13;&#10;&#9;&#9;&#9;&#9;System.out.println(&quot;Cost not less than 5\n&quot;);&#13;&#10;&#9;&#9;&#9;else{&#13;&#10;&#9;&#9;&#9;&#9;Cards Bought = Deck.getActionDeck().get(rand).remove(0);&#13;&#10;&#9;&#9;&#9;&#9;System.out.println(&quot;You got a &quot; + Bought.toString());&#13;&#10;&#9;&#9;&#9;&#9;if (Bought.getToken() == true)&#13;&#10;&#9;&#9;&#9;&#9;&#9;System.out.println(&quot;This card has a token on it!! \n&quot;);&#13;&#10;&#9;&#9;&#9;&#9;Player_Hand.add(Bought);&#13;&#10;&#9;&#9;&#9;&#9;System.out.println(&quot;New Hand &quot; + this.Player_Hand.toString());&#13;&#10;&#9;&#9;&#9;&#9;Bought_Card = true;&#13;&#10;&#9;&#9;&#9;}&#13;&#10;&#9;&#9;}&#13;&#10;&#9;&#9;&#13;&#10;&#9;}&#13;&#10;&#9;//Need to trash the card&#13;&#10;&#9;private void handle_Embargo(){&#13;&#10;&#9;&#9;boolean safe = false;&#13;&#10;&#9;&#9;int rand = 0;&#13;&#10;&#9;&#9;if (PlayDominion.CheckMoneyPile(1) == false)&#13;&#10;&#9;&#9;&#9;this.Player_Hand.add(Deck.getMoneyDeck().get(1).remove(0)); //get silver&#13;&#10;&#9;&#9;while (safe == false){&#13;&#10;&#9;&#9;&#9;int randomVal = RandNumbers.getRand(Deck.getActionDeck().size());&#13;&#10;&#9;&#9;&#9;if (PlayDominion.CheckifPileIsEmpty(randomVal) == true)&#13;&#10;&#9;&#9;&#9;&#9;safe = false; &#13;&#10;&#9;&#9;&#9;else {&#13;&#10;&#9;&#9;&#9;&#9;safe = true;&#13;&#10;&#9;&#9;&#9;&#9;rand = randomVal; &#13;&#10;&#9;&#9;&#9;}&#13;&#10;&#9;&#9;&#9;System.out.println(&quot;This is the randomVal &quot; + randomVal);&#13;&#10;&#9;&#9;}&#13;&#10;&#9;&#9;System.out.println(Deck.getActionDeck().get(rand).get(0).toString());&#13;&#10;&#9;&#9;for (int i = 0; i &lt; Deck.getActionDeck().get(rand).size(); i++) //add Embargo to entire stack&#13;&#10;&#9;&#9;&#9;Deck.getActionDeck().get(rand).get(i).addEmbargo();&#13;&#10;&#9;&#9;System.out.println(Deck.getActionDeck().get(rand).get(0).toString());&#9;&#9;&#13;&#10;&#9;&#9;&#13;&#10;&#9;&#9;&#13;&#10;&#9;}&#13;&#10;&#9;&#13;&#10;&#9;&#13;&#10;&#9;private void handle_CutPurse(Player p){&#13;&#10;&#9;&#9;System.out.println(this.Player_Hand.toString());&#13;&#10;&#9;&#9;for(int i = 0; i &lt; Player_Hand.size(); i++){&#13;&#10;&#9;&#9;&#9;if (Player_Hand.get(i).getName() == &quot;Copper&quot;){&#13;&#10;&#9;&#9;&#9;&#9;Player_Hand.remove(i); //get rid of a copper &#13;&#10;&#9;&#9;&#9;&#9;System.out.println(this.Player_Hand.toString());&#13;&#10;&#9;&#9;&#9;&#9;return; &#13;&#10;&#9;&#9;&#9;}&#13;&#10;&#9;&#9;}&#13;&#10;&#9;&#9;System.out.println(&quot;No copper in hand found! \n&quot; + Player_Hand.toString());&#13;&#10;&#9;}&#13;&#10;&#9;&#13;&#10;&#9;private void handle_CouncilRoom(Player p1, Player p2){&#13;&#10;&#9;&#9;Player other;&#13;&#10;&#9;&#9;if (this == p1)&#13;&#10;&#9;&#9;&#9;other = p2;&#13;&#10;&#9;&#9;else &#13;&#10;&#9;&#9;&#9;other = p1; &#13;&#10;&#9;&#9;&#13;&#10;&#9;&#9;this.Player_Buy_Turns++;&#13;&#10;&#9;&#9;System.out.println(this.Player_Hand.toString());&#13;&#10;&#9;&#9;if (this.Player_Deck.size() &lt; 6)&#13;&#10;&#9;&#9;&#9;getNewDeck();&#13;&#10;&#9;&#9;for (int i = 0; i &lt; 4; i++)&#13;&#10;&#9;&#9;&#9;this.Draw(0);&#13;&#10;&#9;&#9;this.Draw(0);&#13;&#10;&#9;&#9;&#13;&#10;&#9;&#9;if (other.Player_Deck.size() &lt; 2)&#13;&#10;&#9;&#9;&#9;other.getNewDeck();&#13;&#10;&#9;&#9;other.Draw(0);&#13;&#10;&#9;&#9;System.out.println(this.Player_Hand.toString());&#13;&#10;&#13;&#10;&#9;}&#13;&#10;&#9;&#13;&#10;&#9;private void getNewDeck(){&#13;&#10;&#9;&#9;for (int i = 0; i &lt; this.Player_Deck.size(); i++)&#13;&#10;&#9;&#9;&#9;this.Player_Discard.add(this.Player_Deck.remove(0));&#13;&#10;&#9;&#9;for (int i = 0; i &lt; this.Player_Discard.size();i++)&#13;&#10;&#9;&#9;&#9;this.Player_Deck.add(this.Player_Discard.remove(0));&#13;&#10;&#9;&#9;shuffle(this.Player_Deck);&#13;&#10;&#9;}&#13;&#10;&#9;&#13;&#10;&#9;private void handle_Baron(){&#13;&#10;&#9;&#9;this.Player_Buy_Turns++;&#13;&#10;&#9;&#9;System.out.println(this.Player_Hand.toString());&#13;&#10;&#9;&#9;for (int i = 0; i &lt; Player_Hand.size(); i++){&#13;&#10;&#9;&#9;&#9;if (Player_Hand.size() != 0 &amp;&amp; Player_Hand.get(i).getName() == &quot;Estate&quot;){&#13;&#10;&#9;&#9;&#9;&#9;System.out.println(&quot;Found an Estate \n&quot;);&#13;&#10;&#9;&#9;&#9;&#9;Player_Discard.add(Player_Hand.remove(i));&#13;&#10;&#9;&#9;&#9;&#9;Player_Hand.add(Deck.getMoneyDeck().get(1).remove(0)); //get silver&#13;&#10;&#9;&#9;&#9;&#9;Player_Hand.add(Deck.getMoneyDeck().get(1).remove(0));&#13;&#10;&#9;&#9;&#9;&#9;System.out.println(this.Player_Hand.toString());&#13;&#10;&#9;&#9;&#9;&#9;return;&#13;&#10;&#9;&#9;&#9;}&#13;&#10;&#9;&#9;}&#13;&#10;&#9;&#9;System.out.println(&quot;No Estate cards found in hand\n&quot;);&#13;&#10;&#9;&#9;if (Deck.getMoneyDeck().get(0).size() != 0)&#13;&#10;&#9;&#9;&#9;Player_Hand.add(Deck.getMoneyDeck().get(0).remove(0));&#13;&#10;&#9;&#9;System.out.println(this.Player_Hand.toString());&#13;&#10;&#9;}&#13;&#10;&#9;&#13;&#10;&#9;&#13;&#10;&#9;&#13;&#10;&#9;//This will always add to p2 BUG&#13;&#10;&#9;private void handle_Ambassador(Player p1, Player p2){&#13;&#10;&#9;&#9;int randomVal = RandNumbers.getRand(Player_Hand.size());&#13;&#10;&#9;&#9;int found = 0;&#13;&#10;&#9;&#9;Cards RandCard = Player_Hand.get(randomVal);&#13;&#10;&#9;&#9;Player_Deck.add(Player_Hand.remove(randomVal));&#13;&#10;&#9;&#9;System.out.println(&quot;Card Selected: &quot; + RandCard.toString());&#13;&#10;&#9;&#9;for(int i = 0; i &lt; Player_Hand.size();i++){&#13;&#10;&#9;&#9;&#9;if (Player_Hand.get(i) == RandCard){&#13;&#10;&#9;&#9;&#9;&#9;Player_Deck.add(Player_Hand.remove(i));&#13;&#10;&#9;&#9;&#9;&#9;found++;&#13;&#10;&#9;&#9;&#9;}&#13;&#10;&#9;&#9;&#9;if (found == 2)&#13;&#10;&#9;&#9;&#9;&#9;break;&#13;&#10;&#9;&#9;}&#13;&#10;&#9;&#9;for(int i = 0; i &lt; Deck.getActionDeck().size(); i++){&#13;&#10;&#9;&#9;&#9;if (Deck.getActionDeck().get(i).size() != 0){&#13;&#10;&#9;&#9;&#9;&#9;if (Deck.getActionDeck().get(i).get(0).toString().equals(RandCard.toString())){&#13;&#10;&#9;&#9;&#9;&#9;&#9;p2.Player_Deck.add(Deck.getActionDeck().get(i).remove(0));&#13;&#10;&#9;&#9;&#9;&#9;&#9;System.out.println(&quot;Added: &quot; + p2.Player_Deck.toString());&#13;&#10;&#9;&#9;&#9;&#9;&#9;break;&#13;&#10;&#9;&#9;&#9;&#9;}&#13;&#10;&#9;&#9;&#9;}&#13;&#10;&#9;&#9;}&#13;&#10;&#9;&#9;&#13;&#10;&#9;&#9;for(int i = 0; i &lt; Deck.getVCDeck().size(); i++){&#13;&#10;&#9;&#9;&#9;if (Deck.getVCDeck().get(i).size() != 0){&#13;&#10;&#9;&#9;&#9;&#9;if (Deck.getVCDeck().get(i).get(0).toString().equals(RandCard.toString())){&#13;&#10;&#9;&#9;&#9;&#9;&#9;p2.Player_Deck.add(Deck.getVCDeck().get(i).remove(0));&#13;&#10;&#9;&#9;&#9;&#9;&#9;System.out.println(&quot;Added: &quot; + p2.Player_Deck.toString());&#13;&#10;&#9;&#9;&#9;&#9;break;&#13;&#10;&#9;&#9;&#9;&#9;}&#13;&#10;&#9;&#9;&#9;}&#13;&#10;&#9;&#9;}&#13;&#10;&#9;&#9;String test = &quot;Copper&quot;;&#13;&#10;&#9;&#9;for(int i = 0; i &lt; Deck.getMoneyDeck().size(); i++){&#13;&#10;&#9;&#9;&#9;if (Deck.getMoneyDeck().get(i).size() != 0)&#13;&#10;&#9;&#9;&#9;&#9;test = Deck.getMoneyDeck().get(i).get(0).toString();&#13;&#10;&#9;&#9;&#9;String test2 = RandCard.toString();&#13;&#10;&#9;&#9;&#9;if (test.equals(test2) &amp;&amp; Deck.getMoneyDeck().get(i).size() != 0){&#13;&#10;&#9;&#9;&#9;&#9;p2.Player_Deck.add(Deck.getMoneyDeck().get(i).remove(0));&#13;&#10;&#9;&#9;&#9;&#9;System.out.println(&quot;Added: &quot; + p2.Player_Deck.toString());&#13;&#10;&#9;&#9;&#9;&#9;break;&#13;&#10;&#9;&#9;&#9;}&#13;&#10;&#9;&#9;}&#13;&#10;&#9;&#9;&#13;&#10;&#9;&#9;&#13;&#10;&#9;}&#13;&#10;&#9;&#13;&#10;&#9;private void handleAdventurer(){&#13;&#10;&#9;&#9;int cardShown = 0;&#13;&#10;&#9;&#9;int i = Player_Deck.size() - 1;&#13;&#10;&#9;&#9;System.out.println(Player_Hand.toString());&#13;&#10;&#9;&#9;while (i &gt;= 0){&#13;&#10;&#9;&#9;&#9;System.out.println(Player_Deck.get(i).toString());&#13;&#10;&#9;&#9;&#9;if (Player_Deck.get(i).getType() == &quot;Money&quot;){&#13;&#10;&#9;&#9;&#9;&#9;Player_Hand.add(Player_Deck.remove(i));&#13;&#10;&#9;&#9;&#9;&#9;cardShown++;&#13;&#10;&#9;&#9;&#9;&#9;i = Player_Deck.size() - 1;&#13;&#10;&#9;&#9;&#9;}&#13;&#10;&#9;&#9;&#9;else{&#13;&#10;&#9;&#9;&#9;&#9;Player_Discard.add(Player_Deck.remove(i));&#13;&#10;&#9;&#9;&#9;&#9;i = Player_Deck.size() - 1;&#13;&#10;&#9;&#9;&#9;}&#13;&#10;&#9;&#9;&#9;if (cardShown == 2)&#13;&#10;&#9;&#9;&#9;&#9;break;&#13;&#10;&#9;&#9;}&#13;&#10;&#9;&#9;System.out.println(Player_Hand.toString());&#13;&#10;&#9;&#9;&#13;&#10;&#9;}&#13;&#10;&#9;&#13;&#10;&#9;&#13;&#10;&#9;&#13;&#10;&#9;&#13;&#10;&#9;//Add a card to the hand from the player Deck.&#13;&#10;&#9;public void Draw(int index) { Player_Hand.add(Player_Deck.remove(0)); }&#13;&#10;&#9;&#13;&#10;&#9;//Add a card to the deck&#13;&#10;&#9;//public void Place(Player Play, Cards Card) { Play.Player_Deck.add(Card); }&#13;&#10;&#9;&#13;&#10;&#9;public static int Check_For_Action(Player P){&#13;&#10;&#9;&#9;for (int i = 0; i &lt; P.Player_Hand.size(); i++) {&#13;&#10;&#9;&#9;&#9;//System.out.println(P.Player_Hand.get(i).toString());&#13;&#10;&#9;&#9;&#9;if (P.Player_Hand.get(i).getType() == &quot;Action&quot;)&#13;&#10;&#9;&#9;&#9;&#9;return i;&#13;&#10;&#9;&#9;}&#13;&#10;&#9;&#9;return -1;&#13;&#10;&#9;&#9;&#13;&#10;&#9;}&#13;&#10;&#9;&#13;&#10;&#9;// Shuffle up the player deck&#13;&#10;&#9;public static void shuffle(List&lt;Cards&gt; Deck){&#13;&#10;&#9;&#9;  Collections.shuffle(Deck);&#13;&#10;&#9; }&#13;&#10;&#9;&#13;&#10;&#9;&#13;&#10;&#9;// Shows the current values held by the player&#13;&#10;&#9;public String toString(){&#13;&#10;&#9;&#9;return Player_Name + &quot;| Victory Points: &quot; + Player_Victory_Points + &quot;| Gold: &quot; + Player_Gold;&#13;&#10;&#9;&#9;&#13;&#10;&#9;}&#13;&#10;&#9;&#13;&#10;}" Filename="Player.java" Intrnl_Id="5"/>
<SrcFile Content="package Brandon_Dominion;&#13;&#10;&#13;&#10;import java.util.Random;&#13;&#10;&#13;&#10;class RandNumbers{&#13;&#10;&#9;public static int getRand(int deck_size){&#13;&#10;&#9;&#9;Random r = new Random();&#13;&#10;&#9;&#9;return (r.nextInt(deck_size));&#13;&#10;&#9;}&#13;&#10;&#13;&#10;}" Filename="RandNumbers.java" Intrnl_Id="6"/>
<SrcFile Content="package Brandon_Dominion;&#13;&#10;&#13;&#10;import static org.junit.Assert.*;&#13;&#10;&#13;&#10;import org.junit.Test;&#13;&#10;&#13;&#10;public class RandNumbersTest {&#13;&#10;&#13;&#10;&#9;@Test&#13;&#10;&#9;public void testGetRand() {&#13;&#10;&#9;&#9;RandNumbers rand = new RandNumbers();&#13;&#10;&#9;&#9;int ret = rand.getRand(10);&#13;&#10;&#9;&#9;System.out.println(ret);&#13;&#10;&#9;&#9;assertTrue( ret &lt; 10);&#13;&#10;&#9;}&#13;&#10;&#13;&#10;}&#13;&#10;" Filename="RandNumbersTest.java" Intrnl_Id="7"/>
<SrcFile Content="package Brandon_Dominion;&#13;&#10;&#13;&#10;import static org.junit.Assert.*;&#13;&#10;&#13;&#10;import org.junit.Test;&#13;&#10;&#13;&#10;public class playDominionTest {&#13;&#10;&#13;&#10;&#9;//KEEP GETTING ERRORS ABOUT INDEX OUT OF RANGE&#13;&#10;&#9;@SuppressWarnings(&quot;static-access&quot;)&#13;&#10;&#9;public void cleanPiles(){&#13;&#10;&#9;&#9;for(int i = 0; i &lt; 13; i++) // clear out action card pile &#13;&#10;&#9;&#9;&#9;PlayDominion.AllDecks.getActionDeck().get(i).clear();&#13;&#10;&#9;&#9;PlayDominion.AllDecks.getActionDeck().clear();&#13;&#10;&#9;&#9;for(int i = 0; i &lt; 4; i++) // clear out VC card pile &#13;&#10;&#9;&#9;&#9;PlayDominion.AllDecks.getVCDeck().get(i).clear();&#13;&#10;&#9;&#9;PlayDominion.AllDecks.getVCDeck().clear();&#13;&#10;&#9;&#9;for(int i = 0; i &lt; 3; i++) // clear out VC card pile &#13;&#10;&#9;&#9;&#9;PlayDominion.AllDecks.getMoneyDeck().get(i).clear();&#13;&#10;&#9;&#9;PlayDominion.AllDecks.getMoneyDeck().clear();&#13;&#10;&#9;}&#13;&#10;&#9;@Test &#13;&#10;&#9;public void testCheckEmptyPile(){&#13;&#10;&#9;&#9;PlayDominion.Initialize_Game();&#13;&#10;&#9;&#9;assertEquals(PlayDominion.CheckifPileIsEmpty(0), false);&#13;&#10;&#9;&#9;Deck.getActionDeck().get(0).clear();&#13;&#10;&#9;&#9;assertEquals(PlayDominion.CheckifPileIsEmpty(0),true);&#13;&#10;&#9;}&#13;&#10;&#9;&#13;&#10;&#9;@Test &#13;&#10;&#9;public void testCheckMoneyPile(){&#13;&#10;&#9;&#9;Deck.Build_Money_Victory();&#13;&#10;&#9;&#9;assertEquals(PlayDominion.CheckMoneyPile(0),false);&#13;&#10;&#9;&#9;Deck.getMoneyDeck().get(0).clear();&#13;&#10;&#9;&#9;assertEquals(PlayDominion.CheckMoneyPile(0),true);&#13;&#10;&#9;&#9;&#13;&#10;&#9;&#9;for(int i = 0; i &lt; 3; i++)&#13;&#10;&#9;&#9;&#9;Deck.getMoneyDeck().get(i).clear();&#13;&#10;&#9;&#9;for(int i = 0; i &lt; 4; i++)&#13;&#10;&#9;&#9;&#9;Deck.getVCDeck().get(i).clear();&#13;&#10;&#9;&#9;&#13;&#10;&#9;&#9;Deck.getMoneyDeck().clear();&#13;&#10;&#9;&#9;Deck.getVCDeck().clear();&#13;&#10;&#9;}&#13;&#10;&#13;&#10;&#9;@Test&#13;&#10;&#9;public void testInitGame() {&#13;&#10;&#9;&#9;assertEquals(PlayDominion.p1.get_Player_Gold(), 7);&#13;&#10;&#9;&#9;assertEquals(PlayDominion.p2.get_Player_Gold(), 7);&#13;&#10;&#9;&#9;assertEquals(PlayDominion.p1.Get_Player_VP(), 3);&#13;&#10;&#9;&#9;assertEquals(PlayDominion.p2.Get_Player_VP(), 3);&#13;&#10;&#9;&#9;assertEquals(PlayDominion.p1.get_PlayHand().size(), 5);&#13;&#10;&#9;&#9;assertEquals(PlayDominion.p2.get_PlayHand().size(), 5);&#13;&#10;&#9;&#9;assertEquals(Deck.getActionDeck().size(), 13);&#13;&#10;&#9;&#9;assertEquals(Deck.getMoneyDeck().size(), 3);&#13;&#10;&#9;&#9;assertEquals(Deck.getVCDeck().size(), 4);&#13;&#10;&#9;&#9;assertEquals(PlayDominion.p1.GetDeck().size(), 5);&#13;&#10;&#9;&#9;assertEquals(PlayDominion.p2.GetDeck().size(), 5);&#13;&#10;&#9;}&#13;&#10;&#9;&#13;&#10;&#9;@SuppressWarnings(&quot;static-access&quot;)&#13;&#10;&#9;@Test &#13;&#10;&#9;public void testEndGame(){&#13;&#10;&#9;&#9;Deck.Build_Money_Victory();&#13;&#10;&#9;&#9;assertEquals(PlayDominion.CheckEndGame(), false);&#13;&#10;&#9;&#9;Deck.getVCDeck().get(2).clear();&#13;&#10;&#9;&#9;assertEquals(PlayDominion.CheckEndGame(),true); //Tests to see if game ends when Provinces are gone&#13;&#10;&#9;&#9;&#13;&#10;&#9;&#9;for(int i = 0; i &lt; 4; i++)&#13;&#10;&#9;&#9;&#9;Deck.getVCDeck().get(i).clear();&#13;&#10;&#9;&#9;Deck.getVCDeck().clear();&#13;&#10;&#9;&#9;Deck.Build_Money_Victory();&#13;&#10;&#9;&#9;&#13;&#10;&#9;&#9;assertEquals(PlayDominion.CheckEndGame(), false);&#13;&#10;&#9;&#9;&#13;&#10;&#9;&#9;PlayDominion.AllDecks.Build_Action_Deck();&#13;&#10;&#9;&#9;&#13;&#10;&#9;&#9;for (int i = 0; i &lt; 3; i++)&#13;&#10;&#9;&#9;&#9;PlayDominion.AllDecks.getActionDeck().get(i).clear(); //remove three action card piles &#13;&#10;&#9;&#9;assertEquals(PlayDominion.CheckEndGame(),true);&#13;&#10;&#9;&#9;&#13;&#10;&#9;&#9;cleanPiles();&#13;&#10;&#9;}&#13;&#10;&#9;&#13;&#10;&#9;@Test&#13;&#10;&#9;public void testPlay2(){&#13;&#10;&#9;&#9;PlayDominion.AllDecks.Build_Action_Deck();&#13;&#10;&#9;&#9;PlayDominion.AllDecks.Build_Money_Victory();&#13;&#10;&#9;&#9;&#13;&#10;&#9;&#9;cleanPiles();&#13;&#10;&#9;}&#13;&#10;&#9;&#13;&#10;&#13;&#10;&#13;&#10;}&#13;&#10;" Filename="playDominionTest.java" Intrnl_Id="8"/>
<SrcFile Content="package Brandon_Dominion;&#13;&#10;import java.util.*;&#13;&#10;&#13;&#10;import static org.junit.Assert.*;&#13;&#10;&#13;&#10;import org.junit.Test;&#13;&#10;&#13;&#10;public class playerTest {&#13;&#10;/*&#13;&#10;&#9;@Test&#13;&#10;&#9;public void testSafeDraw() {&#13;&#10;&#9;&#9;Player p = new Player(&quot;p1&quot;);&#13;&#10;&#9;&#9;Deck.Build_Action_Deck();&#13;&#10;&#9;&#9;assertTrue(p.safeActionDraw() &lt; 13); //make sure that it is drawing within range&#13;&#10;&#9;&#9;for (int i = 0; i &lt; 11; i++) // remove 12 cards so that it has to find the safe number &#13;&#10;&#9;&#9;&#9;Deck.getActionDeck().get(i).clear();&#13;&#10;&#9;&#9;assertTrue(p.safeActionDraw() &gt;= 11);&#13;&#10;&#9;&#9;for (int i = 0; i &lt; 13; i++)&#13;&#10;&#9;&#9;&#9;Deck.getActionDeck().get(i).clear();&#13;&#10;&#9;&#9;Deck.getActionDeck().clear();&#13;&#10;&#9;}&#13;&#10;&#9;*/&#13;&#10;&#9;@Test &#13;&#10;&#9;public void testGetPVP(){&#13;&#10;&#9;&#9;Player p = new Player(&quot;p1&quot;);&#13;&#10;&#9;&#9;assertEquals(p.Get_Player_VP(), 0); //get starting gold&#13;&#10;&#9;}&#13;&#10;&#9;&#13;&#10;&#9;@Test &#13;&#10;&#9;public void testGetPGold(){&#13;&#10;&#9;&#9;Player p = new Player(&quot;p1&quot;);&#13;&#10;&#9;&#9;assertEquals(p.get_Player_Gold(), 0);&#13;&#10;&#9;}&#13;&#10;&#9;&#13;&#10;&#9;@Test &#13;&#10;&#9;public void testGetDeck(){&#13;&#10;&#9;&#9;Player p = new Player(&quot;p1&quot;);&#13;&#10;&#9;&#9;Cards Copper, Estate; &#13;&#10;&#9;&#9;for (int i = 0; i &lt; 7; i++){&#9;&#9;&#9;&#13;&#10;&#9;&#9;&#9;Copper = new Cards(&quot;Copper&quot;,1,0, &quot;Money&quot;,false);&#9;&#13;&#10;&#9;&#9;&#9;p.GetDeck().add(Copper);&#13;&#10;&#9;&#9;}&#13;&#10;&#9;&#9;List&lt;Cards&gt; Deck = new ArrayList&lt;Cards&gt;();&#13;&#10;&#9;&#9;for (int i = 0; i &lt; 7; i++){&#13;&#10;&#9;&#9;&#9;Estate = new Cards(&quot;Copper&quot;,1,0, &quot;Money&quot;,false); //Not estate didn't want to rename stuff&#13;&#10;&#9;&#9;&#9;Deck.add(Estate);&#13;&#10;&#9;&#9;}&#13;&#10;&#9;&#9;assertEquals(p.GetDeck().toString(), Deck.toString());&#9;&#13;&#10;&#9;}&#13;&#10;&#9;&#13;&#10;&#9;&#13;&#10;&#9;@Test &#13;&#10;&#9;public void testGetHand(){&#13;&#10;&#9;&#9;Player p = new Player(&quot;p1&quot;);&#13;&#10;&#9;&#9;Cards Copper, Estate; &#13;&#10;&#9;&#9;for (int i = 0; i &lt; 7; i++){&#9;&#9;&#9;&#13;&#10;&#9;&#9;&#9;Copper = new Cards(&quot;Copper&quot;,1,0, &quot;Money&quot;,false);&#9;&#13;&#10;&#9;&#9;&#9;p.get_PlayHand().add(Copper);&#13;&#10;&#9;&#9;}&#13;&#10;&#9;&#9;List&lt;Cards&gt; Hand = new ArrayList&lt;Cards&gt;();&#13;&#10;&#9;&#9;for (int i = 0; i &lt; 7; i++){&#13;&#10;&#9;&#9;&#9;Estate = new Cards(&quot;Copper&quot;,1,0, &quot;Money&quot;,false); //Not estate didn't want to rename stuff&#13;&#10;&#9;&#9;&#9;Hand.add(Estate);&#13;&#10;&#9;&#9;}&#13;&#10;&#9;&#9;assertEquals(p.get_PlayHand().toString(), Hand.toString());&#13;&#10;&#9;}&#13;&#10;&#9;&#13;&#10;&#9;@Test &#13;&#10;&#9;public void testHandToDiscard(){&#13;&#10;&#9;&#9;Player p = new Player(&quot;p1&quot;);&#13;&#10;&#9;&#9;p.get_PlayHand().add(new Cards(&quot;Junk&quot;,0,1,&quot;Money&quot;,false));&#13;&#10;&#9;&#9;assertEquals(p.get_PlayHand().size(),1);&#13;&#10;&#9;&#9;assertEquals(p.getDiscard().size(),0);&#13;&#10;&#9;&#9;p.Hand_To_Discard(0);&#13;&#10;&#9;&#9;assertEquals(p.get_PlayHand().size(),0);&#13;&#10;&#9;&#9;assertEquals(p.getDiscard().size(),1);&#13;&#10;&#9;}&#13;&#10;&#9;&#13;&#10;&#9;@Test &#13;&#10;&#9;public void testPayPiper(){&#9;&#13;&#10;&#9;}&#13;&#10;&#9;&#13;&#10;&#9; &#13;&#10;&#13;&#10;}&#13;&#10;" Filename="playerTest.java" Intrnl_Id="9"/>
</SrcFileList>
<CritList>
<CritListEntry Name="org.codecover.model.utils.criteria.LoopCoverage" PluginName="org.codecover"/>
<CritListEntry Name="org.codecover.model.utils.criteria.QMOCoverage" PluginName="org.codecover"/>
<CritListEntry Name="org.codecover.model.utils.criteria.ConditionCoverage" PluginName="org.codecover"/>
<CritListEntry Name="org.codecover.model.utils.criteria.BranchCoverage" PluginName="org.codecover"/>
<CritListEntry Name="org.codecover.model.utils.criteria.SynchronizedStatementCoverage" PluginName="org.codecover"/>
<CritListEntry Name="org.codecover.model.utils.criteria.StatementCoverage" PluginName="org.codecover"/>
</CritList>
<BoolOpList>
<BoolOp Arity="2" Intrnl_Id="10" Name="conditional and (&amp;&amp;)">
<BoolAssgnmntBoolMapList>
<MapEntry BoolAssgnmnt="02" Value="false"/>
<MapEntry BoolAssgnmnt="10" Value="false"/>
<MapEntry BoolAssgnmnt="11" Value="true"/>
</BoolAssgnmntBoolMapList>
</BoolOp>
<BoolOp Arity="2" Intrnl_Id="11" Name="conditional or (||)">
<BoolAssgnmntBoolMapList>
<MapEntry BoolAssgnmnt="00" Value="false"/>
<MapEntry BoolAssgnmnt="01" Value="true"/>
<MapEntry BoolAssgnmnt="12" Value="true"/>
</BoolAssgnmntBoolMapList>
</BoolOp>
</BoolOpList>
<HierarchyLvlTypeList>
<HierarchyLvlType EnglishName="package" IntrnlName="package" Intrnl_Id="12"/>
<HierarchyLvlType EnglishName="method" IntrnlName="method" Intrnl_Id="13"/>
<HierarchyLvlType EnglishName="class" IntrnlName="class" Intrnl_Id="14"/>
<HierarchyLvlType EnglishName="default package" IntrnlName="default package" Intrnl_Id="15"/>
</HierarchyLvlTypeList>
<MASTRoot>
<HierarchyLvl HierarchyLvlId="82" HierarchyLvlTypeId="15" Intrnl_Id="16" Name="default package">
<Header/>
<LocList/>
<HierarchyLvl HierarchyLvlId="81" HierarchyLvlTypeId="12" Intrnl_Id="17" Name="Brandon_Dominion">
<Header/>
<LocList/>
<HierarchyLvl HierarchyLvlId="8" HierarchyLvlTypeId="14" Intrnl_Id="18" Name="Cards">
<Header>
<Loc EndOffset="42" SrcFileId="1" StartOffset="31"/>
</Header>
<LocList>
<Loc EndOffset="822" SrcFileId="1" StartOffset="31"/>
</LocList>
<HierarchyLvl HierarchyLvlId="1" HierarchyLvlTypeId="13" Intrnl_Id="19" Name="Cards">
<Header>
<Loc EndOffset="275" SrcFileId="1" StartOffset="189"/>
</Header>
<LocList>
<Loc EndOffset="436" SrcFileId="1" StartOffset="189"/>
</LocList>
<StmntSeq Intrnl_Id="20">
<LocList>
<Loc EndOffset="301" SrcFileId="1" StartOffset="283"/>
<Loc EndOffset="329" SrcFileId="1" StartOffset="308"/>
<Loc EndOffset="365" SrcFileId="1" StartOffset="336"/>
<Loc EndOffset="394" SrcFileId="1" StartOffset="372"/>
<Loc EndOffset="432" SrcFileId="1" StartOffset="401"/>
</LocList>
<BasicStmnt CovItemId="S1" CovItemPrefix="Brandon_Dominion.Cards.java" Intrnl_Id="21">
<LocList>
<Loc EndOffset="301" SrcFileId="1" StartOffset="283"/>
</LocList>
</BasicStmnt>
<BasicStmnt CovItemId="S2" CovItemPrefix="Brandon_Dominion.Cards.java" Intrnl_Id="22">
<LocList>
<Loc EndOffset="329" SrcFileId="1" StartOffset="308"/>
</LocList>
</BasicStmnt>
<BasicStmnt CovItemId="S3" CovItemPrefix="Brandon_Dominion.Cards.java" Intrnl_Id="23">
<LocList>
<Loc EndOffset="365" SrcFileId="1" StartOffset="336"/>
</LocList>
</BasicStmnt>
<BasicStmnt CovItemId="S4" CovItemPrefix="Brandon_Dominion.Cards.java" Intrnl_Id="24">
<LocList>
<Loc EndOffset="394" SrcFileId="1" StartOffset="372"/>
</LocList>
</BasicStmnt>
<BasicStmnt CovItemId="S5" CovItemPrefix="Brandon_Dominion.Cards.java" Intrnl_Id="25">
<LocList>
<Loc EndOffset="432" SrcFileId="1" StartOffset="401"/>
</LocList>
</BasicStmnt>
</StmntSeq>
</HierarchyLvl>
<HierarchyLvl HierarchyLvlId="2" HierarchyLvlTypeId="13" Intrnl_Id="26" Name="getName">
<Header>
<Loc EndOffset="465" SrcFileId="1" StartOffset="442"/>
</Header>
<LocList>
<Loc EndOffset="480" SrcFileId="1" StartOffset="442"/>
</LocList>
<StmntSeq Intrnl_Id="27">
<LocList>
<Loc EndOffset="479" SrcFileId="1" StartOffset="467"/>
</LocList>
<BasicStmnt CovItemId="S6" CovItemPrefix="Brandon_Dominion.Cards.java" Intrnl_Id="28">
<LocList>
<Loc EndOffset="479" SrcFileId="1" StartOffset="467"/>
</LocList>
</BasicStmnt>
</StmntSeq>
</HierarchyLvl>
<HierarchyLvl HierarchyLvlId="3" HierarchyLvlTypeId="13" Intrnl_Id="29" Name="getToken">
<Header>
<Loc EndOffset="513" SrcFileId="1" StartOffset="488"/>
</Header>
<LocList>
<Loc EndOffset="535" SrcFileId="1" StartOffset="488"/>
</LocList>
<StmntSeq Intrnl_Id="30">
<LocList>
<Loc EndOffset="534" SrcFileId="1" StartOffset="514"/>
</LocList>
<BasicStmnt CovItemId="S7" CovItemPrefix="Brandon_Dominion.Cards.java" Intrnl_Id="31">
<LocList>
<Loc EndOffset="534" SrcFileId="1" StartOffset="514"/>
</LocList>
</BasicStmnt>
</StmntSeq>
</HierarchyLvl>
<HierarchyLvl HierarchyLvlId="4" HierarchyLvlTypeId="13" Intrnl_Id="32" Name="getCost">
<Header>
<Loc EndOffset="562" SrcFileId="1" StartOffset="542"/>
</Header>
<LocList>
<Loc EndOffset="576" SrcFileId="1" StartOffset="542"/>
</LocList>
<StmntSeq Intrnl_Id="33">
<LocList>
<Loc EndOffset="575" SrcFileId="1" StartOffset="563"/>
</LocList>
<BasicStmnt CovItemId="S8" CovItemPrefix="Brandon_Dominion.Cards.java" Intrnl_Id="34">
<LocList>
<Loc EndOffset="575" SrcFileId="1" StartOffset="563"/>
</LocList>
</BasicStmnt>
</StmntSeq>
</HierarchyLvl>
<HierarchyLvl HierarchyLvlId="5" HierarchyLvlTypeId="13" Intrnl_Id="35" Name="toString">
<Header>
<Loc EndOffset="607" SrcFileId="1" StartOffset="583"/>
</Header>
<LocList>
<Loc EndOffset="703" SrcFileId="1" StartOffset="583"/>
</LocList>
<StmntSeq Intrnl_Id="36">
<LocList>
<Loc EndOffset="698" SrcFileId="1" StartOffset="614"/>
</LocList>
<BasicStmnt CovItemId="S9" CovItemPrefix="Brandon_Dominion.Cards.java" Intrnl_Id="37">
<LocList>
<Loc EndOffset="698" SrcFileId="1" StartOffset="614"/>
</LocList>
</BasicStmnt>
</StmntSeq>
</HierarchyLvl>
<HierarchyLvl HierarchyLvlId="6" HierarchyLvlTypeId="13" Intrnl_Id="38" Name="addEmbargo">
<Header>
<Loc EndOffset="733" SrcFileId="1" StartOffset="709"/>
</Header>
<LocList>
<Loc EndOffset="760" SrcFileId="1" StartOffset="709"/>
</LocList>
<StmntSeq Intrnl_Id="39">
<LocList>
<Loc EndOffset="759" SrcFileId="1" StartOffset="734"/>
</LocList>
<BasicStmnt CovItemId="S10" CovItemPrefix="Brandon_Dominion.Cards.java" Intrnl_Id="40">
<LocList>
<Loc EndOffset="759" SrcFileId="1" StartOffset="734"/>
</LocList>
</BasicStmnt>
</StmntSeq>
</HierarchyLvl>
<HierarchyLvl HierarchyLvlId="7" HierarchyLvlTypeId="13" Intrnl_Id="41" Name="getType">
<Header>
<Loc EndOffset="796" SrcFileId="1" StartOffset="772"/>
</Header>
<LocList>
<Loc EndOffset="815" SrcFileId="1" StartOffset="772"/>
</LocList>
<StmntSeq Intrnl_Id="42">
<LocList>
<Loc EndOffset="814" SrcFileId="1" StartOffset="797"/>
</LocList>
<BasicStmnt CovItemId="S11" CovItemPrefix="Brandon_Dominion.Cards.java" Intrnl_Id="43">
<LocList>
<Loc EndOffset="814" SrcFileId="1" StartOffset="797"/>
</LocList>
</BasicStmnt>
</StmntSeq>
</HierarchyLvl>
</HierarchyLvl>
<HierarchyLvl HierarchyLvlId="15" HierarchyLvlTypeId="14" Intrnl_Id="44" Name="CardsTest">
<Header>
<Loc EndOffset="114" SrcFileId="2" StartOffset="92"/>
</Header>
<LocList>
<Loc EndOffset="1096" SrcFileId="2" StartOffset="92"/>
</LocList>
<HierarchyLvl HierarchyLvlId="9" HierarchyLvlTypeId="13" Intrnl_Id="45" Name="testCardsandString">
<Header>
<Loc EndOffset="161" SrcFileId="2" StartOffset="121"/>
</Header>
<LocList>
<Loc EndOffset="275" SrcFileId="2" StartOffset="121"/>
</LocList>
<StmntSeq Intrnl_Id="46">
<LocList>
<Loc EndOffset="215" SrcFileId="2" StartOffset="167"/>
<Loc EndOffset="271" SrcFileId="2" StartOffset="219"/>
</LocList>
<BasicStmnt CovItemId="S1" CovItemPrefix="Brandon_Dominion.CardsTest.java" Intrnl_Id="47">
<LocList>
<Loc EndOffset="215" SrcFileId="2" StartOffset="167"/>
</LocList>
</BasicStmnt>
<BasicStmnt CovItemId="S2" CovItemPrefix="Brandon_Dominion.CardsTest.java" Intrnl_Id="48">
<LocList>
<Loc EndOffset="271" SrcFileId="2" StartOffset="219"/>
</LocList>
</BasicStmnt>
</StmntSeq>
</HierarchyLvl>
<HierarchyLvl HierarchyLvlId="10" HierarchyLvlTypeId="13" Intrnl_Id="49" Name="testGetName">
<Header>
<Loc EndOffset="314" SrcFileId="2" StartOffset="281"/>
</Header>
<LocList>
<Loc EndOffset="409" SrcFileId="2" StartOffset="281"/>
</LocList>
<StmntSeq Intrnl_Id="50">
<LocList>
<Loc EndOffset="367" SrcFileId="2" StartOffset="319"/>
<Loc EndOffset="405" SrcFileId="2" StartOffset="371"/>
</LocList>
<BasicStmnt CovItemId="S3" CovItemPrefix="Brandon_Dominion.CardsTest.java" Intrnl_Id="51">
<LocList>
<Loc EndOffset="367" SrcFileId="2" StartOffset="319"/>
</LocList>
</BasicStmnt>
<BasicStmnt CovItemId="S4" CovItemPrefix="Brandon_Dominion.CardsTest.java" Intrnl_Id="52">
<LocList>
<Loc EndOffset="405" SrcFileId="2" StartOffset="371"/>
</LocList>
</BasicStmnt>
</StmntSeq>
</HierarchyLvl>
<HierarchyLvl HierarchyLvlId="11" HierarchyLvlTypeId="13" Intrnl_Id="53" Name="testgetToken">
<Header>
<Loc EndOffset="450" SrcFileId="2" StartOffset="415"/>
</Header>
<LocList>
<Loc EndOffset="643" SrcFileId="2" StartOffset="415"/>
</LocList>
<StmntSeq Intrnl_Id="54">
<LocList>
<Loc EndOffset="506" SrcFileId="2" StartOffset="455"/>
<Loc EndOffset="547" SrcFileId="2" StartOffset="510"/>
<Loc EndOffset="600" SrcFileId="2" StartOffset="551"/>
<Loc EndOffset="639" SrcFileId="2" StartOffset="604"/>
</LocList>
<BasicStmnt CovItemId="S5" CovItemPrefix="Brandon_Dominion.CardsTest.java" Intrnl_Id="55">
<LocList>
<Loc EndOffset="506" SrcFileId="2" StartOffset="455"/>
</LocList>
</BasicStmnt>
<BasicStmnt CovItemId="S6" CovItemPrefix="Brandon_Dominion.CardsTest.java" Intrnl_Id="56">
<LocList>
<Loc EndOffset="547" SrcFileId="2" StartOffset="510"/>
</LocList>
</BasicStmnt>
<BasicStmnt CovItemId="S7" CovItemPrefix="Brandon_Dominion.CardsTest.java" Intrnl_Id="57">
<LocList>
<Loc EndOffset="600" SrcFileId="2" StartOffset="551"/>
</LocList>
</BasicStmnt>
<BasicStmnt CovItemId="S8" CovItemPrefix="Brandon_Dominion.CardsTest.java" Intrnl_Id="58">
<LocList>
<Loc EndOffset="639" SrcFileId="2" StartOffset="604"/>
</LocList>
</BasicStmnt>
</StmntSeq>
</HierarchyLvl>
<HierarchyLvl HierarchyLvlId="12" HierarchyLvlTypeId="13" Intrnl_Id="59" Name="testCost">
<Header>
<Loc EndOffset="679" SrcFileId="2" StartOffset="649"/>
</Header>
<LocList>
<Loc EndOffset="769" SrcFileId="2" StartOffset="649"/>
</LocList>
<StmntSeq Intrnl_Id="60">
<LocList>
<Loc EndOffset="732" SrcFileId="2" StartOffset="684"/>
<Loc EndOffset="765" SrcFileId="2" StartOffset="736"/>
</LocList>
<BasicStmnt CovItemId="S9" CovItemPrefix="Brandon_Dominion.CardsTest.java" Intrnl_Id="61">
<LocList>
<Loc EndOffset="732" SrcFileId="2" StartOffset="684"/>
</LocList>
</BasicStmnt>
<BasicStmnt CovItemId="S10" CovItemPrefix="Brandon_Dominion.CardsTest.java" Intrnl_Id="62">
<LocList>
<Loc EndOffset="765" SrcFileId="2" StartOffset="736"/>
</LocList>
</BasicStmnt>
</StmntSeq>
</HierarchyLvl>
<HierarchyLvl HierarchyLvlId="13" HierarchyLvlTypeId="13" Intrnl_Id="63" Name="testEmbargo">
<Header>
<Loc EndOffset="808" SrcFileId="2" StartOffset="775"/>
</Header>
<LocList>
<Loc EndOffset="957" SrcFileId="2" StartOffset="775"/>
</LocList>
<StmntSeq Intrnl_Id="64">
<LocList>
<Loc EndOffset="861" SrcFileId="2" StartOffset="813"/>
<Loc EndOffset="898" SrcFileId="2" StartOffset="865"/>
<Loc EndOffset="917" SrcFileId="2" StartOffset="902"/>
<Loc EndOffset="953" SrcFileId="2" StartOffset="921"/>
</LocList>
<BasicStmnt CovItemId="S11" CovItemPrefix="Brandon_Dominion.CardsTest.java" Intrnl_Id="65">
<LocList>
<Loc EndOffset="861" SrcFileId="2" StartOffset="813"/>
</LocList>
</BasicStmnt>
<BasicStmnt CovItemId="S12" CovItemPrefix="Brandon_Dominion.CardsTest.java" Intrnl_Id="66">
<LocList>
<Loc EndOffset="898" SrcFileId="2" StartOffset="865"/>
</LocList>
</BasicStmnt>
<BasicStmnt CovItemId="S13" CovItemPrefix="Brandon_Dominion.CardsTest.java" Intrnl_Id="67">
<LocList>
<Loc EndOffset="917" SrcFileId="2" StartOffset="902"/>
</LocList>
</BasicStmnt>
<BasicStmnt CovItemId="S14" CovItemPrefix="Brandon_Dominion.CardsTest.java" Intrnl_Id="68">
<LocList>
<Loc EndOffset="953" SrcFileId="2" StartOffset="921"/>
</LocList>
</BasicStmnt>
</StmntSeq>
</HierarchyLvl>
<HierarchyLvl HierarchyLvlId="14" HierarchyLvlTypeId="13" Intrnl_Id="69" Name="testType">
<Header>
<Loc EndOffset="993" SrcFileId="2" StartOffset="963"/>
</Header>
<LocList>
<Loc EndOffset="1091" SrcFileId="2" StartOffset="963"/>
</LocList>
<StmntSeq Intrnl_Id="70">
<LocList>
<Loc EndOffset="1046" SrcFileId="2" StartOffset="998"/>
<Loc EndOffset="1086" SrcFileId="2" StartOffset="1050"/>
</LocList>
<BasicStmnt CovItemId="S15" CovItemPrefix="Brandon_Dominion.CardsTest.java" Intrnl_Id="71">
<LocList>
<Loc EndOffset="1046" SrcFileId="2" StartOffset="998"/>
</LocList>
</BasicStmnt>
<BasicStmnt CovItemId="S16" CovItemPrefix="Brandon_Dominion.CardsTest.java" Intrnl_Id="72">
<LocList>
<Loc EndOffset="1086" SrcFileId="2" StartOffset="1050"/>
</LocList>
</BasicStmnt>
</StmntSeq>
</HierarchyLvl>
</HierarchyLvl>
<HierarchyLvl HierarchyLvlId="21" HierarchyLvlTypeId="14" Intrnl_Id="73" Name="DeckTest">
<Header>
<Loc EndOffset="113" SrcFileId="3" StartOffset="92"/>
</Header>
<LocList>
<Loc EndOffset="1641" SrcFileId="3" StartOffset="92"/>
</LocList>
<HierarchyLvl HierarchyLvlId="16" HierarchyLvlTypeId="13" Intrnl_Id="74" Name="testBuildActionDeck">
<Header>
<Loc EndOffset="161" SrcFileId="3" StartOffset="120"/>
</Header>
<LocList>
<Loc EndOffset="968" SrcFileId="3" StartOffset="120"/>
</LocList>
<StmntSeq Intrnl_Id="75">
<LocList>
<Loc EndOffset="192" SrcFileId="3" StartOffset="167"/>
<Loc EndOffset="419" SrcFileId="3" StartOffset="249"/>
<Loc EndOffset="472" SrcFileId="3" StartOffset="426"/>
<Loc EndOffset="565" SrcFileId="3" StartOffset="515"/>
<Loc EndOffset="653" SrcFileId="3" StartOffset="607"/>
<Loc EndOffset="964" SrcFileId="3" StartOffset="661"/>
</LocList>
<BasicStmnt CovItemId="S1" CovItemPrefix="Brandon_Dominion.DeckTest.java" Intrnl_Id="76">
<LocList>
<Loc EndOffset="192" SrcFileId="3" StartOffset="167"/>
</LocList>
</BasicStmnt>
<BasicStmnt CovItemId="S2" CovItemPrefix="Brandon_Dominion.DeckTest.java" Intrnl_Id="77">
<LocList>
<Loc EndOffset="419" SrcFileId="3" StartOffset="249"/>
</LocList>
</BasicStmnt>
<BasicStmnt CovItemId="S3" CovItemPrefix="Brandon_Dominion.DeckTest.java" Intrnl_Id="78">
<LocList>
<Loc EndOffset="472" SrcFileId="3" StartOffset="426"/>
</LocList>
</BasicStmnt>
<BasicStmnt CovItemId="S4" CovItemPrefix="Brandon_Dominion.DeckTest.java" Intrnl_Id="79">
<LocList>
<Loc EndOffset="565" SrcFileId="3" StartOffset="515"/>
</LocList>
</BasicStmnt>
<BasicStmnt CovItemId="S5" CovItemPrefix="Brandon_Dominion.DeckTest.java" Intrnl_Id="80">
<LocList>
<Loc EndOffset="653" SrcFileId="3" StartOffset="607"/>
</LocList>
</BasicStmnt>
<LoopStmnt CovItemId="S6" CovItemPrefix="Brandon_Dominion.DeckTest.java" Intrnl_Id="81" MltplExecId="L1-2" MltplExecPrefix="Brandon_Dominion.DeckTest.java" NvrExecId="L1-0" NvrExecPrefix="Brandon_Dominion.DeckTest.java" OnceExecutedId="L1-1" OnceExecutedPrefix="Brandon_Dominion.DeckTest.java" OptBodyExec="true">
<StmntSeq Intrnl_Id="82">
<LocList>
<Loc EndOffset="801" SrcFileId="3" StartOffset="748"/>
<Loc EndOffset="959" SrcFileId="3" StartOffset="806"/>
</LocList>
<BasicStmnt CovItemId="S7" CovItemPrefix="Brandon_Dominion.DeckTest.java" Intrnl_Id="83">
<LocList>
<Loc EndOffset="801" SrcFileId="3" StartOffset="748"/>
</LocList>
</BasicStmnt>
<BasicStmnt CovItemId="S8" CovItemPrefix="Brandon_Dominion.DeckTest.java" Intrnl_Id="84">
<LocList>
<Loc EndOffset="959" SrcFileId="3" StartOffset="806"/>
</LocList>
</BasicStmnt>
</StmntSeq>
<Keyword EndOffset="664" SrcFileId="3" StartOffset="661"/>
<LocList>
<Loc EndOffset="964" SrcFileId="3" StartOffset="661"/>
</LocList>
<RootTerm CovItemId="C1" CovItemPrefix="Brandon_Dominion.DeckTest.java" Intrnl_Id="85">
<BasicBoolTerm Intrnl_Id="86">
<LocList>
<Loc EndOffset="683" SrcFileId="3" StartOffset="677"/>
</LocList>
</BasicBoolTerm>
</RootTerm>
</LoopStmnt>
</StmntSeq>
</HierarchyLvl>
<HierarchyLvl HierarchyLvlId="17" HierarchyLvlTypeId="13" Intrnl_Id="87" Name="testBuildMV">
<Header>
<Loc EndOffset="1007" SrcFileId="3" StartOffset="974"/>
</Header>
<LocList>
<Loc EndOffset="1341" SrcFileId="3" StartOffset="974"/>
</LocList>
<StmntSeq Intrnl_Id="88">
<LocList>
<Loc EndOffset="1072" SrcFileId="3" StartOffset="1045"/>
<Loc EndOffset="1120" SrcFileId="3" StartOffset="1076"/>
<Loc EndOffset="1165" SrcFileId="3" StartOffset="1124"/>
<Loc EndOffset="1221" SrcFileId="3" StartOffset="1169"/>
<Loc EndOffset="1277" SrcFileId="3" StartOffset="1225"/>
<Loc EndOffset="1333" SrcFileId="3" StartOffset="1281"/>
</LocList>
<BasicStmnt CovItemId="S9" CovItemPrefix="Brandon_Dominion.DeckTest.java" Intrnl_Id="89">
<LocList>
<Loc EndOffset="1072" SrcFileId="3" StartOffset="1045"/>
</LocList>
</BasicStmnt>
<BasicStmnt CovItemId="S10" CovItemPrefix="Brandon_Dominion.DeckTest.java" Intrnl_Id="90">
<LocList>
<Loc EndOffset="1120" SrcFileId="3" StartOffset="1076"/>
</LocList>
</BasicStmnt>
<BasicStmnt CovItemId="S11" CovItemPrefix="Brandon_Dominion.DeckTest.java" Intrnl_Id="91">
<LocList>
<Loc EndOffset="1165" SrcFileId="3" StartOffset="1124"/>
</LocList>
</BasicStmnt>
<BasicStmnt CovItemId="S12" CovItemPrefix="Brandon_Dominion.DeckTest.java" Intrnl_Id="92">
<LocList>
<Loc EndOffset="1221" SrcFileId="3" StartOffset="1169"/>
</LocList>
</BasicStmnt>
<BasicStmnt CovItemId="S13" CovItemPrefix="Brandon_Dominion.DeckTest.java" Intrnl_Id="93">
<LocList>
<Loc EndOffset="1277" SrcFileId="3" StartOffset="1225"/>
</LocList>
</BasicStmnt>
<BasicStmnt CovItemId="S14" CovItemPrefix="Brandon_Dominion.DeckTest.java" Intrnl_Id="94">
<LocList>
<Loc EndOffset="1333" SrcFileId="3" StartOffset="1281"/>
</LocList>
</BasicStmnt>
</StmntSeq>
</HierarchyLvl>
<HierarchyLvl HierarchyLvlId="18" HierarchyLvlTypeId="13" Intrnl_Id="95" Name="testGetAction">
<Header>
<Loc EndOffset="1382" SrcFileId="3" StartOffset="1347"/>
</Header>
<LocList>
<Loc EndOffset="1448" SrcFileId="3" StartOffset="1347"/>
</LocList>
<StmntSeq Intrnl_Id="96">
<LocList>
<Loc EndOffset="1444" SrcFileId="3" StartOffset="1387"/>
</LocList>
<BasicStmnt CovItemId="S15" CovItemPrefix="Brandon_Dominion.DeckTest.java" Intrnl_Id="97">
<LocList>
<Loc EndOffset="1444" SrcFileId="3" StartOffset="1387"/>
</LocList>
</BasicStmnt>
</StmntSeq>
</HierarchyLvl>
<HierarchyLvl HierarchyLvlId="19" HierarchyLvlTypeId="13" Intrnl_Id="98" Name="testMoney">
<Header>
<Loc EndOffset="1486" SrcFileId="3" StartOffset="1454"/>
</Header>
<LocList>
<Loc EndOffset="1549" SrcFileId="3" StartOffset="1454"/>
</LocList>
<StmntSeq Intrnl_Id="99">
<LocList>
<Loc EndOffset="1545" SrcFileId="3" StartOffset="1491"/>
</LocList>
<BasicStmnt CovItemId="S16" CovItemPrefix="Brandon_Dominion.DeckTest.java" Intrnl_Id="100">
<LocList>
<Loc EndOffset="1545" SrcFileId="3" StartOffset="1491"/>
</LocList>
</BasicStmnt>
</StmntSeq>
</HierarchyLvl>
<HierarchyLvl HierarchyLvlId="20" HierarchyLvlTypeId="13" Intrnl_Id="101" Name="testVC">
<Header>
<Loc EndOffset="1581" SrcFileId="3" StartOffset="1552"/>
</Header>
<LocList>
<Loc EndOffset="1638" SrcFileId="3" StartOffset="1552"/>
</LocList>
<StmntSeq Intrnl_Id="102">
<LocList>
<Loc EndOffset="1634" SrcFileId="3" StartOffset="1586"/>
</LocList>
<BasicStmnt CovItemId="S17" CovItemPrefix="Brandon_Dominion.DeckTest.java" Intrnl_Id="103">
<LocList>
<Loc EndOffset="1634" SrcFileId="3" StartOffset="1586"/>
</LocList>
</BasicStmnt>
</StmntSeq>
</HierarchyLvl>
</HierarchyLvl>
<HierarchyLvl HierarchyLvlId="30" HierarchyLvlTypeId="14" Intrnl_Id="104" Name="PlayDominion">
<Header>
<Loc EndOffset="49" SrcFileId="4" StartOffset="31"/>
</Header>
<LocList>
<Loc EndOffset="7298" SrcFileId="4" StartOffset="31"/>
</LocList>
<StmntSeq Intrnl_Id="105">
<LocList>
<Loc EndOffset="94" SrcFileId="4" StartOffset="53"/>
<Loc EndOffset="138" SrcFileId="4" StartOffset="97"/>
<Loc EndOffset="176" SrcFileId="4" StartOffset="142"/>
<Loc EndOffset="219" SrcFileId="4" StartOffset="179"/>
</LocList>
<BasicStmnt CovItemId="S1" CovItemPrefix="Brandon_Dominion.Play_Dominion.java" Intrnl_Id="106">
<LocList>
<Loc EndOffset="94" SrcFileId="4" StartOffset="53"/>
</LocList>
</BasicStmnt>
<BasicStmnt CovItemId="S2" CovItemPrefix="Brandon_Dominion.Play_Dominion.java" Intrnl_Id="107">
<LocList>
<Loc EndOffset="138" SrcFileId="4" StartOffset="97"/>
</LocList>
</BasicStmnt>
<BasicStmnt CovItemId="S3" CovItemPrefix="Brandon_Dominion.Play_Dominion.java" Intrnl_Id="108">
<LocList>
<Loc EndOffset="176" SrcFileId="4" StartOffset="142"/>
</LocList>
</BasicStmnt>
<BasicStmnt CovItemId="S4" CovItemPrefix="Brandon_Dominion.Play_Dominion.java" Intrnl_Id="109">
<LocList>
<Loc EndOffset="219" SrcFileId="4" StartOffset="179"/>
</LocList>
</BasicStmnt>
</StmntSeq>
<HierarchyLvl HierarchyLvlId="22" HierarchyLvlTypeId="13" Intrnl_Id="110" Name="Initialize_Game">
<Header>
<Loc EndOffset="269" SrcFileId="4" StartOffset="233"/>
</Header>
<LocList>
<Loc EndOffset="867" SrcFileId="4" StartOffset="233"/>
</LocList>
<StmntSeq Intrnl_Id="111">
<LocList>
<Loc EndOffset="450" SrcFileId="4" StartOffset="300"/>
<Loc EndOffset="602" SrcFileId="4" StartOffset="454"/>
<Loc EndOffset="640" SrcFileId="4" StartOffset="611"/>
<Loc EndOffset="673" SrcFileId="4" StartOffset="644"/>
<Loc EndOffset="743" SrcFileId="4" StartOffset="679"/>
<Loc EndOffset="773" SrcFileId="4" StartOffset="751"/>
<Loc EndOffset="799" SrcFileId="4" StartOffset="777"/>
<Loc EndOffset="834" SrcFileId="4" StartOffset="807"/>
<Loc EndOffset="863" SrcFileId="4" StartOffset="838"/>
</LocList>
<LoopStmnt CovItemId="S5" CovItemPrefix="Brandon_Dominion.Play_Dominion.java" Intrnl_Id="112" MltplExecId="L1-2" MltplExecPrefix="Brandon_Dominion.Play_Dominion.java" NvrExecId="L1-0" NvrExecPrefix="Brandon_Dominion.Play_Dominion.java" OnceExecutedId="L1-1" OnceExecutedPrefix="Brandon_Dominion.Play_Dominion.java" OptBodyExec="true">
<StmntSeq Intrnl_Id="113">
<LocList>
<Loc EndOffset="384" SrcFileId="4" StartOffset="336"/>
<Loc EndOffset="415" SrcFileId="4" StartOffset="390"/>
<Loc EndOffset="445" SrcFileId="4" StartOffset="420"/>
</LocList>
<BasicStmnt CovItemId="S6" CovItemPrefix="Brandon_Dominion.Play_Dominion.java" Intrnl_Id="114">
<LocList>
<Loc EndOffset="384" SrcFileId="4" StartOffset="336"/>
</LocList>
</BasicStmnt>
<BasicStmnt CovItemId="S7" CovItemPrefix="Brandon_Dominion.Play_Dominion.java" Intrnl_Id="115">
<LocList>
<Loc EndOffset="415" SrcFileId="4" StartOffset="390"/>
</LocList>
</BasicStmnt>
<BasicStmnt CovItemId="S8" CovItemPrefix="Brandon_Dominion.Play_Dominion.java" Intrnl_Id="116">
<LocList>
<Loc EndOffset="445" SrcFileId="4" StartOffset="420"/>
</LocList>
</BasicStmnt>
</StmntSeq>
<Keyword EndOffset="303" SrcFileId="4" StartOffset="300"/>
<LocList>
<Loc EndOffset="450" SrcFileId="4" StartOffset="300"/>
</LocList>
<RootTerm CovItemId="C1" CovItemPrefix="Brandon_Dominion.Play_Dominion.java" Intrnl_Id="117">
<BasicBoolTerm Intrnl_Id="118">
<LocList>
<Loc EndOffset="321" SrcFileId="4" StartOffset="316"/>
</LocList>
</BasicBoolTerm>
</RootTerm>
</LoopStmnt>
<LoopStmnt CovItemId="S9" CovItemPrefix="Brandon_Dominion.Play_Dominion.java" Intrnl_Id="119" MltplExecId="L2-2" MltplExecPrefix="Brandon_Dominion.Play_Dominion.java" NvrExecId="L2-0" NvrExecPrefix="Brandon_Dominion.Play_Dominion.java" OnceExecutedId="L2-1" OnceExecutedPrefix="Brandon_Dominion.Play_Dominion.java" OptBodyExec="true">
<StmntSeq Intrnl_Id="120">
<LocList>
<Loc EndOffset="537" SrcFileId="4" StartOffset="487"/>
<Loc EndOffset="567" SrcFileId="4" StartOffset="542"/>
<Loc EndOffset="597" SrcFileId="4" StartOffset="572"/>
</LocList>
<BasicStmnt CovItemId="S10" CovItemPrefix="Brandon_Dominion.Play_Dominion.java" Intrnl_Id="121">
<LocList>
<Loc EndOffset="537" SrcFileId="4" StartOffset="487"/>
</LocList>
</BasicStmnt>
<BasicStmnt CovItemId="S11" CovItemPrefix="Brandon_Dominion.Play_Dominion.java" Intrnl_Id="122">
<LocList>
<Loc EndOffset="567" SrcFileId="4" StartOffset="542"/>
</LocList>
</BasicStmnt>
<BasicStmnt CovItemId="S12" CovItemPrefix="Brandon_Dominion.Play_Dominion.java" Intrnl_Id="123">
<LocList>
<Loc EndOffset="597" SrcFileId="4" StartOffset="572"/>
</LocList>
</BasicStmnt>
</StmntSeq>
<Keyword EndOffset="457" SrcFileId="4" StartOffset="454"/>
<LocList>
<Loc EndOffset="602" SrcFileId="4" StartOffset="454"/>
</LocList>
<RootTerm CovItemId="C2" CovItemPrefix="Brandon_Dominion.Play_Dominion.java" Intrnl_Id="124">
<BasicBoolTerm Intrnl_Id="125">
<LocList>
<Loc EndOffset="475" SrcFileId="4" StartOffset="470"/>
</LocList>
</BasicBoolTerm>
</RootTerm>
</LoopStmnt>
<BasicStmnt CovItemId="S13" CovItemPrefix="Brandon_Dominion.Play_Dominion.java" Intrnl_Id="126">
<LocList>
<Loc EndOffset="640" SrcFileId="4" StartOffset="611"/>
</LocList>
</BasicStmnt>
<BasicStmnt CovItemId="S14" CovItemPrefix="Brandon_Dominion.Play_Dominion.java" Intrnl_Id="127">
<LocList>
<Loc EndOffset="673" SrcFileId="4" StartOffset="644"/>
</LocList>
</BasicStmnt>
<LoopStmnt CovItemId="S15" CovItemPrefix="Brandon_Dominion.Play_Dominion.java" Intrnl_Id="128" MltplExecId="L3-2" MltplExecPrefix="Brandon_Dominion.Play_Dominion.java" NvrExecId="L3-0" NvrExecPrefix="Brandon_Dominion.Play_Dominion.java" OnceExecutedId="L3-1" OnceExecutedPrefix="Brandon_Dominion.Play_Dominion.java" OptBodyExec="true">
<StmntSeq Intrnl_Id="129">
<LocList>
<Loc EndOffset="722" SrcFileId="4" StartOffset="711"/>
<Loc EndOffset="738" SrcFileId="4" StartOffset="727"/>
</LocList>
<BasicStmnt CovItemId="S16" CovItemPrefix="Brandon_Dominion.Play_Dominion.java" Intrnl_Id="130">
<LocList>
<Loc EndOffset="722" SrcFileId="4" StartOffset="711"/>
</LocList>
</BasicStmnt>
<BasicStmnt CovItemId="S17" CovItemPrefix="Brandon_Dominion.Play_Dominion.java" Intrnl_Id="131">
<LocList>
<Loc EndOffset="738" SrcFileId="4" StartOffset="727"/>
</LocList>
</BasicStmnt>
</StmntSeq>
<Keyword EndOffset="682" SrcFileId="4" StartOffset="679"/>
<LocList>
<Loc EndOffset="743" SrcFileId="4" StartOffset="679"/>
</LocList>
<RootTerm CovItemId="C3" CovItemPrefix="Brandon_Dominion.Play_Dominion.java" Intrnl_Id="132">
<BasicBoolTerm Intrnl_Id="133">
<LocList>
<Loc EndOffset="699" SrcFileId="4" StartOffset="694"/>
</LocList>
</BasicBoolTerm>
</RootTerm>
</LoopStmnt>
<BasicStmnt CovItemId="S18" CovItemPrefix="Brandon_Dominion.Play_Dominion.java" Intrnl_Id="134">
<LocList>
<Loc EndOffset="773" SrcFileId="4" StartOffset="751"/>
</LocList>
</BasicStmnt>
<BasicStmnt CovItemId="S19" CovItemPrefix="Brandon_Dominion.Play_Dominion.java" Intrnl_Id="135">
<LocList>
<Loc EndOffset="799" SrcFileId="4" StartOffset="777"/>
</LocList>
</BasicStmnt>
<BasicStmnt CovItemId="S20" CovItemPrefix="Brandon_Dominion.Play_Dominion.java" Intrnl_Id="136">
<LocList>
<Loc EndOffset="834" SrcFileId="4" StartOffset="807"/>
</LocList>
</BasicStmnt>
<BasicStmnt CovItemId="S21" CovItemPrefix="Brandon_Dominion.Play_Dominion.java" Intrnl_Id="137">
<LocList>
<Loc EndOffset="863" SrcFileId="4" StartOffset="838"/>
</LocList>
</BasicStmnt>
</StmntSeq>
</HierarchyLvl>
<HierarchyLvl HierarchyLvlId="23" HierarchyLvlTypeId="13" Intrnl_Id="138" Name="CheckifPileIsEmpty">
<Header>
<Loc EndOffset="926" SrcFileId="4" StartOffset="876"/>
</Header>
<LocList>
<Loc EndOffset="1026" SrcFileId="4" StartOffset="876"/>
</LocList>
<StmntSeq Intrnl_Id="139">
<LocList>
<Loc EndOffset="1022" SrcFileId="4" StartOffset="931"/>
</LocList>
<CondStmnt CovItemId="S22" CovItemPrefix="Brandon_Dominion.Play_Dominion.java" Intrnl_Id="140">
<Branch CovItemId="B1" CovItemPrefix="Brandon_Dominion.Play_Dominion.java" Implct="false" Intrnl_Id="141">
<Cond/>
<LocList>
<Loc EndOffset="995" SrcFileId="4" StartOffset="983"/>
</LocList>
<StmntSeq Intrnl_Id="142">
<LocList>
<Loc EndOffset="995" SrcFileId="4" StartOffset="983"/>
</LocList>
<BasicStmnt CovItemId="S23" CovItemPrefix="Brandon_Dominion.Play_Dominion.java" Intrnl_Id="143">
<LocList>
<Loc EndOffset="995" SrcFileId="4" StartOffset="983"/>
</LocList>
</BasicStmnt>
</StmntSeq>
</Branch>
<Branch CovItemId="B2" CovItemPrefix="Brandon_Dominion.Play_Dominion.java" Implct="false" Intrnl_Id="144">
<Cond>
<Loc EndOffset="1003" SrcFileId="4" StartOffset="999"/>
</Cond>
<LocList>
<Loc EndOffset="1022" SrcFileId="4" StartOffset="1009"/>
</LocList>
<StmntSeq Intrnl_Id="145">
<LocList>
<Loc EndOffset="1022" SrcFileId="4" StartOffset="1009"/>
</LocList>
<BasicStmnt CovItemId="S24" CovItemPrefix="Brandon_Dominion.Play_Dominion.java" Intrnl_Id="146">
<LocList>
<Loc EndOffset="1022" SrcFileId="4" StartOffset="1009"/>
</LocList>
</BasicStmnt>
</StmntSeq>
</Branch>
<Keyword EndOffset="933" SrcFileId="4" StartOffset="931"/>
<LocList>
<Loc EndOffset="1022" SrcFileId="4" StartOffset="931"/>
</LocList>
<RootTerm CovItemId="C4" CovItemPrefix="Brandon_Dominion.Play_Dominion.java" Intrnl_Id="147">
<BasicBoolTerm Intrnl_Id="148">
<LocList>
<Loc EndOffset="977" SrcFileId="4" StartOffset="935"/>
</LocList>
</BasicBoolTerm>
</RootTerm>
</CondStmnt>
</StmntSeq>
</HierarchyLvl>
<HierarchyLvl HierarchyLvlId="24" HierarchyLvlTypeId="13" Intrnl_Id="149" Name="CheckMoneyPile">
<Header>
<Loc EndOffset="1078" SrcFileId="4" StartOffset="1032"/>
</Header>
<LocList>
<Loc EndOffset="1167" SrcFileId="4" StartOffset="1032"/>
</LocList>
<StmntSeq Intrnl_Id="150">
<LocList>
<Loc EndOffset="1146" SrcFileId="4" StartOffset="1083"/>
<Loc EndOffset="1163" SrcFileId="4" StartOffset="1150"/>
</LocList>
<CondStmnt CovItemId="S25" CovItemPrefix="Brandon_Dominion.Play_Dominion.java" Intrnl_Id="151">
<Branch CovItemId="B3" CovItemPrefix="Brandon_Dominion.Play_Dominion.java" Implct="false" Intrnl_Id="152">
<Cond/>
<LocList>
<Loc EndOffset="1146" SrcFileId="4" StartOffset="1134"/>
</LocList>
<StmntSeq Intrnl_Id="153">
<LocList>
<Loc EndOffset="1146" SrcFileId="4" StartOffset="1134"/>
</LocList>
<BasicStmnt CovItemId="S26" CovItemPrefix="Brandon_Dominion.Play_Dominion.java" Intrnl_Id="154">
<LocList>
<Loc EndOffset="1146" SrcFileId="4" StartOffset="1134"/>
</LocList>
</BasicStmnt>
</StmntSeq>
</Branch>
<Branch CovItemId="B4" CovItemPrefix="Brandon_Dominion.Play_Dominion.java" Implct="true" Intrnl_Id="155">
<Cond/>
<LocList/>
<StmntSeq Intrnl_Id="156">
<LocList/>
</StmntSeq>
</Branch>
<Keyword EndOffset="1085" SrcFileId="4" StartOffset="1083"/>
<LocList>
<Loc EndOffset="1146" SrcFileId="4" StartOffset="1083"/>
</LocList>
<RootTerm CovItemId="C5" CovItemPrefix="Brandon_Dominion.Play_Dominion.java" Intrnl_Id="157">
<BasicBoolTerm Intrnl_Id="158">
<LocList>
<Loc EndOffset="1128" SrcFileId="4" StartOffset="1087"/>
</LocList>
</BasicBoolTerm>
</RootTerm>
</CondStmnt>
<BasicStmnt CovItemId="S27" CovItemPrefix="Brandon_Dominion.Play_Dominion.java" Intrnl_Id="159">
<LocList>
<Loc EndOffset="1163" SrcFileId="4" StartOffset="1150"/>
</LocList>
</BasicStmnt>
</StmntSeq>
</HierarchyLvl>
<HierarchyLvl HierarchyLvlId="25" HierarchyLvlTypeId="13" Intrnl_Id="160" Name="CheckEndGame">
<Header>
<Loc EndOffset="1209" SrcFileId="4" StartOffset="1173"/>
</Header>
<LocList>
<Loc EndOffset="1482" SrcFileId="4" StartOffset="1173"/>
</LocList>
<StmntSeq Intrnl_Id="161">
<LocList>
<Loc EndOffset="1235" SrcFileId="4" StartOffset="1214"/>
<Loc EndOffset="1368" SrcFileId="4" StartOffset="1240"/>
<Loc EndOffset="1477" SrcFileId="4" StartOffset="1372"/>
</LocList>
<BasicStmnt CovItemId="S28" CovItemPrefix="Brandon_Dominion.Play_Dominion.java" Intrnl_Id="162">
<LocList>
<Loc EndOffset="1235" SrcFileId="4" StartOffset="1214"/>
</LocList>
</BasicStmnt>
<LoopStmnt CovItemId="S29" CovItemPrefix="Brandon_Dominion.Play_Dominion.java" Intrnl_Id="163" MltplExecId="L4-2" MltplExecPrefix="Brandon_Dominion.Play_Dominion.java" NvrExecId="L4-0" NvrExecPrefix="Brandon_Dominion.Play_Dominion.java" OnceExecutedId="L4-1" OnceExecutedPrefix="Brandon_Dominion.Play_Dominion.java" OptBodyExec="true">
<StmntSeq Intrnl_Id="164">
<LocList>
<Loc EndOffset="1363" SrcFileId="4" StartOffset="1299"/>
</LocList>
<CondStmnt CovItemId="S30" CovItemPrefix="Brandon_Dominion.Play_Dominion.java" Intrnl_Id="165">
<Branch CovItemId="B5" CovItemPrefix="Brandon_Dominion.Play_Dominion.java" Implct="false" Intrnl_Id="166">
<Cond/>
<LocList>
<Loc EndOffset="1363" SrcFileId="4" StartOffset="1348"/>
</LocList>
<StmntSeq Intrnl_Id="167">
<LocList>
<Loc EndOffset="1363" SrcFileId="4" StartOffset="1348"/>
</LocList>
<BasicStmnt CovItemId="S31" CovItemPrefix="Brandon_Dominion.Play_Dominion.java" Intrnl_Id="168">
<LocList>
<Loc EndOffset="1363" SrcFileId="4" StartOffset="1348"/>
</LocList>
</BasicStmnt>
</StmntSeq>
</Branch>
<Branch CovItemId="B6" CovItemPrefix="Brandon_Dominion.Play_Dominion.java" Implct="true" Intrnl_Id="169">
<Cond/>
<LocList/>
<StmntSeq Intrnl_Id="170">
<LocList/>
</StmntSeq>
</Branch>
<Keyword EndOffset="1301" SrcFileId="4" StartOffset="1299"/>
<LocList>
<Loc EndOffset="1363" SrcFileId="4" StartOffset="1299"/>
</LocList>
<RootTerm CovItemId="C7" CovItemPrefix="Brandon_Dominion.Play_Dominion.java" Intrnl_Id="171">
<BasicBoolTerm Intrnl_Id="172">
<LocList>
<Loc EndOffset="1341" SrcFileId="4" StartOffset="1302"/>
</LocList>
</BasicBoolTerm>
</RootTerm>
</CondStmnt>
</StmntSeq>
<Keyword EndOffset="1243" SrcFileId="4" StartOffset="1240"/>
<LocList>
<Loc EndOffset="1368" SrcFileId="4" StartOffset="1240"/>
</LocList>
<RootTerm CovItemId="C6" CovItemPrefix="Brandon_Dominion.Play_Dominion.java" Intrnl_Id="173">
<BasicBoolTerm Intrnl_Id="174">
<LocList>
<Loc EndOffset="1287" SrcFileId="4" StartOffset="1256"/>
</LocList>
</BasicBoolTerm>
</RootTerm>
</LoopStmnt>
<CondStmnt CovItemId="S32" CovItemPrefix="Brandon_Dominion.Play_Dominion.java" Intrnl_Id="175">
<Branch CovItemId="B7" CovItemPrefix="Brandon_Dominion.Play_Dominion.java" Implct="false" Intrnl_Id="176">
<Cond/>
<LocList>
<Loc EndOffset="1450" SrcFileId="4" StartOffset="1438"/>
</LocList>
<StmntSeq Intrnl_Id="177">
<LocList>
<Loc EndOffset="1450" SrcFileId="4" StartOffset="1438"/>
</LocList>
<BasicStmnt CovItemId="S33" CovItemPrefix="Brandon_Dominion.Play_Dominion.java" Intrnl_Id="178">
<LocList>
<Loc EndOffset="1450" SrcFileId="4" StartOffset="1438"/>
</LocList>
</BasicStmnt>
</StmntSeq>
</Branch>
<Branch CovItemId="B8" CovItemPrefix="Brandon_Dominion.Play_Dominion.java" Implct="false" Intrnl_Id="179">
<Cond>
<Loc EndOffset="1458" SrcFileId="4" StartOffset="1454"/>
</Cond>
<LocList>
<Loc EndOffset="1477" SrcFileId="4" StartOffset="1464"/>
</LocList>
<StmntSeq Intrnl_Id="180">
<LocList>
<Loc EndOffset="1477" SrcFileId="4" StartOffset="1464"/>
</LocList>
<BasicStmnt CovItemId="S34" CovItemPrefix="Brandon_Dominion.Play_Dominion.java" Intrnl_Id="181">
<LocList>
<Loc EndOffset="1477" SrcFileId="4" StartOffset="1464"/>
</LocList>
</BasicStmnt>
</StmntSeq>
</Branch>
<Keyword EndOffset="1374" SrcFileId="4" StartOffset="1372"/>
<LocList>
<Loc EndOffset="1477" SrcFileId="4" StartOffset="1372"/>
</LocList>
<RootTerm CovItemId="C8" CovItemPrefix="Brandon_Dominion.Play_Dominion.java" Intrnl_Id="182">
<OpTerm BooleanOpId="11" Intrnl_Id="183">
<BasicBoolTerm Intrnl_Id="184">
<LocList>
<Loc EndOffset="1393" SrcFileId="4" StartOffset="1376"/>
</LocList>
</BasicBoolTerm>
<BasicBoolTerm Intrnl_Id="185">
<LocList>
<Loc EndOffset="1432" SrcFileId="4" StartOffset="1397"/>
</LocList>
</BasicBoolTerm>
<LocList>
<Loc EndOffset="1396" SrcFileId="4" StartOffset="1394"/>
</LocList>
</OpTerm>
</RootTerm>
</CondStmnt>
</StmntSeq>
</HierarchyLvl>
<HierarchyLvl HierarchyLvlId="26" HierarchyLvlTypeId="13" Intrnl_Id="186" Name="Play_Game">
<Header>
<Loc EndOffset="1547" SrcFileId="4" StartOffset="1517"/>
</Header>
<LocList>
<Loc EndOffset="1902" SrcFileId="4" StartOffset="1517"/>
</LocList>
<StmntSeq Intrnl_Id="187">
<LocList>
<Loc EndOffset="1564" SrcFileId="4" StartOffset="1554"/>
<Loc EndOffset="1690" SrcFileId="4" StartOffset="1568"/>
<Loc EndOffset="1720" SrcFileId="4" StartOffset="1698"/>
<Loc EndOffset="1746" SrcFileId="4" StartOffset="1724"/>
<Loc EndOffset="1805" SrcFileId="4" StartOffset="1750"/>
<Loc EndOffset="1864" SrcFileId="4" StartOffset="1809"/>
<Loc EndOffset="1898" SrcFileId="4" StartOffset="1868"/>
</LocList>
<BasicStmnt CovItemId="S35" CovItemPrefix="Brandon_Dominion.Play_Dominion.java" Intrnl_Id="188">
<LocList>
<Loc EndOffset="1564" SrcFileId="4" StartOffset="1554"/>
</LocList>
</BasicStmnt>
<LoopStmnt CovItemId="S36" CovItemPrefix="Brandon_Dominion.Play_Dominion.java" Intrnl_Id="189" MltplExecId="L5-2" MltplExecPrefix="Brandon_Dominion.Play_Dominion.java" NvrExecId="L5-0" NvrExecPrefix="Brandon_Dominion.Play_Dominion.java" OnceExecutedId="L5-1" OnceExecutedPrefix="Brandon_Dominion.Play_Dominion.java" OptBodyExec="true">
<StmntSeq Intrnl_Id="190">
<LocList>
<Loc EndOffset="1638" SrcFileId="4" StartOffset="1605"/>
<Loc EndOffset="1657" SrcFileId="4" StartOffset="1643"/>
<Loc EndOffset="1676" SrcFileId="4" StartOffset="1662"/>
<Loc EndOffset="1685" SrcFileId="4" StartOffset="1681"/>
</LocList>
<BasicStmnt CovItemId="S37" CovItemPrefix="Brandon_Dominion.Play_Dominion.java" Intrnl_Id="191">
<LocList>
<Loc EndOffset="1638" SrcFileId="4" StartOffset="1605"/>
</LocList>
</BasicStmnt>
<BasicStmnt CovItemId="S38" CovItemPrefix="Brandon_Dominion.Play_Dominion.java" Intrnl_Id="192">
<LocList>
<Loc EndOffset="1657" SrcFileId="4" StartOffset="1643"/>
</LocList>
</BasicStmnt>
<BasicStmnt CovItemId="S39" CovItemPrefix="Brandon_Dominion.Play_Dominion.java" Intrnl_Id="193">
<LocList>
<Loc EndOffset="1676" SrcFileId="4" StartOffset="1662"/>
</LocList>
</BasicStmnt>
<BasicStmnt CovItemId="S40" CovItemPrefix="Brandon_Dominion.Play_Dominion.java" Intrnl_Id="194">
<LocList>
<Loc EndOffset="1685" SrcFileId="4" StartOffset="1681"/>
</LocList>
</BasicStmnt>
</StmntSeq>
<Keyword EndOffset="1573" SrcFileId="4" StartOffset="1568"/>
<LocList>
<Loc EndOffset="1690" SrcFileId="4" StartOffset="1568"/>
</LocList>
<RootTerm CovItemId="C9" CovItemPrefix="Brandon_Dominion.Play_Dominion.java" Intrnl_Id="195">
<BasicBoolTerm Intrnl_Id="196">
<LocList>
<Loc EndOffset="1598" SrcFileId="4" StartOffset="1575"/>
</LocList>
</BasicBoolTerm>
</RootTerm>
</LoopStmnt>
<BasicStmnt CovItemId="S41" CovItemPrefix="Brandon_Dominion.Play_Dominion.java" Intrnl_Id="197">
<LocList>
<Loc EndOffset="1720" SrcFileId="4" StartOffset="1698"/>
</LocList>
</BasicStmnt>
<BasicStmnt CovItemId="S42" CovItemPrefix="Brandon_Dominion.Play_Dominion.java" Intrnl_Id="198">
<LocList>
<Loc EndOffset="1746" SrcFileId="4" StartOffset="1724"/>
</LocList>
</BasicStmnt>
<BasicStmnt CovItemId="S43" CovItemPrefix="Brandon_Dominion.Play_Dominion.java" Intrnl_Id="199">
<LocList>
<Loc EndOffset="1805" SrcFileId="4" StartOffset="1750"/>
</LocList>
</BasicStmnt>
<BasicStmnt CovItemId="S44" CovItemPrefix="Brandon_Dominion.Play_Dominion.java" Intrnl_Id="200">
<LocList>
<Loc EndOffset="1864" SrcFileId="4" StartOffset="1809"/>
</LocList>
</BasicStmnt>
<BasicStmnt CovItemId="S45" CovItemPrefix="Brandon_Dominion.Play_Dominion.java" Intrnl_Id="201">
<LocList>
<Loc EndOffset="1898" SrcFileId="4" StartOffset="1868"/>
</LocList>
</BasicStmnt>
</StmntSeq>
</HierarchyLvl>
<HierarchyLvl HierarchyLvlId="27" HierarchyLvlTypeId="13" Intrnl_Id="202" Name="Player2Turn">
<Header>
<Loc EndOffset="2011" SrcFileId="4" StartOffset="1979"/>
</Header>
<LocList>
<Loc EndOffset="4694" SrcFileId="4" StartOffset="1979"/>
</LocList>
<StmntSeq Intrnl_Id="203">
<LocList>
<Loc EndOffset="2111" SrcFileId="4" StartOffset="2016"/>
<Loc EndOffset="2143" SrcFileId="4" StartOffset="2115"/>
<Loc EndOffset="2201" SrcFileId="4" StartOffset="2147"/>
<Loc EndOffset="2243" SrcFileId="4" StartOffset="2205"/>
<Loc EndOffset="2267" SrcFileId="4" StartOffset="2247"/>
<Loc EndOffset="2298" SrcFileId="4" StartOffset="2271"/>
<Loc EndOffset="2327" SrcFileId="4" StartOffset="2303"/>
<Loc EndOffset="2390" SrcFileId="4" StartOffset="2340"/>
<Loc EndOffset="2502" SrcFileId="4" StartOffset="2394"/>
<Loc EndOffset="2587" SrcFileId="4" StartOffset="2506"/>
<Loc EndOffset="3033" SrcFileId="4" StartOffset="2595"/>
<Loc EndOffset="3064" SrcFileId="4" StartOffset="3037"/>
<Loc EndOffset="3158" SrcFileId="4" StartOffset="3077"/>
<Loc EndOffset="3183" SrcFileId="4" StartOffset="3162"/>
<Loc EndOffset="3201" SrcFileId="4" StartOffset="3188"/>
<Loc EndOffset="4645" SrcFileId="4" StartOffset="3267"/>
<Loc EndOffset="4673" SrcFileId="4" StartOffset="4649"/>
<Loc EndOffset="4690" SrcFileId="4" StartOffset="4677"/>
</LocList>
<BasicStmnt CovItemId="S46" CovItemPrefix="Brandon_Dominion.Play_Dominion.java" Intrnl_Id="204">
<LocList>
<Loc EndOffset="2111" SrcFileId="4" StartOffset="2016"/>
</LocList>
</BasicStmnt>
<BasicStmnt CovItemId="S47" CovItemPrefix="Brandon_Dominion.Play_Dominion.java" Intrnl_Id="205">
<LocList>
<Loc EndOffset="2143" SrcFileId="4" StartOffset="2115"/>
</LocList>
</BasicStmnt>
<BasicStmnt CovItemId="S48" CovItemPrefix="Brandon_Dominion.Play_Dominion.java" Intrnl_Id="206">
<LocList>
<Loc EndOffset="2201" SrcFileId="4" StartOffset="2147"/>
</LocList>
</BasicStmnt>
<BasicStmnt CovItemId="S49" CovItemPrefix="Brandon_Dominion.Play_Dominion.java" Intrnl_Id="207">
<LocList>
<Loc EndOffset="2243" SrcFileId="4" StartOffset="2205"/>
</LocList>
</BasicStmnt>
<BasicStmnt CovItemId="S50" CovItemPrefix="Brandon_Dominion.Play_Dominion.java" Intrnl_Id="208">
<LocList>
<Loc EndOffset="2267" SrcFileId="4" StartOffset="2247"/>
</LocList>
</BasicStmnt>
<BasicStmnt CovItemId="S51" CovItemPrefix="Brandon_Dominion.Play_Dominion.java" Intrnl_Id="209">
<LocList>
<Loc EndOffset="2298" SrcFileId="4" StartOffset="2271"/>
</LocList>
</BasicStmnt>
<BasicStmnt CovItemId="S52" CovItemPrefix="Brandon_Dominion.Play_Dominion.java" Intrnl_Id="210">
<LocList>
<Loc EndOffset="2327" SrcFileId="4" StartOffset="2303"/>
</LocList>
</BasicStmnt>
<BasicStmnt CovItemId="S53" CovItemPrefix="Brandon_Dominion.Play_Dominion.java" Intrnl_Id="211">
<LocList>
<Loc EndOffset="2390" SrcFileId="4" StartOffset="2340"/>
</LocList>
</BasicStmnt>
<BasicStmnt CovItemId="S54" CovItemPrefix="Brandon_Dominion.Play_Dominion.java" Intrnl_Id="212">
<LocList>
<Loc EndOffset="2502" SrcFileId="4" StartOffset="2394"/>
</LocList>
</BasicStmnt>
<BasicStmnt CovItemId="S55" CovItemPrefix="Brandon_Dominion.Play_Dominion.java" Intrnl_Id="213">
<LocList>
<Loc EndOffset="2587" SrcFileId="4" StartOffset="2506"/>
</LocList>
</BasicStmnt>
<LoopStmnt CovItemId="S56" CovItemPrefix="Brandon_Dominion.Play_Dominion.java" Intrnl_Id="214" MltplExecId="L6-2" MltplExecPrefix="Brandon_Dominion.Play_Dominion.java" NvrExecId="L6-0" NvrExecPrefix="Brandon_Dominion.Play_Dominion.java" OnceExecutedId="L6-1" OnceExecutedPrefix="Brandon_Dominion.Play_Dominion.java" OptBodyExec="true">
<StmntSeq Intrnl_Id="215">
<LocList>
<Loc EndOffset="2698" SrcFileId="4" StartOffset="2648"/>
<Loc EndOffset="3027" SrcFileId="4" StartOffset="2702"/>
</LocList>
<BasicStmnt CovItemId="S57" CovItemPrefix="Brandon_Dominion.Play_Dominion.java" Intrnl_Id="216">
<LocList>
<Loc EndOffset="2698" SrcFileId="4" StartOffset="2648"/>
</LocList>
</BasicStmnt>
<CondStmnt CovItemId="S58" CovItemPrefix="Brandon_Dominion.Play_Dominion.java" Intrnl_Id="217">
<Branch CovItemId="B9" CovItemPrefix="Brandon_Dominion.Play_Dominion.java" Implct="false" Intrnl_Id="218">
<Cond/>
<LocList>
<Loc EndOffset="2808" SrcFileId="4" StartOffset="2737"/>
</LocList>
<StmntSeq Intrnl_Id="219">
<LocList>
<Loc EndOffset="2808" SrcFileId="4" StartOffset="2737"/>
</LocList>
<BasicStmnt CovItemId="S59" CovItemPrefix="Brandon_Dominion.Play_Dominion.java" Intrnl_Id="220">
<LocList>
<Loc EndOffset="2808" SrcFileId="4" StartOffset="2737"/>
</LocList>
</BasicStmnt>
</StmntSeq>
</Branch>
<Branch CovItemId="B10" CovItemPrefix="Brandon_Dominion.Play_Dominion.java" Implct="false" Intrnl_Id="221">
<Cond>
<Loc EndOffset="2816" SrcFileId="4" StartOffset="2812"/>
</Cond>
<LocList>
<Loc EndOffset="3027" SrcFileId="4" StartOffset="2817"/>
</LocList>
<StmntSeq Intrnl_Id="222">
<LocList>
<Loc EndOffset="2921" SrcFileId="4" StartOffset="2824"/>
<Loc EndOffset="2988" SrcFileId="4" StartOffset="2927"/>
<Loc EndOffset="3021" SrcFileId="4" StartOffset="2994"/>
</LocList>
<BasicStmnt CovItemId="S60" CovItemPrefix="Brandon_Dominion.Play_Dominion.java" Intrnl_Id="223">
<LocList>
<Loc EndOffset="2921" SrcFileId="4" StartOffset="2824"/>
</LocList>
</BasicStmnt>
<BasicStmnt CovItemId="S61" CovItemPrefix="Brandon_Dominion.Play_Dominion.java" Intrnl_Id="224">
<LocList>
<Loc EndOffset="2988" SrcFileId="4" StartOffset="2927"/>
</LocList>
</BasicStmnt>
<BasicStmnt CovItemId="S62" CovItemPrefix="Brandon_Dominion.Play_Dominion.java" Intrnl_Id="225">
<LocList>
<Loc EndOffset="3021" SrcFileId="4" StartOffset="2994"/>
</LocList>
</BasicStmnt>
</StmntSeq>
</Branch>
<Keyword EndOffset="2704" SrcFileId="4" StartOffset="2702"/>
<LocList>
<Loc EndOffset="3027" SrcFileId="4" StartOffset="2702"/>
</LocList>
<RootTerm CovItemId="C11" CovItemPrefix="Brandon_Dominion.Play_Dominion.java" Intrnl_Id="226">
<BasicBoolTerm Intrnl_Id="227">
<LocList>
<Loc EndOffset="2731" SrcFileId="4" StartOffset="2706"/>
</LocList>
</BasicBoolTerm>
</RootTerm>
</CondStmnt>
</StmntSeq>
<Keyword EndOffset="2598" SrcFileId="4" StartOffset="2595"/>
<LocList>
<Loc EndOffset="3033" SrcFileId="4" StartOffset="2595"/>
</LocList>
<RootTerm CovItemId="C10" CovItemPrefix="Brandon_Dominion.Play_Dominion.java" Intrnl_Id="228">
<BasicBoolTerm Intrnl_Id="229">
<LocList>
<Loc EndOffset="2636" SrcFileId="4" StartOffset="2610"/>
</LocList>
</BasicBoolTerm>
</RootTerm>
</LoopStmnt>
<BasicStmnt CovItemId="S63" CovItemPrefix="Brandon_Dominion.Play_Dominion.java" Intrnl_Id="230">
<LocList>
<Loc EndOffset="3064" SrcFileId="4" StartOffset="3037"/>
</LocList>
</BasicStmnt>
<BasicStmnt CovItemId="S64" CovItemPrefix="Brandon_Dominion.Play_Dominion.java" Intrnl_Id="231">
<LocList>
<Loc EndOffset="3158" SrcFileId="4" StartOffset="3077"/>
</LocList>
</BasicStmnt>
<BasicStmnt CovItemId="S65" CovItemPrefix="Brandon_Dominion.Play_Dominion.java" Intrnl_Id="232">
<LocList>
<Loc EndOffset="3183" SrcFileId="4" StartOffset="3162"/>
</LocList>
</BasicStmnt>
<BasicStmnt CovItemId="S66" CovItemPrefix="Brandon_Dominion.Play_Dominion.java" Intrnl_Id="233">
<LocList>
<Loc EndOffset="3201" SrcFileId="4" StartOffset="3188"/>
</LocList>
</BasicStmnt>
<LoopStmnt CovItemId="S67" CovItemPrefix="Brandon_Dominion.Play_Dominion.java" Intrnl_Id="234" MltplExecId="L7-2" MltplExecPrefix="Brandon_Dominion.Play_Dominion.java" NvrExecId="L7-0" NvrExecPrefix="Brandon_Dominion.Play_Dominion.java" OnceExecutedId="L7-1" OnceExecutedPrefix="Brandon_Dominion.Play_Dominion.java" OptBodyExec="true">
<StmntSeq Intrnl_Id="235">
<LocList>
<Loc EndOffset="4597" SrcFileId="4" StartOffset="3316"/>
<Loc EndOffset="4622" SrcFileId="4" StartOffset="4602"/>
<Loc EndOffset="4640" SrcFileId="4" StartOffset="4627"/>
</LocList>
<LoopStmnt CovItemId="S68" CovItemPrefix="Brandon_Dominion.Play_Dominion.java" Intrnl_Id="236" MltplExecId="L8-2" MltplExecPrefix="Brandon_Dominion.Play_Dominion.java" NvrExecId="L8-0" NvrExecPrefix="Brandon_Dominion.Play_Dominion.java" OnceExecutedId="L8-1" OnceExecutedPrefix="Brandon_Dominion.Play_Dominion.java" OptBodyExec="false">
<StmntSeq Intrnl_Id="237">
<LocList>
<Loc EndOffset="3685" SrcFileId="4" StartOffset="3326"/>
<Loc EndOffset="3927" SrcFileId="4" StartOffset="3691"/>
<Loc EndOffset="3958" SrcFileId="4" StartOffset="3933"/>
<Loc EndOffset="4013" SrcFileId="4" StartOffset="3964"/>
<Loc EndOffset="4558" SrcFileId="4" StartOffset="4019"/>
</LocList>
<CondStmnt CovItemId="S69" CovItemPrefix="Brandon_Dominion.Play_Dominion.java" Intrnl_Id="238">
<Branch CovItemId="B11" CovItemPrefix="Brandon_Dominion.Play_Dominion.java" Implct="false" Intrnl_Id="239">
<Cond/>
<LocList>
<Loc EndOffset="3500" SrcFileId="4" StartOffset="3402"/>
</LocList>
<StmntSeq Intrnl_Id="240">
<LocList>
<Loc EndOffset="3467" SrcFileId="4" StartOffset="3410"/>
<Loc EndOffset="3493" SrcFileId="4" StartOffset="3474"/>
</LocList>
<BasicStmnt CovItemId="S70" CovItemPrefix="Brandon_Dominion.Play_Dominion.java" Intrnl_Id="241">
<LocList>
<Loc EndOffset="3467" SrcFileId="4" StartOffset="3410"/>
</LocList>
</BasicStmnt>
<BasicStmnt CovItemId="S71" CovItemPrefix="Brandon_Dominion.Play_Dominion.java" Intrnl_Id="242">
<LocList>
<Loc EndOffset="3493" SrcFileId="4" StartOffset="3474"/>
</LocList>
</BasicStmnt>
</StmntSeq>
</Branch>
<Branch CovItemId="B12" CovItemPrefix="Brandon_Dominion.Play_Dominion.java" Implct="false" Intrnl_Id="243">
<Cond>
<Loc EndOffset="3510" SrcFileId="4" StartOffset="3506"/>
</Cond>
<LocList>
<Loc EndOffset="3685" SrcFileId="4" StartOffset="3511"/>
</LocList>
<StmntSeq Intrnl_Id="244">
<LocList>
<Loc EndOffset="3685" SrcFileId="4" StartOffset="3511"/>
</LocList>
<CondStmnt CovItemId="S72" CovItemPrefix="Brandon_Dominion.Play_Dominion.java" Intrnl_Id="245">
<Branch CovItemId="B13" CovItemPrefix="Brandon_Dominion.Play_Dominion.java" Implct="false" Intrnl_Id="246">
<Cond/>
<LocList>
<Loc EndOffset="3685" SrcFileId="4" StartOffset="3587"/>
</LocList>
<StmntSeq Intrnl_Id="247">
<LocList>
<Loc EndOffset="3652" SrcFileId="4" StartOffset="3595"/>
<Loc EndOffset="3678" SrcFileId="4" StartOffset="3659"/>
</LocList>
<BasicStmnt CovItemId="S73" CovItemPrefix="Brandon_Dominion.Play_Dominion.java" Intrnl_Id="248">
<LocList>
<Loc EndOffset="3652" SrcFileId="4" StartOffset="3595"/>
</LocList>
</BasicStmnt>
<BasicStmnt CovItemId="S74" CovItemPrefix="Brandon_Dominion.Play_Dominion.java" Intrnl_Id="249">
<LocList>
<Loc EndOffset="3678" SrcFileId="4" StartOffset="3659"/>
</LocList>
</BasicStmnt>
</StmntSeq>
</Branch>
<Branch CovItemId="B14" CovItemPrefix="Brandon_Dominion.Play_Dominion.java" Implct="true" Intrnl_Id="250">
<Cond/>
<LocList/>
<StmntSeq Intrnl_Id="251">
<LocList/>
</StmntSeq>
</Branch>
<Keyword EndOffset="3513" SrcFileId="4" StartOffset="3511"/>
<LocList>
<Loc EndOffset="3685" SrcFileId="4" StartOffset="3511"/>
</LocList>
<RootTerm CovItemId="C15" CovItemPrefix="Brandon_Dominion.Play_Dominion.java" Intrnl_Id="252">
<OpTerm BooleanOpId="10" Intrnl_Id="253">
<BasicBoolTerm Intrnl_Id="254">
<LocList>
<Loc EndOffset="3550" SrcFileId="4" StartOffset="3515"/>
</LocList>
</BasicBoolTerm>
<BasicBoolTerm Intrnl_Id="255">
<LocList>
<Loc EndOffset="3586" SrcFileId="4" StartOffset="3554"/>
</LocList>
</BasicBoolTerm>
<LocList>
<Loc EndOffset="3553" SrcFileId="4" StartOffset="3551"/>
</LocList>
</OpTerm>
</RootTerm>
</CondStmnt>
</StmntSeq>
</Branch>
<Keyword EndOffset="3328" SrcFileId="4" StartOffset="3326"/>
<LocList>
<Loc EndOffset="3685" SrcFileId="4" StartOffset="3326"/>
</LocList>
<RootTerm CovItemId="C14" CovItemPrefix="Brandon_Dominion.Play_Dominion.java" Intrnl_Id="256">
<OpTerm BooleanOpId="10" Intrnl_Id="257">
<BasicBoolTerm Intrnl_Id="258">
<LocList>
<Loc EndOffset="3365" SrcFileId="4" StartOffset="3330"/>
</LocList>
</BasicBoolTerm>
<BasicBoolTerm Intrnl_Id="259">
<LocList>
<Loc EndOffset="3401" SrcFileId="4" StartOffset="3369"/>
</LocList>
</BasicBoolTerm>
<LocList>
<Loc EndOffset="3368" SrcFileId="4" StartOffset="3366"/>
</LocList>
</OpTerm>
</RootTerm>
</CondStmnt>
<LoopStmnt CovItemId="S75" CovItemPrefix="Brandon_Dominion.Play_Dominion.java" Intrnl_Id="260" MltplExecId="L9-2" MltplExecPrefix="Brandon_Dominion.Play_Dominion.java" NvrExecId="L9-0" NvrExecPrefix="Brandon_Dominion.Play_Dominion.java" OnceExecutedId="L9-1" OnceExecutedPrefix="Brandon_Dominion.Play_Dominion.java" OptBodyExec="true">
<StmntSeq Intrnl_Id="261">
<LocList>
<Loc EndOffset="3784" SrcFileId="4" StartOffset="3719"/>
<Loc EndOffset="3920" SrcFileId="4" StartOffset="3791"/>
</LocList>
<BasicStmnt CovItemId="S76" CovItemPrefix="Brandon_Dominion.Play_Dominion.java" Intrnl_Id="262">
<LocList>
<Loc EndOffset="3784" SrcFileId="4" StartOffset="3719"/>
</LocList>
</BasicStmnt>
<CondStmnt CovItemId="S77" CovItemPrefix="Brandon_Dominion.Play_Dominion.java" Intrnl_Id="263">
<Branch CovItemId="B15" CovItemPrefix="Brandon_Dominion.Play_Dominion.java" Implct="false" Intrnl_Id="264">
<Cond/>
<LocList>
<Loc EndOffset="3854" SrcFileId="4" StartOffset="3841"/>
</LocList>
<StmntSeq Intrnl_Id="265">
<LocList>
<Loc EndOffset="3854" SrcFileId="4" StartOffset="3841"/>
</LocList>
<BasicStmnt CovItemId="S78" CovItemPrefix="Brandon_Dominion.Play_Dominion.java" Intrnl_Id="266">
<LocList>
<Loc EndOffset="3854" SrcFileId="4" StartOffset="3841"/>
</LocList>
</BasicStmnt>
</StmntSeq>
</Branch>
<Branch CovItemId="B16" CovItemPrefix="Brandon_Dominion.Play_Dominion.java" Implct="false" Intrnl_Id="267">
<Cond>
<Loc EndOffset="3865" SrcFileId="4" StartOffset="3861"/>
</Cond>
<LocList>
<Loc EndOffset="3920" SrcFileId="4" StartOffset="3865"/>
</LocList>
<StmntSeq Intrnl_Id="268">
<LocList>
<Loc EndOffset="3887" SrcFileId="4" StartOffset="3875"/>
<Loc EndOffset="3912" SrcFileId="4" StartOffset="3895"/>
</LocList>
<BasicStmnt CovItemId="S79" CovItemPrefix="Brandon_Dominion.Play_Dominion.java" Intrnl_Id="269">
<LocList>
<Loc EndOffset="3887" SrcFileId="4" StartOffset="3875"/>
</LocList>
</BasicStmnt>
<BasicStmnt CovItemId="S80" CovItemPrefix="Brandon_Dominion.Play_Dominion.java" Intrnl_Id="270">
<LocList>
<Loc EndOffset="3912" SrcFileId="4" StartOffset="3895"/>
</LocList>
</BasicStmnt>
</StmntSeq>
</Branch>
<Keyword EndOffset="3793" SrcFileId="4" StartOffset="3791"/>
<LocList>
<Loc EndOffset="3920" SrcFileId="4" StartOffset="3791"/>
</LocList>
<RootTerm CovItemId="C17" CovItemPrefix="Brandon_Dominion.Play_Dominion.java" Intrnl_Id="271">
<BasicBoolTerm Intrnl_Id="272">
<LocList>
<Loc EndOffset="3832" SrcFileId="4" StartOffset="3795"/>
</LocList>
</BasicBoolTerm>
</RootTerm>
</CondStmnt>
</StmntSeq>
<Keyword EndOffset="3696" SrcFileId="4" StartOffset="3691"/>
<LocList>
<Loc EndOffset="3927" SrcFileId="4" StartOffset="3691"/>
</LocList>
<RootTerm CovItemId="C16" CovItemPrefix="Brandon_Dominion.Play_Dominion.java" Intrnl_Id="273">
<BasicBoolTerm Intrnl_Id="274">
<LocList>
<Loc EndOffset="3710" SrcFileId="4" StartOffset="3697"/>
</LocList>
</BasicBoolTerm>
</RootTerm>
</LoopStmnt>
<BasicStmnt CovItemId="S81" CovItemPrefix="Brandon_Dominion.Play_Dominion.java" Intrnl_Id="275">
<LocList>
<Loc EndOffset="3958" SrcFileId="4" StartOffset="3933"/>
</LocList>
</BasicStmnt>
<BasicStmnt CovItemId="S82" CovItemPrefix="Brandon_Dominion.Play_Dominion.java" Intrnl_Id="276">
<LocList>
<Loc EndOffset="4013" SrcFileId="4" StartOffset="3964"/>
</LocList>
</BasicStmnt>
<CondStmnt CovItemId="S83" CovItemPrefix="Brandon_Dominion.Play_Dominion.java" Intrnl_Id="277">
<Branch CovItemId="B17" CovItemPrefix="Brandon_Dominion.Play_Dominion.java" Implct="false" Intrnl_Id="278">
<Cond/>
<LocList>
<Loc EndOffset="4340" SrcFileId="4" StartOffset="4087"/>
</LocList>
<StmntSeq Intrnl_Id="279">
<LocList>
<Loc EndOffset="4155" SrcFileId="4" StartOffset="4141"/>
<Loc EndOffset="4333" SrcFileId="4" StartOffset="4162"/>
</LocList>
<BasicStmnt CovItemId="S84" CovItemPrefix="Brandon_Dominion.Play_Dominion.java" Intrnl_Id="280">
<LocList>
<Loc EndOffset="4155" SrcFileId="4" StartOffset="4141"/>
</LocList>
</BasicStmnt>
<CondStmnt CovItemId="S85" CovItemPrefix="Brandon_Dominion.Play_Dominion.java" Intrnl_Id="281">
<Branch CovItemId="B19" CovItemPrefix="Brandon_Dominion.Play_Dominion.java" Implct="false" Intrnl_Id="282">
<Cond/>
<LocList>
<Loc EndOffset="4333" SrcFileId="4" StartOffset="4183"/>
</LocList>
<StmntSeq Intrnl_Id="283">
<LocList>
<Loc EndOffset="4292" SrcFileId="4" StartOffset="4192"/>
<Loc EndOffset="4325" SrcFileId="4" StartOffset="4318"/>
</LocList>
<CondStmnt CovItemId="S86" CovItemPrefix="Brandon_Dominion.Play_Dominion.java" Intrnl_Id="284">
<Branch CovItemId="B21" CovItemPrefix="Brandon_Dominion.Play_Dominion.java" Implct="false" Intrnl_Id="285">
<Cond/>
<LocList>
<Loc EndOffset="4292" SrcFileId="4" StartOffset="4232"/>
</LocList>
<StmntSeq Intrnl_Id="286">
<LocList>
<Loc EndOffset="4292" SrcFileId="4" StartOffset="4232"/>
</LocList>
<BasicStmnt CovItemId="S87" CovItemPrefix="Brandon_Dominion.Play_Dominion.java" Intrnl_Id="287">
<LocList>
<Loc EndOffset="4292" SrcFileId="4" StartOffset="4232"/>
</LocList>
</BasicStmnt>
</StmntSeq>
</Branch>
<Branch CovItemId="B22" CovItemPrefix="Brandon_Dominion.Play_Dominion.java" Implct="true" Intrnl_Id="288">
<Cond/>
<LocList/>
<StmntSeq Intrnl_Id="289">
<LocList/>
</StmntSeq>
</Branch>
<Keyword EndOffset="4194" SrcFileId="4" StartOffset="4192"/>
<LocList>
<Loc EndOffset="4292" SrcFileId="4" StartOffset="4192"/>
</LocList>
<RootTerm CovItemId="C20" CovItemPrefix="Brandon_Dominion.Play_Dominion.java" Intrnl_Id="290">
<BasicBoolTerm Intrnl_Id="291">
<LocList>
<Loc EndOffset="4222" SrcFileId="4" StartOffset="4196"/>
</LocList>
</BasicBoolTerm>
</RootTerm>
</CondStmnt>
<BasicStmnt CovItemId="S88" CovItemPrefix="Brandon_Dominion.Play_Dominion.java" Intrnl_Id="292">
<LocList>
<Loc EndOffset="4325" SrcFileId="4" StartOffset="4318"/>
</LocList>
</BasicStmnt>
</StmntSeq>
</Branch>
<Branch CovItemId="B20" CovItemPrefix="Brandon_Dominion.Play_Dominion.java" Implct="true" Intrnl_Id="293">
<Cond/>
<LocList/>
<StmntSeq Intrnl_Id="294">
<LocList/>
</StmntSeq>
</Branch>
<Keyword EndOffset="4164" SrcFileId="4" StartOffset="4162"/>
<LocList>
<Loc EndOffset="4333" SrcFileId="4" StartOffset="4162"/>
</LocList>
<RootTerm CovItemId="C19" CovItemPrefix="Brandon_Dominion.Play_Dominion.java" Intrnl_Id="295">
<BasicBoolTerm Intrnl_Id="296">
<LocList>
<Loc EndOffset="4182" SrcFileId="4" StartOffset="4166"/>
</LocList>
</BasicBoolTerm>
</RootTerm>
</CondStmnt>
</StmntSeq>
</Branch>
<Branch CovItemId="B18" CovItemPrefix="Brandon_Dominion.Play_Dominion.java" Implct="false" Intrnl_Id="297">
<Cond>
<Loc EndOffset="4352" SrcFileId="4" StartOffset="4348"/>
</Cond>
<LocList>
<Loc EndOffset="4558" SrcFileId="4" StartOffset="4353"/>
</LocList>
<StmntSeq Intrnl_Id="298">
<LocList>
<Loc EndOffset="4417" SrcFileId="4" StartOffset="4361"/>
<Loc EndOffset="4488" SrcFileId="4" StartOffset="4424"/>
<Loc EndOffset="4525" SrcFileId="4" StartOffset="4495"/>
<Loc EndOffset="4551" SrcFileId="4" StartOffset="4532"/>
</LocList>
<BasicStmnt CovItemId="S89" CovItemPrefix="Brandon_Dominion.Play_Dominion.java" Intrnl_Id="299">
<LocList>
<Loc EndOffset="4417" SrcFileId="4" StartOffset="4361"/>
</LocList>
</BasicStmnt>
<CondStmnt CovItemId="S90" CovItemPrefix="Brandon_Dominion.Play_Dominion.java" Intrnl_Id="300">
<Branch CovItemId="B23" CovItemPrefix="Brandon_Dominion.Play_Dominion.java" Implct="false" Intrnl_Id="301">
<Cond/>
<LocList>
<Loc EndOffset="4488" SrcFileId="4" StartOffset="4458"/>
</LocList>
<StmntSeq Intrnl_Id="302">
<LocList>
<Loc EndOffset="4488" SrcFileId="4" StartOffset="4458"/>
</LocList>
<BasicStmnt CovItemId="S91" CovItemPrefix="Brandon_Dominion.Play_Dominion.java" Intrnl_Id="303">
<LocList>
<Loc EndOffset="4488" SrcFileId="4" StartOffset="4458"/>
</LocList>
</BasicStmnt>
</StmntSeq>
</Branch>
<Branch CovItemId="B24" CovItemPrefix="Brandon_Dominion.Play_Dominion.java" Implct="true" Intrnl_Id="304">
<Cond/>
<LocList/>
<StmntSeq Intrnl_Id="305">
<LocList/>
</StmntSeq>
</Branch>
<Keyword EndOffset="4426" SrcFileId="4" StartOffset="4424"/>
<LocList>
<Loc EndOffset="4488" SrcFileId="4" StartOffset="4424"/>
</LocList>
<RootTerm CovItemId="C21" CovItemPrefix="Brandon_Dominion.Play_Dominion.java" Intrnl_Id="306">
<BasicBoolTerm Intrnl_Id="307">
<LocList>
<Loc EndOffset="4449" SrcFileId="4" StartOffset="4428"/>
</LocList>
</BasicBoolTerm>
</RootTerm>
</CondStmnt>
<BasicStmnt CovItemId="S92" CovItemPrefix="Brandon_Dominion.Play_Dominion.java" Intrnl_Id="308">
<LocList>
<Loc EndOffset="4525" SrcFileId="4" StartOffset="4495"/>
</LocList>
</BasicStmnt>
<BasicStmnt CovItemId="S93" CovItemPrefix="Brandon_Dominion.Play_Dominion.java" Intrnl_Id="309">
<LocList>
<Loc EndOffset="4551" SrcFileId="4" StartOffset="4532"/>
</LocList>
</BasicStmnt>
</StmntSeq>
</Branch>
<Keyword EndOffset="4021" SrcFileId="4" StartOffset="4019"/>
<LocList>
<Loc EndOffset="4558" SrcFileId="4" StartOffset="4019"/>
</LocList>
<RootTerm CovItemId="C18" CovItemPrefix="Brandon_Dominion.Play_Dominion.java" Intrnl_Id="310">
<BasicBoolTerm Intrnl_Id="311">
<LocList>
<Loc EndOffset="4086" SrcFileId="4" StartOffset="4023"/>
</LocList>
</BasicBoolTerm>
</RootTerm>
</CondStmnt>
</StmntSeq>
<Keyword EndOffset="3318" SrcFileId="4" StartOffset="3316"/>
<LocList>
<Loc EndOffset="4597" SrcFileId="4" StartOffset="3316"/>
</LocList>
<RootTerm CovItemId="C13" CovItemPrefix="Brandon_Dominion.Play_Dominion.java" Intrnl_Id="312">
<BasicBoolTerm Intrnl_Id="313">
<LocList>
<Loc EndOffset="4595" SrcFileId="4" StartOffset="4575"/>
</LocList>
</BasicBoolTerm>
</RootTerm>
</LoopStmnt>
<BasicStmnt CovItemId="S94" CovItemPrefix="Brandon_Dominion.Play_Dominion.java" Intrnl_Id="314">
<LocList>
<Loc EndOffset="4622" SrcFileId="4" StartOffset="4602"/>
</LocList>
</BasicStmnt>
<BasicStmnt CovItemId="S95" CovItemPrefix="Brandon_Dominion.Play_Dominion.java" Intrnl_Id="315">
<LocList>
<Loc EndOffset="4640" SrcFileId="4" StartOffset="4627"/>
</LocList>
</BasicStmnt>
</StmntSeq>
<Keyword EndOffset="3270" SrcFileId="4" StartOffset="3267"/>
<LocList>
<Loc EndOffset="4645" SrcFileId="4" StartOffset="3267"/>
</LocList>
<RootTerm CovItemId="C12" CovItemPrefix="Brandon_Dominion.Play_Dominion.java" Intrnl_Id="316">
<BasicBoolTerm Intrnl_Id="317">
<LocList>
<Loc EndOffset="3305" SrcFileId="4" StartOffset="3282"/>
</LocList>
</BasicBoolTerm>
</RootTerm>
</LoopStmnt>
<BasicStmnt CovItemId="S96" CovItemPrefix="Brandon_Dominion.Play_Dominion.java" Intrnl_Id="318">
<LocList>
<Loc EndOffset="4673" SrcFileId="4" StartOffset="4649"/>
</LocList>
</BasicStmnt>
<BasicStmnt CovItemId="S97" CovItemPrefix="Brandon_Dominion.Play_Dominion.java" Intrnl_Id="319">
<LocList>
<Loc EndOffset="4690" SrcFileId="4" StartOffset="4677"/>
</LocList>
</BasicStmnt>
</StmntSeq>
</HierarchyLvl>
<HierarchyLvl HierarchyLvlId="28" HierarchyLvlTypeId="13" Intrnl_Id="320" Name="Player1Turn">
<Header>
<Loc EndOffset="4738" SrcFileId="4" StartOffset="4706"/>
</Header>
<LocList>
<Loc EndOffset="7165" SrcFileId="4" StartOffset="4706"/>
</LocList>
<StmntSeq Intrnl_Id="321">
<LocList>
<Loc EndOffset="4839" SrcFileId="4" StartOffset="4743"/>
<Loc EndOffset="4891" SrcFileId="4" StartOffset="4871"/>
<Loc EndOffset="4908" SrcFileId="4" StartOffset="4895"/>
<Loc EndOffset="4939" SrcFileId="4" StartOffset="4912"/>
<Loc EndOffset="4968" SrcFileId="4" StartOffset="4944"/>
<Loc EndOffset="5059" SrcFileId="4" StartOffset="4978"/>
<Loc EndOffset="5501" SrcFileId="4" StartOffset="5063"/>
<Loc EndOffset="5532" SrcFileId="4" StartOffset="5505"/>
<Loc EndOffset="5620" SrcFileId="4" StartOffset="5539"/>
<Loc EndOffset="5670" SrcFileId="4" StartOffset="5628"/>
<Loc EndOffset="7114" SrcFileId="4" StartOffset="5736"/>
<Loc EndOffset="7142" SrcFileId="4" StartOffset="7118"/>
<Loc EndOffset="7159" SrcFileId="4" StartOffset="7146"/>
</LocList>
<BasicStmnt CovItemId="S98" CovItemPrefix="Brandon_Dominion.Play_Dominion.java" Intrnl_Id="322">
<LocList>
<Loc EndOffset="4839" SrcFileId="4" StartOffset="4743"/>
</LocList>
</BasicStmnt>
<BasicStmnt CovItemId="S99" CovItemPrefix="Brandon_Dominion.Play_Dominion.java" Intrnl_Id="323">
<LocList>
<Loc EndOffset="4891" SrcFileId="4" StartOffset="4871"/>
</LocList>
</BasicStmnt>
<BasicStmnt CovItemId="S100" CovItemPrefix="Brandon_Dominion.Play_Dominion.java" Intrnl_Id="324">
<LocList>
<Loc EndOffset="4908" SrcFileId="4" StartOffset="4895"/>
</LocList>
</BasicStmnt>
<BasicStmnt CovItemId="S101" CovItemPrefix="Brandon_Dominion.Play_Dominion.java" Intrnl_Id="325">
<LocList>
<Loc EndOffset="4939" SrcFileId="4" StartOffset="4912"/>
</LocList>
</BasicStmnt>
<BasicStmnt CovItemId="S102" CovItemPrefix="Brandon_Dominion.Play_Dominion.java" Intrnl_Id="326">
<LocList>
<Loc EndOffset="4968" SrcFileId="4" StartOffset="4944"/>
</LocList>
</BasicStmnt>
<BasicStmnt CovItemId="S103" CovItemPrefix="Brandon_Dominion.Play_Dominion.java" Intrnl_Id="327">
<LocList>
<Loc EndOffset="5059" SrcFileId="4" StartOffset="4978"/>
</LocList>
</BasicStmnt>
<LoopStmnt CovItemId="S104" CovItemPrefix="Brandon_Dominion.Play_Dominion.java" Intrnl_Id="328" MltplExecId="L10-2" MltplExecPrefix="Brandon_Dominion.Play_Dominion.java" NvrExecId="L10-0" NvrExecPrefix="Brandon_Dominion.Play_Dominion.java" OnceExecutedId="L10-1" OnceExecutedPrefix="Brandon_Dominion.Play_Dominion.java" OptBodyExec="true">
<StmntSeq Intrnl_Id="329">
<LocList>
<Loc EndOffset="5166" SrcFileId="4" StartOffset="5116"/>
<Loc EndOffset="5495" SrcFileId="4" StartOffset="5170"/>
</LocList>
<BasicStmnt CovItemId="S105" CovItemPrefix="Brandon_Dominion.Play_Dominion.java" Intrnl_Id="330">
<LocList>
<Loc EndOffset="5166" SrcFileId="4" StartOffset="5116"/>
</LocList>
</BasicStmnt>
<CondStmnt CovItemId="S106" CovItemPrefix="Brandon_Dominion.Play_Dominion.java" Intrnl_Id="331">
<Branch CovItemId="B25" CovItemPrefix="Brandon_Dominion.Play_Dominion.java" Implct="false" Intrnl_Id="332">
<Cond/>
<LocList>
<Loc EndOffset="5276" SrcFileId="4" StartOffset="5205"/>
</LocList>
<StmntSeq Intrnl_Id="333">
<LocList>
<Loc EndOffset="5276" SrcFileId="4" StartOffset="5205"/>
</LocList>
<BasicStmnt CovItemId="S107" CovItemPrefix="Brandon_Dominion.Play_Dominion.java" Intrnl_Id="334">
<LocList>
<Loc EndOffset="5276" SrcFileId="4" StartOffset="5205"/>
</LocList>
</BasicStmnt>
</StmntSeq>
</Branch>
<Branch CovItemId="B26" CovItemPrefix="Brandon_Dominion.Play_Dominion.java" Implct="false" Intrnl_Id="335">
<Cond>
<Loc EndOffset="5284" SrcFileId="4" StartOffset="5280"/>
</Cond>
<LocList>
<Loc EndOffset="5495" SrcFileId="4" StartOffset="5285"/>
</LocList>
<StmntSeq Intrnl_Id="336">
<LocList>
<Loc EndOffset="5389" SrcFileId="4" StartOffset="5292"/>
<Loc EndOffset="5456" SrcFileId="4" StartOffset="5395"/>
<Loc EndOffset="5489" SrcFileId="4" StartOffset="5462"/>
</LocList>
<BasicStmnt CovItemId="S108" CovItemPrefix="Brandon_Dominion.Play_Dominion.java" Intrnl_Id="337">
<LocList>
<Loc EndOffset="5389" SrcFileId="4" StartOffset="5292"/>
</LocList>
</BasicStmnt>
<BasicStmnt CovItemId="S109" CovItemPrefix="Brandon_Dominion.Play_Dominion.java" Intrnl_Id="338">
<LocList>
<Loc EndOffset="5456" SrcFileId="4" StartOffset="5395"/>
</LocList>
</BasicStmnt>
<BasicStmnt CovItemId="S110" CovItemPrefix="Brandon_Dominion.Play_Dominion.java" Intrnl_Id="339">
<LocList>
<Loc EndOffset="5489" SrcFileId="4" StartOffset="5462"/>
</LocList>
</BasicStmnt>
</StmntSeq>
</Branch>
<Keyword EndOffset="5172" SrcFileId="4" StartOffset="5170"/>
<LocList>
<Loc EndOffset="5495" SrcFileId="4" StartOffset="5170"/>
</LocList>
<RootTerm CovItemId="C23" CovItemPrefix="Brandon_Dominion.Play_Dominion.java" Intrnl_Id="340">
<BasicBoolTerm Intrnl_Id="341">
<LocList>
<Loc EndOffset="5199" SrcFileId="4" StartOffset="5174"/>
</LocList>
</BasicBoolTerm>
</RootTerm>
</CondStmnt>
</StmntSeq>
<Keyword EndOffset="5066" SrcFileId="4" StartOffset="5063"/>
<LocList>
<Loc EndOffset="5501" SrcFileId="4" StartOffset="5063"/>
</LocList>
<RootTerm CovItemId="C22" CovItemPrefix="Brandon_Dominion.Play_Dominion.java" Intrnl_Id="342">
<BasicBoolTerm Intrnl_Id="343">
<LocList>
<Loc EndOffset="5104" SrcFileId="4" StartOffset="5078"/>
</LocList>
</BasicBoolTerm>
</RootTerm>
</LoopStmnt>
<BasicStmnt CovItemId="S111" CovItemPrefix="Brandon_Dominion.Play_Dominion.java" Intrnl_Id="344">
<LocList>
<Loc EndOffset="5532" SrcFileId="4" StartOffset="5505"/>
</LocList>
</BasicStmnt>
<BasicStmnt CovItemId="S112" CovItemPrefix="Brandon_Dominion.Play_Dominion.java" Intrnl_Id="345">
<LocList>
<Loc EndOffset="5620" SrcFileId="4" StartOffset="5539"/>
</LocList>
</BasicStmnt>
<BasicStmnt CovItemId="S113" CovItemPrefix="Brandon_Dominion.Play_Dominion.java" Intrnl_Id="346">
<LocList>
<Loc EndOffset="5670" SrcFileId="4" StartOffset="5628"/>
</LocList>
</BasicStmnt>
<LoopStmnt CovItemId="S114" CovItemPrefix="Brandon_Dominion.Play_Dominion.java" Intrnl_Id="347" MltplExecId="L11-2" MltplExecPrefix="Brandon_Dominion.Play_Dominion.java" NvrExecId="L11-0" NvrExecPrefix="Brandon_Dominion.Play_Dominion.java" OnceExecutedId="L11-1" OnceExecutedPrefix="Brandon_Dominion.Play_Dominion.java" OptBodyExec="true">
<StmntSeq Intrnl_Id="348">
<LocList>
<Loc EndOffset="7066" SrcFileId="4" StartOffset="5785"/>
<Loc EndOffset="7091" SrcFileId="4" StartOffset="7071"/>
<Loc EndOffset="7109" SrcFileId="4" StartOffset="7096"/>
</LocList>
<LoopStmnt CovItemId="S115" CovItemPrefix="Brandon_Dominion.Play_Dominion.java" Intrnl_Id="349" MltplExecId="L12-2" MltplExecPrefix="Brandon_Dominion.Play_Dominion.java" NvrExecId="L12-0" NvrExecPrefix="Brandon_Dominion.Play_Dominion.java" OnceExecutedId="L12-1" OnceExecutedPrefix="Brandon_Dominion.Play_Dominion.java" OptBodyExec="false">
<StmntSeq Intrnl_Id="350">
<LocList>
<Loc EndOffset="6154" SrcFileId="4" StartOffset="5795"/>
<Loc EndOffset="6396" SrcFileId="4" StartOffset="6160"/>
<Loc EndOffset="6427" SrcFileId="4" StartOffset="6402"/>
<Loc EndOffset="6482" SrcFileId="4" StartOffset="6433"/>
<Loc EndOffset="7027" SrcFileId="4" StartOffset="6488"/>
</LocList>
<CondStmnt CovItemId="S116" CovItemPrefix="Brandon_Dominion.Play_Dominion.java" Intrnl_Id="351">
<Branch CovItemId="B27" CovItemPrefix="Brandon_Dominion.Play_Dominion.java" Implct="false" Intrnl_Id="352">
<Cond/>
<LocList>
<Loc EndOffset="5969" SrcFileId="4" StartOffset="5871"/>
</LocList>
<StmntSeq Intrnl_Id="353">
<LocList>
<Loc EndOffset="5936" SrcFileId="4" StartOffset="5879"/>
<Loc EndOffset="5962" SrcFileId="4" StartOffset="5943"/>
</LocList>
<BasicStmnt CovItemId="S117" CovItemPrefix="Brandon_Dominion.Play_Dominion.java" Intrnl_Id="354">
<LocList>
<Loc EndOffset="5936" SrcFileId="4" StartOffset="5879"/>
</LocList>
</BasicStmnt>
<BasicStmnt CovItemId="S118" CovItemPrefix="Brandon_Dominion.Play_Dominion.java" Intrnl_Id="355">
<LocList>
<Loc EndOffset="5962" SrcFileId="4" StartOffset="5943"/>
</LocList>
</BasicStmnt>
</StmntSeq>
</Branch>
<Branch CovItemId="B28" CovItemPrefix="Brandon_Dominion.Play_Dominion.java" Implct="false" Intrnl_Id="356">
<Cond>
<Loc EndOffset="5979" SrcFileId="4" StartOffset="5975"/>
</Cond>
<LocList>
<Loc EndOffset="6154" SrcFileId="4" StartOffset="5980"/>
</LocList>
<StmntSeq Intrnl_Id="357">
<LocList>
<Loc EndOffset="6154" SrcFileId="4" StartOffset="5980"/>
</LocList>
<CondStmnt CovItemId="S119" CovItemPrefix="Brandon_Dominion.Play_Dominion.java" Intrnl_Id="358">
<Branch CovItemId="B29" CovItemPrefix="Brandon_Dominion.Play_Dominion.java" Implct="false" Intrnl_Id="359">
<Cond/>
<LocList>
<Loc EndOffset="6154" SrcFileId="4" StartOffset="6056"/>
</LocList>
<StmntSeq Intrnl_Id="360">
<LocList>
<Loc EndOffset="6121" SrcFileId="4" StartOffset="6064"/>
<Loc EndOffset="6147" SrcFileId="4" StartOffset="6128"/>
</LocList>
<BasicStmnt CovItemId="S120" CovItemPrefix="Brandon_Dominion.Play_Dominion.java" Intrnl_Id="361">
<LocList>
<Loc EndOffset="6121" SrcFileId="4" StartOffset="6064"/>
</LocList>
</BasicStmnt>
<BasicStmnt CovItemId="S121" CovItemPrefix="Brandon_Dominion.Play_Dominion.java" Intrnl_Id="362">
<LocList>
<Loc EndOffset="6147" SrcFileId="4" StartOffset="6128"/>
</LocList>
</BasicStmnt>
</StmntSeq>
</Branch>
<Branch CovItemId="B30" CovItemPrefix="Brandon_Dominion.Play_Dominion.java" Implct="true" Intrnl_Id="363">
<Cond/>
<LocList/>
<StmntSeq Intrnl_Id="364">
<LocList/>
</StmntSeq>
</Branch>
<Keyword EndOffset="5982" SrcFileId="4" StartOffset="5980"/>
<LocList>
<Loc EndOffset="6154" SrcFileId="4" StartOffset="5980"/>
</LocList>
<RootTerm CovItemId="C27" CovItemPrefix="Brandon_Dominion.Play_Dominion.java" Intrnl_Id="365">
<OpTerm BooleanOpId="10" Intrnl_Id="366">
<BasicBoolTerm Intrnl_Id="367">
<LocList>
<Loc EndOffset="6019" SrcFileId="4" StartOffset="5984"/>
</LocList>
</BasicBoolTerm>
<BasicBoolTerm Intrnl_Id="368">
<LocList>
<Loc EndOffset="6055" SrcFileId="4" StartOffset="6023"/>
</LocList>
</BasicBoolTerm>
<LocList>
<Loc EndOffset="6022" SrcFileId="4" StartOffset="6020"/>
</LocList>
</OpTerm>
</RootTerm>
</CondStmnt>
</StmntSeq>
</Branch>
<Keyword EndOffset="5797" SrcFileId="4" StartOffset="5795"/>
<LocList>
<Loc EndOffset="6154" SrcFileId="4" StartOffset="5795"/>
</LocList>
<RootTerm CovItemId="C26" CovItemPrefix="Brandon_Dominion.Play_Dominion.java" Intrnl_Id="369">
<OpTerm BooleanOpId="10" Intrnl_Id="370">
<BasicBoolTerm Intrnl_Id="371">
<LocList>
<Loc EndOffset="5834" SrcFileId="4" StartOffset="5799"/>
</LocList>
</BasicBoolTerm>
<BasicBoolTerm Intrnl_Id="372">
<LocList>
<Loc EndOffset="5870" SrcFileId="4" StartOffset="5838"/>
</LocList>
</BasicBoolTerm>
<LocList>
<Loc EndOffset="5837" SrcFileId="4" StartOffset="5835"/>
</LocList>
</OpTerm>
</RootTerm>
</CondStmnt>
<LoopStmnt CovItemId="S122" CovItemPrefix="Brandon_Dominion.Play_Dominion.java" Intrnl_Id="373" MltplExecId="L13-2" MltplExecPrefix="Brandon_Dominion.Play_Dominion.java" NvrExecId="L13-0" NvrExecPrefix="Brandon_Dominion.Play_Dominion.java" OnceExecutedId="L13-1" OnceExecutedPrefix="Brandon_Dominion.Play_Dominion.java" OptBodyExec="true">
<StmntSeq Intrnl_Id="374">
<LocList>
<Loc EndOffset="6253" SrcFileId="4" StartOffset="6188"/>
<Loc EndOffset="6389" SrcFileId="4" StartOffset="6260"/>
</LocList>
<BasicStmnt CovItemId="S123" CovItemPrefix="Brandon_Dominion.Play_Dominion.java" Intrnl_Id="375">
<LocList>
<Loc EndOffset="6253" SrcFileId="4" StartOffset="6188"/>
</LocList>
</BasicStmnt>
<CondStmnt CovItemId="S124" CovItemPrefix="Brandon_Dominion.Play_Dominion.java" Intrnl_Id="376">
<Branch CovItemId="B31" CovItemPrefix="Brandon_Dominion.Play_Dominion.java" Implct="false" Intrnl_Id="377">
<Cond/>
<LocList>
<Loc EndOffset="6323" SrcFileId="4" StartOffset="6310"/>
</LocList>
<StmntSeq Intrnl_Id="378">
<LocList>
<Loc EndOffset="6323" SrcFileId="4" StartOffset="6310"/>
</LocList>
<BasicStmnt CovItemId="S125" CovItemPrefix="Brandon_Dominion.Play_Dominion.java" Intrnl_Id="379">
<LocList>
<Loc EndOffset="6323" SrcFileId="4" StartOffset="6310"/>
</LocList>
</BasicStmnt>
</StmntSeq>
</Branch>
<Branch CovItemId="B32" CovItemPrefix="Brandon_Dominion.Play_Dominion.java" Implct="false" Intrnl_Id="380">
<Cond>
<Loc EndOffset="6334" SrcFileId="4" StartOffset="6330"/>
</Cond>
<LocList>
<Loc EndOffset="6389" SrcFileId="4" StartOffset="6334"/>
</LocList>
<StmntSeq Intrnl_Id="381">
<LocList>
<Loc EndOffset="6356" SrcFileId="4" StartOffset="6344"/>
<Loc EndOffset="6381" SrcFileId="4" StartOffset="6364"/>
</LocList>
<BasicStmnt CovItemId="S126" CovItemPrefix="Brandon_Dominion.Play_Dominion.java" Intrnl_Id="382">
<LocList>
<Loc EndOffset="6356" SrcFileId="4" StartOffset="6344"/>
</LocList>
</BasicStmnt>
<BasicStmnt CovItemId="S127" CovItemPrefix="Brandon_Dominion.Play_Dominion.java" Intrnl_Id="383">
<LocList>
<Loc EndOffset="6381" SrcFileId="4" StartOffset="6364"/>
</LocList>
</BasicStmnt>
</StmntSeq>
</Branch>
<Keyword EndOffset="6262" SrcFileId="4" StartOffset="6260"/>
<LocList>
<Loc EndOffset="6389" SrcFileId="4" StartOffset="6260"/>
</LocList>
<RootTerm CovItemId="C29" CovItemPrefix="Brandon_Dominion.Play_Dominion.java" Intrnl_Id="384">
<BasicBoolTerm Intrnl_Id="385">
<LocList>
<Loc EndOffset="6301" SrcFileId="4" StartOffset="6264"/>
</LocList>
</BasicBoolTerm>
</RootTerm>
</CondStmnt>
</StmntSeq>
<Keyword EndOffset="6165" SrcFileId="4" StartOffset="6160"/>
<LocList>
<Loc EndOffset="6396" SrcFileId="4" StartOffset="6160"/>
</LocList>
<RootTerm CovItemId="C28" CovItemPrefix="Brandon_Dominion.Play_Dominion.java" Intrnl_Id="386">
<BasicBoolTerm Intrnl_Id="387">
<LocList>
<Loc EndOffset="6179" SrcFileId="4" StartOffset="6166"/>
</LocList>
</BasicBoolTerm>
</RootTerm>
</LoopStmnt>
<BasicStmnt CovItemId="S128" CovItemPrefix="Brandon_Dominion.Play_Dominion.java" Intrnl_Id="388">
<LocList>
<Loc EndOffset="6427" SrcFileId="4" StartOffset="6402"/>
</LocList>
</BasicStmnt>
<BasicStmnt CovItemId="S129" CovItemPrefix="Brandon_Dominion.Play_Dominion.java" Intrnl_Id="389">
<LocList>
<Loc EndOffset="6482" SrcFileId="4" StartOffset="6433"/>
</LocList>
</BasicStmnt>
<CondStmnt CovItemId="S130" CovItemPrefix="Brandon_Dominion.Play_Dominion.java" Intrnl_Id="390">
<Branch CovItemId="B33" CovItemPrefix="Brandon_Dominion.Play_Dominion.java" Implct="false" Intrnl_Id="391">
<Cond/>
<LocList>
<Loc EndOffset="6809" SrcFileId="4" StartOffset="6556"/>
</LocList>
<StmntSeq Intrnl_Id="392">
<LocList>
<Loc EndOffset="6624" SrcFileId="4" StartOffset="6610"/>
<Loc EndOffset="6802" SrcFileId="4" StartOffset="6631"/>
</LocList>
<BasicStmnt CovItemId="S131" CovItemPrefix="Brandon_Dominion.Play_Dominion.java" Intrnl_Id="393">
<LocList>
<Loc EndOffset="6624" SrcFileId="4" StartOffset="6610"/>
</LocList>
</BasicStmnt>
<CondStmnt CovItemId="S132" CovItemPrefix="Brandon_Dominion.Play_Dominion.java" Intrnl_Id="394">
<Branch CovItemId="B35" CovItemPrefix="Brandon_Dominion.Play_Dominion.java" Implct="false" Intrnl_Id="395">
<Cond/>
<LocList>
<Loc EndOffset="6802" SrcFileId="4" StartOffset="6652"/>
</LocList>
<StmntSeq Intrnl_Id="396">
<LocList>
<Loc EndOffset="6761" SrcFileId="4" StartOffset="6661"/>
<Loc EndOffset="6794" SrcFileId="4" StartOffset="6787"/>
</LocList>
<CondStmnt CovItemId="S133" CovItemPrefix="Brandon_Dominion.Play_Dominion.java" Intrnl_Id="397">
<Branch CovItemId="B37" CovItemPrefix="Brandon_Dominion.Play_Dominion.java" Implct="false" Intrnl_Id="398">
<Cond/>
<LocList>
<Loc EndOffset="6761" SrcFileId="4" StartOffset="6701"/>
</LocList>
<StmntSeq Intrnl_Id="399">
<LocList>
<Loc EndOffset="6761" SrcFileId="4" StartOffset="6701"/>
</LocList>
<BasicStmnt CovItemId="S134" CovItemPrefix="Brandon_Dominion.Play_Dominion.java" Intrnl_Id="400">
<LocList>
<Loc EndOffset="6761" SrcFileId="4" StartOffset="6701"/>
</LocList>
</BasicStmnt>
</StmntSeq>
</Branch>
<Branch CovItemId="B38" CovItemPrefix="Brandon_Dominion.Play_Dominion.java" Implct="true" Intrnl_Id="401">
<Cond/>
<LocList/>
<StmntSeq Intrnl_Id="402">
<LocList/>
</StmntSeq>
</Branch>
<Keyword EndOffset="6663" SrcFileId="4" StartOffset="6661"/>
<LocList>
<Loc EndOffset="6761" SrcFileId="4" StartOffset="6661"/>
</LocList>
<RootTerm CovItemId="C32" CovItemPrefix="Brandon_Dominion.Play_Dominion.java" Intrnl_Id="403">
<BasicBoolTerm Intrnl_Id="404">
<LocList>
<Loc EndOffset="6691" SrcFileId="4" StartOffset="6665"/>
</LocList>
</BasicBoolTerm>
</RootTerm>
</CondStmnt>
<BasicStmnt CovItemId="S135" CovItemPrefix="Brandon_Dominion.Play_Dominion.java" Intrnl_Id="405">
<LocList>
<Loc EndOffset="6794" SrcFileId="4" StartOffset="6787"/>
</LocList>
</BasicStmnt>
</StmntSeq>
</Branch>
<Branch CovItemId="B36" CovItemPrefix="Brandon_Dominion.Play_Dominion.java" Implct="true" Intrnl_Id="406">
<Cond/>
<LocList/>
<StmntSeq Intrnl_Id="407">
<LocList/>
</StmntSeq>
</Branch>
<Keyword EndOffset="6633" SrcFileId="4" StartOffset="6631"/>
<LocList>
<Loc EndOffset="6802" SrcFileId="4" StartOffset="6631"/>
</LocList>
<RootTerm CovItemId="C31" CovItemPrefix="Brandon_Dominion.Play_Dominion.java" Intrnl_Id="408">
<BasicBoolTerm Intrnl_Id="409">
<LocList>
<Loc EndOffset="6651" SrcFileId="4" StartOffset="6635"/>
</LocList>
</BasicBoolTerm>
</RootTerm>
</CondStmnt>
</StmntSeq>
</Branch>
<Branch CovItemId="B34" CovItemPrefix="Brandon_Dominion.Play_Dominion.java" Implct="false" Intrnl_Id="410">
<Cond>
<Loc EndOffset="6821" SrcFileId="4" StartOffset="6817"/>
</Cond>
<LocList>
<Loc EndOffset="7027" SrcFileId="4" StartOffset="6822"/>
</LocList>
<StmntSeq Intrnl_Id="411">
<LocList>
<Loc EndOffset="6886" SrcFileId="4" StartOffset="6830"/>
<Loc EndOffset="6957" SrcFileId="4" StartOffset="6893"/>
<Loc EndOffset="6994" SrcFileId="4" StartOffset="6964"/>
<Loc EndOffset="7020" SrcFileId="4" StartOffset="7001"/>
</LocList>
<BasicStmnt CovItemId="S136" CovItemPrefix="Brandon_Dominion.Play_Dominion.java" Intrnl_Id="412">
<LocList>
<Loc EndOffset="6886" SrcFileId="4" StartOffset="6830"/>
</LocList>
</BasicStmnt>
<CondStmnt CovItemId="S137" CovItemPrefix="Brandon_Dominion.Play_Dominion.java" Intrnl_Id="413">
<Branch CovItemId="B39" CovItemPrefix="Brandon_Dominion.Play_Dominion.java" Implct="false" Intrnl_Id="414">
<Cond/>
<LocList>
<Loc EndOffset="6957" SrcFileId="4" StartOffset="6927"/>
</LocList>
<StmntSeq Intrnl_Id="415">
<LocList>
<Loc EndOffset="6957" SrcFileId="4" StartOffset="6927"/>
</LocList>
<BasicStmnt CovItemId="S138" CovItemPrefix="Brandon_Dominion.Play_Dominion.java" Intrnl_Id="416">
<LocList>
<Loc EndOffset="6957" SrcFileId="4" StartOffset="6927"/>
</LocList>
</BasicStmnt>
</StmntSeq>
</Branch>
<Branch CovItemId="B40" CovItemPrefix="Brandon_Dominion.Play_Dominion.java" Implct="true" Intrnl_Id="417">
<Cond/>
<LocList/>
<StmntSeq Intrnl_Id="418">
<LocList/>
</StmntSeq>
</Branch>
<Keyword EndOffset="6895" SrcFileId="4" StartOffset="6893"/>
<LocList>
<Loc EndOffset="6957" SrcFileId="4" StartOffset="6893"/>
</LocList>
<RootTerm CovItemId="C33" CovItemPrefix="Brandon_Dominion.Play_Dominion.java" Intrnl_Id="419">
<BasicBoolTerm Intrnl_Id="420">
<LocList>
<Loc EndOffset="6918" SrcFileId="4" StartOffset="6897"/>
</LocList>
</BasicBoolTerm>
</RootTerm>
</CondStmnt>
<BasicStmnt CovItemId="S139" CovItemPrefix="Brandon_Dominion.Play_Dominion.java" Intrnl_Id="421">
<LocList>
<Loc EndOffset="6994" SrcFileId="4" StartOffset="6964"/>
</LocList>
</BasicStmnt>
<BasicStmnt CovItemId="S140" CovItemPrefix="Brandon_Dominion.Play_Dominion.java" Intrnl_Id="422">
<LocList>
<Loc EndOffset="7020" SrcFileId="4" StartOffset="7001"/>
</LocList>
</BasicStmnt>
</StmntSeq>
</Branch>
<Keyword EndOffset="6490" SrcFileId="4" StartOffset="6488"/>
<LocList>
<Loc EndOffset="7027" SrcFileId="4" StartOffset="6488"/>
</LocList>
<RootTerm CovItemId="C30" CovItemPrefix="Brandon_Dominion.Play_Dominion.java" Intrnl_Id="423">
<BasicBoolTerm Intrnl_Id="424">
<LocList>
<Loc EndOffset="6555" SrcFileId="4" StartOffset="6492"/>
</LocList>
</BasicBoolTerm>
</RootTerm>
</CondStmnt>
</StmntSeq>
<Keyword EndOffset="5787" SrcFileId="4" StartOffset="5785"/>
<LocList>
<Loc EndOffset="7066" SrcFileId="4" StartOffset="5785"/>
</LocList>
<RootTerm CovItemId="C25" CovItemPrefix="Brandon_Dominion.Play_Dominion.java" Intrnl_Id="425">
<BasicBoolTerm Intrnl_Id="426">
<LocList>
<Loc EndOffset="7064" SrcFileId="4" StartOffset="7044"/>
</LocList>
</BasicBoolTerm>
</RootTerm>
</LoopStmnt>
<BasicStmnt CovItemId="S141" CovItemPrefix="Brandon_Dominion.Play_Dominion.java" Intrnl_Id="427">
<LocList>
<Loc EndOffset="7091" SrcFileId="4" StartOffset="7071"/>
</LocList>
</BasicStmnt>
<BasicStmnt CovItemId="S142" CovItemPrefix="Brandon_Dominion.Play_Dominion.java" Intrnl_Id="428">
<LocList>
<Loc EndOffset="7109" SrcFileId="4" StartOffset="7096"/>
</LocList>
</BasicStmnt>
</StmntSeq>
<Keyword EndOffset="5739" SrcFileId="4" StartOffset="5736"/>
<LocList>
<Loc EndOffset="7114" SrcFileId="4" StartOffset="5736"/>
</LocList>
<RootTerm CovItemId="C24" CovItemPrefix="Brandon_Dominion.Play_Dominion.java" Intrnl_Id="429">
<BasicBoolTerm Intrnl_Id="430">
<LocList>
<Loc EndOffset="5774" SrcFileId="4" StartOffset="5751"/>
</LocList>
</BasicBoolTerm>
</RootTerm>
</LoopStmnt>
<BasicStmnt CovItemId="S143" CovItemPrefix="Brandon_Dominion.Play_Dominion.java" Intrnl_Id="431">
<LocList>
<Loc EndOffset="7142" SrcFileId="4" StartOffset="7118"/>
</LocList>
</BasicStmnt>
<BasicStmnt CovItemId="S144" CovItemPrefix="Brandon_Dominion.Play_Dominion.java" Intrnl_Id="432">
<LocList>
<Loc EndOffset="7159" SrcFileId="4" StartOffset="7146"/>
</LocList>
</BasicStmnt>
</StmntSeq>
</HierarchyLvl>
<HierarchyLvl HierarchyLvlId="29" HierarchyLvlTypeId="13" Intrnl_Id="433" Name="main">
<Header>
<Loc EndOffset="7209" SrcFileId="4" StartOffset="7171"/>
</Header>
<LocList>
<Loc EndOffset="7295" SrcFileId="4" StartOffset="7171"/>
</LocList>
<StmntSeq Intrnl_Id="434">
<LocList>
<Loc EndOffset="7232" SrcFileId="4" StartOffset="7214"/>
<Loc EndOffset="7275" SrcFileId="4" StartOffset="7236"/>
<Loc EndOffset="7291" SrcFileId="4" StartOffset="7279"/>
</LocList>
<BasicStmnt CovItemId="S145" CovItemPrefix="Brandon_Dominion.Play_Dominion.java" Intrnl_Id="435">
<LocList>
<Loc EndOffset="7232" SrcFileId="4" StartOffset="7214"/>
</LocList>
</BasicStmnt>
<BasicStmnt CovItemId="S146" CovItemPrefix="Brandon_Dominion.Play_Dominion.java" Intrnl_Id="436">
<LocList>
<Loc EndOffset="7275" SrcFileId="4" StartOffset="7236"/>
</LocList>
</BasicStmnt>
<BasicStmnt CovItemId="S147" CovItemPrefix="Brandon_Dominion.Play_Dominion.java" Intrnl_Id="437">
<LocList>
<Loc EndOffset="7291" SrcFileId="4" StartOffset="7279"/>
</LocList>
</BasicStmnt>
</StmntSeq>
</HierarchyLvl>
</HierarchyLvl>
<HierarchyLvl HierarchyLvlId="62" HierarchyLvlTypeId="14" Intrnl_Id="438" Name="Player">
<Header>
<Loc EndOffset="68" SrcFileId="5" StartOffset="56"/>
</Header>
<LocList>
<Loc EndOffset="17962" SrcFileId="5" StartOffset="56"/>
</LocList>
<StmntSeq Intrnl_Id="439">
<LocList>
<Loc EndOffset="233" SrcFileId="5" StartOffset="176"/>
<Loc EndOffset="293" SrcFileId="5" StartOffset="236"/>
<Loc EndOffset="356" SrcFileId="5" StartOffset="296"/>
</LocList>
<BasicStmnt CovItemId="S1" CovItemPrefix="Brandon_Dominion.Player.java" Intrnl_Id="440">
<LocList>
<Loc EndOffset="233" SrcFileId="5" StartOffset="176"/>
</LocList>
</BasicStmnt>
<BasicStmnt CovItemId="S2" CovItemPrefix="Brandon_Dominion.Player.java" Intrnl_Id="441">
<LocList>
<Loc EndOffset="293" SrcFileId="5" StartOffset="236"/>
</LocList>
</BasicStmnt>
<BasicStmnt CovItemId="S3" CovItemPrefix="Brandon_Dominion.Player.java" Intrnl_Id="442">
<LocList>
<Loc EndOffset="356" SrcFileId="5" StartOffset="296"/>
</LocList>
</BasicStmnt>
</StmntSeq>
<HierarchyLvl HierarchyLvlId="31" HierarchyLvlTypeId="13" Intrnl_Id="443" Name="Player">
<Header>
<Loc EndOffset="455" SrcFileId="5" StartOffset="436"/>
</Header>
<LocList>
<Loc EndOffset="483" SrcFileId="5" StartOffset="436"/>
</LocList>
<StmntSeq Intrnl_Id="444">
<LocList>
<Loc EndOffset="481" SrcFileId="5" StartOffset="457"/>
</LocList>
<BasicStmnt CovItemId="S4" CovItemPrefix="Brandon_Dominion.Player.java" Intrnl_Id="445">
<LocList>
<Loc EndOffset="481" SrcFileId="5" StartOffset="457"/>
</LocList>
</BasicStmnt>
</StmntSeq>
</HierarchyLvl>
<HierarchyLvl HierarchyLvlId="32" HierarchyLvlTypeId="13" Intrnl_Id="446" Name="safeActionDraw">
<Header>
<Loc EndOffset="519" SrcFileId="5" StartOffset="492"/>
</Header>
<LocList>
<Loc EndOffset="890" SrcFileId="5" StartOffset="492"/>
</LocList>
<StmntSeq Intrnl_Id="447">
<LocList>
<Loc EndOffset="545" SrcFileId="5" StartOffset="524"/>
<Loc EndOffset="566" SrcFileId="5" StartOffset="549"/>
<Loc EndOffset="866" SrcFileId="5" StartOffset="574"/>
<Loc EndOffset="886" SrcFileId="5" StartOffset="870"/>
</LocList>
<BasicStmnt CovItemId="S5" CovItemPrefix="Brandon_Dominion.Player.java" Intrnl_Id="448">
<LocList>
<Loc EndOffset="545" SrcFileId="5" StartOffset="524"/>
</LocList>
</BasicStmnt>
<BasicStmnt CovItemId="S6" CovItemPrefix="Brandon_Dominion.Player.java" Intrnl_Id="449">
<LocList>
<Loc EndOffset="566" SrcFileId="5" StartOffset="549"/>
</LocList>
</BasicStmnt>
<LoopStmnt CovItemId="S7" CovItemPrefix="Brandon_Dominion.Player.java" Intrnl_Id="450" MltplExecId="L1-2" MltplExecPrefix="Brandon_Dominion.Player.java" NvrExecId="L1-0" NvrExecPrefix="Brandon_Dominion.Player.java" OnceExecutedId="L1-1" OnceExecutedPrefix="Brandon_Dominion.Player.java" OptBodyExec="true">
<StmntSeq Intrnl_Id="451">
<LocList>
<Loc EndOffset="664" SrcFileId="5" StartOffset="601"/>
<Loc EndOffset="861" SrcFileId="5" StartOffset="669"/>
</LocList>
<BasicStmnt CovItemId="S8" CovItemPrefix="Brandon_Dominion.Player.java" Intrnl_Id="452">
<LocList>
<Loc EndOffset="664" SrcFileId="5" StartOffset="601"/>
</LocList>
</BasicStmnt>
<CondStmnt CovItemId="S9" CovItemPrefix="Brandon_Dominion.Player.java" Intrnl_Id="453">
<Branch CovItemId="B1" CovItemPrefix="Brandon_Dominion.Player.java" Implct="false" Intrnl_Id="454">
<Cond/>
<LocList>
<Loc EndOffset="799" SrcFileId="5" StartOffset="786"/>
</LocList>
<StmntSeq Intrnl_Id="455">
<LocList>
<Loc EndOffset="799" SrcFileId="5" StartOffset="786"/>
</LocList>
<BasicStmnt CovItemId="S10" CovItemPrefix="Brandon_Dominion.Player.java" Intrnl_Id="456">
<LocList>
<Loc EndOffset="799" SrcFileId="5" StartOffset="786"/>
</LocList>
</BasicStmnt>
</StmntSeq>
</Branch>
<Branch CovItemId="B2" CovItemPrefix="Brandon_Dominion.Player.java" Implct="false" Intrnl_Id="457">
<Cond>
<Loc EndOffset="809" SrcFileId="5" StartOffset="805"/>
</Cond>
<LocList>
<Loc EndOffset="861" SrcFileId="5" StartOffset="810"/>
</LocList>
<StmntSeq Intrnl_Id="458">
<LocList>
<Loc EndOffset="829" SrcFileId="5" StartOffset="817"/>
<Loc EndOffset="854" SrcFileId="5" StartOffset="835"/>
</LocList>
<BasicStmnt CovItemId="S11" CovItemPrefix="Brandon_Dominion.Player.java" Intrnl_Id="459">
<LocList>
<Loc EndOffset="829" SrcFileId="5" StartOffset="817"/>
</LocList>
</BasicStmnt>
<BasicStmnt CovItemId="S12" CovItemPrefix="Brandon_Dominion.Player.java" Intrnl_Id="460">
<LocList>
<Loc EndOffset="854" SrcFileId="5" StartOffset="835"/>
</LocList>
</BasicStmnt>
</StmntSeq>
</Branch>
<Keyword EndOffset="671" SrcFileId="5" StartOffset="669"/>
<LocList>
<Loc EndOffset="861" SrcFileId="5" StartOffset="669"/>
</LocList>
<RootTerm CovItemId="C2" CovItemPrefix="Brandon_Dominion.Player.java" Intrnl_Id="461">
<OpTerm BooleanOpId="11" Intrnl_Id="462">
<BasicBoolTerm Intrnl_Id="463">
<LocList>
<Loc EndOffset="721" SrcFileId="5" StartOffset="673"/>
</LocList>
</BasicBoolTerm>
<BasicBoolTerm Intrnl_Id="464">
<LocList>
<Loc EndOffset="779" SrcFileId="5" StartOffset="725"/>
</LocList>
</BasicBoolTerm>
<LocList>
<Loc EndOffset="724" SrcFileId="5" StartOffset="722"/>
</LocList>
</OpTerm>
</RootTerm>
</CondStmnt>
</StmntSeq>
<Keyword EndOffset="579" SrcFileId="5" StartOffset="574"/>
<LocList>
<Loc EndOffset="866" SrcFileId="5" StartOffset="574"/>
</LocList>
<RootTerm CovItemId="C1" CovItemPrefix="Brandon_Dominion.Player.java" Intrnl_Id="465">
<BasicBoolTerm Intrnl_Id="466">
<LocList>
<Loc EndOffset="594" SrcFileId="5" StartOffset="581"/>
</LocList>
</BasicBoolTerm>
</RootTerm>
</LoopStmnt>
<BasicStmnt CovItemId="S13" CovItemPrefix="Brandon_Dominion.Player.java" Intrnl_Id="467">
<LocList>
<Loc EndOffset="886" SrcFileId="5" StartOffset="870"/>
</LocList>
</BasicStmnt>
</StmntSeq>
</HierarchyLvl>
<HierarchyLvl HierarchyLvlId="33" HierarchyLvlTypeId="13" Intrnl_Id="468" Name="Get_Player_VP">
<Header>
<Loc EndOffset="922" SrcFileId="5" StartOffset="896"/>
</Header>
<LocList>
<Loc EndOffset="954" SrcFileId="5" StartOffset="896"/>
</LocList>
<StmntSeq Intrnl_Id="469">
<LocList>
<Loc EndOffset="953" SrcFileId="5" StartOffset="924"/>
</LocList>
<BasicStmnt CovItemId="S14" CovItemPrefix="Brandon_Dominion.Player.java" Intrnl_Id="470">
<LocList>
<Loc EndOffset="953" SrcFileId="5" StartOffset="924"/>
</LocList>
</BasicStmnt>
</StmntSeq>
</HierarchyLvl>
<HierarchyLvl HierarchyLvlId="34" HierarchyLvlTypeId="13" Intrnl_Id="471" Name="get_Player_Gold">
<Header>
<Loc EndOffset="988" SrcFileId="5" StartOffset="960"/>
</Header>
<LocList>
<Loc EndOffset="1011" SrcFileId="5" StartOffset="960"/>
</LocList>
<StmntSeq Intrnl_Id="472">
<LocList>
<Loc EndOffset="1009" SrcFileId="5" StartOffset="990"/>
</LocList>
<BasicStmnt CovItemId="S15" CovItemPrefix="Brandon_Dominion.Player.java" Intrnl_Id="473">
<LocList>
<Loc EndOffset="1009" SrcFileId="5" StartOffset="990"/>
</LocList>
</BasicStmnt>
</StmntSeq>
</HierarchyLvl>
<HierarchyLvl HierarchyLvlId="35" HierarchyLvlTypeId="13" Intrnl_Id="474" Name="GetDeck">
<Header>
<Loc EndOffset="1045" SrcFileId="5" StartOffset="1017"/>
</Header>
<LocList>
<Loc EndOffset="1068" SrcFileId="5" StartOffset="1017"/>
</LocList>
<StmntSeq Intrnl_Id="475">
<LocList>
<Loc EndOffset="1066" SrcFileId="5" StartOffset="1047"/>
</LocList>
<BasicStmnt CovItemId="S16" CovItemPrefix="Brandon_Dominion.Player.java" Intrnl_Id="476">
<LocList>
<Loc EndOffset="1066" SrcFileId="5" StartOffset="1047"/>
</LocList>
</BasicStmnt>
</StmntSeq>
</HierarchyLvl>
<HierarchyLvl HierarchyLvlId="36" HierarchyLvlTypeId="13" Intrnl_Id="477" Name="getDiscard">
<Header>
<Loc EndOffset="1102" SrcFileId="5" StartOffset="1071"/>
</Header>
<LocList>
<Loc EndOffset="1127" SrcFileId="5" StartOffset="1071"/>
</LocList>
<StmntSeq Intrnl_Id="478">
<LocList>
<Loc EndOffset="1126" SrcFileId="5" StartOffset="1104"/>
</LocList>
<BasicStmnt CovItemId="S17" CovItemPrefix="Brandon_Dominion.Player.java" Intrnl_Id="479">
<LocList>
<Loc EndOffset="1126" SrcFileId="5" StartOffset="1104"/>
</LocList>
</BasicStmnt>
</StmntSeq>
</HierarchyLvl>
<HierarchyLvl HierarchyLvlId="37" HierarchyLvlTypeId="13" Intrnl_Id="480" Name="get_PlayHand">
<Header>
<Loc EndOffset="1167" SrcFileId="5" StartOffset="1133"/>
</Header>
<LocList>
<Loc EndOffset="1195" SrcFileId="5" StartOffset="1133"/>
</LocList>
<StmntSeq Intrnl_Id="481">
<LocList>
<Loc EndOffset="1191" SrcFileId="5" StartOffset="1172"/>
</LocList>
<BasicStmnt CovItemId="S18" CovItemPrefix="Brandon_Dominion.Player.java" Intrnl_Id="482">
<LocList>
<Loc EndOffset="1191" SrcFileId="5" StartOffset="1172"/>
</LocList>
</BasicStmnt>
</StmntSeq>
</HierarchyLvl>
<HierarchyLvl HierarchyLvlId="38" HierarchyLvlTypeId="13" Intrnl_Id="483" Name="Hand_To_Discard">
<Header>
<Loc EndOffset="1239" SrcFileId="5" StartOffset="1201"/>
</Header>
<LocList>
<Loc EndOffset="1294" SrcFileId="5" StartOffset="1201"/>
</LocList>
<StmntSeq Intrnl_Id="484">
<LocList>
<Loc EndOffset="1290" SrcFileId="5" StartOffset="1244"/>
</LocList>
<BasicStmnt CovItemId="S19" CovItemPrefix="Brandon_Dominion.Player.java" Intrnl_Id="485">
<LocList>
<Loc EndOffset="1290" SrcFileId="5" StartOffset="1244"/>
</LocList>
</BasicStmnt>
</StmntSeq>
</HierarchyLvl>
<HierarchyLvl HierarchyLvlId="39" HierarchyLvlTypeId="13" Intrnl_Id="486" Name="PayPiper">
<Header>
<Loc EndOffset="1330" SrcFileId="5" StartOffset="1300"/>
</Header>
<LocList>
<Loc EndOffset="1960" SrcFileId="5" StartOffset="1300"/>
</LocList>
<StmntSeq Intrnl_Id="487">
<LocList>
<Loc EndOffset="1378" SrcFileId="5" StartOffset="1335"/>
<Loc EndOffset="1425" SrcFileId="5" StartOffset="1382"/>
<Loc EndOffset="1449" SrcFileId="5" StartOffset="1429"/>
<Loc EndOffset="1831" SrcFileId="5" StartOffset="1453"/>
<Loc EndOffset="1956" SrcFileId="5" StartOffset="1910"/>
</LocList>
<BasicStmnt CovItemId="S20" CovItemPrefix="Brandon_Dominion.Player.java" Intrnl_Id="488">
<LocList>
<Loc EndOffset="1378" SrcFileId="5" StartOffset="1335"/>
</LocList>
</BasicStmnt>
<BasicStmnt CovItemId="S21" CovItemPrefix="Brandon_Dominion.Player.java" Intrnl_Id="489">
<LocList>
<Loc EndOffset="1425" SrcFileId="5" StartOffset="1382"/>
</LocList>
</BasicStmnt>
<BasicStmnt CovItemId="S22" CovItemPrefix="Brandon_Dominion.Player.java" Intrnl_Id="490">
<LocList>
<Loc EndOffset="1449" SrcFileId="5" StartOffset="1429"/>
</LocList>
</BasicStmnt>
<LoopStmnt CovItemId="S23" CovItemPrefix="Brandon_Dominion.Player.java" Intrnl_Id="491" MltplExecId="L2-2" MltplExecPrefix="Brandon_Dominion.Player.java" NvrExecId="L2-0" NvrExecPrefix="Brandon_Dominion.Player.java" OnceExecutedId="L2-1" OnceExecutedPrefix="Brandon_Dominion.Player.java" OptBodyExec="false">
<StmntSeq Intrnl_Id="492">
<LocList>
<Loc EndOffset="1797" SrcFileId="5" StartOffset="1462"/>
<Loc EndOffset="1806" SrcFileId="5" StartOffset="1802"/>
</LocList>
<CondStmnt CovItemId="S24" CovItemPrefix="Brandon_Dominion.Player.java" Intrnl_Id="493">
<Branch CovItemId="B3" CovItemPrefix="Brandon_Dominion.Player.java" Implct="false" Intrnl_Id="494">
<Cond/>
<LocList>
<Loc EndOffset="1561" SrcFileId="5" StartOffset="1506"/>
</LocList>
<StmntSeq Intrnl_Id="495">
<LocList>
<Loc EndOffset="1520" SrcFileId="5" StartOffset="1513"/>
<Loc EndOffset="1545" SrcFileId="5" StartOffset="1526"/>
<Loc EndOffset="1555" SrcFileId="5" StartOffset="1551"/>
</LocList>
<BasicStmnt CovItemId="S25" CovItemPrefix="Brandon_Dominion.Player.java" Intrnl_Id="496">
<LocList>
<Loc EndOffset="1520" SrcFileId="5" StartOffset="1513"/>
</LocList>
</BasicStmnt>
<BasicStmnt CovItemId="S26" CovItemPrefix="Brandon_Dominion.Player.java" Intrnl_Id="497">
<LocList>
<Loc EndOffset="1545" SrcFileId="5" StartOffset="1526"/>
</LocList>
</BasicStmnt>
<BasicStmnt CovItemId="S27" CovItemPrefix="Brandon_Dominion.Player.java" Intrnl_Id="498">
<LocList>
<Loc EndOffset="1555" SrcFileId="5" StartOffset="1551"/>
</LocList>
</BasicStmnt>
</StmntSeq>
</Branch>
<Branch CovItemId="B4" CovItemPrefix="Brandon_Dominion.Player.java" Implct="false" Intrnl_Id="499">
<Cond>
<Loc EndOffset="1570" SrcFileId="5" StartOffset="1566"/>
</Cond>
<LocList>
<Loc EndOffset="1797" SrcFileId="5" StartOffset="1571"/>
</LocList>
<StmntSeq Intrnl_Id="500">
<LocList>
<Loc EndOffset="1797" SrcFileId="5" StartOffset="1571"/>
</LocList>
<CondStmnt CovItemId="S28" CovItemPrefix="Brandon_Dominion.Player.java" Intrnl_Id="501">
<Branch CovItemId="B5" CovItemPrefix="Brandon_Dominion.Player.java" Implct="false" Intrnl_Id="502">
<Cond/>
<LocList>
<Loc EndOffset="1680" SrcFileId="5" StartOffset="1615"/>
</LocList>
<StmntSeq Intrnl_Id="503">
<LocList>
<Loc EndOffset="1638" SrcFileId="5" StartOffset="1622"/>
<Loc EndOffset="1664" SrcFileId="5" StartOffset="1645"/>
<Loc EndOffset="1674" SrcFileId="5" StartOffset="1670"/>
</LocList>
<BasicStmnt CovItemId="S29" CovItemPrefix="Brandon_Dominion.Player.java" Intrnl_Id="504">
<LocList>
<Loc EndOffset="1638" SrcFileId="5" StartOffset="1622"/>
</LocList>
</BasicStmnt>
<BasicStmnt CovItemId="S30" CovItemPrefix="Brandon_Dominion.Player.java" Intrnl_Id="505">
<LocList>
<Loc EndOffset="1664" SrcFileId="5" StartOffset="1645"/>
</LocList>
</BasicStmnt>
<BasicStmnt CovItemId="S31" CovItemPrefix="Brandon_Dominion.Player.java" Intrnl_Id="506">
<LocList>
<Loc EndOffset="1674" SrcFileId="5" StartOffset="1670"/>
</LocList>
</BasicStmnt>
</StmntSeq>
</Branch>
<Branch CovItemId="B6" CovItemPrefix="Brandon_Dominion.Player.java" Implct="false" Intrnl_Id="507">
<Cond>
<Loc EndOffset="1689" SrcFileId="5" StartOffset="1685"/>
</Cond>
<LocList>
<Loc EndOffset="1797" SrcFileId="5" StartOffset="1690"/>
</LocList>
<StmntSeq Intrnl_Id="508">
<LocList>
<Loc EndOffset="1797" SrcFileId="5" StartOffset="1690"/>
</LocList>
<CondStmnt CovItemId="S32" CovItemPrefix="Brandon_Dominion.Player.java" Intrnl_Id="509">
<Branch CovItemId="B7" CovItemPrefix="Brandon_Dominion.Player.java" Implct="false" Intrnl_Id="510">
<Cond/>
<LocList>
<Loc EndOffset="1797" SrcFileId="5" StartOffset="1733"/>
</LocList>
<StmntSeq Intrnl_Id="511">
<LocList>
<Loc EndOffset="1756" SrcFileId="5" StartOffset="1740"/>
<Loc EndOffset="1781" SrcFileId="5" StartOffset="1762"/>
<Loc EndOffset="1791" SrcFileId="5" StartOffset="1787"/>
</LocList>
<BasicStmnt CovItemId="S33" CovItemPrefix="Brandon_Dominion.Player.java" Intrnl_Id="512">
<LocList>
<Loc EndOffset="1756" SrcFileId="5" StartOffset="1740"/>
</LocList>
</BasicStmnt>
<BasicStmnt CovItemId="S34" CovItemPrefix="Brandon_Dominion.Player.java" Intrnl_Id="513">
<LocList>
<Loc EndOffset="1781" SrcFileId="5" StartOffset="1762"/>
</LocList>
</BasicStmnt>
<BasicStmnt CovItemId="S35" CovItemPrefix="Brandon_Dominion.Player.java" Intrnl_Id="514">
<LocList>
<Loc EndOffset="1791" SrcFileId="5" StartOffset="1787"/>
</LocList>
</BasicStmnt>
</StmntSeq>
</Branch>
<Branch CovItemId="B8" CovItemPrefix="Brandon_Dominion.Player.java" Implct="true" Intrnl_Id="515">
<Cond/>
<LocList/>
<StmntSeq Intrnl_Id="516">
<LocList/>
</StmntSeq>
</Branch>
<Keyword EndOffset="1692" SrcFileId="5" StartOffset="1690"/>
<LocList>
<Loc EndOffset="1797" SrcFileId="5" StartOffset="1690"/>
</LocList>
<RootTerm CovItemId="C6" CovItemPrefix="Brandon_Dominion.Player.java" Intrnl_Id="517">
<BasicBoolTerm Intrnl_Id="518">
<LocList>
<Loc EndOffset="1732" SrcFileId="5" StartOffset="1694"/>
</LocList>
</BasicBoolTerm>
</RootTerm>
</CondStmnt>
</StmntSeq>
</Branch>
<Keyword EndOffset="1573" SrcFileId="5" StartOffset="1571"/>
<LocList>
<Loc EndOffset="1797" SrcFileId="5" StartOffset="1571"/>
</LocList>
<RootTerm CovItemId="C5" CovItemPrefix="Brandon_Dominion.Player.java" Intrnl_Id="519">
<BasicBoolTerm Intrnl_Id="520">
<LocList>
<Loc EndOffset="1614" SrcFileId="5" StartOffset="1574"/>
</LocList>
</BasicBoolTerm>
</RootTerm>
</CondStmnt>
</StmntSeq>
</Branch>
<Keyword EndOffset="1464" SrcFileId="5" StartOffset="1462"/>
<LocList>
<Loc EndOffset="1797" SrcFileId="5" StartOffset="1462"/>
</LocList>
<RootTerm CovItemId="C4" CovItemPrefix="Brandon_Dominion.Player.java" Intrnl_Id="521">
<BasicBoolTerm Intrnl_Id="522">
<LocList>
<Loc EndOffset="1505" SrcFileId="5" StartOffset="1465"/>
</LocList>
</BasicBoolTerm>
</RootTerm>
</CondStmnt>
<BasicStmnt CovItemId="S36" CovItemPrefix="Brandon_Dominion.Player.java" Intrnl_Id="523">
<LocList>
<Loc EndOffset="1806" SrcFileId="5" StartOffset="1802"/>
</LocList>
</BasicStmnt>
</StmntSeq>
<Keyword EndOffset="1455" SrcFileId="5" StartOffset="1453"/>
<LocList>
<Loc EndOffset="1831" SrcFileId="5" StartOffset="1453"/>
</LocList>
<RootTerm CovItemId="C3" CovItemPrefix="Brandon_Dominion.Player.java" Intrnl_Id="524">
<BasicBoolTerm Intrnl_Id="525">
<LocList>
<Loc EndOffset="1829" SrcFileId="5" StartOffset="1818"/>
</LocList>
</BasicBoolTerm>
</RootTerm>
</LoopStmnt>
<BasicStmnt CovItemId="S37" CovItemPrefix="Brandon_Dominion.Player.java" Intrnl_Id="526">
<LocList>
<Loc EndOffset="1956" SrcFileId="5" StartOffset="1910"/>
</LocList>
</BasicStmnt>
</StmntSeq>
</HierarchyLvl>
<HierarchyLvl HierarchyLvlId="40" HierarchyLvlTypeId="13" Intrnl_Id="527" Name="Get_Player_Stats">
<Header>
<Loc EndOffset="2083" SrcFileId="5" StartOffset="2053"/>
</Header>
<LocList>
<Loc EndOffset="4450" SrcFileId="5" StartOffset="2053"/>
</LocList>
<StmntSeq Intrnl_Id="528">
<LocList>
<Loc EndOffset="2109" SrcFileId="5" StartOffset="2088"/>
<Loc EndOffset="2143" SrcFileId="5" StartOffset="2113"/>
<Loc EndOffset="2870" SrcFileId="5" StartOffset="2147"/>
<Loc EndOffset="3596" SrcFileId="5" StartOffset="2874"/>
<Loc EndOffset="4347" SrcFileId="5" StartOffset="3600"/>
<Loc EndOffset="4406" SrcFileId="5" StartOffset="4355"/>
<Loc EndOffset="4442" SrcFileId="5" StartOffset="4410"/>
</LocList>
<BasicStmnt CovItemId="S38" CovItemPrefix="Brandon_Dominion.Player.java" Intrnl_Id="529">
<LocList>
<Loc EndOffset="2109" SrcFileId="5" StartOffset="2088"/>
</LocList>
</BasicStmnt>
<BasicStmnt CovItemId="S39" CovItemPrefix="Brandon_Dominion.Player.java" Intrnl_Id="530">
<LocList>
<Loc EndOffset="2143" SrcFileId="5" StartOffset="2113"/>
</LocList>
</BasicStmnt>
<LoopStmnt CovItemId="S40" CovItemPrefix="Brandon_Dominion.Player.java" Intrnl_Id="531" MltplExecId="L3-2" MltplExecPrefix="Brandon_Dominion.Player.java" NvrExecId="L3-0" NvrExecPrefix="Brandon_Dominion.Player.java" OnceExecutedId="L3-1" OnceExecutedPrefix="Brandon_Dominion.Player.java" OptBodyExec="true">
<StmntSeq Intrnl_Id="532">
<LocList>
<Loc EndOffset="2865" SrcFileId="5" StartOffset="2197"/>
</LocList>
<CondStmnt CovItemId="S41" CovItemPrefix="Brandon_Dominion.Player.java" Intrnl_Id="533">
<Branch CovItemId="B9" CovItemPrefix="Brandon_Dominion.Player.java" Implct="false" Intrnl_Id="534">
<Cond/>
<LocList>
<Loc EndOffset="2263" SrcFileId="5" StartOffset="2248"/>
</LocList>
<StmntSeq Intrnl_Id="535">
<LocList>
<Loc EndOffset="2263" SrcFileId="5" StartOffset="2248"/>
</LocList>
<BasicStmnt CovItemId="S42" CovItemPrefix="Brandon_Dominion.Player.java" Intrnl_Id="536">
<LocList>
<Loc EndOffset="2263" SrcFileId="5" StartOffset="2248"/>
</LocList>
</BasicStmnt>
</StmntSeq>
</Branch>
<Branch CovItemId="B10" CovItemPrefix="Brandon_Dominion.Player.java" Implct="false" Intrnl_Id="537">
<Cond>
<Loc EndOffset="2272" SrcFileId="5" StartOffset="2268"/>
</Cond>
<LocList>
<Loc EndOffset="2865" SrcFileId="5" StartOffset="2273"/>
</LocList>
<StmntSeq Intrnl_Id="538">
<LocList>
<Loc EndOffset="2865" SrcFileId="5" StartOffset="2273"/>
</LocList>
<CondStmnt CovItemId="S43" CovItemPrefix="Brandon_Dominion.Player.java" Intrnl_Id="539">
<Branch CovItemId="B11" CovItemPrefix="Brandon_Dominion.Player.java" Implct="false" Intrnl_Id="540">
<Cond/>
<LocList>
<Loc EndOffset="2356" SrcFileId="5" StartOffset="2324"/>
</LocList>
<StmntSeq Intrnl_Id="541">
<LocList>
<Loc EndOffset="2356" SrcFileId="5" StartOffset="2324"/>
</LocList>
<BasicStmnt CovItemId="S44" CovItemPrefix="Brandon_Dominion.Player.java" Intrnl_Id="542">
<LocList>
<Loc EndOffset="2356" SrcFileId="5" StartOffset="2324"/>
</LocList>
</BasicStmnt>
</StmntSeq>
</Branch>
<Branch CovItemId="B12" CovItemPrefix="Brandon_Dominion.Player.java" Implct="false" Intrnl_Id="543">
<Cond>
<Loc EndOffset="2365" SrcFileId="5" StartOffset="2361"/>
</Cond>
<LocList>
<Loc EndOffset="2865" SrcFileId="5" StartOffset="2366"/>
</LocList>
<StmntSeq Intrnl_Id="544">
<LocList>
<Loc EndOffset="2865" SrcFileId="5" StartOffset="2366"/>
</LocList>
<CondStmnt CovItemId="S45" CovItemPrefix="Brandon_Dominion.Player.java" Intrnl_Id="545">
<Branch CovItemId="B13" CovItemPrefix="Brandon_Dominion.Player.java" Implct="false" Intrnl_Id="546">
<Cond/>
<LocList>
<Loc EndOffset="2447" SrcFileId="5" StartOffset="2415"/>
</LocList>
<StmntSeq Intrnl_Id="547">
<LocList>
<Loc EndOffset="2447" SrcFileId="5" StartOffset="2415"/>
</LocList>
<BasicStmnt CovItemId="S46" CovItemPrefix="Brandon_Dominion.Player.java" Intrnl_Id="548">
<LocList>
<Loc EndOffset="2447" SrcFileId="5" StartOffset="2415"/>
</LocList>
</BasicStmnt>
</StmntSeq>
</Branch>
<Branch CovItemId="B14" CovItemPrefix="Brandon_Dominion.Player.java" Implct="false" Intrnl_Id="549">
<Cond>
<Loc EndOffset="2456" SrcFileId="5" StartOffset="2452"/>
</Cond>
<LocList>
<Loc EndOffset="2865" SrcFileId="5" StartOffset="2457"/>
</LocList>
<StmntSeq Intrnl_Id="550">
<LocList>
<Loc EndOffset="2865" SrcFileId="5" StartOffset="2457"/>
</LocList>
<CondStmnt CovItemId="S47" CovItemPrefix="Brandon_Dominion.Player.java" Intrnl_Id="551">
<Branch CovItemId="B15" CovItemPrefix="Brandon_Dominion.Player.java" Implct="false" Intrnl_Id="552">
<Cond/>
<LocList>
<Loc EndOffset="2532" SrcFileId="5" StartOffset="2508"/>
</LocList>
<StmntSeq Intrnl_Id="553">
<LocList>
<Loc EndOffset="2532" SrcFileId="5" StartOffset="2508"/>
</LocList>
<BasicStmnt CovItemId="S48" CovItemPrefix="Brandon_Dominion.Player.java" Intrnl_Id="554">
<LocList>
<Loc EndOffset="2532" SrcFileId="5" StartOffset="2508"/>
</LocList>
</BasicStmnt>
</StmntSeq>
</Branch>
<Branch CovItemId="B16" CovItemPrefix="Brandon_Dominion.Player.java" Implct="false" Intrnl_Id="555">
<Cond>
<Loc EndOffset="2541" SrcFileId="5" StartOffset="2537"/>
</Cond>
<LocList>
<Loc EndOffset="2865" SrcFileId="5" StartOffset="2542"/>
</LocList>
<StmntSeq Intrnl_Id="556">
<LocList>
<Loc EndOffset="2865" SrcFileId="5" StartOffset="2542"/>
</LocList>
<CondStmnt CovItemId="S49" CovItemPrefix="Brandon_Dominion.Player.java" Intrnl_Id="557">
<Branch CovItemId="B17" CovItemPrefix="Brandon_Dominion.Player.java" Implct="false" Intrnl_Id="558">
<Cond/>
<LocList>
<Loc EndOffset="2642" SrcFileId="5" StartOffset="2592"/>
</LocList>
<StmntSeq Intrnl_Id="559">
<LocList>
<Loc EndOffset="2642" SrcFileId="5" StartOffset="2592"/>
</LocList>
<BasicStmnt CovItemId="S50" CovItemPrefix="Brandon_Dominion.Player.java" Intrnl_Id="560">
<LocList>
<Loc EndOffset="2642" SrcFileId="5" StartOffset="2592"/>
</LocList>
</BasicStmnt>
</StmntSeq>
</Branch>
<Branch CovItemId="B18" CovItemPrefix="Brandon_Dominion.Player.java" Implct="false" Intrnl_Id="561">
<Cond>
<Loc EndOffset="2651" SrcFileId="5" StartOffset="2647"/>
</Cond>
<LocList>
<Loc EndOffset="2865" SrcFileId="5" StartOffset="2652"/>
</LocList>
<StmntSeq Intrnl_Id="562">
<LocList>
<Loc EndOffset="2865" SrcFileId="5" StartOffset="2652"/>
</LocList>
<CondStmnt CovItemId="S51" CovItemPrefix="Brandon_Dominion.Player.java" Intrnl_Id="563">
<Branch CovItemId="B19" CovItemPrefix="Brandon_Dominion.Player.java" Implct="false" Intrnl_Id="564">
<Cond/>
<LocList>
<Loc EndOffset="2755" SrcFileId="5" StartOffset="2705"/>
</LocList>
<StmntSeq Intrnl_Id="565">
<LocList>
<Loc EndOffset="2755" SrcFileId="5" StartOffset="2705"/>
</LocList>
<BasicStmnt CovItemId="S52" CovItemPrefix="Brandon_Dominion.Player.java" Intrnl_Id="566">
<LocList>
<Loc EndOffset="2755" SrcFileId="5" StartOffset="2705"/>
</LocList>
</BasicStmnt>
</StmntSeq>
</Branch>
<Branch CovItemId="B20" CovItemPrefix="Brandon_Dominion.Player.java" Implct="false" Intrnl_Id="567">
<Cond>
<Loc EndOffset="2764" SrcFileId="5" StartOffset="2760"/>
</Cond>
<LocList>
<Loc EndOffset="2865" SrcFileId="5" StartOffset="2765"/>
</LocList>
<StmntSeq Intrnl_Id="568">
<LocList>
<Loc EndOffset="2865" SrcFileId="5" StartOffset="2765"/>
</LocList>
<CondStmnt CovItemId="S53" CovItemPrefix="Brandon_Dominion.Player.java" Intrnl_Id="569">
<Branch CovItemId="B21" CovItemPrefix="Brandon_Dominion.Player.java" Implct="false" Intrnl_Id="570">
<Cond/>
<LocList>
<Loc EndOffset="2865" SrcFileId="5" StartOffset="2815"/>
</LocList>
<StmntSeq Intrnl_Id="571">
<LocList>
<Loc EndOffset="2865" SrcFileId="5" StartOffset="2815"/>
</LocList>
<BasicStmnt CovItemId="S54" CovItemPrefix="Brandon_Dominion.Player.java" Intrnl_Id="572">
<LocList>
<Loc EndOffset="2865" SrcFileId="5" StartOffset="2815"/>
</LocList>
</BasicStmnt>
</StmntSeq>
</Branch>
<Branch CovItemId="B22" CovItemPrefix="Brandon_Dominion.Player.java" Implct="true" Intrnl_Id="573">
<Cond/>
<LocList/>
<StmntSeq Intrnl_Id="574">
<LocList/>
</StmntSeq>
</Branch>
<Keyword EndOffset="2767" SrcFileId="5" StartOffset="2765"/>
<LocList>
<Loc EndOffset="2865" SrcFileId="5" StartOffset="2765"/>
</LocList>
<RootTerm CovItemId="C14" CovItemPrefix="Brandon_Dominion.Player.java" Intrnl_Id="575">
<BasicBoolTerm Intrnl_Id="576">
<LocList>
<Loc EndOffset="2808" SrcFileId="5" StartOffset="2769"/>
</LocList>
</BasicBoolTerm>
</RootTerm>
</CondStmnt>
</StmntSeq>
</Branch>
<Keyword EndOffset="2654" SrcFileId="5" StartOffset="2652"/>
<LocList>
<Loc EndOffset="2865" SrcFileId="5" StartOffset="2652"/>
</LocList>
<RootTerm CovItemId="C13" CovItemPrefix="Brandon_Dominion.Player.java" Intrnl_Id="577">
<BasicBoolTerm Intrnl_Id="578">
<LocList>
<Loc EndOffset="2698" SrcFileId="5" StartOffset="2656"/>
</LocList>
</BasicBoolTerm>
</RootTerm>
</CondStmnt>
</StmntSeq>
</Branch>
<Keyword EndOffset="2544" SrcFileId="5" StartOffset="2542"/>
<LocList>
<Loc EndOffset="2865" SrcFileId="5" StartOffset="2542"/>
</LocList>
<RootTerm CovItemId="C12" CovItemPrefix="Brandon_Dominion.Player.java" Intrnl_Id="579">
<BasicBoolTerm Intrnl_Id="580">
<LocList>
<Loc EndOffset="2585" SrcFileId="5" StartOffset="2546"/>
</LocList>
</BasicBoolTerm>
</RootTerm>
</CondStmnt>
</StmntSeq>
</Branch>
<Keyword EndOffset="2459" SrcFileId="5" StartOffset="2457"/>
<LocList>
<Loc EndOffset="2865" SrcFileId="5" StartOffset="2457"/>
</LocList>
<RootTerm CovItemId="C11" CovItemPrefix="Brandon_Dominion.Player.java" Intrnl_Id="581">
<BasicBoolTerm Intrnl_Id="582">
<LocList>
<Loc EndOffset="2501" SrcFileId="5" StartOffset="2461"/>
</LocList>
</BasicBoolTerm>
</RootTerm>
</CondStmnt>
</StmntSeq>
</Branch>
<Keyword EndOffset="2368" SrcFileId="5" StartOffset="2366"/>
<LocList>
<Loc EndOffset="2865" SrcFileId="5" StartOffset="2366"/>
</LocList>
<RootTerm CovItemId="C10" CovItemPrefix="Brandon_Dominion.Player.java" Intrnl_Id="583">
<BasicBoolTerm Intrnl_Id="584">
<LocList>
<Loc EndOffset="2408" SrcFileId="5" StartOffset="2370"/>
</LocList>
</BasicBoolTerm>
</RootTerm>
</CondStmnt>
</StmntSeq>
</Branch>
<Keyword EndOffset="2275" SrcFileId="5" StartOffset="2273"/>
<LocList>
<Loc EndOffset="2865" SrcFileId="5" StartOffset="2273"/>
</LocList>
<RootTerm CovItemId="C9" CovItemPrefix="Brandon_Dominion.Player.java" Intrnl_Id="585">
<BasicBoolTerm Intrnl_Id="586">
<LocList>
<Loc EndOffset="2317" SrcFileId="5" StartOffset="2277"/>
</LocList>
</BasicBoolTerm>
</RootTerm>
</CondStmnt>
</StmntSeq>
</Branch>
<Keyword EndOffset="2199" SrcFileId="5" StartOffset="2197"/>
<LocList>
<Loc EndOffset="2865" SrcFileId="5" StartOffset="2197"/>
</LocList>
<RootTerm CovItemId="C8" CovItemPrefix="Brandon_Dominion.Player.java" Intrnl_Id="587">
<BasicBoolTerm Intrnl_Id="588">
<LocList>
<Loc EndOffset="2241" SrcFileId="5" StartOffset="2201"/>
</LocList>
</BasicBoolTerm>
</RootTerm>
</CondStmnt>
</StmntSeq>
<Keyword EndOffset="2150" SrcFileId="5" StartOffset="2147"/>
<LocList>
<Loc EndOffset="2870" SrcFileId="5" StartOffset="2147"/>
</LocList>
<RootTerm CovItemId="C7" CovItemPrefix="Brandon_Dominion.Player.java" Intrnl_Id="589">
<BasicBoolTerm Intrnl_Id="590">
<LocList>
<Loc EndOffset="2184" SrcFileId="5" StartOffset="2162"/>
</LocList>
</BasicBoolTerm>
</RootTerm>
</LoopStmnt>
<LoopStmnt CovItemId="S55" CovItemPrefix="Brandon_Dominion.Player.java" Intrnl_Id="591" MltplExecId="L4-2" MltplExecPrefix="Brandon_Dominion.Player.java" NvrExecId="L4-0" NvrExecPrefix="Brandon_Dominion.Player.java" OnceExecutedId="L4-1" OnceExecutedPrefix="Brandon_Dominion.Player.java" OptBodyExec="true">
<StmntSeq Intrnl_Id="592">
<LocList>
<Loc EndOffset="3591" SrcFileId="5" StartOffset="2923"/>
</LocList>
<CondStmnt CovItemId="S56" CovItemPrefix="Brandon_Dominion.Player.java" Intrnl_Id="593">
<Branch CovItemId="B23" CovItemPrefix="Brandon_Dominion.Player.java" Implct="false" Intrnl_Id="594">
<Cond/>
<LocList>
<Loc EndOffset="2989" SrcFileId="5" StartOffset="2974"/>
</LocList>
<StmntSeq Intrnl_Id="595">
<LocList>
<Loc EndOffset="2989" SrcFileId="5" StartOffset="2974"/>
</LocList>
<BasicStmnt CovItemId="S57" CovItemPrefix="Brandon_Dominion.Player.java" Intrnl_Id="596">
<LocList>
<Loc EndOffset="2989" SrcFileId="5" StartOffset="2974"/>
</LocList>
</BasicStmnt>
</StmntSeq>
</Branch>
<Branch CovItemId="B24" CovItemPrefix="Brandon_Dominion.Player.java" Implct="false" Intrnl_Id="597">
<Cond>
<Loc EndOffset="2998" SrcFileId="5" StartOffset="2994"/>
</Cond>
<LocList>
<Loc EndOffset="3591" SrcFileId="5" StartOffset="2999"/>
</LocList>
<StmntSeq Intrnl_Id="598">
<LocList>
<Loc EndOffset="3591" SrcFileId="5" StartOffset="2999"/>
</LocList>
<CondStmnt CovItemId="S58" CovItemPrefix="Brandon_Dominion.Player.java" Intrnl_Id="599">
<Branch CovItemId="B25" CovItemPrefix="Brandon_Dominion.Player.java" Implct="false" Intrnl_Id="600">
<Cond/>
<LocList>
<Loc EndOffset="3082" SrcFileId="5" StartOffset="3050"/>
</LocList>
<StmntSeq Intrnl_Id="601">
<LocList>
<Loc EndOffset="3082" SrcFileId="5" StartOffset="3050"/>
</LocList>
<BasicStmnt CovItemId="S59" CovItemPrefix="Brandon_Dominion.Player.java" Intrnl_Id="602">
<LocList>
<Loc EndOffset="3082" SrcFileId="5" StartOffset="3050"/>
</LocList>
</BasicStmnt>
</StmntSeq>
</Branch>
<Branch CovItemId="B26" CovItemPrefix="Brandon_Dominion.Player.java" Implct="false" Intrnl_Id="603">
<Cond>
<Loc EndOffset="3091" SrcFileId="5" StartOffset="3087"/>
</Cond>
<LocList>
<Loc EndOffset="3591" SrcFileId="5" StartOffset="3092"/>
</LocList>
<StmntSeq Intrnl_Id="604">
<LocList>
<Loc EndOffset="3591" SrcFileId="5" StartOffset="3092"/>
</LocList>
<CondStmnt CovItemId="S60" CovItemPrefix="Brandon_Dominion.Player.java" Intrnl_Id="605">
<Branch CovItemId="B27" CovItemPrefix="Brandon_Dominion.Player.java" Implct="false" Intrnl_Id="606">
<Cond/>
<LocList>
<Loc EndOffset="3173" SrcFileId="5" StartOffset="3141"/>
</LocList>
<StmntSeq Intrnl_Id="607">
<LocList>
<Loc EndOffset="3173" SrcFileId="5" StartOffset="3141"/>
</LocList>
<BasicStmnt CovItemId="S61" CovItemPrefix="Brandon_Dominion.Player.java" Intrnl_Id="608">
<LocList>
<Loc EndOffset="3173" SrcFileId="5" StartOffset="3141"/>
</LocList>
</BasicStmnt>
</StmntSeq>
</Branch>
<Branch CovItemId="B28" CovItemPrefix="Brandon_Dominion.Player.java" Implct="false" Intrnl_Id="609">
<Cond>
<Loc EndOffset="3182" SrcFileId="5" StartOffset="3178"/>
</Cond>
<LocList>
<Loc EndOffset="3591" SrcFileId="5" StartOffset="3183"/>
</LocList>
<StmntSeq Intrnl_Id="610">
<LocList>
<Loc EndOffset="3591" SrcFileId="5" StartOffset="3183"/>
</LocList>
<CondStmnt CovItemId="S62" CovItemPrefix="Brandon_Dominion.Player.java" Intrnl_Id="611">
<Branch CovItemId="B29" CovItemPrefix="Brandon_Dominion.Player.java" Implct="false" Intrnl_Id="612">
<Cond/>
<LocList>
<Loc EndOffset="3258" SrcFileId="5" StartOffset="3234"/>
</LocList>
<StmntSeq Intrnl_Id="613">
<LocList>
<Loc EndOffset="3258" SrcFileId="5" StartOffset="3234"/>
</LocList>
<BasicStmnt CovItemId="S63" CovItemPrefix="Brandon_Dominion.Player.java" Intrnl_Id="614">
<LocList>
<Loc EndOffset="3258" SrcFileId="5" StartOffset="3234"/>
</LocList>
</BasicStmnt>
</StmntSeq>
</Branch>
<Branch CovItemId="B30" CovItemPrefix="Brandon_Dominion.Player.java" Implct="false" Intrnl_Id="615">
<Cond>
<Loc EndOffset="3267" SrcFileId="5" StartOffset="3263"/>
</Cond>
<LocList>
<Loc EndOffset="3591" SrcFileId="5" StartOffset="3268"/>
</LocList>
<StmntSeq Intrnl_Id="616">
<LocList>
<Loc EndOffset="3591" SrcFileId="5" StartOffset="3268"/>
</LocList>
<CondStmnt CovItemId="S64" CovItemPrefix="Brandon_Dominion.Player.java" Intrnl_Id="617">
<Branch CovItemId="B31" CovItemPrefix="Brandon_Dominion.Player.java" Implct="false" Intrnl_Id="618">
<Cond/>
<LocList>
<Loc EndOffset="3368" SrcFileId="5" StartOffset="3318"/>
</LocList>
<StmntSeq Intrnl_Id="619">
<LocList>
<Loc EndOffset="3368" SrcFileId="5" StartOffset="3318"/>
</LocList>
<BasicStmnt CovItemId="S65" CovItemPrefix="Brandon_Dominion.Player.java" Intrnl_Id="620">
<LocList>
<Loc EndOffset="3368" SrcFileId="5" StartOffset="3318"/>
</LocList>
</BasicStmnt>
</StmntSeq>
</Branch>
<Branch CovItemId="B32" CovItemPrefix="Brandon_Dominion.Player.java" Implct="false" Intrnl_Id="621">
<Cond>
<Loc EndOffset="3377" SrcFileId="5" StartOffset="3373"/>
</Cond>
<LocList>
<Loc EndOffset="3591" SrcFileId="5" StartOffset="3378"/>
</LocList>
<StmntSeq Intrnl_Id="622">
<LocList>
<Loc EndOffset="3591" SrcFileId="5" StartOffset="3378"/>
</LocList>
<CondStmnt CovItemId="S66" CovItemPrefix="Brandon_Dominion.Player.java" Intrnl_Id="623">
<Branch CovItemId="B33" CovItemPrefix="Brandon_Dominion.Player.java" Implct="false" Intrnl_Id="624">
<Cond/>
<LocList>
<Loc EndOffset="3481" SrcFileId="5" StartOffset="3431"/>
</LocList>
<StmntSeq Intrnl_Id="625">
<LocList>
<Loc EndOffset="3481" SrcFileId="5" StartOffset="3431"/>
</LocList>
<BasicStmnt CovItemId="S67" CovItemPrefix="Brandon_Dominion.Player.java" Intrnl_Id="626">
<LocList>
<Loc EndOffset="3481" SrcFileId="5" StartOffset="3431"/>
</LocList>
</BasicStmnt>
</StmntSeq>
</Branch>
<Branch CovItemId="B34" CovItemPrefix="Brandon_Dominion.Player.java" Implct="false" Intrnl_Id="627">
<Cond>
<Loc EndOffset="3490" SrcFileId="5" StartOffset="3486"/>
</Cond>
<LocList>
<Loc EndOffset="3591" SrcFileId="5" StartOffset="3491"/>
</LocList>
<StmntSeq Intrnl_Id="628">
<LocList>
<Loc EndOffset="3591" SrcFileId="5" StartOffset="3491"/>
</LocList>
<CondStmnt CovItemId="S68" CovItemPrefix="Brandon_Dominion.Player.java" Intrnl_Id="629">
<Branch CovItemId="B35" CovItemPrefix="Brandon_Dominion.Player.java" Implct="false" Intrnl_Id="630">
<Cond/>
<LocList>
<Loc EndOffset="3591" SrcFileId="5" StartOffset="3541"/>
</LocList>
<StmntSeq Intrnl_Id="631">
<LocList>
<Loc EndOffset="3591" SrcFileId="5" StartOffset="3541"/>
</LocList>
<BasicStmnt CovItemId="S69" CovItemPrefix="Brandon_Dominion.Player.java" Intrnl_Id="632">
<LocList>
<Loc EndOffset="3591" SrcFileId="5" StartOffset="3541"/>
</LocList>
</BasicStmnt>
</StmntSeq>
</Branch>
<Branch CovItemId="B36" CovItemPrefix="Brandon_Dominion.Player.java" Implct="true" Intrnl_Id="633">
<Cond/>
<LocList/>
<StmntSeq Intrnl_Id="634">
<LocList/>
</StmntSeq>
</Branch>
<Keyword EndOffset="3493" SrcFileId="5" StartOffset="3491"/>
<LocList>
<Loc EndOffset="3591" SrcFileId="5" StartOffset="3491"/>
</LocList>
<RootTerm CovItemId="C22" CovItemPrefix="Brandon_Dominion.Player.java" Intrnl_Id="635">
<BasicBoolTerm Intrnl_Id="636">
<LocList>
<Loc EndOffset="3534" SrcFileId="5" StartOffset="3495"/>
</LocList>
</BasicBoolTerm>
</RootTerm>
</CondStmnt>
</StmntSeq>
</Branch>
<Keyword EndOffset="3380" SrcFileId="5" StartOffset="3378"/>
<LocList>
<Loc EndOffset="3591" SrcFileId="5" StartOffset="3378"/>
</LocList>
<RootTerm CovItemId="C21" CovItemPrefix="Brandon_Dominion.Player.java" Intrnl_Id="637">
<BasicBoolTerm Intrnl_Id="638">
<LocList>
<Loc EndOffset="3424" SrcFileId="5" StartOffset="3382"/>
</LocList>
</BasicBoolTerm>
</RootTerm>
</CondStmnt>
</StmntSeq>
</Branch>
<Keyword EndOffset="3270" SrcFileId="5" StartOffset="3268"/>
<LocList>
<Loc EndOffset="3591" SrcFileId="5" StartOffset="3268"/>
</LocList>
<RootTerm CovItemId="C20" CovItemPrefix="Brandon_Dominion.Player.java" Intrnl_Id="639">
<BasicBoolTerm Intrnl_Id="640">
<LocList>
<Loc EndOffset="3311" SrcFileId="5" StartOffset="3272"/>
</LocList>
</BasicBoolTerm>
</RootTerm>
</CondStmnt>
</StmntSeq>
</Branch>
<Keyword EndOffset="3185" SrcFileId="5" StartOffset="3183"/>
<LocList>
<Loc EndOffset="3591" SrcFileId="5" StartOffset="3183"/>
</LocList>
<RootTerm CovItemId="C19" CovItemPrefix="Brandon_Dominion.Player.java" Intrnl_Id="641">
<BasicBoolTerm Intrnl_Id="642">
<LocList>
<Loc EndOffset="3227" SrcFileId="5" StartOffset="3187"/>
</LocList>
</BasicBoolTerm>
</RootTerm>
</CondStmnt>
</StmntSeq>
</Branch>
<Keyword EndOffset="3094" SrcFileId="5" StartOffset="3092"/>
<LocList>
<Loc EndOffset="3591" SrcFileId="5" StartOffset="3092"/>
</LocList>
<RootTerm CovItemId="C18" CovItemPrefix="Brandon_Dominion.Player.java" Intrnl_Id="643">
<BasicBoolTerm Intrnl_Id="644">
<LocList>
<Loc EndOffset="3134" SrcFileId="5" StartOffset="3096"/>
</LocList>
</BasicBoolTerm>
</RootTerm>
</CondStmnt>
</StmntSeq>
</Branch>
<Keyword EndOffset="3001" SrcFileId="5" StartOffset="2999"/>
<LocList>
<Loc EndOffset="3591" SrcFileId="5" StartOffset="2999"/>
</LocList>
<RootTerm CovItemId="C17" CovItemPrefix="Brandon_Dominion.Player.java" Intrnl_Id="645">
<BasicBoolTerm Intrnl_Id="646">
<LocList>
<Loc EndOffset="3043" SrcFileId="5" StartOffset="3003"/>
</LocList>
</BasicBoolTerm>
</RootTerm>
</CondStmnt>
</StmntSeq>
</Branch>
<Keyword EndOffset="2925" SrcFileId="5" StartOffset="2923"/>
<LocList>
<Loc EndOffset="3591" SrcFileId="5" StartOffset="2923"/>
</LocList>
<RootTerm CovItemId="C16" CovItemPrefix="Brandon_Dominion.Player.java" Intrnl_Id="647">
<BasicBoolTerm Intrnl_Id="648">
<LocList>
<Loc EndOffset="2967" SrcFileId="5" StartOffset="2927"/>
</LocList>
</BasicBoolTerm>
</RootTerm>
</CondStmnt>
</StmntSeq>
<Keyword EndOffset="2877" SrcFileId="5" StartOffset="2874"/>
<LocList>
<Loc EndOffset="3596" SrcFileId="5" StartOffset="2874"/>
</LocList>
<RootTerm CovItemId="C15" CovItemPrefix="Brandon_Dominion.Player.java" Intrnl_Id="649">
<BasicBoolTerm Intrnl_Id="650">
<LocList>
<Loc EndOffset="2912" SrcFileId="5" StartOffset="2890"/>
</LocList>
</BasicBoolTerm>
</RootTerm>
</LoopStmnt>
<LoopStmnt CovItemId="S70" CovItemPrefix="Brandon_Dominion.Player.java" Intrnl_Id="651" MltplExecId="L5-2" MltplExecPrefix="Brandon_Dominion.Player.java" NvrExecId="L5-0" NvrExecPrefix="Brandon_Dominion.Player.java" OnceExecutedId="L5-1" OnceExecutedPrefix="Brandon_Dominion.Player.java" OptBodyExec="true">
<StmntSeq Intrnl_Id="652">
<LocList>
<Loc EndOffset="4341" SrcFileId="5" StartOffset="3652"/>
</LocList>
<CondStmnt CovItemId="S71" CovItemPrefix="Brandon_Dominion.Player.java" Intrnl_Id="653">
<Branch CovItemId="B37" CovItemPrefix="Brandon_Dominion.Player.java" Implct="false" Intrnl_Id="654">
<Cond/>
<LocList>
<Loc EndOffset="3721" SrcFileId="5" StartOffset="3706"/>
</LocList>
<StmntSeq Intrnl_Id="655">
<LocList>
<Loc EndOffset="3721" SrcFileId="5" StartOffset="3706"/>
</LocList>
<BasicStmnt CovItemId="S72" CovItemPrefix="Brandon_Dominion.Player.java" Intrnl_Id="656">
<LocList>
<Loc EndOffset="3721" SrcFileId="5" StartOffset="3706"/>
</LocList>
</BasicStmnt>
</StmntSeq>
</Branch>
<Branch CovItemId="B38" CovItemPrefix="Brandon_Dominion.Player.java" Implct="false" Intrnl_Id="657">
<Cond>
<Loc EndOffset="3730" SrcFileId="5" StartOffset="3726"/>
</Cond>
<LocList>
<Loc EndOffset="4341" SrcFileId="5" StartOffset="3731"/>
</LocList>
<StmntSeq Intrnl_Id="658">
<LocList>
<Loc EndOffset="4341" SrcFileId="5" StartOffset="3731"/>
</LocList>
<CondStmnt CovItemId="S73" CovItemPrefix="Brandon_Dominion.Player.java" Intrnl_Id="659">
<Branch CovItemId="B39" CovItemPrefix="Brandon_Dominion.Player.java" Implct="false" Intrnl_Id="660">
<Cond/>
<LocList>
<Loc EndOffset="3817" SrcFileId="5" StartOffset="3785"/>
</LocList>
<StmntSeq Intrnl_Id="661">
<LocList>
<Loc EndOffset="3817" SrcFileId="5" StartOffset="3785"/>
</LocList>
<BasicStmnt CovItemId="S74" CovItemPrefix="Brandon_Dominion.Player.java" Intrnl_Id="662">
<LocList>
<Loc EndOffset="3817" SrcFileId="5" StartOffset="3785"/>
</LocList>
</BasicStmnt>
</StmntSeq>
</Branch>
<Branch CovItemId="B40" CovItemPrefix="Brandon_Dominion.Player.java" Implct="false" Intrnl_Id="663">
<Cond>
<Loc EndOffset="3826" SrcFileId="5" StartOffset="3822"/>
</Cond>
<LocList>
<Loc EndOffset="4341" SrcFileId="5" StartOffset="3827"/>
</LocList>
<StmntSeq Intrnl_Id="664">
<LocList>
<Loc EndOffset="4341" SrcFileId="5" StartOffset="3827"/>
</LocList>
<CondStmnt CovItemId="S75" CovItemPrefix="Brandon_Dominion.Player.java" Intrnl_Id="665">
<Branch CovItemId="B41" CovItemPrefix="Brandon_Dominion.Player.java" Implct="false" Intrnl_Id="666">
<Cond/>
<LocList>
<Loc EndOffset="3911" SrcFileId="5" StartOffset="3879"/>
</LocList>
<StmntSeq Intrnl_Id="667">
<LocList>
<Loc EndOffset="3911" SrcFileId="5" StartOffset="3879"/>
</LocList>
<BasicStmnt CovItemId="S76" CovItemPrefix="Brandon_Dominion.Player.java" Intrnl_Id="668">
<LocList>
<Loc EndOffset="3911" SrcFileId="5" StartOffset="3879"/>
</LocList>
</BasicStmnt>
</StmntSeq>
</Branch>
<Branch CovItemId="B42" CovItemPrefix="Brandon_Dominion.Player.java" Implct="false" Intrnl_Id="669">
<Cond>
<Loc EndOffset="3920" SrcFileId="5" StartOffset="3916"/>
</Cond>
<LocList>
<Loc EndOffset="4341" SrcFileId="5" StartOffset="3921"/>
</LocList>
<StmntSeq Intrnl_Id="670">
<LocList>
<Loc EndOffset="4341" SrcFileId="5" StartOffset="3921"/>
</LocList>
<CondStmnt CovItemId="S77" CovItemPrefix="Brandon_Dominion.Player.java" Intrnl_Id="671">
<Branch CovItemId="B43" CovItemPrefix="Brandon_Dominion.Player.java" Implct="false" Intrnl_Id="672">
<Cond/>
<LocList>
<Loc EndOffset="3999" SrcFileId="5" StartOffset="3975"/>
</LocList>
<StmntSeq Intrnl_Id="673">
<LocList>
<Loc EndOffset="3999" SrcFileId="5" StartOffset="3975"/>
</LocList>
<BasicStmnt CovItemId="S78" CovItemPrefix="Brandon_Dominion.Player.java" Intrnl_Id="674">
<LocList>
<Loc EndOffset="3999" SrcFileId="5" StartOffset="3975"/>
</LocList>
</BasicStmnt>
</StmntSeq>
</Branch>
<Branch CovItemId="B44" CovItemPrefix="Brandon_Dominion.Player.java" Implct="false" Intrnl_Id="675">
<Cond>
<Loc EndOffset="4008" SrcFileId="5" StartOffset="4004"/>
</Cond>
<LocList>
<Loc EndOffset="4341" SrcFileId="5" StartOffset="4009"/>
</LocList>
<StmntSeq Intrnl_Id="676">
<LocList>
<Loc EndOffset="4341" SrcFileId="5" StartOffset="4009"/>
</LocList>
<CondStmnt CovItemId="S79" CovItemPrefix="Brandon_Dominion.Player.java" Intrnl_Id="677">
<Branch CovItemId="B45" CovItemPrefix="Brandon_Dominion.Player.java" Implct="false" Intrnl_Id="678">
<Cond/>
<LocList>
<Loc EndOffset="4112" SrcFileId="5" StartOffset="4062"/>
</LocList>
<StmntSeq Intrnl_Id="679">
<LocList>
<Loc EndOffset="4112" SrcFileId="5" StartOffset="4062"/>
</LocList>
<BasicStmnt CovItemId="S80" CovItemPrefix="Brandon_Dominion.Player.java" Intrnl_Id="680">
<LocList>
<Loc EndOffset="4112" SrcFileId="5" StartOffset="4062"/>
</LocList>
</BasicStmnt>
</StmntSeq>
</Branch>
<Branch CovItemId="B46" CovItemPrefix="Brandon_Dominion.Player.java" Implct="false" Intrnl_Id="681">
<Cond>
<Loc EndOffset="4121" SrcFileId="5" StartOffset="4117"/>
</Cond>
<LocList>
<Loc EndOffset="4341" SrcFileId="5" StartOffset="4122"/>
</LocList>
<StmntSeq Intrnl_Id="682">
<LocList>
<Loc EndOffset="4341" SrcFileId="5" StartOffset="4122"/>
</LocList>
<CondStmnt CovItemId="S81" CovItemPrefix="Brandon_Dominion.Player.java" Intrnl_Id="683">
<Branch CovItemId="B47" CovItemPrefix="Brandon_Dominion.Player.java" Implct="false" Intrnl_Id="684">
<Cond/>
<LocList>
<Loc EndOffset="4228" SrcFileId="5" StartOffset="4178"/>
</LocList>
<StmntSeq Intrnl_Id="685">
<LocList>
<Loc EndOffset="4228" SrcFileId="5" StartOffset="4178"/>
</LocList>
<BasicStmnt CovItemId="S82" CovItemPrefix="Brandon_Dominion.Player.java" Intrnl_Id="686">
<LocList>
<Loc EndOffset="4228" SrcFileId="5" StartOffset="4178"/>
</LocList>
</BasicStmnt>
</StmntSeq>
</Branch>
<Branch CovItemId="B48" CovItemPrefix="Brandon_Dominion.Player.java" Implct="false" Intrnl_Id="687">
<Cond>
<Loc EndOffset="4237" SrcFileId="5" StartOffset="4233"/>
</Cond>
<LocList>
<Loc EndOffset="4341" SrcFileId="5" StartOffset="4238"/>
</LocList>
<StmntSeq Intrnl_Id="688">
<LocList>
<Loc EndOffset="4341" SrcFileId="5" StartOffset="4238"/>
</LocList>
<CondStmnt CovItemId="S83" CovItemPrefix="Brandon_Dominion.Player.java" Intrnl_Id="689">
<Branch CovItemId="B49" CovItemPrefix="Brandon_Dominion.Player.java" Implct="false" Intrnl_Id="690">
<Cond/>
<LocList>
<Loc EndOffset="4341" SrcFileId="5" StartOffset="4291"/>
</LocList>
<StmntSeq Intrnl_Id="691">
<LocList>
<Loc EndOffset="4341" SrcFileId="5" StartOffset="4291"/>
</LocList>
<BasicStmnt CovItemId="S84" CovItemPrefix="Brandon_Dominion.Player.java" Intrnl_Id="692">
<LocList>
<Loc EndOffset="4341" SrcFileId="5" StartOffset="4291"/>
</LocList>
</BasicStmnt>
</StmntSeq>
</Branch>
<Branch CovItemId="B50" CovItemPrefix="Brandon_Dominion.Player.java" Implct="true" Intrnl_Id="693">
<Cond/>
<LocList/>
<StmntSeq Intrnl_Id="694">
<LocList/>
</StmntSeq>
</Branch>
<Keyword EndOffset="4240" SrcFileId="5" StartOffset="4238"/>
<LocList>
<Loc EndOffset="4341" SrcFileId="5" StartOffset="4238"/>
</LocList>
<RootTerm CovItemId="C30" CovItemPrefix="Brandon_Dominion.Player.java" Intrnl_Id="695">
<BasicBoolTerm Intrnl_Id="696">
<LocList>
<Loc EndOffset="4284" SrcFileId="5" StartOffset="4242"/>
</LocList>
</BasicBoolTerm>
</RootTerm>
</CondStmnt>
</StmntSeq>
</Branch>
<Keyword EndOffset="4124" SrcFileId="5" StartOffset="4122"/>
<LocList>
<Loc EndOffset="4341" SrcFileId="5" StartOffset="4122"/>
</LocList>
<RootTerm CovItemId="C29" CovItemPrefix="Brandon_Dominion.Player.java" Intrnl_Id="697">
<BasicBoolTerm Intrnl_Id="698">
<LocList>
<Loc EndOffset="4171" SrcFileId="5" StartOffset="4126"/>
</LocList>
</BasicBoolTerm>
</RootTerm>
</CondStmnt>
</StmntSeq>
</Branch>
<Keyword EndOffset="4011" SrcFileId="5" StartOffset="4009"/>
<LocList>
<Loc EndOffset="4341" SrcFileId="5" StartOffset="4009"/>
</LocList>
<RootTerm CovItemId="C28" CovItemPrefix="Brandon_Dominion.Player.java" Intrnl_Id="699">
<BasicBoolTerm Intrnl_Id="700">
<LocList>
<Loc EndOffset="4055" SrcFileId="5" StartOffset="4013"/>
</LocList>
</BasicBoolTerm>
</RootTerm>
</CondStmnt>
</StmntSeq>
</Branch>
<Keyword EndOffset="3923" SrcFileId="5" StartOffset="3921"/>
<LocList>
<Loc EndOffset="4341" SrcFileId="5" StartOffset="3921"/>
</LocList>
<RootTerm CovItemId="C27" CovItemPrefix="Brandon_Dominion.Player.java" Intrnl_Id="701">
<BasicBoolTerm Intrnl_Id="702">
<LocList>
<Loc EndOffset="3968" SrcFileId="5" StartOffset="3925"/>
</LocList>
</BasicBoolTerm>
</RootTerm>
</CondStmnt>
</StmntSeq>
</Branch>
<Keyword EndOffset="3829" SrcFileId="5" StartOffset="3827"/>
<LocList>
<Loc EndOffset="4341" SrcFileId="5" StartOffset="3827"/>
</LocList>
<RootTerm CovItemId="C26" CovItemPrefix="Brandon_Dominion.Player.java" Intrnl_Id="703">
<BasicBoolTerm Intrnl_Id="704">
<LocList>
<Loc EndOffset="3872" SrcFileId="5" StartOffset="3831"/>
</LocList>
</BasicBoolTerm>
</RootTerm>
</CondStmnt>
</StmntSeq>
</Branch>
<Keyword EndOffset="3733" SrcFileId="5" StartOffset="3731"/>
<LocList>
<Loc EndOffset="4341" SrcFileId="5" StartOffset="3731"/>
</LocList>
<RootTerm CovItemId="C25" CovItemPrefix="Brandon_Dominion.Player.java" Intrnl_Id="705">
<BasicBoolTerm Intrnl_Id="706">
<LocList>
<Loc EndOffset="3778" SrcFileId="5" StartOffset="3735"/>
</LocList>
</BasicBoolTerm>
</RootTerm>
</CondStmnt>
</StmntSeq>
</Branch>
<Keyword EndOffset="3654" SrcFileId="5" StartOffset="3652"/>
<LocList>
<Loc EndOffset="4341" SrcFileId="5" StartOffset="3652"/>
</LocList>
<RootTerm CovItemId="C24" CovItemPrefix="Brandon_Dominion.Player.java" Intrnl_Id="707">
<BasicBoolTerm Intrnl_Id="708">
<LocList>
<Loc EndOffset="3699" SrcFileId="5" StartOffset="3656"/>
</LocList>
</BasicBoolTerm>
</RootTerm>
</CondStmnt>
</StmntSeq>
<Keyword EndOffset="3603" SrcFileId="5" StartOffset="3600"/>
<LocList>
<Loc EndOffset="4347" SrcFileId="5" StartOffset="3600"/>
</LocList>
<RootTerm CovItemId="C23" CovItemPrefix="Brandon_Dominion.Player.java" Intrnl_Id="709">
<BasicBoolTerm Intrnl_Id="710">
<LocList>
<Loc EndOffset="3641" SrcFileId="5" StartOffset="3616"/>
</LocList>
</BasicBoolTerm>
</RootTerm>
</LoopStmnt>
<BasicStmnt CovItemId="S85" CovItemPrefix="Brandon_Dominion.Player.java" Intrnl_Id="711">
<LocList>
<Loc EndOffset="4406" SrcFileId="5" StartOffset="4355"/>
</LocList>
</BasicStmnt>
<BasicStmnt CovItemId="S86" CovItemPrefix="Brandon_Dominion.Player.java" Intrnl_Id="712">
<LocList>
<Loc EndOffset="4442" SrcFileId="5" StartOffset="4410"/>
</LocList>
</BasicStmnt>
</StmntSeq>
</HierarchyLvl>
<HierarchyLvl HierarchyLvlId="41" HierarchyLvlTypeId="13" Intrnl_Id="713" Name="Get_player_gold_in_hand">
<Header>
<Loc EndOffset="4492" SrcFileId="5" StartOffset="4456"/>
</Header>
<LocList>
<Loc EndOffset="4846" SrcFileId="5" StartOffset="4456"/>
</LocList>
<StmntSeq Intrnl_Id="714">
<LocList>
<Loc EndOffset="4517" SrcFileId="5" StartOffset="4497"/>
<Loc EndOffset="4819" SrcFileId="5" StartOffset="4521"/>
<Loc EndOffset="4842" SrcFileId="5" StartOffset="4823"/>
</LocList>
<BasicStmnt CovItemId="S87" CovItemPrefix="Brandon_Dominion.Player.java" Intrnl_Id="715">
<LocList>
<Loc EndOffset="4517" SrcFileId="5" StartOffset="4497"/>
</LocList>
</BasicStmnt>
<LoopStmnt CovItemId="S88" CovItemPrefix="Brandon_Dominion.Player.java" Intrnl_Id="716" MltplExecId="L6-2" MltplExecPrefix="Brandon_Dominion.Player.java" NvrExecId="L6-0" NvrExecPrefix="Brandon_Dominion.Player.java" OnceExecutedId="L6-1" OnceExecutedPrefix="Brandon_Dominion.Player.java" OptBodyExec="true">
<StmntSeq Intrnl_Id="717">
<LocList>
<Loc EndOffset="4814" SrcFileId="5" StartOffset="4569"/>
</LocList>
<CondStmnt CovItemId="S89" CovItemPrefix="Brandon_Dominion.Player.java" Intrnl_Id="718">
<Branch CovItemId="B51" CovItemPrefix="Brandon_Dominion.Player.java" Implct="false" Intrnl_Id="719">
<Cond/>
<LocList>
<Loc EndOffset="4634" SrcFileId="5" StartOffset="4620"/>
</LocList>
<StmntSeq Intrnl_Id="720">
<LocList>
<Loc EndOffset="4634" SrcFileId="5" StartOffset="4620"/>
</LocList>
<BasicStmnt CovItemId="S90" CovItemPrefix="Brandon_Dominion.Player.java" Intrnl_Id="721">
<LocList>
<Loc EndOffset="4634" SrcFileId="5" StartOffset="4620"/>
</LocList>
</BasicStmnt>
</StmntSeq>
</Branch>
<Branch CovItemId="B52" CovItemPrefix="Brandon_Dominion.Player.java" Implct="false" Intrnl_Id="722">
<Cond>
<Loc EndOffset="4643" SrcFileId="5" StartOffset="4639"/>
</Cond>
<LocList>
<Loc EndOffset="4814" SrcFileId="5" StartOffset="4644"/>
</LocList>
<StmntSeq Intrnl_Id="723">
<LocList>
<Loc EndOffset="4814" SrcFileId="5" StartOffset="4644"/>
</LocList>
<CondStmnt CovItemId="S91" CovItemPrefix="Brandon_Dominion.Player.java" Intrnl_Id="724">
<Branch CovItemId="B53" CovItemPrefix="Brandon_Dominion.Player.java" Implct="false" Intrnl_Id="725">
<Cond/>
<LocList>
<Loc EndOffset="4725" SrcFileId="5" StartOffset="4695"/>
</LocList>
<StmntSeq Intrnl_Id="726">
<LocList>
<Loc EndOffset="4725" SrcFileId="5" StartOffset="4695"/>
</LocList>
<BasicStmnt CovItemId="S92" CovItemPrefix="Brandon_Dominion.Player.java" Intrnl_Id="727">
<LocList>
<Loc EndOffset="4725" SrcFileId="5" StartOffset="4695"/>
</LocList>
</BasicStmnt>
</StmntSeq>
</Branch>
<Branch CovItemId="B54" CovItemPrefix="Brandon_Dominion.Player.java" Implct="false" Intrnl_Id="728">
<Cond>
<Loc EndOffset="4734" SrcFileId="5" StartOffset="4730"/>
</Cond>
<LocList>
<Loc EndOffset="4814" SrcFileId="5" StartOffset="4735"/>
</LocList>
<StmntSeq Intrnl_Id="729">
<LocList>
<Loc EndOffset="4814" SrcFileId="5" StartOffset="4735"/>
</LocList>
<CondStmnt CovItemId="S93" CovItemPrefix="Brandon_Dominion.Player.java" Intrnl_Id="730">
<Branch CovItemId="B55" CovItemPrefix="Brandon_Dominion.Player.java" Implct="false" Intrnl_Id="731">
<Cond/>
<LocList>
<Loc EndOffset="4814" SrcFileId="5" StartOffset="4784"/>
</LocList>
<StmntSeq Intrnl_Id="732">
<LocList>
<Loc EndOffset="4814" SrcFileId="5" StartOffset="4784"/>
</LocList>
<BasicStmnt CovItemId="S94" CovItemPrefix="Brandon_Dominion.Player.java" Intrnl_Id="733">
<LocList>
<Loc EndOffset="4814" SrcFileId="5" StartOffset="4784"/>
</LocList>
</BasicStmnt>
</StmntSeq>
</Branch>
<Branch CovItemId="B56" CovItemPrefix="Brandon_Dominion.Player.java" Implct="true" Intrnl_Id="734">
<Cond/>
<LocList/>
<StmntSeq Intrnl_Id="735">
<LocList/>
</StmntSeq>
</Branch>
<Keyword EndOffset="4737" SrcFileId="5" StartOffset="4735"/>
<LocList>
<Loc EndOffset="4814" SrcFileId="5" StartOffset="4735"/>
</LocList>
<RootTerm CovItemId="C34" CovItemPrefix="Brandon_Dominion.Player.java" Intrnl_Id="736">
<BasicBoolTerm Intrnl_Id="737">
<LocList>
<Loc EndOffset="4777" SrcFileId="5" StartOffset="4739"/>
</LocList>
</BasicBoolTerm>
</RootTerm>
</CondStmnt>
</StmntSeq>
</Branch>
<Keyword EndOffset="4646" SrcFileId="5" StartOffset="4644"/>
<LocList>
<Loc EndOffset="4814" SrcFileId="5" StartOffset="4644"/>
</LocList>
<RootTerm CovItemId="C33" CovItemPrefix="Brandon_Dominion.Player.java" Intrnl_Id="738">
<BasicBoolTerm Intrnl_Id="739">
<LocList>
<Loc EndOffset="4688" SrcFileId="5" StartOffset="4648"/>
</LocList>
</BasicBoolTerm>
</RootTerm>
</CondStmnt>
</StmntSeq>
</Branch>
<Keyword EndOffset="4571" SrcFileId="5" StartOffset="4569"/>
<LocList>
<Loc EndOffset="4814" SrcFileId="5" StartOffset="4569"/>
</LocList>
<RootTerm CovItemId="C32" CovItemPrefix="Brandon_Dominion.Player.java" Intrnl_Id="740">
<BasicBoolTerm Intrnl_Id="741">
<LocList>
<Loc EndOffset="4613" SrcFileId="5" StartOffset="4573"/>
</LocList>
</BasicBoolTerm>
</RootTerm>
</CondStmnt>
</StmntSeq>
<Keyword EndOffset="4524" SrcFileId="5" StartOffset="4521"/>
<LocList>
<Loc EndOffset="4819" SrcFileId="5" StartOffset="4521"/>
</LocList>
<RootTerm CovItemId="C31" CovItemPrefix="Brandon_Dominion.Player.java" Intrnl_Id="742">
<BasicBoolTerm Intrnl_Id="743">
<LocList>
<Loc EndOffset="4558" SrcFileId="5" StartOffset="4536"/>
</LocList>
</BasicBoolTerm>
</RootTerm>
</LoopStmnt>
<BasicStmnt CovItemId="S95" CovItemPrefix="Brandon_Dominion.Player.java" Intrnl_Id="744">
<LocList>
<Loc EndOffset="4842" SrcFileId="5" StartOffset="4823"/>
</LocList>
</BasicStmnt>
</StmntSeq>
</HierarchyLvl>
<HierarchyLvl HierarchyLvlId="42" HierarchyLvlTypeId="13" Intrnl_Id="745" Name="newHand">
<Header>
<Loc EndOffset="4873" SrcFileId="5" StartOffset="4852"/>
</Header>
<LocList>
<Loc EndOffset="5392" SrcFileId="5" StartOffset="4852"/>
</LocList>
<StmntSeq Intrnl_Id="746">
<LocList>
<Loc EndOffset="5025" SrcFileId="5" StartOffset="4948"/>
<Loc EndOffset="5345" SrcFileId="5" StartOffset="5073"/>
<Loc EndOffset="5388" SrcFileId="5" StartOffset="5349"/>
</LocList>
<LoopStmnt CovItemId="S96" CovItemPrefix="Brandon_Dominion.Player.java" Intrnl_Id="747" MltplExecId="L7-2" MltplExecPrefix="Brandon_Dominion.Player.java" NvrExecId="L7-0" NvrExecPrefix="Brandon_Dominion.Player.java" OnceExecutedId="L7-1" OnceExecutedPrefix="Brandon_Dominion.Player.java" OptBodyExec="true">
<StmntSeq Intrnl_Id="748">
<LocList>
<Loc EndOffset="5025" SrcFileId="5" StartOffset="4983"/>
</LocList>
<BasicStmnt CovItemId="S97" CovItemPrefix="Brandon_Dominion.Player.java" Intrnl_Id="749">
<LocList>
<Loc EndOffset="5025" SrcFileId="5" StartOffset="4983"/>
</LocList>
</BasicStmnt>
</StmntSeq>
<Keyword EndOffset="4953" SrcFileId="5" StartOffset="4948"/>
<LocList>
<Loc EndOffset="5025" SrcFileId="5" StartOffset="4948"/>
</LocList>
<RootTerm CovItemId="C35" CovItemPrefix="Brandon_Dominion.Player.java" Intrnl_Id="750">
<BasicBoolTerm Intrnl_Id="751">
<LocList>
<Loc EndOffset="4977" SrcFileId="5" StartOffset="4954"/>
</LocList>
</BasicBoolTerm>
</RootTerm>
</LoopStmnt>
<CondStmnt CovItemId="S98" CovItemPrefix="Brandon_Dominion.Player.java" Intrnl_Id="752">
<Branch CovItemId="B57" CovItemPrefix="Brandon_Dominion.Player.java" Implct="false" Intrnl_Id="753">
<Cond/>
<LocList>
<Loc EndOffset="5345" SrcFileId="5" StartOffset="5100"/>
</LocList>
<StmntSeq Intrnl_Id="754">
<LocList>
<Loc EndOffset="5215" SrcFileId="5" StartOffset="5106"/>
<Loc EndOffset="5314" SrcFileId="5" StartOffset="5220"/>
<Loc EndOffset="5340" SrcFileId="5" StartOffset="5319"/>
</LocList>
<LoopStmnt CovItemId="S99" CovItemPrefix="Brandon_Dominion.Player.java" Intrnl_Id="755" MltplExecId="L8-2" MltplExecPrefix="Brandon_Dominion.Player.java" NvrExecId="L8-0" NvrExecPrefix="Brandon_Dominion.Player.java" OnceExecutedId="L8-1" OnceExecutedPrefix="Brandon_Dominion.Player.java" OptBodyExec="true">
<StmntSeq Intrnl_Id="756">
<LocList>
<Loc EndOffset="5199" SrcFileId="5" StartOffset="5157"/>
<Loc EndOffset="5209" SrcFileId="5" StartOffset="5205"/>
</LocList>
<BasicStmnt CovItemId="S100" CovItemPrefix="Brandon_Dominion.Player.java" Intrnl_Id="757">
<LocList>
<Loc EndOffset="5199" SrcFileId="5" StartOffset="5157"/>
</LocList>
</BasicStmnt>
<BasicStmnt CovItemId="S101" CovItemPrefix="Brandon_Dominion.Player.java" Intrnl_Id="758">
<LocList>
<Loc EndOffset="5209" SrcFileId="5" StartOffset="5205"/>
</LocList>
</BasicStmnt>
</StmntSeq>
<Keyword EndOffset="5109" SrcFileId="5" StartOffset="5106"/>
<LocList>
<Loc EndOffset="5215" SrcFileId="5" StartOffset="5106"/>
</LocList>
<RootTerm CovItemId="C37" CovItemPrefix="Brandon_Dominion.Player.java" Intrnl_Id="759">
<BasicBoolTerm Intrnl_Id="760">
<LocList>
<Loc EndOffset="5144" SrcFileId="5" StartOffset="5122"/>
</LocList>
</BasicBoolTerm>
</RootTerm>
</LoopStmnt>
<LoopStmnt CovItemId="S102" CovItemPrefix="Brandon_Dominion.Player.java" Intrnl_Id="761" MltplExecId="L9-2" MltplExecPrefix="Brandon_Dominion.Player.java" NvrExecId="L9-0" NvrExecPrefix="Brandon_Dominion.Player.java" OnceExecutedId="L9-1" OnceExecutedPrefix="Brandon_Dominion.Player.java" OptBodyExec="true">
<StmntSeq Intrnl_Id="762">
<LocList>
<Loc EndOffset="5314" SrcFileId="5" StartOffset="5272"/>
</LocList>
<BasicStmnt CovItemId="S103" CovItemPrefix="Brandon_Dominion.Player.java" Intrnl_Id="763">
<LocList>
<Loc EndOffset="5314" SrcFileId="5" StartOffset="5272"/>
</LocList>
</BasicStmnt>
</StmntSeq>
<Keyword EndOffset="5223" SrcFileId="5" StartOffset="5220"/>
<LocList>
<Loc EndOffset="5314" SrcFileId="5" StartOffset="5220"/>
</LocList>
<RootTerm CovItemId="C38" CovItemPrefix="Brandon_Dominion.Player.java" Intrnl_Id="764">
<BasicBoolTerm Intrnl_Id="765">
<LocList>
<Loc EndOffset="5260" SrcFileId="5" StartOffset="5235"/>
</LocList>
</BasicBoolTerm>
</RootTerm>
</LoopStmnt>
<BasicStmnt CovItemId="S104" CovItemPrefix="Brandon_Dominion.Player.java" Intrnl_Id="766">
<LocList>
<Loc EndOffset="5340" SrcFileId="5" StartOffset="5319"/>
</LocList>
</BasicStmnt>
</StmntSeq>
</Branch>
<Branch CovItemId="B58" CovItemPrefix="Brandon_Dominion.Player.java" Implct="true" Intrnl_Id="767">
<Cond/>
<LocList/>
<StmntSeq Intrnl_Id="768">
<LocList/>
</StmntSeq>
</Branch>
<Keyword EndOffset="5075" SrcFileId="5" StartOffset="5073"/>
<LocList>
<Loc EndOffset="5345" SrcFileId="5" StartOffset="5073"/>
</LocList>
<RootTerm CovItemId="C36" CovItemPrefix="Brandon_Dominion.Player.java" Intrnl_Id="769">
<BasicBoolTerm Intrnl_Id="770">
<LocList>
<Loc EndOffset="5099" SrcFileId="5" StartOffset="5077"/>
</LocList>
</BasicBoolTerm>
</RootTerm>
</CondStmnt>
<LoopStmnt CovItemId="S105" CovItemPrefix="Brandon_Dominion.Player.java" Intrnl_Id="771" MltplExecId="L10-2" MltplExecPrefix="Brandon_Dominion.Player.java" NvrExecId="L10-0" NvrExecPrefix="Brandon_Dominion.Player.java" OnceExecutedId="L10-1" OnceExecutedPrefix="Brandon_Dominion.Player.java" OptBodyExec="true">
<StmntSeq Intrnl_Id="772">
<LocList>
<Loc EndOffset="5388" SrcFileId="5" StartOffset="5380"/>
</LocList>
<BasicStmnt CovItemId="S106" CovItemPrefix="Brandon_Dominion.Player.java" Intrnl_Id="773">
<LocList>
<Loc EndOffset="5388" SrcFileId="5" StartOffset="5380"/>
</LocList>
</BasicStmnt>
</StmntSeq>
<Keyword EndOffset="5352" SrcFileId="5" StartOffset="5349"/>
<LocList>
<Loc EndOffset="5388" SrcFileId="5" StartOffset="5349"/>
</LocList>
<RootTerm CovItemId="C39" CovItemPrefix="Brandon_Dominion.Player.java" Intrnl_Id="774">
<BasicBoolTerm Intrnl_Id="775">
<LocList>
<Loc EndOffset="5369" SrcFileId="5" StartOffset="5364"/>
</LocList>
</BasicBoolTerm>
</RootTerm>
</LoopStmnt>
</StmntSeq>
</HierarchyLvl>
<HierarchyLvl HierarchyLvlId="43" HierarchyLvlTypeId="13" Intrnl_Id="776" Name="Play_Card">
<Header>
<Loc EndOffset="5467" SrcFileId="5" StartOffset="5407"/>
</Header>
<LocList>
<Loc EndOffset="7755" SrcFileId="5" StartOffset="5407"/>
</LocList>
<StmntSeq Intrnl_Id="777">
<LocList>
<Loc EndOffset="5511" SrcFileId="5" StartOffset="5472"/>
<Loc EndOffset="7751" SrcFileId="5" StartOffset="5515"/>
</LocList>
<BasicStmnt CovItemId="S107" CovItemPrefix="Brandon_Dominion.Player.java" Intrnl_Id="778">
<LocList>
<Loc EndOffset="5511" SrcFileId="5" StartOffset="5472"/>
</LocList>
</BasicStmnt>
<CondStmnt CovItemId="S108" CovItemPrefix="Brandon_Dominion.Player.java" Intrnl_Id="779">
<Branch CovItemId="B59" CovItemPrefix="Brandon_Dominion.Player.java" Implct="false" Intrnl_Id="780">
<Cond>
<Loc EndOffset="5555" SrcFileId="5" StartOffset="5536"/>
</Cond>
<LocList>
<Loc EndOffset="5730" SrcFileId="5" StartOffset="5561"/>
</LocList>
<StmntSeq Intrnl_Id="781">
<LocList>
<Loc EndOffset="5695" SrcFileId="5" StartOffset="5561"/>
<Loc EndOffset="5719" SrcFileId="5" StartOffset="5700"/>
<Loc EndOffset="5730" SrcFileId="5" StartOffset="5724"/>
</LocList>
<BasicStmnt CovItemId="S109" CovItemPrefix="Brandon_Dominion.Player.java" Intrnl_Id="782">
<LocList>
<Loc EndOffset="5695" SrcFileId="5" StartOffset="5561"/>
</LocList>
</BasicStmnt>
<BasicStmnt CovItemId="S110" CovItemPrefix="Brandon_Dominion.Player.java" Intrnl_Id="783">
<LocList>
<Loc EndOffset="5719" SrcFileId="5" StartOffset="5700"/>
</LocList>
</BasicStmnt>
<BasicStmnt CovItemId="S111" CovItemPrefix="Brandon_Dominion.Player.java" Intrnl_Id="784">
<LocList>
<Loc EndOffset="5730" SrcFileId="5" StartOffset="5724"/>
</LocList>
</BasicStmnt>
</StmntSeq>
</Branch>
<Branch CovItemId="B60" CovItemPrefix="Brandon_Dominion.Player.java" Implct="false" Intrnl_Id="785">
<Cond>
<Loc EndOffset="5752" SrcFileId="5" StartOffset="5734"/>
</Cond>
<LocList>
<Loc EndOffset="5963" SrcFileId="5" StartOffset="5758"/>
</LocList>
<StmntSeq Intrnl_Id="786">
<LocList>
<Loc EndOffset="5922" SrcFileId="5" StartOffset="5758"/>
<Loc EndOffset="5952" SrcFileId="5" StartOffset="5927"/>
<Loc EndOffset="5963" SrcFileId="5" StartOffset="5957"/>
</LocList>
<BasicStmnt CovItemId="S112" CovItemPrefix="Brandon_Dominion.Player.java" Intrnl_Id="787">
<LocList>
<Loc EndOffset="5922" SrcFileId="5" StartOffset="5758"/>
</LocList>
</BasicStmnt>
<BasicStmnt CovItemId="S113" CovItemPrefix="Brandon_Dominion.Player.java" Intrnl_Id="788">
<LocList>
<Loc EndOffset="5952" SrcFileId="5" StartOffset="5927"/>
</LocList>
</BasicStmnt>
<BasicStmnt CovItemId="S114" CovItemPrefix="Brandon_Dominion.Player.java" Intrnl_Id="789">
<LocList>
<Loc EndOffset="5963" SrcFileId="5" StartOffset="5957"/>
</LocList>
</BasicStmnt>
</StmntSeq>
</Branch>
<Branch CovItemId="B61" CovItemPrefix="Brandon_Dominion.Player.java" Implct="false" Intrnl_Id="790">
<Cond>
<Loc EndOffset="5984" SrcFileId="5" StartOffset="5971"/>
</Cond>
<LocList>
<Loc EndOffset="6117" SrcFileId="5" StartOffset="5990"/>
</LocList>
<StmntSeq Intrnl_Id="791">
<LocList>
<Loc EndOffset="6086" SrcFileId="5" StartOffset="5990"/>
<Loc EndOffset="6106" SrcFileId="5" StartOffset="6091"/>
<Loc EndOffset="6117" SrcFileId="5" StartOffset="6111"/>
</LocList>
<BasicStmnt CovItemId="S115" CovItemPrefix="Brandon_Dominion.Player.java" Intrnl_Id="792">
<LocList>
<Loc EndOffset="6086" SrcFileId="5" StartOffset="5990"/>
</LocList>
</BasicStmnt>
<BasicStmnt CovItemId="S116" CovItemPrefix="Brandon_Dominion.Player.java" Intrnl_Id="793">
<LocList>
<Loc EndOffset="6106" SrcFileId="5" StartOffset="6091"/>
</LocList>
</BasicStmnt>
<BasicStmnt CovItemId="S117" CovItemPrefix="Brandon_Dominion.Player.java" Intrnl_Id="794">
<LocList>
<Loc EndOffset="6117" SrcFileId="5" StartOffset="6111"/>
</LocList>
</BasicStmnt>
</StmntSeq>
</Branch>
<Branch CovItemId="B62" CovItemPrefix="Brandon_Dominion.Player.java" Implct="false" Intrnl_Id="795">
<Cond>
<Loc EndOffset="6140" SrcFileId="5" StartOffset="6121"/>
</Cond>
<LocList>
<Loc EndOffset="6282" SrcFileId="5" StartOffset="6146"/>
</LocList>
<StmntSeq Intrnl_Id="796">
<LocList>
<Loc EndOffset="6240" SrcFileId="5" StartOffset="6146"/>
<Loc EndOffset="6271" SrcFileId="5" StartOffset="6245"/>
<Loc EndOffset="6282" SrcFileId="5" StartOffset="6276"/>
</LocList>
<BasicStmnt CovItemId="S118" CovItemPrefix="Brandon_Dominion.Player.java" Intrnl_Id="797">
<LocList>
<Loc EndOffset="6240" SrcFileId="5" StartOffset="6146"/>
</LocList>
</BasicStmnt>
<BasicStmnt CovItemId="S119" CovItemPrefix="Brandon_Dominion.Player.java" Intrnl_Id="798">
<LocList>
<Loc EndOffset="6271" SrcFileId="5" StartOffset="6245"/>
</LocList>
</BasicStmnt>
<BasicStmnt CovItemId="S120" CovItemPrefix="Brandon_Dominion.Player.java" Intrnl_Id="799">
<LocList>
<Loc EndOffset="6282" SrcFileId="5" StartOffset="6276"/>
</LocList>
</BasicStmnt>
</StmntSeq>
</Branch>
<Branch CovItemId="B63" CovItemPrefix="Brandon_Dominion.Player.java" Implct="false" Intrnl_Id="800">
<Cond>
<Loc EndOffset="6302" SrcFileId="5" StartOffset="6286"/>
</Cond>
<LocList>
<Loc EndOffset="6607" SrcFileId="5" StartOffset="6308"/>
</LocList>
<StmntSeq Intrnl_Id="801">
<LocList>
<Loc EndOffset="6413" SrcFileId="5" StartOffset="6308"/>
<Loc EndOffset="6526" SrcFileId="5" StartOffset="6418"/>
<Loc EndOffset="6571" SrcFileId="5" StartOffset="6551"/>
<Loc EndOffset="6596" SrcFileId="5" StartOffset="6576"/>
<Loc EndOffset="6607" SrcFileId="5" StartOffset="6601"/>
</LocList>
<BasicStmnt CovItemId="S121" CovItemPrefix="Brandon_Dominion.Player.java" Intrnl_Id="802">
<LocList>
<Loc EndOffset="6413" SrcFileId="5" StartOffset="6308"/>
</LocList>
</BasicStmnt>
<CondStmnt CovItemId="S122" CovItemPrefix="Brandon_Dominion.Player.java" Intrnl_Id="803">
<Branch CovItemId="B64" CovItemPrefix="Brandon_Dominion.Player.java" Implct="false" Intrnl_Id="804">
<Cond/>
<LocList>
<Loc EndOffset="6526" SrcFileId="5" StartOffset="6467"/>
</LocList>
<StmntSeq Intrnl_Id="805">
<LocList>
<Loc EndOffset="6526" SrcFileId="5" StartOffset="6467"/>
</LocList>
<BasicStmnt CovItemId="S123" CovItemPrefix="Brandon_Dominion.Player.java" Intrnl_Id="806">
<LocList>
<Loc EndOffset="6526" SrcFileId="5" StartOffset="6467"/>
</LocList>
</BasicStmnt>
</StmntSeq>
</Branch>
<Branch CovItemId="B65" CovItemPrefix="Brandon_Dominion.Player.java" Implct="true" Intrnl_Id="807">
<Cond/>
<LocList/>
<StmntSeq Intrnl_Id="808">
<LocList/>
</StmntSeq>
</Branch>
<Keyword EndOffset="6420" SrcFileId="5" StartOffset="6418"/>
<LocList>
<Loc EndOffset="6526" SrcFileId="5" StartOffset="6418"/>
</LocList>
<RootTerm CovItemId="C40" CovItemPrefix="Brandon_Dominion.Player.java" Intrnl_Id="809">
<BasicBoolTerm Intrnl_Id="810">
<LocList>
<Loc EndOffset="6460" SrcFileId="5" StartOffset="6422"/>
</LocList>
</BasicBoolTerm>
</RootTerm>
</CondStmnt>
<BasicStmnt CovItemId="S124" CovItemPrefix="Brandon_Dominion.Player.java" Intrnl_Id="811">
<LocList>
<Loc EndOffset="6571" SrcFileId="5" StartOffset="6551"/>
</LocList>
</BasicStmnt>
<BasicStmnt CovItemId="S125" CovItemPrefix="Brandon_Dominion.Player.java" Intrnl_Id="812">
<LocList>
<Loc EndOffset="6596" SrcFileId="5" StartOffset="6576"/>
</LocList>
</BasicStmnt>
<BasicStmnt CovItemId="S126" CovItemPrefix="Brandon_Dominion.Player.java" Intrnl_Id="813">
<LocList>
<Loc EndOffset="6607" SrcFileId="5" StartOffset="6601"/>
</LocList>
</BasicStmnt>
</StmntSeq>
</Branch>
<Branch CovItemId="B66" CovItemPrefix="Brandon_Dominion.Player.java" Implct="false" Intrnl_Id="814">
<Cond>
<Loc EndOffset="6626" SrcFileId="5" StartOffset="6611"/>
</Cond>
<LocList>
<Loc EndOffset="6830" SrcFileId="5" StartOffset="6632"/>
</LocList>
<StmntSeq Intrnl_Id="815">
<LocList>
<Loc EndOffset="6796" SrcFileId="5" StartOffset="6632"/>
<Loc EndOffset="6819" SrcFileId="5" StartOffset="6802"/>
<Loc EndOffset="6830" SrcFileId="5" StartOffset="6824"/>
</LocList>
<BasicStmnt CovItemId="S127" CovItemPrefix="Brandon_Dominion.Player.java" Intrnl_Id="816">
<LocList>
<Loc EndOffset="6796" SrcFileId="5" StartOffset="6632"/>
</LocList>
</BasicStmnt>
<BasicStmnt CovItemId="S128" CovItemPrefix="Brandon_Dominion.Player.java" Intrnl_Id="817">
<LocList>
<Loc EndOffset="6819" SrcFileId="5" StartOffset="6802"/>
</LocList>
</BasicStmnt>
<BasicStmnt CovItemId="S129" CovItemPrefix="Brandon_Dominion.Player.java" Intrnl_Id="818">
<LocList>
<Loc EndOffset="6830" SrcFileId="5" StartOffset="6824"/>
</LocList>
</BasicStmnt>
</StmntSeq>
</Branch>
<Branch CovItemId="B67" CovItemPrefix="Brandon_Dominion.Player.java" Implct="false" Intrnl_Id="819">
<Cond>
<Loc EndOffset="6847" SrcFileId="5" StartOffset="6834"/>
</Cond>
<LocList>
<Loc EndOffset="6957" SrcFileId="5" StartOffset="6853"/>
</LocList>
<StmntSeq Intrnl_Id="820">
<LocList>
<Loc EndOffset="6926" SrcFileId="5" StartOffset="6853"/>
<Loc EndOffset="6946" SrcFileId="5" StartOffset="6932"/>
<Loc EndOffset="6957" SrcFileId="5" StartOffset="6951"/>
</LocList>
<BasicStmnt CovItemId="S130" CovItemPrefix="Brandon_Dominion.Player.java" Intrnl_Id="821">
<LocList>
<Loc EndOffset="6926" SrcFileId="5" StartOffset="6853"/>
</LocList>
</BasicStmnt>
<BasicStmnt CovItemId="S131" CovItemPrefix="Brandon_Dominion.Player.java" Intrnl_Id="822">
<LocList>
<Loc EndOffset="6946" SrcFileId="5" StartOffset="6932"/>
</LocList>
</BasicStmnt>
<BasicStmnt CovItemId="S132" CovItemPrefix="Brandon_Dominion.Player.java" Intrnl_Id="823">
<LocList>
<Loc EndOffset="6957" SrcFileId="5" StartOffset="6951"/>
</LocList>
</BasicStmnt>
</StmntSeq>
</Branch>
<Branch CovItemId="B68" CovItemPrefix="Brandon_Dominion.Player.java" Implct="false" Intrnl_Id="824">
<Cond>
<Loc EndOffset="6975" SrcFileId="5" StartOffset="6961"/>
</Cond>
<LocList>
<Loc EndOffset="7083" SrcFileId="5" StartOffset="6981"/>
</LocList>
<StmntSeq Intrnl_Id="825">
<LocList>
<Loc EndOffset="7051" SrcFileId="5" StartOffset="6981"/>
<Loc EndOffset="7072" SrcFileId="5" StartOffset="7057"/>
<Loc EndOffset="7083" SrcFileId="5" StartOffset="7077"/>
</LocList>
<BasicStmnt CovItemId="S133" CovItemPrefix="Brandon_Dominion.Player.java" Intrnl_Id="826">
<LocList>
<Loc EndOffset="7051" SrcFileId="5" StartOffset="6981"/>
</LocList>
</BasicStmnt>
<BasicStmnt CovItemId="S134" CovItemPrefix="Brandon_Dominion.Player.java" Intrnl_Id="827">
<LocList>
<Loc EndOffset="7072" SrcFileId="5" StartOffset="7057"/>
</LocList>
</BasicStmnt>
<BasicStmnt CovItemId="S135" CovItemPrefix="Brandon_Dominion.Player.java" Intrnl_Id="828">
<LocList>
<Loc EndOffset="7083" SrcFileId="5" StartOffset="7077"/>
</LocList>
</BasicStmnt>
</StmntSeq>
</Branch>
<Branch CovItemId="B69" CovItemPrefix="Brandon_Dominion.Player.java" Implct="false" Intrnl_Id="829">
<Cond>
<Loc EndOffset="7104" SrcFileId="5" StartOffset="7087"/>
</Cond>
<LocList>
<Loc EndOffset="7188" SrcFileId="5" StartOffset="7110"/>
</LocList>
<StmntSeq Intrnl_Id="830">
<LocList>
<Loc EndOffset="7154" SrcFileId="5" StartOffset="7110"/>
<Loc EndOffset="7177" SrcFileId="5" StartOffset="7159"/>
<Loc EndOffset="7188" SrcFileId="5" StartOffset="7182"/>
</LocList>
<BasicStmnt CovItemId="S136" CovItemPrefix="Brandon_Dominion.Player.java" Intrnl_Id="831">
<LocList>
<Loc EndOffset="7154" SrcFileId="5" StartOffset="7110"/>
</LocList>
</BasicStmnt>
<BasicStmnt CovItemId="S137" CovItemPrefix="Brandon_Dominion.Player.java" Intrnl_Id="832">
<LocList>
<Loc EndOffset="7177" SrcFileId="5" StartOffset="7159"/>
</LocList>
</BasicStmnt>
<BasicStmnt CovItemId="S138" CovItemPrefix="Brandon_Dominion.Player.java" Intrnl_Id="833">
<LocList>
<Loc EndOffset="7188" SrcFileId="5" StartOffset="7182"/>
</LocList>
</BasicStmnt>
</StmntSeq>
</Branch>
<Branch CovItemId="B70" CovItemPrefix="Brandon_Dominion.Player.java" Implct="false" Intrnl_Id="834">
<Cond>
<Loc EndOffset="7204" SrcFileId="5" StartOffset="7192"/>
</Cond>
<LocList>
<Loc EndOffset="7345" SrcFileId="5" StartOffset="7210"/>
</LocList>
<StmntSeq Intrnl_Id="835">
<LocList>
<Loc EndOffset="7316" SrcFileId="5" StartOffset="7210"/>
<Loc EndOffset="7334" SrcFileId="5" StartOffset="7321"/>
<Loc EndOffset="7345" SrcFileId="5" StartOffset="7339"/>
</LocList>
<BasicStmnt CovItemId="S139" CovItemPrefix="Brandon_Dominion.Player.java" Intrnl_Id="836">
<LocList>
<Loc EndOffset="7316" SrcFileId="5" StartOffset="7210"/>
</LocList>
</BasicStmnt>
<BasicStmnt CovItemId="S140" CovItemPrefix="Brandon_Dominion.Player.java" Intrnl_Id="837">
<LocList>
<Loc EndOffset="7334" SrcFileId="5" StartOffset="7321"/>
</LocList>
</BasicStmnt>
<BasicStmnt CovItemId="S141" CovItemPrefix="Brandon_Dominion.Player.java" Intrnl_Id="838">
<LocList>
<Loc EndOffset="7345" SrcFileId="5" StartOffset="7339"/>
</LocList>
</BasicStmnt>
</StmntSeq>
</Branch>
<Branch CovItemId="B71" CovItemPrefix="Brandon_Dominion.Player.java" Implct="false" Intrnl_Id="839">
<Cond>
<Loc EndOffset="7364" SrcFileId="5" StartOffset="7349"/>
</Cond>
<LocList>
<Loc EndOffset="7448" SrcFileId="5" StartOffset="7370"/>
</LocList>
<StmntSeq Intrnl_Id="840">
<LocList>
<Loc EndOffset="7416" SrcFileId="5" StartOffset="7370"/>
<Loc EndOffset="7437" SrcFileId="5" StartOffset="7421"/>
<Loc EndOffset="7448" SrcFileId="5" StartOffset="7442"/>
</LocList>
<BasicStmnt CovItemId="S142" CovItemPrefix="Brandon_Dominion.Player.java" Intrnl_Id="841">
<LocList>
<Loc EndOffset="7416" SrcFileId="5" StartOffset="7370"/>
</LocList>
</BasicStmnt>
<BasicStmnt CovItemId="S143" CovItemPrefix="Brandon_Dominion.Player.java" Intrnl_Id="842">
<LocList>
<Loc EndOffset="7437" SrcFileId="5" StartOffset="7421"/>
</LocList>
</BasicStmnt>
<BasicStmnt CovItemId="S144" CovItemPrefix="Brandon_Dominion.Player.java" Intrnl_Id="843">
<LocList>
<Loc EndOffset="7448" SrcFileId="5" StartOffset="7442"/>
</LocList>
</BasicStmnt>
</StmntSeq>
</Branch>
<Branch CovItemId="B72" CovItemPrefix="Brandon_Dominion.Player.java" Implct="false" Intrnl_Id="844">
<Cond>
<Loc EndOffset="7468" SrcFileId="5" StartOffset="7452"/>
</Cond>
<LocList>
<Loc EndOffset="7564" SrcFileId="5" StartOffset="7474"/>
</LocList>
<StmntSeq Intrnl_Id="845">
<LocList>
<Loc EndOffset="7531" SrcFileId="5" StartOffset="7474"/>
<Loc EndOffset="7553" SrcFileId="5" StartOffset="7536"/>
<Loc EndOffset="7564" SrcFileId="5" StartOffset="7558"/>
</LocList>
<BasicStmnt CovItemId="S145" CovItemPrefix="Brandon_Dominion.Player.java" Intrnl_Id="846">
<LocList>
<Loc EndOffset="7531" SrcFileId="5" StartOffset="7474"/>
</LocList>
</BasicStmnt>
<BasicStmnt CovItemId="S146" CovItemPrefix="Brandon_Dominion.Player.java" Intrnl_Id="847">
<LocList>
<Loc EndOffset="7553" SrcFileId="5" StartOffset="7536"/>
</LocList>
</BasicStmnt>
<BasicStmnt CovItemId="S147" CovItemPrefix="Brandon_Dominion.Player.java" Intrnl_Id="848">
<LocList>
<Loc EndOffset="7564" SrcFileId="5" StartOffset="7558"/>
</LocList>
</BasicStmnt>
</StmntSeq>
</Branch>
<Branch CovItemId="B73" CovItemPrefix="Brandon_Dominion.Player.java" Implct="false" Intrnl_Id="849">
<Cond>
<Loc EndOffset="7582" SrcFileId="5" StartOffset="7568"/>
</Cond>
<LocList>
<Loc EndOffset="7680" SrcFileId="5" StartOffset="7588"/>
</LocList>
<StmntSeq Intrnl_Id="850">
<LocList>
<Loc EndOffset="7649" SrcFileId="5" StartOffset="7588"/>
<Loc EndOffset="7669" SrcFileId="5" StartOffset="7654"/>
<Loc EndOffset="7680" SrcFileId="5" StartOffset="7674"/>
</LocList>
<BasicStmnt CovItemId="S148" CovItemPrefix="Brandon_Dominion.Player.java" Intrnl_Id="851">
<LocList>
<Loc EndOffset="7649" SrcFileId="5" StartOffset="7588"/>
</LocList>
</BasicStmnt>
<BasicStmnt CovItemId="S149" CovItemPrefix="Brandon_Dominion.Player.java" Intrnl_Id="852">
<LocList>
<Loc EndOffset="7669" SrcFileId="5" StartOffset="7654"/>
</LocList>
</BasicStmnt>
<BasicStmnt CovItemId="S150" CovItemPrefix="Brandon_Dominion.Player.java" Intrnl_Id="853">
<LocList>
<Loc EndOffset="7680" SrcFileId="5" StartOffset="7674"/>
</LocList>
</BasicStmnt>
</StmntSeq>
</Branch>
<Branch CovItemId="B74" CovItemPrefix="Brandon_Dominion.Player.java" Implct="false" Intrnl_Id="854">
<Cond>
<Loc EndOffset="7691" SrcFileId="5" StartOffset="7684"/>
</Cond>
<LocList>
<Loc EndOffset="7746" SrcFileId="5" StartOffset="7698"/>
</LocList>
<StmntSeq Intrnl_Id="855">
<LocList>
<Loc EndOffset="7746" SrcFileId="5" StartOffset="7698"/>
</LocList>
<BasicStmnt CovItemId="S151" CovItemPrefix="Brandon_Dominion.Player.java" Intrnl_Id="856">
<LocList>
<Loc EndOffset="7746" SrcFileId="5" StartOffset="7698"/>
</LocList>
</BasicStmnt>
</StmntSeq>
</Branch>
<Keyword EndOffset="5521" SrcFileId="5" StartOffset="5515"/>
<LocList>
<Loc EndOffset="7751" SrcFileId="5" StartOffset="5515"/>
</LocList>
</CondStmnt>
</StmntSeq>
</HierarchyLvl>
<HierarchyLvl HierarchyLvlId="44" HierarchyLvlTypeId="13" Intrnl_Id="857" Name="handleMarket">
<Header>
<Loc EndOffset="7788" SrcFileId="5" StartOffset="7761"/>
</Header>
<LocList>
<Loc EndOffset="8193" SrcFileId="5" StartOffset="7761"/>
</LocList>
<StmntSeq Intrnl_Id="858">
<LocList>
<Loc EndOffset="7820" SrcFileId="5" StartOffset="7793"/>
<Loc EndOffset="7848" SrcFileId="5" StartOffset="7824"/>
<Loc EndOffset="7898" SrcFileId="5" StartOffset="7852"/>
<Loc EndOffset="7965" SrcFileId="5" StartOffset="7902"/>
<Loc EndOffset="8012" SrcFileId="5" StartOffset="7973"/>
<Loc EndOffset="8118" SrcFileId="5" StartOffset="8016"/>
<Loc EndOffset="8185" SrcFileId="5" StartOffset="8122"/>
</LocList>
<BasicStmnt CovItemId="S152" CovItemPrefix="Brandon_Dominion.Player.java" Intrnl_Id="859">
<LocList>
<Loc EndOffset="7820" SrcFileId="5" StartOffset="7793"/>
</LocList>
</BasicStmnt>
<BasicStmnt CovItemId="S153" CovItemPrefix="Brandon_Dominion.Player.java" Intrnl_Id="860">
<LocList>
<Loc EndOffset="7848" SrcFileId="5" StartOffset="7824"/>
</LocList>
</BasicStmnt>
<CondStmnt CovItemId="S154" CovItemPrefix="Brandon_Dominion.Player.java" Intrnl_Id="861">
<Branch CovItemId="B75" CovItemPrefix="Brandon_Dominion.Player.java" Implct="false" Intrnl_Id="862">
<Cond/>
<LocList>
<Loc EndOffset="7898" SrcFileId="5" StartOffset="7885"/>
</LocList>
<StmntSeq Intrnl_Id="863">
<LocList>
<Loc EndOffset="7898" SrcFileId="5" StartOffset="7885"/>
</LocList>
<BasicStmnt CovItemId="S155" CovItemPrefix="Brandon_Dominion.Player.java" Intrnl_Id="864">
<LocList>
<Loc EndOffset="7898" SrcFileId="5" StartOffset="7885"/>
</LocList>
</BasicStmnt>
</StmntSeq>
</Branch>
<Branch CovItemId="B76" CovItemPrefix="Brandon_Dominion.Player.java" Implct="true" Intrnl_Id="865">
<Cond/>
<LocList/>
<StmntSeq Intrnl_Id="866">
<LocList/>
</StmntSeq>
</Branch>
<Keyword EndOffset="7854" SrcFileId="5" StartOffset="7852"/>
<LocList>
<Loc EndOffset="7898" SrcFileId="5" StartOffset="7852"/>
</LocList>
<RootTerm CovItemId="C41" CovItemPrefix="Brandon_Dominion.Player.java" Intrnl_Id="867">
<BasicBoolTerm Intrnl_Id="868">
<LocList>
<Loc EndOffset="7879" SrcFileId="5" StartOffset="7856"/>
</LocList>
</BasicBoolTerm>
</RootTerm>
</CondStmnt>
<BasicStmnt CovItemId="S156" CovItemPrefix="Brandon_Dominion.Player.java" Intrnl_Id="869">
<LocList>
<Loc EndOffset="7965" SrcFileId="5" StartOffset="7902"/>
</LocList>
</BasicStmnt>
<BasicStmnt CovItemId="S157" CovItemPrefix="Brandon_Dominion.Player.java" Intrnl_Id="870">
<LocList>
<Loc EndOffset="8012" SrcFileId="5" StartOffset="7973"/>
</LocList>
</BasicStmnt>
<CondStmnt CovItemId="S158" CovItemPrefix="Brandon_Dominion.Player.java" Intrnl_Id="871">
<Branch CovItemId="B77" CovItemPrefix="Brandon_Dominion.Player.java" Implct="false" Intrnl_Id="872">
<Cond/>
<LocList>
<Loc EndOffset="8118" SrcFileId="5" StartOffset="8064"/>
</LocList>
<StmntSeq Intrnl_Id="873">
<LocList>
<Loc EndOffset="8118" SrcFileId="5" StartOffset="8064"/>
</LocList>
<BasicStmnt CovItemId="S159" CovItemPrefix="Brandon_Dominion.Player.java" Intrnl_Id="874">
<LocList>
<Loc EndOffset="8118" SrcFileId="5" StartOffset="8064"/>
</LocList>
</BasicStmnt>
</StmntSeq>
</Branch>
<Branch CovItemId="B78" CovItemPrefix="Brandon_Dominion.Player.java" Implct="true" Intrnl_Id="875">
<Cond/>
<LocList/>
<StmntSeq Intrnl_Id="876">
<LocList/>
</StmntSeq>
</Branch>
<Keyword EndOffset="8018" SrcFileId="5" StartOffset="8016"/>
<LocList>
<Loc EndOffset="8118" SrcFileId="5" StartOffset="8016"/>
</LocList>
<RootTerm CovItemId="C42" CovItemPrefix="Brandon_Dominion.Player.java" Intrnl_Id="877">
<BasicBoolTerm Intrnl_Id="878">
<LocList>
<Loc EndOffset="8058" SrcFileId="5" StartOffset="8020"/>
</LocList>
</BasicBoolTerm>
</RootTerm>
</CondStmnt>
<BasicStmnt CovItemId="S160" CovItemPrefix="Brandon_Dominion.Player.java" Intrnl_Id="879">
<LocList>
<Loc EndOffset="8185" SrcFileId="5" StartOffset="8122"/>
</LocList>
</BasicStmnt>
</StmntSeq>
</HierarchyLvl>
<HierarchyLvl HierarchyLvlId="45" HierarchyLvlTypeId="13" Intrnl_Id="880" Name="handleWorkshop">
<Header>
<Loc EndOffset="8231" SrcFileId="5" StartOffset="8202"/>
</Header>
<LocList>
<Loc EndOffset="8968" SrcFileId="5" StartOffset="8202"/>
</LocList>
<StmntSeq Intrnl_Id="881">
<LocList>
<Loc EndOffset="8264" SrcFileId="5" StartOffset="8236"/>
<Loc EndOffset="8281" SrcFileId="5" StartOffset="8268"/>
<Loc EndOffset="8959" SrcFileId="5" StartOffset="8286"/>
</LocList>
<BasicStmnt CovItemId="S161" CovItemPrefix="Brandon_Dominion.Player.java" Intrnl_Id="882">
<LocList>
<Loc EndOffset="8264" SrcFileId="5" StartOffset="8236"/>
</LocList>
</BasicStmnt>
<BasicStmnt CovItemId="S162" CovItemPrefix="Brandon_Dominion.Player.java" Intrnl_Id="883">
<LocList>
<Loc EndOffset="8281" SrcFileId="5" StartOffset="8268"/>
</LocList>
</BasicStmnt>
<LoopStmnt CovItemId="S163" CovItemPrefix="Brandon_Dominion.Player.java" Intrnl_Id="884" MltplExecId="L11-2" MltplExecPrefix="Brandon_Dominion.Player.java" NvrExecId="L11-0" NvrExecPrefix="Brandon_Dominion.Player.java" OnceExecutedId="L11-1" OnceExecutedPrefix="Brandon_Dominion.Player.java" OptBodyExec="true">
<StmntSeq Intrnl_Id="885">
<LocList>
<Loc EndOffset="8350" SrcFileId="5" StartOffset="8326"/>
<Loc EndOffset="8952" SrcFileId="5" StartOffset="8365"/>
<Loc EndOffset="8953" SrcFileId="5" StartOffset="8952"/>
</LocList>
<BasicStmnt CovItemId="S164" CovItemPrefix="Brandon_Dominion.Player.java" Intrnl_Id="886">
<LocList>
<Loc EndOffset="8350" SrcFileId="5" StartOffset="8326"/>
</LocList>
</BasicStmnt>
<CondStmnt CovItemId="S165" CovItemPrefix="Brandon_Dominion.Player.java" Intrnl_Id="887">
<Branch CovItemId="B79" CovItemPrefix="Brandon_Dominion.Player.java" Implct="false" Intrnl_Id="888">
<Cond/>
<LocList>
<Loc EndOffset="8879" SrcFileId="5" StartOffset="8416"/>
</LocList>
<StmntSeq Intrnl_Id="889">
<LocList>
<Loc EndOffset="8479" SrcFileId="5" StartOffset="8423"/>
<Loc EndOffset="8538" SrcFileId="5" StartOffset="8485"/>
<Loc EndOffset="8749" SrcFileId="5" StartOffset="8544"/>
<Loc EndOffset="8779" SrcFileId="5" StartOffset="8755"/>
<Loc EndOffset="8847" SrcFileId="5" StartOffset="8785"/>
<Loc EndOffset="8872" SrcFileId="5" StartOffset="8853"/>
</LocList>
<BasicStmnt CovItemId="S166" CovItemPrefix="Brandon_Dominion.Player.java" Intrnl_Id="890">
<LocList>
<Loc EndOffset="8479" SrcFileId="5" StartOffset="8423"/>
</LocList>
</BasicStmnt>
<BasicStmnt CovItemId="S167" CovItemPrefix="Brandon_Dominion.Player.java" Intrnl_Id="891">
<LocList>
<Loc EndOffset="8538" SrcFileId="5" StartOffset="8485"/>
</LocList>
</BasicStmnt>
<CondStmnt CovItemId="S168" CovItemPrefix="Brandon_Dominion.Player.java" Intrnl_Id="892">
<Branch CovItemId="B81" CovItemPrefix="Brandon_Dominion.Player.java" Implct="false" Intrnl_Id="893">
<Cond/>
<LocList>
<Loc EndOffset="8749" SrcFileId="5" StartOffset="8574"/>
</LocList>
<StmntSeq Intrnl_Id="894">
<LocList>
<Loc EndOffset="8637" SrcFileId="5" StartOffset="8582"/>
<Loc EndOffset="8742" SrcFileId="5" StartOffset="8644"/>
</LocList>
<BasicStmnt CovItemId="S169" CovItemPrefix="Brandon_Dominion.Player.java" Intrnl_Id="895">
<LocList>
<Loc EndOffset="8637" SrcFileId="5" StartOffset="8582"/>
</LocList>
</BasicStmnt>
<CondStmnt CovItemId="S170" CovItemPrefix="Brandon_Dominion.Player.java" Intrnl_Id="896">
<Branch CovItemId="B83" CovItemPrefix="Brandon_Dominion.Player.java" Implct="false" Intrnl_Id="897">
<Cond/>
<LocList>
<Loc EndOffset="8742" SrcFileId="5" StartOffset="8691"/>
</LocList>
<StmntSeq Intrnl_Id="898">
<LocList>
<Loc EndOffset="8742" SrcFileId="5" StartOffset="8691"/>
</LocList>
<BasicStmnt CovItemId="S171" CovItemPrefix="Brandon_Dominion.Player.java" Intrnl_Id="899">
<LocList>
<Loc EndOffset="8742" SrcFileId="5" StartOffset="8691"/>
</LocList>
</BasicStmnt>
</StmntSeq>
</Branch>
<Branch CovItemId="B84" CovItemPrefix="Brandon_Dominion.Player.java" Implct="true" Intrnl_Id="900">
<Cond/>
<LocList/>
<StmntSeq Intrnl_Id="901">
<LocList/>
</StmntSeq>
</Branch>
<Keyword EndOffset="8646" SrcFileId="5" StartOffset="8644"/>
<LocList>
<Loc EndOffset="8742" SrcFileId="5" StartOffset="8644"/>
</LocList>
<RootTerm CovItemId="C46" CovItemPrefix="Brandon_Dominion.Player.java" Intrnl_Id="902">
<BasicBoolTerm Intrnl_Id="903">
<LocList>
<Loc EndOffset="8682" SrcFileId="5" StartOffset="8647"/>
</LocList>
</BasicBoolTerm>
</RootTerm>
</CondStmnt>
</StmntSeq>
</Branch>
<Branch CovItemId="B82" CovItemPrefix="Brandon_Dominion.Player.java" Implct="true" Intrnl_Id="904">
<Cond/>
<LocList/>
<StmntSeq Intrnl_Id="905">
<LocList/>
</StmntSeq>
</Branch>
<Keyword EndOffset="8546" SrcFileId="5" StartOffset="8544"/>
<LocList>
<Loc EndOffset="8749" SrcFileId="5" StartOffset="8544"/>
</LocList>
<RootTerm CovItemId="C45" CovItemPrefix="Brandon_Dominion.Player.java" Intrnl_Id="906">
<BasicBoolTerm Intrnl_Id="907">
<LocList>
<Loc EndOffset="8573" SrcFileId="5" StartOffset="8548"/>
</LocList>
</BasicBoolTerm>
</RootTerm>
</CondStmnt>
<BasicStmnt CovItemId="S172" CovItemPrefix="Brandon_Dominion.Player.java" Intrnl_Id="908">
<LocList>
<Loc EndOffset="8779" SrcFileId="5" StartOffset="8755"/>
</LocList>
</BasicStmnt>
<BasicStmnt CovItemId="S173" CovItemPrefix="Brandon_Dominion.Player.java" Intrnl_Id="909">
<LocList>
<Loc EndOffset="8847" SrcFileId="5" StartOffset="8785"/>
</LocList>
</BasicStmnt>
<BasicStmnt CovItemId="S174" CovItemPrefix="Brandon_Dominion.Player.java" Intrnl_Id="910">
<LocList>
<Loc EndOffset="8872" SrcFileId="5" StartOffset="8853"/>
</LocList>
</BasicStmnt>
</StmntSeq>
</Branch>
<Branch CovItemId="B80" CovItemPrefix="Brandon_Dominion.Player.java" Implct="false" Intrnl_Id="911">
<Cond>
<Loc EndOffset="8888" SrcFileId="5" StartOffset="8884"/>
</Cond>
<LocList>
<Loc EndOffset="8952" SrcFileId="5" StartOffset="8895"/>
</LocList>
<StmntSeq Intrnl_Id="912">
<LocList>
<Loc EndOffset="8952" SrcFileId="5" StartOffset="8895"/>
</LocList>
<BasicStmnt CovItemId="S175" CovItemPrefix="Brandon_Dominion.Player.java" Intrnl_Id="913">
<LocList>
<Loc EndOffset="8952" SrcFileId="5" StartOffset="8895"/>
</LocList>
</BasicStmnt>
</StmntSeq>
</Branch>
<Keyword EndOffset="8367" SrcFileId="5" StartOffset="8365"/>
<LocList>
<Loc EndOffset="8952" SrcFileId="5" StartOffset="8365"/>
</LocList>
<RootTerm CovItemId="C44" CovItemPrefix="Brandon_Dominion.Player.java" Intrnl_Id="914">
<BasicBoolTerm Intrnl_Id="915">
<LocList>
<Loc EndOffset="8415" SrcFileId="5" StartOffset="8369"/>
</LocList>
</BasicBoolTerm>
</RootTerm>
</CondStmnt>
<BasicStmnt CovItemId="S176" CovItemPrefix="Brandon_Dominion.Player.java" Intrnl_Id="916">
<LocList>
<Loc EndOffset="8953" SrcFileId="5" StartOffset="8952"/>
</LocList>
</BasicStmnt>
</StmntSeq>
<Keyword EndOffset="8291" SrcFileId="5" StartOffset="8286"/>
<LocList>
<Loc EndOffset="8959" SrcFileId="5" StartOffset="8286"/>
</LocList>
<RootTerm CovItemId="C43" CovItemPrefix="Brandon_Dominion.Player.java" Intrnl_Id="917">
<BasicBoolTerm Intrnl_Id="918">
<LocList>
<Loc EndOffset="8313" SrcFileId="5" StartOffset="8293"/>
</LocList>
</BasicBoolTerm>
</RootTerm>
</LoopStmnt>
</StmntSeq>
</HierarchyLvl>
<HierarchyLvl HierarchyLvlId="46" HierarchyLvlTypeId="13" Intrnl_Id="919" Name="handleVillage">
<Header>
<Loc EndOffset="9010" SrcFileId="5" StartOffset="8982"/>
</Header>
<LocList>
<Loc EndOffset="9280" SrcFileId="5" StartOffset="8982"/>
</LocList>
<StmntSeq Intrnl_Id="920">
<LocList>
<Loc EndOffset="9078" SrcFileId="5" StartOffset="9015"/>
<Loc EndOffset="9130" SrcFileId="5" StartOffset="9084"/>
<Loc EndOffset="9173" SrcFileId="5" StartOffset="9134"/>
<Loc EndOffset="9207" SrcFileId="5" StartOffset="9177"/>
<Loc EndOffset="9274" SrcFileId="5" StartOffset="9211"/>
</LocList>
<BasicStmnt CovItemId="S177" CovItemPrefix="Brandon_Dominion.Player.java" Intrnl_Id="921">
<LocList>
<Loc EndOffset="9078" SrcFileId="5" StartOffset="9015"/>
</LocList>
</BasicStmnt>
<CondStmnt CovItemId="S178" CovItemPrefix="Brandon_Dominion.Player.java" Intrnl_Id="922">
<Branch CovItemId="B85" CovItemPrefix="Brandon_Dominion.Player.java" Implct="false" Intrnl_Id="923">
<Cond/>
<LocList>
<Loc EndOffset="9130" SrcFileId="5" StartOffset="9117"/>
</LocList>
<StmntSeq Intrnl_Id="924">
<LocList>
<Loc EndOffset="9130" SrcFileId="5" StartOffset="9117"/>
</LocList>
<BasicStmnt CovItemId="S179" CovItemPrefix="Brandon_Dominion.Player.java" Intrnl_Id="925">
<LocList>
<Loc EndOffset="9130" SrcFileId="5" StartOffset="9117"/>
</LocList>
</BasicStmnt>
</StmntSeq>
</Branch>
<Branch CovItemId="B86" CovItemPrefix="Brandon_Dominion.Player.java" Implct="true" Intrnl_Id="926">
<Cond/>
<LocList/>
<StmntSeq Intrnl_Id="927">
<LocList/>
</StmntSeq>
</Branch>
<Keyword EndOffset="9086" SrcFileId="5" StartOffset="9084"/>
<LocList>
<Loc EndOffset="9130" SrcFileId="5" StartOffset="9084"/>
</LocList>
<RootTerm CovItemId="C47" CovItemPrefix="Brandon_Dominion.Player.java" Intrnl_Id="928">
<BasicBoolTerm Intrnl_Id="929">
<LocList>
<Loc EndOffset="9111" SrcFileId="5" StartOffset="9088"/>
</LocList>
</BasicBoolTerm>
</RootTerm>
</CondStmnt>
<BasicStmnt CovItemId="S180" CovItemPrefix="Brandon_Dominion.Player.java" Intrnl_Id="930">
<LocList>
<Loc EndOffset="9173" SrcFileId="5" StartOffset="9134"/>
</LocList>
</BasicStmnt>
<BasicStmnt CovItemId="S181" CovItemPrefix="Brandon_Dominion.Player.java" Intrnl_Id="931">
<LocList>
<Loc EndOffset="9207" SrcFileId="5" StartOffset="9177"/>
</LocList>
</BasicStmnt>
<BasicStmnt CovItemId="S182" CovItemPrefix="Brandon_Dominion.Player.java" Intrnl_Id="932">
<LocList>
<Loc EndOffset="9274" SrcFileId="5" StartOffset="9211"/>
</LocList>
</BasicStmnt>
</StmntSeq>
</HierarchyLvl>
<HierarchyLvl HierarchyLvlId="47" HierarchyLvlTypeId="13" Intrnl_Id="933" Name="handleMine">
<Header>
<Loc EndOffset="9311" SrcFileId="5" StartOffset="9286"/>
</Header>
<LocList>
<Loc EndOffset="9978" SrcFileId="5" StartOffset="9286"/>
</LocList>
<StmntSeq Intrnl_Id="934">
<LocList>
<Loc EndOffset="9379" SrcFileId="5" StartOffset="9316"/>
<Loc EndOffset="9913" SrcFileId="5" StartOffset="9385"/>
<Loc EndOffset="9974" SrcFileId="5" StartOffset="9917"/>
</LocList>
<BasicStmnt CovItemId="S183" CovItemPrefix="Brandon_Dominion.Player.java" Intrnl_Id="935">
<LocList>
<Loc EndOffset="9379" SrcFileId="5" StartOffset="9316"/>
</LocList>
</BasicStmnt>
<LoopStmnt CovItemId="S184" CovItemPrefix="Brandon_Dominion.Player.java" Intrnl_Id="936" MltplExecId="L12-2" MltplExecPrefix="Brandon_Dominion.Player.java" NvrExecId="L12-0" NvrExecPrefix="Brandon_Dominion.Player.java" OnceExecutedId="L12-1" OnceExecutedPrefix="Brandon_Dominion.Player.java" OptBodyExec="true">
<StmntSeq Intrnl_Id="937">
<LocList>
<Loc EndOffset="9669" SrcFileId="5" StartOffset="9433"/>
<Loc EndOffset="9908" SrcFileId="5" StartOffset="9674"/>
</LocList>
<CondStmnt CovItemId="S185" CovItemPrefix="Brandon_Dominion.Player.java" Intrnl_Id="938">
<Branch CovItemId="B87" CovItemPrefix="Brandon_Dominion.Player.java" Implct="false" Intrnl_Id="939">
<Cond/>
<LocList>
<Loc EndOffset="9669" SrcFileId="5" StartOffset="9478"/>
</LocList>
<StmntSeq Intrnl_Id="940">
<LocList>
<Loc EndOffset="9507" SrcFileId="5" StartOffset="9485"/>
<Loc EndOffset="9567" SrcFileId="5" StartOffset="9513"/>
<Loc EndOffset="9650" SrcFileId="5" StartOffset="9587"/>
<Loc EndOffset="9663" SrcFileId="5" StartOffset="9656"/>
</LocList>
<BasicStmnt CovItemId="S186" CovItemPrefix="Brandon_Dominion.Player.java" Intrnl_Id="941">
<LocList>
<Loc EndOffset="9507" SrcFileId="5" StartOffset="9485"/>
</LocList>
</BasicStmnt>
<BasicStmnt CovItemId="S187" CovItemPrefix="Brandon_Dominion.Player.java" Intrnl_Id="942">
<LocList>
<Loc EndOffset="9567" SrcFileId="5" StartOffset="9513"/>
</LocList>
</BasicStmnt>
<BasicStmnt CovItemId="S188" CovItemPrefix="Brandon_Dominion.Player.java" Intrnl_Id="943">
<LocList>
<Loc EndOffset="9650" SrcFileId="5" StartOffset="9587"/>
</LocList>
</BasicStmnt>
<BasicStmnt CovItemId="S189" CovItemPrefix="Brandon_Dominion.Player.java" Intrnl_Id="944">
<LocList>
<Loc EndOffset="9663" SrcFileId="5" StartOffset="9656"/>
</LocList>
</BasicStmnt>
</StmntSeq>
</Branch>
<Branch CovItemId="B88" CovItemPrefix="Brandon_Dominion.Player.java" Implct="true" Intrnl_Id="945">
<Cond/>
<LocList/>
<StmntSeq Intrnl_Id="946">
<LocList/>
</StmntSeq>
</Branch>
<Keyword EndOffset="9435" SrcFileId="5" StartOffset="9433"/>
<LocList>
<Loc EndOffset="9669" SrcFileId="5" StartOffset="9433"/>
</LocList>
<RootTerm CovItemId="C49" CovItemPrefix="Brandon_Dominion.Player.java" Intrnl_Id="947">
<BasicBoolTerm Intrnl_Id="948">
<LocList>
<Loc EndOffset="9477" SrcFileId="5" StartOffset="9437"/>
</LocList>
</BasicBoolTerm>
</RootTerm>
</CondStmnt>
<CondStmnt CovItemId="S190" CovItemPrefix="Brandon_Dominion.Player.java" Intrnl_Id="949">
<Branch CovItemId="B89" CovItemPrefix="Brandon_Dominion.Player.java" Implct="false" Intrnl_Id="950">
<Cond/>
<LocList>
<Loc EndOffset="9908" SrcFileId="5" StartOffset="9719"/>
</LocList>
<StmntSeq Intrnl_Id="951">
<LocList>
<Loc EndOffset="9748" SrcFileId="5" StartOffset="9726"/>
<Loc EndOffset="9808" SrcFileId="5" StartOffset="9754"/>
<Loc EndOffset="9889" SrcFileId="5" StartOffset="9826"/>
<Loc EndOffset="9902" SrcFileId="5" StartOffset="9895"/>
</LocList>
<BasicStmnt CovItemId="S191" CovItemPrefix="Brandon_Dominion.Player.java" Intrnl_Id="952">
<LocList>
<Loc EndOffset="9748" SrcFileId="5" StartOffset="9726"/>
</LocList>
</BasicStmnt>
<BasicStmnt CovItemId="S192" CovItemPrefix="Brandon_Dominion.Player.java" Intrnl_Id="953">
<LocList>
<Loc EndOffset="9808" SrcFileId="5" StartOffset="9754"/>
</LocList>
</BasicStmnt>
<BasicStmnt CovItemId="S193" CovItemPrefix="Brandon_Dominion.Player.java" Intrnl_Id="954">
<LocList>
<Loc EndOffset="9889" SrcFileId="5" StartOffset="9826"/>
</LocList>
</BasicStmnt>
<BasicStmnt CovItemId="S194" CovItemPrefix="Brandon_Dominion.Player.java" Intrnl_Id="955">
<LocList>
<Loc EndOffset="9902" SrcFileId="5" StartOffset="9895"/>
</LocList>
</BasicStmnt>
</StmntSeq>
</Branch>
<Branch CovItemId="B90" CovItemPrefix="Brandon_Dominion.Player.java" Implct="true" Intrnl_Id="956">
<Cond/>
<LocList/>
<StmntSeq Intrnl_Id="957">
<LocList/>
</StmntSeq>
</Branch>
<Keyword EndOffset="9676" SrcFileId="5" StartOffset="9674"/>
<LocList>
<Loc EndOffset="9908" SrcFileId="5" StartOffset="9674"/>
</LocList>
<RootTerm CovItemId="C50" CovItemPrefix="Brandon_Dominion.Player.java" Intrnl_Id="958">
<BasicBoolTerm Intrnl_Id="959">
<LocList>
<Loc EndOffset="9718" SrcFileId="5" StartOffset="9678"/>
</LocList>
</BasicBoolTerm>
</RootTerm>
</CondStmnt>
</StmntSeq>
<Keyword EndOffset="9388" SrcFileId="5" StartOffset="9385"/>
<LocList>
<Loc EndOffset="9913" SrcFileId="5" StartOffset="9385"/>
</LocList>
<RootTerm CovItemId="C48" CovItemPrefix="Brandon_Dominion.Player.java" Intrnl_Id="960">
<BasicBoolTerm Intrnl_Id="961">
<LocList>
<Loc EndOffset="9422" SrcFileId="5" StartOffset="9400"/>
</LocList>
</BasicBoolTerm>
</RootTerm>
</LoopStmnt>
<BasicStmnt CovItemId="S195" CovItemPrefix="Brandon_Dominion.Player.java" Intrnl_Id="962">
<LocList>
<Loc EndOffset="9974" SrcFileId="5" StartOffset="9917"/>
</LocList>
</BasicStmnt>
</StmntSeq>
</HierarchyLvl>
<HierarchyLvl HierarchyLvlId="48" HierarchyLvlTypeId="13" Intrnl_Id="963" Name="handleGreathall">
<Header>
<Loc EndOffset="10014" SrcFileId="5" StartOffset="9984"/>
</Header>
<LocList>
<Loc EndOffset="10281" SrcFileId="5" StartOffset="9984"/>
</LocList>
<StmntSeq Intrnl_Id="964">
<LocList>
<Loc EndOffset="10082" SrcFileId="5" StartOffset="10019"/>
<Loc EndOffset="10134" SrcFileId="5" StartOffset="10088"/>
<Loc EndOffset="10177" SrcFileId="5" StartOffset="10138"/>
<Loc EndOffset="10244" SrcFileId="5" StartOffset="10181"/>
<Loc EndOffset="10277" SrcFileId="5" StartOffset="10250"/>
</LocList>
<BasicStmnt CovItemId="S196" CovItemPrefix="Brandon_Dominion.Player.java" Intrnl_Id="965">
<LocList>
<Loc EndOffset="10082" SrcFileId="5" StartOffset="10019"/>
</LocList>
</BasicStmnt>
<CondStmnt CovItemId="S197" CovItemPrefix="Brandon_Dominion.Player.java" Intrnl_Id="966">
<Branch CovItemId="B91" CovItemPrefix="Brandon_Dominion.Player.java" Implct="false" Intrnl_Id="967">
<Cond/>
<LocList>
<Loc EndOffset="10134" SrcFileId="5" StartOffset="10121"/>
</LocList>
<StmntSeq Intrnl_Id="968">
<LocList>
<Loc EndOffset="10134" SrcFileId="5" StartOffset="10121"/>
</LocList>
<BasicStmnt CovItemId="S198" CovItemPrefix="Brandon_Dominion.Player.java" Intrnl_Id="969">
<LocList>
<Loc EndOffset="10134" SrcFileId="5" StartOffset="10121"/>
</LocList>
</BasicStmnt>
</StmntSeq>
</Branch>
<Branch CovItemId="B92" CovItemPrefix="Brandon_Dominion.Player.java" Implct="true" Intrnl_Id="970">
<Cond/>
<LocList/>
<StmntSeq Intrnl_Id="971">
<LocList/>
</StmntSeq>
</Branch>
<Keyword EndOffset="10090" SrcFileId="5" StartOffset="10088"/>
<LocList>
<Loc EndOffset="10134" SrcFileId="5" StartOffset="10088"/>
</LocList>
<RootTerm CovItemId="C51" CovItemPrefix="Brandon_Dominion.Player.java" Intrnl_Id="972">
<BasicBoolTerm Intrnl_Id="973">
<LocList>
<Loc EndOffset="10115" SrcFileId="5" StartOffset="10092"/>
</LocList>
</BasicBoolTerm>
</RootTerm>
</CondStmnt>
<BasicStmnt CovItemId="S199" CovItemPrefix="Brandon_Dominion.Player.java" Intrnl_Id="974">
<LocList>
<Loc EndOffset="10177" SrcFileId="5" StartOffset="10138"/>
</LocList>
</BasicStmnt>
<BasicStmnt CovItemId="S200" CovItemPrefix="Brandon_Dominion.Player.java" Intrnl_Id="975">
<LocList>
<Loc EndOffset="10244" SrcFileId="5" StartOffset="10181"/>
</LocList>
</BasicStmnt>
<BasicStmnt CovItemId="S201" CovItemPrefix="Brandon_Dominion.Player.java" Intrnl_Id="976">
<LocList>
<Loc EndOffset="10277" SrcFileId="5" StartOffset="10250"/>
</LocList>
</BasicStmnt>
</StmntSeq>
</HierarchyLvl>
<HierarchyLvl HierarchyLvlId="49" HierarchyLvlTypeId="13" Intrnl_Id="977" Name="handleGarden">
<Header>
<Loc EndOffset="10314" SrcFileId="5" StartOffset="10287"/>
</Header>
<LocList>
<Loc EndOffset="11360" SrcFileId="5" StartOffset="10287"/>
</LocList>
<StmntSeq Intrnl_Id="978">
<LocList>
<Loc EndOffset="10353" SrcFileId="5" StartOffset="10319"/>
<Loc EndOffset="10402" SrcFileId="5" StartOffset="10357"/>
<Loc EndOffset="10436" SrcFileId="5" StartOffset="10407"/>
<Loc EndOffset="10464" SrcFileId="5" StartOffset="10440"/>
<Loc EndOffset="10544" SrcFileId="5" StartOffset="10468"/>
<Loc EndOffset="10621" SrcFileId="5" StartOffset="10548"/>
<Loc EndOffset="10700" SrcFileId="5" StartOffset="10625"/>
<Loc EndOffset="10781" SrcFileId="5" StartOffset="10704"/>
<Loc EndOffset="10935" SrcFileId="5" StartOffset="10785"/>
<Loc EndOffset="11091" SrcFileId="5" StartOffset="10939"/>
<Loc EndOffset="11247" SrcFileId="5" StartOffset="11095"/>
<Loc EndOffset="11275" SrcFileId="5" StartOffset="11251"/>
<Loc EndOffset="11356" SrcFileId="5" StartOffset="11279"/>
</LocList>
<BasicStmnt CovItemId="S202" CovItemPrefix="Brandon_Dominion.Player.java" Intrnl_Id="979">
<LocList>
<Loc EndOffset="10353" SrcFileId="5" StartOffset="10319"/>
</LocList>
</BasicStmnt>
<BasicStmnt CovItemId="S203" CovItemPrefix="Brandon_Dominion.Player.java" Intrnl_Id="980">
<LocList>
<Loc EndOffset="10402" SrcFileId="5" StartOffset="10357"/>
</LocList>
</BasicStmnt>
<BasicStmnt CovItemId="S204" CovItemPrefix="Brandon_Dominion.Player.java" Intrnl_Id="981">
<LocList>
<Loc EndOffset="10436" SrcFileId="5" StartOffset="10407"/>
</LocList>
</BasicStmnt>
<BasicStmnt CovItemId="S205" CovItemPrefix="Brandon_Dominion.Player.java" Intrnl_Id="982">
<LocList>
<Loc EndOffset="10464" SrcFileId="5" StartOffset="10440"/>
</LocList>
</BasicStmnt>
<BasicStmnt CovItemId="S206" CovItemPrefix="Brandon_Dominion.Player.java" Intrnl_Id="983">
<LocList>
<Loc EndOffset="10544" SrcFileId="5" StartOffset="10468"/>
</LocList>
</BasicStmnt>
<LoopStmnt CovItemId="S207" CovItemPrefix="Brandon_Dominion.Player.java" Intrnl_Id="984" MltplExecId="L13-2" MltplExecPrefix="Brandon_Dominion.Player.java" NvrExecId="L13-0" NvrExecPrefix="Brandon_Dominion.Player.java" OnceExecutedId="L13-1" OnceExecutedPrefix="Brandon_Dominion.Player.java" OptBodyExec="true">
<StmntSeq Intrnl_Id="985">
<LocList>
<Loc EndOffset="10601" SrcFileId="5" StartOffset="10576"/>
<Loc EndOffset="10616" SrcFileId="5" StartOffset="10606"/>
</LocList>
<BasicStmnt CovItemId="S208" CovItemPrefix="Brandon_Dominion.Player.java" Intrnl_Id="986">
<LocList>
<Loc EndOffset="10601" SrcFileId="5" StartOffset="10576"/>
</LocList>
</BasicStmnt>
<BasicStmnt CovItemId="S209" CovItemPrefix="Brandon_Dominion.Player.java" Intrnl_Id="987">
<LocList>
<Loc EndOffset="10616" SrcFileId="5" StartOffset="10606"/>
</LocList>
</BasicStmnt>
</StmntSeq>
<Keyword EndOffset="10553" SrcFileId="5" StartOffset="10548"/>
<LocList>
<Loc EndOffset="10621" SrcFileId="5" StartOffset="10548"/>
</LocList>
<RootTerm CovItemId="C52" CovItemPrefix="Brandon_Dominion.Player.java" Intrnl_Id="988">
<BasicBoolTerm Intrnl_Id="989">
<LocList>
<Loc EndOffset="10569" SrcFileId="5" StartOffset="10555"/>
</LocList>
</BasicBoolTerm>
</RootTerm>
</LoopStmnt>
<LoopStmnt CovItemId="S210" CovItemPrefix="Brandon_Dominion.Player.java" Intrnl_Id="990" MltplExecId="L14-2" MltplExecPrefix="Brandon_Dominion.Player.java" NvrExecId="L14-0" NvrExecPrefix="Brandon_Dominion.Player.java" OnceExecutedId="L14-1" OnceExecutedPrefix="Brandon_Dominion.Player.java" OptBodyExec="true">
<StmntSeq Intrnl_Id="991">
<LocList>
<Loc EndOffset="10665" SrcFileId="5" StartOffset="10653"/>
<Loc EndOffset="10695" SrcFileId="5" StartOffset="10670"/>
</LocList>
<BasicStmnt CovItemId="S211" CovItemPrefix="Brandon_Dominion.Player.java" Intrnl_Id="992">
<LocList>
<Loc EndOffset="10665" SrcFileId="5" StartOffset="10653"/>
</LocList>
</BasicStmnt>
<BasicStmnt CovItemId="S212" CovItemPrefix="Brandon_Dominion.Player.java" Intrnl_Id="993">
<LocList>
<Loc EndOffset="10695" SrcFileId="5" StartOffset="10670"/>
</LocList>
</BasicStmnt>
</StmntSeq>
<Keyword EndOffset="10630" SrcFileId="5" StartOffset="10625"/>
<LocList>
<Loc EndOffset="10700" SrcFileId="5" StartOffset="10625"/>
</LocList>
<RootTerm CovItemId="C53" CovItemPrefix="Brandon_Dominion.Player.java" Intrnl_Id="994">
<BasicBoolTerm Intrnl_Id="995">
<LocList>
<Loc EndOffset="10646" SrcFileId="5" StartOffset="10631"/>
</LocList>
</BasicBoolTerm>
</RootTerm>
</LoopStmnt>
<LoopStmnt CovItemId="S213" CovItemPrefix="Brandon_Dominion.Player.java" Intrnl_Id="996" MltplExecId="L15-2" MltplExecPrefix="Brandon_Dominion.Player.java" NvrExecId="L15-0" NvrExecPrefix="Brandon_Dominion.Player.java" OnceExecutedId="L15-1" OnceExecutedPrefix="Brandon_Dominion.Player.java" OptBodyExec="true">
<StmntSeq Intrnl_Id="997">
<LocList>
<Loc EndOffset="10744" SrcFileId="5" StartOffset="10732"/>
<Loc EndOffset="10775" SrcFileId="5" StartOffset="10750"/>
</LocList>
<BasicStmnt CovItemId="S214" CovItemPrefix="Brandon_Dominion.Player.java" Intrnl_Id="998">
<LocList>
<Loc EndOffset="10744" SrcFileId="5" StartOffset="10732"/>
</LocList>
</BasicStmnt>
<BasicStmnt CovItemId="S215" CovItemPrefix="Brandon_Dominion.Player.java" Intrnl_Id="999">
<LocList>
<Loc EndOffset="10775" SrcFileId="5" StartOffset="10750"/>
</LocList>
</BasicStmnt>
</StmntSeq>
<Keyword EndOffset="10709" SrcFileId="5" StartOffset="10704"/>
<LocList>
<Loc EndOffset="10781" SrcFileId="5" StartOffset="10704"/>
</LocList>
<RootTerm CovItemId="C54" CovItemPrefix="Brandon_Dominion.Player.java" Intrnl_Id="1000">
<BasicBoolTerm Intrnl_Id="1001">
<LocList>
<Loc EndOffset="10725" SrcFileId="5" StartOffset="10711"/>
</LocList>
</BasicBoolTerm>
</RootTerm>
</LoopStmnt>
<LoopStmnt CovItemId="S216" CovItemPrefix="Brandon_Dominion.Player.java" Intrnl_Id="1002" MltplExecId="L16-2" MltplExecPrefix="Brandon_Dominion.Player.java" NvrExecId="L16-0" NvrExecPrefix="Brandon_Dominion.Player.java" OnceExecutedId="L16-1" OnceExecutedPrefix="Brandon_Dominion.Player.java" OptBodyExec="true">
<StmntSeq Intrnl_Id="1003">
<LocList>
<Loc EndOffset="10930" SrcFileId="5" StartOffset="10822"/>
</LocList>
<CondStmnt CovItemId="S217" CovItemPrefix="Brandon_Dominion.Player.java" Intrnl_Id="1004">
<Branch CovItemId="B93" CovItemPrefix="Brandon_Dominion.Player.java" Implct="false" Intrnl_Id="1005">
<Cond/>
<LocList>
<Loc EndOffset="10930" SrcFileId="5" StartOffset="10871"/>
</LocList>
<StmntSeq Intrnl_Id="1006">
<LocList>
<Loc EndOffset="10930" SrcFileId="5" StartOffset="10871"/>
</LocList>
<BasicStmnt CovItemId="S218" CovItemPrefix="Brandon_Dominion.Player.java" Intrnl_Id="1007">
<LocList>
<Loc EndOffset="10930" SrcFileId="5" StartOffset="10871"/>
</LocList>
</BasicStmnt>
</StmntSeq>
</Branch>
<Branch CovItemId="B94" CovItemPrefix="Brandon_Dominion.Player.java" Implct="true" Intrnl_Id="1008">
<Cond/>
<LocList/>
<StmntSeq Intrnl_Id="1009">
<LocList/>
</StmntSeq>
</Branch>
<Keyword EndOffset="10824" SrcFileId="5" StartOffset="10822"/>
<LocList>
<Loc EndOffset="10930" SrcFileId="5" StartOffset="10822"/>
</LocList>
<RootTerm CovItemId="C56" CovItemPrefix="Brandon_Dominion.Player.java" Intrnl_Id="1010">
<BasicBoolTerm Intrnl_Id="1011">
<LocList>
<Loc EndOffset="10864" SrcFileId="5" StartOffset="10826"/>
</LocList>
</BasicBoolTerm>
</RootTerm>
</CondStmnt>
</StmntSeq>
<Keyword EndOffset="10788" SrcFileId="5" StartOffset="10785"/>
<LocList>
<Loc EndOffset="10935" SrcFileId="5" StartOffset="10785"/>
</LocList>
<RootTerm CovItemId="C55" CovItemPrefix="Brandon_Dominion.Player.java" Intrnl_Id="1012">
<BasicBoolTerm Intrnl_Id="1013">
<LocList>
<Loc EndOffset="10811" SrcFileId="5" StartOffset="10800"/>
</LocList>
</BasicBoolTerm>
</RootTerm>
</LoopStmnt>
<LoopStmnt CovItemId="S219" CovItemPrefix="Brandon_Dominion.Player.java" Intrnl_Id="1014" MltplExecId="L17-2" MltplExecPrefix="Brandon_Dominion.Player.java" NvrExecId="L17-0" NvrExecPrefix="Brandon_Dominion.Player.java" OnceExecutedId="L17-1" OnceExecutedPrefix="Brandon_Dominion.Player.java" OptBodyExec="true">
<StmntSeq Intrnl_Id="1015">
<LocList>
<Loc EndOffset="11086" SrcFileId="5" StartOffset="10978"/>
</LocList>
<CondStmnt CovItemId="S220" CovItemPrefix="Brandon_Dominion.Player.java" Intrnl_Id="1016">
<Branch CovItemId="B95" CovItemPrefix="Brandon_Dominion.Player.java" Implct="false" Intrnl_Id="1017">
<Cond/>
<LocList>
<Loc EndOffset="11086" SrcFileId="5" StartOffset="11027"/>
</LocList>
<StmntSeq Intrnl_Id="1018">
<LocList>
<Loc EndOffset="11086" SrcFileId="5" StartOffset="11027"/>
</LocList>
<BasicStmnt CovItemId="S221" CovItemPrefix="Brandon_Dominion.Player.java" Intrnl_Id="1019">
<LocList>
<Loc EndOffset="11086" SrcFileId="5" StartOffset="11027"/>
</LocList>
</BasicStmnt>
</StmntSeq>
</Branch>
<Branch CovItemId="B96" CovItemPrefix="Brandon_Dominion.Player.java" Implct="true" Intrnl_Id="1020">
<Cond/>
<LocList/>
<StmntSeq Intrnl_Id="1021">
<LocList/>
</StmntSeq>
</Branch>
<Keyword EndOffset="10980" SrcFileId="5" StartOffset="10978"/>
<LocList>
<Loc EndOffset="11086" SrcFileId="5" StartOffset="10978"/>
</LocList>
<RootTerm CovItemId="C58" CovItemPrefix="Brandon_Dominion.Player.java" Intrnl_Id="1022">
<BasicBoolTerm Intrnl_Id="1023">
<LocList>
<Loc EndOffset="11020" SrcFileId="5" StartOffset="10982"/>
</LocList>
</BasicBoolTerm>
</RootTerm>
</CondStmnt>
</StmntSeq>
<Keyword EndOffset="10942" SrcFileId="5" StartOffset="10939"/>
<LocList>
<Loc EndOffset="11091" SrcFileId="5" StartOffset="10939"/>
</LocList>
<RootTerm CovItemId="C57" CovItemPrefix="Brandon_Dominion.Player.java" Intrnl_Id="1024">
<BasicBoolTerm Intrnl_Id="1025">
<LocList>
<Loc EndOffset="10967" SrcFileId="5" StartOffset="10954"/>
</LocList>
</BasicBoolTerm>
</RootTerm>
</LoopStmnt>
<LoopStmnt CovItemId="S222" CovItemPrefix="Brandon_Dominion.Player.java" Intrnl_Id="1026" MltplExecId="L18-2" MltplExecPrefix="Brandon_Dominion.Player.java" NvrExecId="L18-0" NvrExecPrefix="Brandon_Dominion.Player.java" OnceExecutedId="L18-1" OnceExecutedPrefix="Brandon_Dominion.Player.java" OptBodyExec="true">
<StmntSeq Intrnl_Id="1027">
<LocList>
<Loc EndOffset="11242" SrcFileId="5" StartOffset="11134"/>
</LocList>
<CondStmnt CovItemId="S223" CovItemPrefix="Brandon_Dominion.Player.java" Intrnl_Id="1028">
<Branch CovItemId="B97" CovItemPrefix="Brandon_Dominion.Player.java" Implct="false" Intrnl_Id="1029">
<Cond/>
<LocList>
<Loc EndOffset="11242" SrcFileId="5" StartOffset="11183"/>
</LocList>
<StmntSeq Intrnl_Id="1030">
<LocList>
<Loc EndOffset="11242" SrcFileId="5" StartOffset="11183"/>
</LocList>
<BasicStmnt CovItemId="S224" CovItemPrefix="Brandon_Dominion.Player.java" Intrnl_Id="1031">
<LocList>
<Loc EndOffset="11242" SrcFileId="5" StartOffset="11183"/>
</LocList>
</BasicStmnt>
</StmntSeq>
</Branch>
<Branch CovItemId="B98" CovItemPrefix="Brandon_Dominion.Player.java" Implct="true" Intrnl_Id="1032">
<Cond/>
<LocList/>
<StmntSeq Intrnl_Id="1033">
<LocList/>
</StmntSeq>
</Branch>
<Keyword EndOffset="11136" SrcFileId="5" StartOffset="11134"/>
<LocList>
<Loc EndOffset="11242" SrcFileId="5" StartOffset="11134"/>
</LocList>
<RootTerm CovItemId="C60" CovItemPrefix="Brandon_Dominion.Player.java" Intrnl_Id="1034">
<BasicBoolTerm Intrnl_Id="1035">
<LocList>
<Loc EndOffset="11176" SrcFileId="5" StartOffset="11138"/>
</LocList>
</BasicBoolTerm>
</RootTerm>
</CondStmnt>
</StmntSeq>
<Keyword EndOffset="11098" SrcFileId="5" StartOffset="11095"/>
<LocList>
<Loc EndOffset="11247" SrcFileId="5" StartOffset="11095"/>
</LocList>
<RootTerm CovItemId="C59" CovItemPrefix="Brandon_Dominion.Player.java" Intrnl_Id="1036">
<BasicBoolTerm Intrnl_Id="1037">
<LocList>
<Loc EndOffset="11123" SrcFileId="5" StartOffset="11110"/>
</LocList>
</BasicBoolTerm>
</RootTerm>
</LoopStmnt>
<BasicStmnt CovItemId="S225" CovItemPrefix="Brandon_Dominion.Player.java" Intrnl_Id="1038">
<LocList>
<Loc EndOffset="11275" SrcFileId="5" StartOffset="11251"/>
</LocList>
</BasicStmnt>
<BasicStmnt CovItemId="S226" CovItemPrefix="Brandon_Dominion.Player.java" Intrnl_Id="1039">
<LocList>
<Loc EndOffset="11356" SrcFileId="5" StartOffset="11279"/>
</LocList>
</BasicStmnt>
</StmntSeq>
</HierarchyLvl>
<HierarchyLvl HierarchyLvlId="50" HierarchyLvlTypeId="13" Intrnl_Id="1040" Name="handleFeast">
<Header>
<Loc EndOffset="11430" SrcFileId="5" StartOffset="11404"/>
</Header>
<LocList>
<Loc EndOffset="12109" SrcFileId="5" StartOffset="11404"/>
</LocList>
<StmntSeq Intrnl_Id="1041">
<LocList>
<Loc EndOffset="11477" SrcFileId="5" StartOffset="11435"/>
<Loc EndOffset="11494" SrcFileId="5" StartOffset="11481"/>
<Loc EndOffset="11562" SrcFileId="5" StartOffset="11499"/>
<Loc EndOffset="12101" SrcFileId="5" StartOffset="11568"/>
</LocList>
<BasicStmnt CovItemId="S227" CovItemPrefix="Brandon_Dominion.Player.java" Intrnl_Id="1042">
<LocList>
<Loc EndOffset="11477" SrcFileId="5" StartOffset="11435"/>
</LocList>
</BasicStmnt>
<BasicStmnt CovItemId="S228" CovItemPrefix="Brandon_Dominion.Player.java" Intrnl_Id="1043">
<LocList>
<Loc EndOffset="11494" SrcFileId="5" StartOffset="11481"/>
</LocList>
</BasicStmnt>
<BasicStmnt CovItemId="S229" CovItemPrefix="Brandon_Dominion.Player.java" Intrnl_Id="1044">
<LocList>
<Loc EndOffset="11562" SrcFileId="5" StartOffset="11499"/>
</LocList>
</BasicStmnt>
<LoopStmnt CovItemId="S230" CovItemPrefix="Brandon_Dominion.Player.java" Intrnl_Id="1045" MltplExecId="L19-2" MltplExecPrefix="Brandon_Dominion.Player.java" NvrExecId="L19-0" NvrExecPrefix="Brandon_Dominion.Player.java" OnceExecutedId="L19-1" OnceExecutedPrefix="Brandon_Dominion.Player.java" OptBodyExec="true">
<StmntSeq Intrnl_Id="1046">
<LocList>
<Loc EndOffset="11626" SrcFileId="5" StartOffset="11602"/>
<Loc EndOffset="12096" SrcFileId="5" StartOffset="11631"/>
</LocList>
<BasicStmnt CovItemId="S231" CovItemPrefix="Brandon_Dominion.Player.java" Intrnl_Id="1047">
<LocList>
<Loc EndOffset="11626" SrcFileId="5" StartOffset="11602"/>
</LocList>
</BasicStmnt>
<CondStmnt CovItemId="S232" CovItemPrefix="Brandon_Dominion.Player.java" Intrnl_Id="1048">
<Branch CovItemId="B99" CovItemPrefix="Brandon_Dominion.Player.java" Implct="false" Intrnl_Id="1049">
<Cond/>
<LocList>
<Loc EndOffset="11738" SrcFileId="5" StartOffset="11693"/>
</LocList>
<StmntSeq Intrnl_Id="1050">
<LocList>
<Loc EndOffset="11738" SrcFileId="5" StartOffset="11693"/>
</LocList>
<BasicStmnt CovItemId="S233" CovItemPrefix="Brandon_Dominion.Player.java" Intrnl_Id="1051">
<LocList>
<Loc EndOffset="11738" SrcFileId="5" StartOffset="11693"/>
</LocList>
</BasicStmnt>
</StmntSeq>
</Branch>
<Branch CovItemId="B100" CovItemPrefix="Brandon_Dominion.Player.java" Implct="false" Intrnl_Id="1052">
<Cond>
<Loc EndOffset="11747" SrcFileId="5" StartOffset="11743"/>
</Cond>
<LocList>
<Loc EndOffset="12096" SrcFileId="5" StartOffset="11747"/>
</LocList>
<StmntSeq Intrnl_Id="1053">
<LocList>
<Loc EndOffset="11810" SrcFileId="5" StartOffset="11754"/>
<Loc EndOffset="11869" SrcFileId="5" StartOffset="11816"/>
<Loc EndOffset="11967" SrcFileId="5" StartOffset="11875"/>
<Loc EndOffset="11997" SrcFileId="5" StartOffset="11973"/>
<Loc EndOffset="12065" SrcFileId="5" StartOffset="12003"/>
<Loc EndOffset="12090" SrcFileId="5" StartOffset="12071"/>
</LocList>
<BasicStmnt CovItemId="S234" CovItemPrefix="Brandon_Dominion.Player.java" Intrnl_Id="1054">
<LocList>
<Loc EndOffset="11810" SrcFileId="5" StartOffset="11754"/>
</LocList>
</BasicStmnt>
<BasicStmnt CovItemId="S235" CovItemPrefix="Brandon_Dominion.Player.java" Intrnl_Id="1055">
<LocList>
<Loc EndOffset="11869" SrcFileId="5" StartOffset="11816"/>
</LocList>
</BasicStmnt>
<CondStmnt CovItemId="S236" CovItemPrefix="Brandon_Dominion.Player.java" Intrnl_Id="1056">
<Branch CovItemId="B101" CovItemPrefix="Brandon_Dominion.Player.java" Implct="false" Intrnl_Id="1057">
<Cond/>
<LocList>
<Loc EndOffset="11967" SrcFileId="5" StartOffset="11912"/>
</LocList>
<StmntSeq Intrnl_Id="1058">
<LocList>
<Loc EndOffset="11967" SrcFileId="5" StartOffset="11912"/>
</LocList>
<BasicStmnt CovItemId="S237" CovItemPrefix="Brandon_Dominion.Player.java" Intrnl_Id="1059">
<LocList>
<Loc EndOffset="11967" SrcFileId="5" StartOffset="11912"/>
</LocList>
</BasicStmnt>
</StmntSeq>
</Branch>
<Branch CovItemId="B102" CovItemPrefix="Brandon_Dominion.Player.java" Implct="true" Intrnl_Id="1060">
<Cond/>
<LocList/>
<StmntSeq Intrnl_Id="1061">
<LocList/>
</StmntSeq>
</Branch>
<Keyword EndOffset="11877" SrcFileId="5" StartOffset="11875"/>
<LocList>
<Loc EndOffset="11967" SrcFileId="5" StartOffset="11875"/>
</LocList>
<RootTerm CovItemId="C63" CovItemPrefix="Brandon_Dominion.Player.java" Intrnl_Id="1062">
<BasicBoolTerm Intrnl_Id="1063">
<LocList>
<Loc EndOffset="11904" SrcFileId="5" StartOffset="11879"/>
</LocList>
</BasicBoolTerm>
</RootTerm>
</CondStmnt>
<BasicStmnt CovItemId="S238" CovItemPrefix="Brandon_Dominion.Player.java" Intrnl_Id="1064">
<LocList>
<Loc EndOffset="11997" SrcFileId="5" StartOffset="11973"/>
</LocList>
</BasicStmnt>
<BasicStmnt CovItemId="S239" CovItemPrefix="Brandon_Dominion.Player.java" Intrnl_Id="1065">
<LocList>
<Loc EndOffset="12065" SrcFileId="5" StartOffset="12003"/>
</LocList>
</BasicStmnt>
<BasicStmnt CovItemId="S240" CovItemPrefix="Brandon_Dominion.Player.java" Intrnl_Id="1066">
<LocList>
<Loc EndOffset="12090" SrcFileId="5" StartOffset="12071"/>
</LocList>
</BasicStmnt>
</StmntSeq>
</Branch>
<Keyword EndOffset="11633" SrcFileId="5" StartOffset="11631"/>
<LocList>
<Loc EndOffset="12096" SrcFileId="5" StartOffset="11631"/>
</LocList>
<RootTerm CovItemId="C62" CovItemPrefix="Brandon_Dominion.Player.java" Intrnl_Id="1067">
<BasicBoolTerm Intrnl_Id="1068">
<LocList>
<Loc EndOffset="11686" SrcFileId="5" StartOffset="11635"/>
</LocList>
</BasicBoolTerm>
</RootTerm>
</CondStmnt>
</StmntSeq>
<Keyword EndOffset="11573" SrcFileId="5" StartOffset="11568"/>
<LocList>
<Loc EndOffset="12101" SrcFileId="5" StartOffset="11568"/>
</LocList>
<RootTerm CovItemId="C61" CovItemPrefix="Brandon_Dominion.Player.java" Intrnl_Id="1069">
<BasicBoolTerm Intrnl_Id="1070">
<LocList>
<Loc EndOffset="11595" SrcFileId="5" StartOffset="11575"/>
</LocList>
</BasicBoolTerm>
</RootTerm>
</LoopStmnt>
</StmntSeq>
</HierarchyLvl>
<HierarchyLvl HierarchyLvlId="51" HierarchyLvlTypeId="13" Intrnl_Id="1071" Name="handle_Embargo">
<Header>
<Loc EndOffset="12168" SrcFileId="5" StartOffset="12139"/>
</Header>
<LocList>
<Loc EndOffset="12951" SrcFileId="5" StartOffset="12139"/>
</LocList>
<StmntSeq Intrnl_Id="1072">
<LocList>
<Loc EndOffset="12194" SrcFileId="5" StartOffset="12173"/>
<Loc EndOffset="12211" SrcFileId="5" StartOffset="12198"/>
<Loc EndOffset="12323" SrcFileId="5" StartOffset="12215"/>
<Loc EndOffset="12638" SrcFileId="5" StartOffset="12340"/>
<Loc EndOffset="12711" SrcFileId="5" StartOffset="12642"/>
<Loc EndOffset="12864" SrcFileId="5" StartOffset="12715"/>
<Loc EndOffset="12937" SrcFileId="5" StartOffset="12868"/>
</LocList>
<BasicStmnt CovItemId="S241" CovItemPrefix="Brandon_Dominion.Player.java" Intrnl_Id="1073">
<LocList>
<Loc EndOffset="12194" SrcFileId="5" StartOffset="12173"/>
</LocList>
</BasicStmnt>
<BasicStmnt CovItemId="S242" CovItemPrefix="Brandon_Dominion.Player.java" Intrnl_Id="1074">
<LocList>
<Loc EndOffset="12211" SrcFileId="5" StartOffset="12198"/>
</LocList>
</BasicStmnt>
<CondStmnt CovItemId="S243" CovItemPrefix="Brandon_Dominion.Player.java" Intrnl_Id="1075">
<Branch CovItemId="B103" CovItemPrefix="Brandon_Dominion.Player.java" Implct="false" Intrnl_Id="1076">
<Cond/>
<LocList>
<Loc EndOffset="12323" SrcFileId="5" StartOffset="12264"/>
</LocList>
<StmntSeq Intrnl_Id="1077">
<LocList>
<Loc EndOffset="12323" SrcFileId="5" StartOffset="12264"/>
</LocList>
<BasicStmnt CovItemId="S244" CovItemPrefix="Brandon_Dominion.Player.java" Intrnl_Id="1078">
<LocList>
<Loc EndOffset="12323" SrcFileId="5" StartOffset="12264"/>
</LocList>
</BasicStmnt>
</StmntSeq>
</Branch>
<Branch CovItemId="B104" CovItemPrefix="Brandon_Dominion.Player.java" Implct="true" Intrnl_Id="1079">
<Cond/>
<LocList/>
<StmntSeq Intrnl_Id="1080">
<LocList/>
</StmntSeq>
</Branch>
<Keyword EndOffset="12217" SrcFileId="5" StartOffset="12215"/>
<LocList>
<Loc EndOffset="12323" SrcFileId="5" StartOffset="12215"/>
</LocList>
<RootTerm CovItemId="C64" CovItemPrefix="Brandon_Dominion.Player.java" Intrnl_Id="1081">
<BasicBoolTerm Intrnl_Id="1082">
<LocList>
<Loc EndOffset="12258" SrcFileId="5" StartOffset="12219"/>
</LocList>
</BasicBoolTerm>
</RootTerm>
</CondStmnt>
<LoopStmnt CovItemId="S245" CovItemPrefix="Brandon_Dominion.Player.java" Intrnl_Id="1083" MltplExecId="L20-2" MltplExecPrefix="Brandon_Dominion.Player.java" NvrExecId="L20-0" NvrExecPrefix="Brandon_Dominion.Player.java" OnceExecutedId="L20-1" OnceExecutedPrefix="Brandon_Dominion.Player.java" OptBodyExec="true">
<StmntSeq Intrnl_Id="1084">
<LocList>
<Loc EndOffset="12432" SrcFileId="5" StartOffset="12367"/>
<Loc EndOffset="12571" SrcFileId="5" StartOffset="12437"/>
<Loc EndOffset="12633" SrcFileId="5" StartOffset="12576"/>
</LocList>
<BasicStmnt CovItemId="S246" CovItemPrefix="Brandon_Dominion.Player.java" Intrnl_Id="1085">
<LocList>
<Loc EndOffset="12432" SrcFileId="5" StartOffset="12367"/>
</LocList>
</BasicStmnt>
<CondStmnt CovItemId="S247" CovItemPrefix="Brandon_Dominion.Player.java" Intrnl_Id="1086">
<Branch CovItemId="B105" CovItemPrefix="Brandon_Dominion.Player.java" Implct="false" Intrnl_Id="1087">
<Cond/>
<LocList>
<Loc EndOffset="12511" SrcFileId="5" StartOffset="12498"/>
</LocList>
<StmntSeq Intrnl_Id="1088">
<LocList>
<Loc EndOffset="12511" SrcFileId="5" StartOffset="12498"/>
</LocList>
<BasicStmnt CovItemId="S248" CovItemPrefix="Brandon_Dominion.Player.java" Intrnl_Id="1089">
<LocList>
<Loc EndOffset="12511" SrcFileId="5" StartOffset="12498"/>
</LocList>
</BasicStmnt>
</StmntSeq>
</Branch>
<Branch CovItemId="B106" CovItemPrefix="Brandon_Dominion.Player.java" Implct="false" Intrnl_Id="1090">
<Cond>
<Loc EndOffset="12521" SrcFileId="5" StartOffset="12517"/>
</Cond>
<LocList>
<Loc EndOffset="12571" SrcFileId="5" StartOffset="12522"/>
</LocList>
<StmntSeq Intrnl_Id="1091">
<LocList>
<Loc EndOffset="12541" SrcFileId="5" StartOffset="12529"/>
<Loc EndOffset="12564" SrcFileId="5" StartOffset="12547"/>
</LocList>
<BasicStmnt CovItemId="S249" CovItemPrefix="Brandon_Dominion.Player.java" Intrnl_Id="1092">
<LocList>
<Loc EndOffset="12541" SrcFileId="5" StartOffset="12529"/>
</LocList>
</BasicStmnt>
<BasicStmnt CovItemId="S250" CovItemPrefix="Brandon_Dominion.Player.java" Intrnl_Id="1093">
<LocList>
<Loc EndOffset="12564" SrcFileId="5" StartOffset="12547"/>
</LocList>
</BasicStmnt>
</StmntSeq>
</Branch>
<Keyword EndOffset="12439" SrcFileId="5" StartOffset="12437"/>
<LocList>
<Loc EndOffset="12571" SrcFileId="5" StartOffset="12437"/>
</LocList>
<RootTerm CovItemId="C66" CovItemPrefix="Brandon_Dominion.Player.java" Intrnl_Id="1094">
<BasicBoolTerm Intrnl_Id="1095">
<LocList>
<Loc EndOffset="12491" SrcFileId="5" StartOffset="12441"/>
</LocList>
</BasicBoolTerm>
</RootTerm>
</CondStmnt>
<BasicStmnt CovItemId="S251" CovItemPrefix="Brandon_Dominion.Player.java" Intrnl_Id="1096">
<LocList>
<Loc EndOffset="12633" SrcFileId="5" StartOffset="12576"/>
</LocList>
</BasicStmnt>
</StmntSeq>
<Keyword EndOffset="12345" SrcFileId="5" StartOffset="12340"/>
<LocList>
<Loc EndOffset="12638" SrcFileId="5" StartOffset="12340"/>
</LocList>
<RootTerm CovItemId="C65" CovItemPrefix="Brandon_Dominion.Player.java" Intrnl_Id="1097">
<BasicBoolTerm Intrnl_Id="1098">
<LocList>
<Loc EndOffset="12360" SrcFileId="5" StartOffset="12347"/>
</LocList>
</BasicBoolTerm>
</RootTerm>
</LoopStmnt>
<BasicStmnt CovItemId="S252" CovItemPrefix="Brandon_Dominion.Player.java" Intrnl_Id="1099">
<LocList>
<Loc EndOffset="12711" SrcFileId="5" StartOffset="12642"/>
</LocList>
</BasicStmnt>
<LoopStmnt CovItemId="S253" CovItemPrefix="Brandon_Dominion.Player.java" Intrnl_Id="1100" MltplExecId="L21-2" MltplExecPrefix="Brandon_Dominion.Player.java" NvrExecId="L21-0" NvrExecPrefix="Brandon_Dominion.Player.java" OnceExecutedId="L21-1" OnceExecutedPrefix="Brandon_Dominion.Player.java" OptBodyExec="true">
<StmntSeq Intrnl_Id="1101">
<LocList>
<Loc EndOffset="12864" SrcFileId="5" StartOffset="12813"/>
</LocList>
<BasicStmnt CovItemId="S254" CovItemPrefix="Brandon_Dominion.Player.java" Intrnl_Id="1102">
<LocList>
<Loc EndOffset="12864" SrcFileId="5" StartOffset="12813"/>
</LocList>
</BasicStmnt>
</StmntSeq>
<Keyword EndOffset="12718" SrcFileId="5" StartOffset="12715"/>
<LocList>
<Loc EndOffset="12864" SrcFileId="5" StartOffset="12715"/>
</LocList>
<RootTerm CovItemId="C67" CovItemPrefix="Brandon_Dominion.Player.java" Intrnl_Id="1103">
<BasicBoolTerm Intrnl_Id="1104">
<LocList>
<Loc EndOffset="12772" SrcFileId="5" StartOffset="12731"/>
</LocList>
</BasicBoolTerm>
</RootTerm>
</LoopStmnt>
<BasicStmnt CovItemId="S255" CovItemPrefix="Brandon_Dominion.Player.java" Intrnl_Id="1105">
<LocList>
<Loc EndOffset="12937" SrcFileId="5" StartOffset="12868"/>
</LocList>
</BasicStmnt>
</StmntSeq>
</HierarchyLvl>
<HierarchyLvl HierarchyLvlId="52" HierarchyLvlTypeId="13" Intrnl_Id="1106" Name="handle_CutPurse">
<Header>
<Loc EndOffset="12998" SrcFileId="5" StartOffset="12960"/>
</Header>
<LocList>
<Loc EndOffset="13363" SrcFileId="5" StartOffset="12960"/>
</LocList>
<StmntSeq Intrnl_Id="1107">
<LocList>
<Loc EndOffset="13051" SrcFileId="5" StartOffset="13003"/>
<Loc EndOffset="13280" SrcFileId="5" StartOffset="13055"/>
<Loc EndOffset="13359" SrcFileId="5" StartOffset="13284"/>
</LocList>
<BasicStmnt CovItemId="S256" CovItemPrefix="Brandon_Dominion.Player.java" Intrnl_Id="1108">
<LocList>
<Loc EndOffset="13051" SrcFileId="5" StartOffset="13003"/>
</LocList>
</BasicStmnt>
<LoopStmnt CovItemId="S257" CovItemPrefix="Brandon_Dominion.Player.java" Intrnl_Id="1109" MltplExecId="L22-2" MltplExecPrefix="Brandon_Dominion.Player.java" NvrExecId="L22-0" NvrExecPrefix="Brandon_Dominion.Player.java" OnceExecutedId="L22-1" OnceExecutedPrefix="Brandon_Dominion.Player.java" OptBodyExec="true">
<StmntSeq Intrnl_Id="1110">
<LocList>
<Loc EndOffset="13275" SrcFileId="5" StartOffset="13104"/>
</LocList>
<CondStmnt CovItemId="S258" CovItemPrefix="Brandon_Dominion.Player.java" Intrnl_Id="1111">
<Branch CovItemId="B107" CovItemPrefix="Brandon_Dominion.Player.java" Implct="false" Intrnl_Id="1112">
<Cond/>
<LocList>
<Loc EndOffset="13275" SrcFileId="5" StartOffset="13149"/>
</LocList>
<StmntSeq Intrnl_Id="1113">
<LocList>
<Loc EndOffset="13178" SrcFileId="5" StartOffset="13156"/>
<Loc EndOffset="13255" SrcFileId="5" StartOffset="13207"/>
<Loc EndOffset="13268" SrcFileId="5" StartOffset="13261"/>
</LocList>
<BasicStmnt CovItemId="S259" CovItemPrefix="Brandon_Dominion.Player.java" Intrnl_Id="1114">
<LocList>
<Loc EndOffset="13178" SrcFileId="5" StartOffset="13156"/>
</LocList>
</BasicStmnt>
<BasicStmnt CovItemId="S260" CovItemPrefix="Brandon_Dominion.Player.java" Intrnl_Id="1115">
<LocList>
<Loc EndOffset="13255" SrcFileId="5" StartOffset="13207"/>
</LocList>
</BasicStmnt>
<BasicStmnt CovItemId="S261" CovItemPrefix="Brandon_Dominion.Player.java" Intrnl_Id="1116">
<LocList>
<Loc EndOffset="13268" SrcFileId="5" StartOffset="13261"/>
</LocList>
</BasicStmnt>
</StmntSeq>
</Branch>
<Branch CovItemId="B108" CovItemPrefix="Brandon_Dominion.Player.java" Implct="true" Intrnl_Id="1117">
<Cond/>
<LocList/>
<StmntSeq Intrnl_Id="1118">
<LocList/>
</StmntSeq>
</Branch>
<Keyword EndOffset="13106" SrcFileId="5" StartOffset="13104"/>
<LocList>
<Loc EndOffset="13275" SrcFileId="5" StartOffset="13104"/>
</LocList>
<RootTerm CovItemId="C69" CovItemPrefix="Brandon_Dominion.Player.java" Intrnl_Id="1119">
<BasicBoolTerm Intrnl_Id="1120">
<LocList>
<Loc EndOffset="13148" SrcFileId="5" StartOffset="13108"/>
</LocList>
</BasicBoolTerm>
</RootTerm>
</CondStmnt>
</StmntSeq>
<Keyword EndOffset="13058" SrcFileId="5" StartOffset="13055"/>
<LocList>
<Loc EndOffset="13280" SrcFileId="5" StartOffset="13055"/>
</LocList>
<RootTerm CovItemId="C68" CovItemPrefix="Brandon_Dominion.Player.java" Intrnl_Id="1121">
<BasicBoolTerm Intrnl_Id="1122">
<LocList>
<Loc EndOffset="13092" SrcFileId="5" StartOffset="13070"/>
</LocList>
</BasicBoolTerm>
</RootTerm>
</LoopStmnt>
<BasicStmnt CovItemId="S262" CovItemPrefix="Brandon_Dominion.Player.java" Intrnl_Id="1123">
<LocList>
<Loc EndOffset="13359" SrcFileId="5" StartOffset="13284"/>
</LocList>
</BasicStmnt>
</StmntSeq>
</HierarchyLvl>
<HierarchyLvl HierarchyLvlId="53" HierarchyLvlTypeId="13" Intrnl_Id="1124" Name="handle_CouncilRoom">
<Header>
<Loc EndOffset="13422" SrcFileId="5" StartOffset="13369"/>
</Header>
<LocList>
<Loc EndOffset="13846" SrcFileId="5" StartOffset="13369"/>
</LocList>
<StmntSeq Intrnl_Id="1125">
<LocList>
<Loc EndOffset="13500" SrcFileId="5" StartOffset="13444"/>
<Loc EndOffset="13533" SrcFileId="5" StartOffset="13509"/>
<Loc EndOffset="13585" SrcFileId="5" StartOffset="13537"/>
<Loc EndOffset="13639" SrcFileId="5" StartOffset="13589"/>
<Loc EndOffset="13688" SrcFileId="5" StartOffset="13643"/>
<Loc EndOffset="13705" SrcFileId="5" StartOffset="13692"/>
<Loc EndOffset="13770" SrcFileId="5" StartOffset="13713"/>
<Loc EndOffset="13788" SrcFileId="5" StartOffset="13774"/>
<Loc EndOffset="13840" SrcFileId="5" StartOffset="13792"/>
</LocList>
<CondStmnt CovItemId="S263" CovItemPrefix="Brandon_Dominion.Player.java" Intrnl_Id="1126">
<Branch CovItemId="B109" CovItemPrefix="Brandon_Dominion.Player.java" Implct="false" Intrnl_Id="1127">
<Cond/>
<LocList>
<Loc EndOffset="13475" SrcFileId="5" StartOffset="13464"/>
</LocList>
<StmntSeq Intrnl_Id="1128">
<LocList>
<Loc EndOffset="13475" SrcFileId="5" StartOffset="13464"/>
</LocList>
<BasicStmnt CovItemId="S264" CovItemPrefix="Brandon_Dominion.Player.java" Intrnl_Id="1129">
<LocList>
<Loc EndOffset="13475" SrcFileId="5" StartOffset="13464"/>
</LocList>
</BasicStmnt>
</StmntSeq>
</Branch>
<Branch CovItemId="B110" CovItemPrefix="Brandon_Dominion.Player.java" Implct="false" Intrnl_Id="1130">
<Cond>
<Loc EndOffset="13483" SrcFileId="5" StartOffset="13479"/>
</Cond>
<LocList>
<Loc EndOffset="13500" SrcFileId="5" StartOffset="13489"/>
</LocList>
<StmntSeq Intrnl_Id="1131">
<LocList>
<Loc EndOffset="13500" SrcFileId="5" StartOffset="13489"/>
</LocList>
<BasicStmnt CovItemId="S265" CovItemPrefix="Brandon_Dominion.Player.java" Intrnl_Id="1132">
<LocList>
<Loc EndOffset="13500" SrcFileId="5" StartOffset="13489"/>
</LocList>
</BasicStmnt>
</StmntSeq>
</Branch>
<Keyword EndOffset="13446" SrcFileId="5" StartOffset="13444"/>
<LocList>
<Loc EndOffset="13500" SrcFileId="5" StartOffset="13444"/>
</LocList>
<RootTerm CovItemId="C70" CovItemPrefix="Brandon_Dominion.Player.java" Intrnl_Id="1133">
<BasicBoolTerm Intrnl_Id="1134">
<LocList>
<Loc EndOffset="13458" SrcFileId="5" StartOffset="13448"/>
</LocList>
</BasicBoolTerm>
</RootTerm>
</CondStmnt>
<BasicStmnt CovItemId="S266" CovItemPrefix="Brandon_Dominion.Player.java" Intrnl_Id="1135">
<LocList>
<Loc EndOffset="13533" SrcFileId="5" StartOffset="13509"/>
</LocList>
</BasicStmnt>
<BasicStmnt CovItemId="S267" CovItemPrefix="Brandon_Dominion.Player.java" Intrnl_Id="1136">
<LocList>
<Loc EndOffset="13585" SrcFileId="5" StartOffset="13537"/>
</LocList>
</BasicStmnt>
<CondStmnt CovItemId="S268" CovItemPrefix="Brandon_Dominion.Player.java" Intrnl_Id="1137">
<Branch CovItemId="B111" CovItemPrefix="Brandon_Dominion.Player.java" Implct="false" Intrnl_Id="1138">
<Cond/>
<LocList>
<Loc EndOffset="13639" SrcFileId="5" StartOffset="13626"/>
</LocList>
<StmntSeq Intrnl_Id="1139">
<LocList>
<Loc EndOffset="13639" SrcFileId="5" StartOffset="13626"/>
</LocList>
<BasicStmnt CovItemId="S269" CovItemPrefix="Brandon_Dominion.Player.java" Intrnl_Id="1140">
<LocList>
<Loc EndOffset="13639" SrcFileId="5" StartOffset="13626"/>
</LocList>
</BasicStmnt>
</StmntSeq>
</Branch>
<Branch CovItemId="B112" CovItemPrefix="Brandon_Dominion.Player.java" Implct="true" Intrnl_Id="1141">
<Cond/>
<LocList/>
<StmntSeq Intrnl_Id="1142">
<LocList/>
</StmntSeq>
</Branch>
<Keyword EndOffset="13591" SrcFileId="5" StartOffset="13589"/>
<LocList>
<Loc EndOffset="13639" SrcFileId="5" StartOffset="13589"/>
</LocList>
<RootTerm CovItemId="C71" CovItemPrefix="Brandon_Dominion.Player.java" Intrnl_Id="1143">
<BasicBoolTerm Intrnl_Id="1144">
<LocList>
<Loc EndOffset="13620" SrcFileId="5" StartOffset="13593"/>
</LocList>
</BasicBoolTerm>
</RootTerm>
</CondStmnt>
<LoopStmnt CovItemId="S270" CovItemPrefix="Brandon_Dominion.Player.java" Intrnl_Id="1145" MltplExecId="L23-2" MltplExecPrefix="Brandon_Dominion.Player.java" NvrExecId="L23-0" NvrExecPrefix="Brandon_Dominion.Player.java" OnceExecutedId="L23-1" OnceExecutedPrefix="Brandon_Dominion.Player.java" OptBodyExec="true">
<StmntSeq Intrnl_Id="1146">
<LocList>
<Loc EndOffset="13688" SrcFileId="5" StartOffset="13675"/>
</LocList>
<BasicStmnt CovItemId="S271" CovItemPrefix="Brandon_Dominion.Player.java" Intrnl_Id="1147">
<LocList>
<Loc EndOffset="13688" SrcFileId="5" StartOffset="13675"/>
</LocList>
</BasicStmnt>
</StmntSeq>
<Keyword EndOffset="13646" SrcFileId="5" StartOffset="13643"/>
<LocList>
<Loc EndOffset="13688" SrcFileId="5" StartOffset="13643"/>
</LocList>
<RootTerm CovItemId="C72" CovItemPrefix="Brandon_Dominion.Player.java" Intrnl_Id="1148">
<BasicBoolTerm Intrnl_Id="1149">
<LocList>
<Loc EndOffset="13664" SrcFileId="5" StartOffset="13659"/>
</LocList>
</BasicBoolTerm>
</RootTerm>
</LoopStmnt>
<BasicStmnt CovItemId="S272" CovItemPrefix="Brandon_Dominion.Player.java" Intrnl_Id="1150">
<LocList>
<Loc EndOffset="13705" SrcFileId="5" StartOffset="13692"/>
</LocList>
</BasicStmnt>
<CondStmnt CovItemId="S273" CovItemPrefix="Brandon_Dominion.Player.java" Intrnl_Id="1151">
<Branch CovItemId="B113" CovItemPrefix="Brandon_Dominion.Player.java" Implct="false" Intrnl_Id="1152">
<Cond/>
<LocList>
<Loc EndOffset="13770" SrcFileId="5" StartOffset="13751"/>
</LocList>
<StmntSeq Intrnl_Id="1153">
<LocList>
<Loc EndOffset="13770" SrcFileId="5" StartOffset="13751"/>
</LocList>
<BasicStmnt CovItemId="S274" CovItemPrefix="Brandon_Dominion.Player.java" Intrnl_Id="1154">
<LocList>
<Loc EndOffset="13770" SrcFileId="5" StartOffset="13751"/>
</LocList>
</BasicStmnt>
</StmntSeq>
</Branch>
<Branch CovItemId="B114" CovItemPrefix="Brandon_Dominion.Player.java" Implct="true" Intrnl_Id="1155">
<Cond/>
<LocList/>
<StmntSeq Intrnl_Id="1156">
<LocList/>
</StmntSeq>
</Branch>
<Keyword EndOffset="13715" SrcFileId="5" StartOffset="13713"/>
<LocList>
<Loc EndOffset="13770" SrcFileId="5" StartOffset="13713"/>
</LocList>
<RootTerm CovItemId="C73" CovItemPrefix="Brandon_Dominion.Player.java" Intrnl_Id="1157">
<BasicBoolTerm Intrnl_Id="1158">
<LocList>
<Loc EndOffset="13745" SrcFileId="5" StartOffset="13717"/>
</LocList>
</BasicBoolTerm>
</RootTerm>
</CondStmnt>
<BasicStmnt CovItemId="S275" CovItemPrefix="Brandon_Dominion.Player.java" Intrnl_Id="1159">
<LocList>
<Loc EndOffset="13788" SrcFileId="5" StartOffset="13774"/>
</LocList>
</BasicStmnt>
<BasicStmnt CovItemId="S276" CovItemPrefix="Brandon_Dominion.Player.java" Intrnl_Id="1160">
<LocList>
<Loc EndOffset="13840" SrcFileId="5" StartOffset="13792"/>
</LocList>
</BasicStmnt>
</StmntSeq>
</HierarchyLvl>
<HierarchyLvl HierarchyLvlId="54" HierarchyLvlTypeId="13" Intrnl_Id="1161" Name="getNewDeck">
<Header>
<Loc EndOffset="13877" SrcFileId="5" StartOffset="13852"/>
</Header>
<LocList>
<Loc EndOffset="14134" SrcFileId="5" StartOffset="13852"/>
</LocList>
<StmntSeq Intrnl_Id="1162">
<LocList>
<Loc EndOffset="13988" SrcFileId="5" StartOffset="13882"/>
<Loc EndOffset="14100" SrcFileId="5" StartOffset="13992"/>
<Loc EndOffset="14130" SrcFileId="5" StartOffset="14104"/>
</LocList>
<LoopStmnt CovItemId="S277" CovItemPrefix="Brandon_Dominion.Player.java" Intrnl_Id="1163" MltplExecId="L24-2" MltplExecPrefix="Brandon_Dominion.Player.java" NvrExecId="L24-0" NvrExecPrefix="Brandon_Dominion.Player.java" OnceExecutedId="L24-1" OnceExecutedPrefix="Brandon_Dominion.Player.java" OptBodyExec="true">
<StmntSeq Intrnl_Id="1164">
<LocList>
<Loc EndOffset="13988" SrcFileId="5" StartOffset="13936"/>
</LocList>
<BasicStmnt CovItemId="S278" CovItemPrefix="Brandon_Dominion.Player.java" Intrnl_Id="1165">
<LocList>
<Loc EndOffset="13988" SrcFileId="5" StartOffset="13936"/>
</LocList>
</BasicStmnt>
</StmntSeq>
<Keyword EndOffset="13885" SrcFileId="5" StartOffset="13882"/>
<LocList>
<Loc EndOffset="13988" SrcFileId="5" StartOffset="13882"/>
</LocList>
<RootTerm CovItemId="C74" CovItemPrefix="Brandon_Dominion.Player.java" Intrnl_Id="1166">
<BasicBoolTerm Intrnl_Id="1167">
<LocList>
<Loc EndOffset="13925" SrcFileId="5" StartOffset="13898"/>
</LocList>
</BasicBoolTerm>
</RootTerm>
</LoopStmnt>
<LoopStmnt CovItemId="S279" CovItemPrefix="Brandon_Dominion.Player.java" Intrnl_Id="1168" MltplExecId="L25-2" MltplExecPrefix="Brandon_Dominion.Player.java" NvrExecId="L25-0" NvrExecPrefix="Brandon_Dominion.Player.java" OnceExecutedId="L25-1" OnceExecutedPrefix="Brandon_Dominion.Player.java" OptBodyExec="true">
<StmntSeq Intrnl_Id="1169">
<LocList>
<Loc EndOffset="14100" SrcFileId="5" StartOffset="14048"/>
</LocList>
<BasicStmnt CovItemId="S280" CovItemPrefix="Brandon_Dominion.Player.java" Intrnl_Id="1170">
<LocList>
<Loc EndOffset="14100" SrcFileId="5" StartOffset="14048"/>
</LocList>
</BasicStmnt>
</StmntSeq>
<Keyword EndOffset="13995" SrcFileId="5" StartOffset="13992"/>
<LocList>
<Loc EndOffset="14100" SrcFileId="5" StartOffset="13992"/>
</LocList>
<RootTerm CovItemId="C75" CovItemPrefix="Brandon_Dominion.Player.java" Intrnl_Id="1171">
<BasicBoolTerm Intrnl_Id="1172">
<LocList>
<Loc EndOffset="14038" SrcFileId="5" StartOffset="14008"/>
</LocList>
</BasicBoolTerm>
</RootTerm>
</LoopStmnt>
<BasicStmnt CovItemId="S281" CovItemPrefix="Brandon_Dominion.Player.java" Intrnl_Id="1173">
<LocList>
<Loc EndOffset="14130" SrcFileId="5" StartOffset="14104"/>
</LocList>
</BasicStmnt>
</StmntSeq>
</HierarchyLvl>
<HierarchyLvl HierarchyLvlId="55" HierarchyLvlTypeId="13" Intrnl_Id="1174" Name="handle_Baron">
<Header>
<Loc EndOffset="14167" SrcFileId="5" StartOffset="14140"/>
</Header>
<LocList>
<Loc EndOffset="14901" SrcFileId="5" StartOffset="14140"/>
</LocList>
<StmntSeq Intrnl_Id="1175">
<LocList>
<Loc EndOffset="14196" SrcFileId="5" StartOffset="14172"/>
<Loc EndOffset="14248" SrcFileId="5" StartOffset="14200"/>
<Loc EndOffset="14681" SrcFileId="5" StartOffset="14252"/>
<Loc EndOffset="14739" SrcFileId="5" StartOffset="14685"/>
<Loc EndOffset="14845" SrcFileId="5" StartOffset="14743"/>
<Loc EndOffset="14897" SrcFileId="5" StartOffset="14849"/>
</LocList>
<BasicStmnt CovItemId="S282" CovItemPrefix="Brandon_Dominion.Player.java" Intrnl_Id="1176">
<LocList>
<Loc EndOffset="14196" SrcFileId="5" StartOffset="14172"/>
</LocList>
</BasicStmnt>
<BasicStmnt CovItemId="S283" CovItemPrefix="Brandon_Dominion.Player.java" Intrnl_Id="1177">
<LocList>
<Loc EndOffset="14248" SrcFileId="5" StartOffset="14200"/>
</LocList>
</BasicStmnt>
<LoopStmnt CovItemId="S284" CovItemPrefix="Brandon_Dominion.Player.java" Intrnl_Id="1178" MltplExecId="L26-2" MltplExecPrefix="Brandon_Dominion.Player.java" NvrExecId="L26-0" NvrExecPrefix="Brandon_Dominion.Player.java" OnceExecutedId="L26-1" OnceExecutedPrefix="Brandon_Dominion.Player.java" OptBodyExec="true">
<StmntSeq Intrnl_Id="1179">
<LocList>
<Loc EndOffset="14676" SrcFileId="5" StartOffset="14302"/>
</LocList>
<CondStmnt CovItemId="S285" CovItemPrefix="Brandon_Dominion.Player.java" Intrnl_Id="1180">
<Branch CovItemId="B115" CovItemPrefix="Brandon_Dominion.Player.java" Implct="false" Intrnl_Id="1181">
<Cond/>
<LocList>
<Loc EndOffset="14676" SrcFileId="5" StartOffset="14374"/>
</LocList>
<StmntSeq Intrnl_Id="1182">
<LocList>
<Loc EndOffset="14422" SrcFileId="5" StartOffset="14381"/>
<Loc EndOffset="14470" SrcFileId="5" StartOffset="14428"/>
<Loc EndOffset="14530" SrcFileId="5" StartOffset="14476"/>
<Loc EndOffset="14603" SrcFileId="5" StartOffset="14549"/>
<Loc EndOffset="14657" SrcFileId="5" StartOffset="14609"/>
<Loc EndOffset="14670" SrcFileId="5" StartOffset="14663"/>
</LocList>
<BasicStmnt CovItemId="S286" CovItemPrefix="Brandon_Dominion.Player.java" Intrnl_Id="1183">
<LocList>
<Loc EndOffset="14422" SrcFileId="5" StartOffset="14381"/>
</LocList>
</BasicStmnt>
<BasicStmnt CovItemId="S287" CovItemPrefix="Brandon_Dominion.Player.java" Intrnl_Id="1184">
<LocList>
<Loc EndOffset="14470" SrcFileId="5" StartOffset="14428"/>
</LocList>
</BasicStmnt>
<BasicStmnt CovItemId="S288" CovItemPrefix="Brandon_Dominion.Player.java" Intrnl_Id="1185">
<LocList>
<Loc EndOffset="14530" SrcFileId="5" StartOffset="14476"/>
</LocList>
</BasicStmnt>
<BasicStmnt CovItemId="S289" CovItemPrefix="Brandon_Dominion.Player.java" Intrnl_Id="1186">
<LocList>
<Loc EndOffset="14603" SrcFileId="5" StartOffset="14549"/>
</LocList>
</BasicStmnt>
<BasicStmnt CovItemId="S290" CovItemPrefix="Brandon_Dominion.Player.java" Intrnl_Id="1187">
<LocList>
<Loc EndOffset="14657" SrcFileId="5" StartOffset="14609"/>
</LocList>
</BasicStmnt>
<BasicStmnt CovItemId="S291" CovItemPrefix="Brandon_Dominion.Player.java" Intrnl_Id="1188">
<LocList>
<Loc EndOffset="14670" SrcFileId="5" StartOffset="14663"/>
</LocList>
</BasicStmnt>
</StmntSeq>
</Branch>
<Branch CovItemId="B116" CovItemPrefix="Brandon_Dominion.Player.java" Implct="true" Intrnl_Id="1189">
<Cond/>
<LocList/>
<StmntSeq Intrnl_Id="1190">
<LocList/>
</StmntSeq>
</Branch>
<Keyword EndOffset="14304" SrcFileId="5" StartOffset="14302"/>
<LocList>
<Loc EndOffset="14676" SrcFileId="5" StartOffset="14302"/>
</LocList>
<RootTerm CovItemId="C77" CovItemPrefix="Brandon_Dominion.Player.java" Intrnl_Id="1191">
<OpTerm BooleanOpId="10" Intrnl_Id="1192">
<BasicBoolTerm Intrnl_Id="1193">
<LocList>
<Loc EndOffset="14329" SrcFileId="5" StartOffset="14306"/>
</LocList>
</BasicBoolTerm>
<BasicBoolTerm Intrnl_Id="1194">
<LocList>
<Loc EndOffset="14373" SrcFileId="5" StartOffset="14333"/>
</LocList>
</BasicBoolTerm>
<LocList>
<Loc EndOffset="14332" SrcFileId="5" StartOffset="14330"/>
</LocList>
</OpTerm>
</RootTerm>
</CondStmnt>
</StmntSeq>
<Keyword EndOffset="14255" SrcFileId="5" StartOffset="14252"/>
<LocList>
<Loc EndOffset="14681" SrcFileId="5" StartOffset="14252"/>
</LocList>
<RootTerm CovItemId="C76" CovItemPrefix="Brandon_Dominion.Player.java" Intrnl_Id="1195">
<BasicBoolTerm Intrnl_Id="1196">
<LocList>
<Loc EndOffset="14290" SrcFileId="5" StartOffset="14268"/>
</LocList>
</BasicBoolTerm>
</RootTerm>
</LoopStmnt>
<BasicStmnt CovItemId="S292" CovItemPrefix="Brandon_Dominion.Player.java" Intrnl_Id="1197">
<LocList>
<Loc EndOffset="14739" SrcFileId="5" StartOffset="14685"/>
</LocList>
</BasicStmnt>
<CondStmnt CovItemId="S293" CovItemPrefix="Brandon_Dominion.Player.java" Intrnl_Id="1198">
<Branch CovItemId="B117" CovItemPrefix="Brandon_Dominion.Player.java" Implct="false" Intrnl_Id="1199">
<Cond/>
<LocList>
<Loc EndOffset="14845" SrcFileId="5" StartOffset="14791"/>
</LocList>
<StmntSeq Intrnl_Id="1200">
<LocList>
<Loc EndOffset="14845" SrcFileId="5" StartOffset="14791"/>
</LocList>
<BasicStmnt CovItemId="S294" CovItemPrefix="Brandon_Dominion.Player.java" Intrnl_Id="1201">
<LocList>
<Loc EndOffset="14845" SrcFileId="5" StartOffset="14791"/>
</LocList>
</BasicStmnt>
</StmntSeq>
</Branch>
<Branch CovItemId="B118" CovItemPrefix="Brandon_Dominion.Player.java" Implct="true" Intrnl_Id="1202">
<Cond/>
<LocList/>
<StmntSeq Intrnl_Id="1203">
<LocList/>
</StmntSeq>
</Branch>
<Keyword EndOffset="14745" SrcFileId="5" StartOffset="14743"/>
<LocList>
<Loc EndOffset="14845" SrcFileId="5" StartOffset="14743"/>
</LocList>
<RootTerm CovItemId="C78" CovItemPrefix="Brandon_Dominion.Player.java" Intrnl_Id="1204">
<BasicBoolTerm Intrnl_Id="1205">
<LocList>
<Loc EndOffset="14785" SrcFileId="5" StartOffset="14747"/>
</LocList>
</BasicBoolTerm>
</RootTerm>
</CondStmnt>
<BasicStmnt CovItemId="S295" CovItemPrefix="Brandon_Dominion.Player.java" Intrnl_Id="1206">
<LocList>
<Loc EndOffset="14897" SrcFileId="5" StartOffset="14849"/>
</LocList>
</BasicStmnt>
</StmntSeq>
</HierarchyLvl>
<HierarchyLvl HierarchyLvlId="56" HierarchyLvlTypeId="13" Intrnl_Id="1207" Name="handle_Ambassador">
<Header>
<Loc EndOffset="15000" SrcFileId="5" StartOffset="14948"/>
</Header>
<LocList>
<Loc EndOffset="16587" SrcFileId="5" StartOffset="14948"/>
</LocList>
<StmntSeq Intrnl_Id="1208">
<LocList>
<Loc EndOffset="15061" SrcFileId="5" StartOffset="15005"/>
<Loc EndOffset="15079" SrcFileId="5" StartOffset="15065"/>
<Loc EndOffset="15127" SrcFileId="5" StartOffset="15083"/>
<Loc EndOffset="15178" SrcFileId="5" StartOffset="15131"/>
<Loc EndOffset="15242" SrcFileId="5" StartOffset="15182"/>
<Loc EndOffset="15432" SrcFileId="5" StartOffset="15246"/>
<Loc EndOffset="15785" SrcFileId="5" StartOffset="15436"/>
<Loc EndOffset="16125" SrcFileId="5" StartOffset="15793"/>
<Loc EndOffset="16152" SrcFileId="5" StartOffset="16129"/>
<Loc EndOffset="16575" SrcFileId="5" StartOffset="16156"/>
</LocList>
<BasicStmnt CovItemId="S296" CovItemPrefix="Brandon_Dominion.Player.java" Intrnl_Id="1209">
<LocList>
<Loc EndOffset="15061" SrcFileId="5" StartOffset="15005"/>
</LocList>
</BasicStmnt>
<BasicStmnt CovItemId="S297" CovItemPrefix="Brandon_Dominion.Player.java" Intrnl_Id="1210">
<LocList>
<Loc EndOffset="15079" SrcFileId="5" StartOffset="15065"/>
</LocList>
</BasicStmnt>
<BasicStmnt CovItemId="S298" CovItemPrefix="Brandon_Dominion.Player.java" Intrnl_Id="1211">
<LocList>
<Loc EndOffset="15127" SrcFileId="5" StartOffset="15083"/>
</LocList>
</BasicStmnt>
<BasicStmnt CovItemId="S299" CovItemPrefix="Brandon_Dominion.Player.java" Intrnl_Id="1212">
<LocList>
<Loc EndOffset="15178" SrcFileId="5" StartOffset="15131"/>
</LocList>
</BasicStmnt>
<BasicStmnt CovItemId="S300" CovItemPrefix="Brandon_Dominion.Player.java" Intrnl_Id="1213">
<LocList>
<Loc EndOffset="15242" SrcFileId="5" StartOffset="15182"/>
</LocList>
</BasicStmnt>
<LoopStmnt CovItemId="S301" CovItemPrefix="Brandon_Dominion.Player.java" Intrnl_Id="1214" MltplExecId="L27-2" MltplExecPrefix="Brandon_Dominion.Player.java" NvrExecId="L27-0" NvrExecPrefix="Brandon_Dominion.Player.java" OnceExecutedId="L27-1" OnceExecutedPrefix="Brandon_Dominion.Player.java" OptBodyExec="true">
<StmntSeq Intrnl_Id="1215">
<LocList>
<Loc EndOffset="15395" SrcFileId="5" StartOffset="15294"/>
<Loc EndOffset="15427" SrcFileId="5" StartOffset="15400"/>
</LocList>
<CondStmnt CovItemId="S302" CovItemPrefix="Brandon_Dominion.Player.java" Intrnl_Id="1216">
<Branch CovItemId="B119" CovItemPrefix="Brandon_Dominion.Player.java" Implct="false" Intrnl_Id="1217">
<Cond/>
<LocList>
<Loc EndOffset="15395" SrcFileId="5" StartOffset="15329"/>
</LocList>
<StmntSeq Intrnl_Id="1218">
<LocList>
<Loc EndOffset="15375" SrcFileId="5" StartOffset="15336"/>
<Loc EndOffset="15389" SrcFileId="5" StartOffset="15381"/>
</LocList>
<BasicStmnt CovItemId="S303" CovItemPrefix="Brandon_Dominion.Player.java" Intrnl_Id="1219">
<LocList>
<Loc EndOffset="15375" SrcFileId="5" StartOffset="15336"/>
</LocList>
</BasicStmnt>
<BasicStmnt CovItemId="S304" CovItemPrefix="Brandon_Dominion.Player.java" Intrnl_Id="1220">
<LocList>
<Loc EndOffset="15389" SrcFileId="5" StartOffset="15381"/>
</LocList>
</BasicStmnt>
</StmntSeq>
</Branch>
<Branch CovItemId="B120" CovItemPrefix="Brandon_Dominion.Player.java" Implct="true" Intrnl_Id="1221">
<Cond/>
<LocList/>
<StmntSeq Intrnl_Id="1222">
<LocList/>
</StmntSeq>
</Branch>
<Keyword EndOffset="15296" SrcFileId="5" StartOffset="15294"/>
<LocList>
<Loc EndOffset="15395" SrcFileId="5" StartOffset="15294"/>
</LocList>
<RootTerm CovItemId="C80" CovItemPrefix="Brandon_Dominion.Player.java" Intrnl_Id="1223">
<BasicBoolTerm Intrnl_Id="1224">
<LocList>
<Loc EndOffset="15328" SrcFileId="5" StartOffset="15298"/>
</LocList>
</BasicBoolTerm>
</RootTerm>
</CondStmnt>
<CondStmnt CovItemId="S305" CovItemPrefix="Brandon_Dominion.Player.java" Intrnl_Id="1225">
<Branch CovItemId="B121" CovItemPrefix="Brandon_Dominion.Player.java" Implct="false" Intrnl_Id="1226">
<Cond/>
<LocList>
<Loc EndOffset="15427" SrcFileId="5" StartOffset="15421"/>
</LocList>
<StmntSeq Intrnl_Id="1227">
<LocList>
<Loc EndOffset="15427" SrcFileId="5" StartOffset="15421"/>
</LocList>
<BasicStmnt CovItemId="S306" CovItemPrefix="Brandon_Dominion.Player.java" Intrnl_Id="1228">
<LocList>
<Loc EndOffset="15427" SrcFileId="5" StartOffset="15421"/>
</LocList>
</BasicStmnt>
</StmntSeq>
</Branch>
<Branch CovItemId="B122" CovItemPrefix="Brandon_Dominion.Player.java" Implct="true" Intrnl_Id="1229">
<Cond/>
<LocList/>
<StmntSeq Intrnl_Id="1230">
<LocList/>
</StmntSeq>
</Branch>
<Keyword EndOffset="15402" SrcFileId="5" StartOffset="15400"/>
<LocList>
<Loc EndOffset="15427" SrcFileId="5" StartOffset="15400"/>
</LocList>
<RootTerm CovItemId="C81" CovItemPrefix="Brandon_Dominion.Player.java" Intrnl_Id="1231">
<BasicBoolTerm Intrnl_Id="1232">
<LocList>
<Loc EndOffset="15414" SrcFileId="5" StartOffset="15404"/>
</LocList>
</BasicBoolTerm>
</RootTerm>
</CondStmnt>
</StmntSeq>
<Keyword EndOffset="15249" SrcFileId="5" StartOffset="15246"/>
<LocList>
<Loc EndOffset="15432" SrcFileId="5" StartOffset="15246"/>
</LocList>
<RootTerm CovItemId="C79" CovItemPrefix="Brandon_Dominion.Player.java" Intrnl_Id="1233">
<BasicBoolTerm Intrnl_Id="1234">
<LocList>
<Loc EndOffset="15283" SrcFileId="5" StartOffset="15261"/>
</LocList>
</BasicBoolTerm>
</RootTerm>
</LoopStmnt>
<LoopStmnt CovItemId="S307" CovItemPrefix="Brandon_Dominion.Player.java" Intrnl_Id="1235" MltplExecId="L28-2" MltplExecPrefix="Brandon_Dominion.Player.java" NvrExecId="L28-0" NvrExecPrefix="Brandon_Dominion.Player.java" OnceExecutedId="L28-1" OnceExecutedPrefix="Brandon_Dominion.Player.java" OptBodyExec="true">
<StmntSeq Intrnl_Id="1236">
<LocList>
<Loc EndOffset="15780" SrcFileId="5" StartOffset="15494"/>
</LocList>
<CondStmnt CovItemId="S308" CovItemPrefix="Brandon_Dominion.Player.java" Intrnl_Id="1237">
<Branch CovItemId="B123" CovItemPrefix="Brandon_Dominion.Player.java" Implct="false" Intrnl_Id="1238">
<Cond/>
<LocList>
<Loc EndOffset="15780" SrcFileId="5" StartOffset="15538"/>
</LocList>
<StmntSeq Intrnl_Id="1239">
<LocList>
<Loc EndOffset="15774" SrcFileId="5" StartOffset="15545"/>
</LocList>
<CondStmnt CovItemId="S309" CovItemPrefix="Brandon_Dominion.Player.java" Intrnl_Id="1240">
<Branch CovItemId="B125" CovItemPrefix="Brandon_Dominion.Player.java" Implct="false" Intrnl_Id="1241">
<Cond/>
<LocList>
<Loc EndOffset="15774" SrcFileId="5" StartOffset="15623"/>
</LocList>
<StmntSeq Intrnl_Id="1242">
<LocList>
<Loc EndOffset="15689" SrcFileId="5" StartOffset="15631"/>
<Loc EndOffset="15754" SrcFileId="5" StartOffset="15696"/>
<Loc EndOffset="15767" SrcFileId="5" StartOffset="15761"/>
</LocList>
<BasicStmnt CovItemId="S310" CovItemPrefix="Brandon_Dominion.Player.java" Intrnl_Id="1243">
<LocList>
<Loc EndOffset="15689" SrcFileId="5" StartOffset="15631"/>
</LocList>
</BasicStmnt>
<BasicStmnt CovItemId="S311" CovItemPrefix="Brandon_Dominion.Player.java" Intrnl_Id="1244">
<LocList>
<Loc EndOffset="15754" SrcFileId="5" StartOffset="15696"/>
</LocList>
</BasicStmnt>
<BasicStmnt CovItemId="S312" CovItemPrefix="Brandon_Dominion.Player.java" Intrnl_Id="1245">
<LocList>
<Loc EndOffset="15767" SrcFileId="5" StartOffset="15761"/>
</LocList>
</BasicStmnt>
</StmntSeq>
</Branch>
<Branch CovItemId="B126" CovItemPrefix="Brandon_Dominion.Player.java" Implct="true" Intrnl_Id="1246">
<Cond/>
<LocList/>
<StmntSeq Intrnl_Id="1247">
<LocList/>
</StmntSeq>
</Branch>
<Keyword EndOffset="15547" SrcFileId="5" StartOffset="15545"/>
<LocList>
<Loc EndOffset="15774" SrcFileId="5" StartOffset="15545"/>
</LocList>
<RootTerm CovItemId="C84" CovItemPrefix="Brandon_Dominion.Player.java" Intrnl_Id="1248">
<BasicBoolTerm Intrnl_Id="1249">
<LocList>
<Loc EndOffset="15622" SrcFileId="5" StartOffset="15549"/>
</LocList>
</BasicBoolTerm>
</RootTerm>
</CondStmnt>
</StmntSeq>
</Branch>
<Branch CovItemId="B124" CovItemPrefix="Brandon_Dominion.Player.java" Implct="true" Intrnl_Id="1250">
<Cond/>
<LocList/>
<StmntSeq Intrnl_Id="1251">
<LocList/>
</StmntSeq>
</Branch>
<Keyword EndOffset="15496" SrcFileId="5" StartOffset="15494"/>
<LocList>
<Loc EndOffset="15780" SrcFileId="5" StartOffset="15494"/>
</LocList>
<RootTerm CovItemId="C83" CovItemPrefix="Brandon_Dominion.Player.java" Intrnl_Id="1252">
<BasicBoolTerm Intrnl_Id="1253">
<LocList>
<Loc EndOffset="15537" SrcFileId="5" StartOffset="15498"/>
</LocList>
</BasicBoolTerm>
</RootTerm>
</CondStmnt>
</StmntSeq>
<Keyword EndOffset="15439" SrcFileId="5" StartOffset="15436"/>
<LocList>
<Loc EndOffset="15785" SrcFileId="5" StartOffset="15436"/>
</LocList>
<RootTerm CovItemId="C82" CovItemPrefix="Brandon_Dominion.Player.java" Intrnl_Id="1254">
<BasicBoolTerm Intrnl_Id="1255">
<LocList>
<Loc EndOffset="15482" SrcFileId="5" StartOffset="15451"/>
</LocList>
</BasicBoolTerm>
</RootTerm>
</LoopStmnt>
<LoopStmnt CovItemId="S313" CovItemPrefix="Brandon_Dominion.Player.java" Intrnl_Id="1256" MltplExecId="L29-2" MltplExecPrefix="Brandon_Dominion.Player.java" NvrExecId="L29-0" NvrExecPrefix="Brandon_Dominion.Player.java" OnceExecutedId="L29-1" OnceExecutedPrefix="Brandon_Dominion.Player.java" OptBodyExec="true">
<StmntSeq Intrnl_Id="1257">
<LocList>
<Loc EndOffset="16120" SrcFileId="5" StartOffset="15847"/>
</LocList>
<CondStmnt CovItemId="S314" CovItemPrefix="Brandon_Dominion.Player.java" Intrnl_Id="1258">
<Branch CovItemId="B127" CovItemPrefix="Brandon_Dominion.Player.java" Implct="false" Intrnl_Id="1259">
<Cond/>
<LocList>
<Loc EndOffset="16120" SrcFileId="5" StartOffset="15887"/>
</LocList>
<StmntSeq Intrnl_Id="1260">
<LocList>
<Loc EndOffset="16114" SrcFileId="5" StartOffset="15894"/>
</LocList>
<CondStmnt CovItemId="S315" CovItemPrefix="Brandon_Dominion.Player.java" Intrnl_Id="1261">
<Branch CovItemId="B129" CovItemPrefix="Brandon_Dominion.Player.java" Implct="false" Intrnl_Id="1262">
<Cond/>
<LocList>
<Loc EndOffset="16114" SrcFileId="5" StartOffset="15968"/>
</LocList>
<StmntSeq Intrnl_Id="1263">
<LocList>
<Loc EndOffset="16030" SrcFileId="5" StartOffset="15976"/>
<Loc EndOffset="16095" SrcFileId="5" StartOffset="16037"/>
<Loc EndOffset="16107" SrcFileId="5" StartOffset="16101"/>
</LocList>
<BasicStmnt CovItemId="S316" CovItemPrefix="Brandon_Dominion.Player.java" Intrnl_Id="1264">
<LocList>
<Loc EndOffset="16030" SrcFileId="5" StartOffset="15976"/>
</LocList>
</BasicStmnt>
<BasicStmnt CovItemId="S317" CovItemPrefix="Brandon_Dominion.Player.java" Intrnl_Id="1265">
<LocList>
<Loc EndOffset="16095" SrcFileId="5" StartOffset="16037"/>
</LocList>
</BasicStmnt>
<BasicStmnt CovItemId="S318" CovItemPrefix="Brandon_Dominion.Player.java" Intrnl_Id="1266">
<LocList>
<Loc EndOffset="16107" SrcFileId="5" StartOffset="16101"/>
</LocList>
</BasicStmnt>
</StmntSeq>
</Branch>
<Branch CovItemId="B130" CovItemPrefix="Brandon_Dominion.Player.java" Implct="true" Intrnl_Id="1267">
<Cond/>
<LocList/>
<StmntSeq Intrnl_Id="1268">
<LocList/>
</StmntSeq>
</Branch>
<Keyword EndOffset="15896" SrcFileId="5" StartOffset="15894"/>
<LocList>
<Loc EndOffset="16114" SrcFileId="5" StartOffset="15894"/>
</LocList>
<RootTerm CovItemId="C87" CovItemPrefix="Brandon_Dominion.Player.java" Intrnl_Id="1269">
<BasicBoolTerm Intrnl_Id="1270">
<LocList>
<Loc EndOffset="15967" SrcFileId="5" StartOffset="15898"/>
</LocList>
</BasicBoolTerm>
</RootTerm>
</CondStmnt>
</StmntSeq>
</Branch>
<Branch CovItemId="B128" CovItemPrefix="Brandon_Dominion.Player.java" Implct="true" Intrnl_Id="1271">
<Cond/>
<LocList/>
<StmntSeq Intrnl_Id="1272">
<LocList/>
</StmntSeq>
</Branch>
<Keyword EndOffset="15849" SrcFileId="5" StartOffset="15847"/>
<LocList>
<Loc EndOffset="16120" SrcFileId="5" StartOffset="15847"/>
</LocList>
<RootTerm CovItemId="C86" CovItemPrefix="Brandon_Dominion.Player.java" Intrnl_Id="1273">
<BasicBoolTerm Intrnl_Id="1274">
<LocList>
<Loc EndOffset="15886" SrcFileId="5" StartOffset="15851"/>
</LocList>
</BasicBoolTerm>
</RootTerm>
</CondStmnt>
</StmntSeq>
<Keyword EndOffset="15796" SrcFileId="5" StartOffset="15793"/>
<LocList>
<Loc EndOffset="16125" SrcFileId="5" StartOffset="15793"/>
</LocList>
<RootTerm CovItemId="C85" CovItemPrefix="Brandon_Dominion.Player.java" Intrnl_Id="1275">
<BasicBoolTerm Intrnl_Id="1276">
<LocList>
<Loc EndOffset="15835" SrcFileId="5" StartOffset="15808"/>
</LocList>
</BasicBoolTerm>
</RootTerm>
</LoopStmnt>
<BasicStmnt CovItemId="S319" CovItemPrefix="Brandon_Dominion.Player.java" Intrnl_Id="1277">
<LocList>
<Loc EndOffset="16152" SrcFileId="5" StartOffset="16129"/>
</LocList>
</BasicStmnt>
<LoopStmnt CovItemId="S320" CovItemPrefix="Brandon_Dominion.Player.java" Intrnl_Id="1278" MltplExecId="L30-2" MltplExecPrefix="Brandon_Dominion.Player.java" NvrExecId="L30-0" NvrExecPrefix="Brandon_Dominion.Player.java" OnceExecutedId="L30-1" OnceExecutedPrefix="Brandon_Dominion.Player.java" OptBodyExec="true">
<StmntSeq Intrnl_Id="1279">
<LocList>
<Loc EndOffset="16314" SrcFileId="5" StartOffset="16213"/>
<Loc EndOffset="16354" SrcFileId="5" StartOffset="16319"/>
<Loc EndOffset="16570" SrcFileId="5" StartOffset="16359"/>
</LocList>
<CondStmnt CovItemId="S321" CovItemPrefix="Brandon_Dominion.Player.java" Intrnl_Id="1280">
<Branch CovItemId="B131" CovItemPrefix="Brandon_Dominion.Player.java" Implct="false" Intrnl_Id="1281">
<Cond/>
<LocList>
<Loc EndOffset="16314" SrcFileId="5" StartOffset="16262"/>
</LocList>
<StmntSeq Intrnl_Id="1282">
<LocList>
<Loc EndOffset="16314" SrcFileId="5" StartOffset="16262"/>
</LocList>
<BasicStmnt CovItemId="S322" CovItemPrefix="Brandon_Dominion.Player.java" Intrnl_Id="1283">
<LocList>
<Loc EndOffset="16314" SrcFileId="5" StartOffset="16262"/>
</LocList>
</BasicStmnt>
</StmntSeq>
</Branch>
<Branch CovItemId="B132" CovItemPrefix="Brandon_Dominion.Player.java" Implct="true" Intrnl_Id="1284">
<Cond/>
<LocList/>
<StmntSeq Intrnl_Id="1285">
<LocList/>
</StmntSeq>
</Branch>
<Keyword EndOffset="16215" SrcFileId="5" StartOffset="16213"/>
<LocList>
<Loc EndOffset="16314" SrcFileId="5" StartOffset="16213"/>
</LocList>
<RootTerm CovItemId="C89" CovItemPrefix="Brandon_Dominion.Player.java" Intrnl_Id="1286">
<BasicBoolTerm Intrnl_Id="1287">
<LocList>
<Loc EndOffset="16255" SrcFileId="5" StartOffset="16217"/>
</LocList>
</BasicBoolTerm>
</RootTerm>
</CondStmnt>
<BasicStmnt CovItemId="S323" CovItemPrefix="Brandon_Dominion.Player.java" Intrnl_Id="1288">
<LocList>
<Loc EndOffset="16354" SrcFileId="5" StartOffset="16319"/>
</LocList>
</BasicStmnt>
<CondStmnt CovItemId="S324" CovItemPrefix="Brandon_Dominion.Player.java" Intrnl_Id="1289">
<Branch CovItemId="B133" CovItemPrefix="Brandon_Dominion.Player.java" Implct="false" Intrnl_Id="1290">
<Cond/>
<LocList>
<Loc EndOffset="16570" SrcFileId="5" StartOffset="16424"/>
</LocList>
<StmntSeq Intrnl_Id="1291">
<LocList>
<Loc EndOffset="16488" SrcFileId="5" StartOffset="16431"/>
<Loc EndOffset="16552" SrcFileId="5" StartOffset="16494"/>
<Loc EndOffset="16564" SrcFileId="5" StartOffset="16558"/>
</LocList>
<BasicStmnt CovItemId="S325" CovItemPrefix="Brandon_Dominion.Player.java" Intrnl_Id="1292">
<LocList>
<Loc EndOffset="16488" SrcFileId="5" StartOffset="16431"/>
</LocList>
</BasicStmnt>
<BasicStmnt CovItemId="S326" CovItemPrefix="Brandon_Dominion.Player.java" Intrnl_Id="1293">
<LocList>
<Loc EndOffset="16552" SrcFileId="5" StartOffset="16494"/>
</LocList>
</BasicStmnt>
<BasicStmnt CovItemId="S327" CovItemPrefix="Brandon_Dominion.Player.java" Intrnl_Id="1294">
<LocList>
<Loc EndOffset="16564" SrcFileId="5" StartOffset="16558"/>
</LocList>
</BasicStmnt>
</StmntSeq>
</Branch>
<Branch CovItemId="B134" CovItemPrefix="Brandon_Dominion.Player.java" Implct="true" Intrnl_Id="1295">
<Cond/>
<LocList/>
<StmntSeq Intrnl_Id="1296">
<LocList/>
</StmntSeq>
</Branch>
<Keyword EndOffset="16361" SrcFileId="5" StartOffset="16359"/>
<LocList>
<Loc EndOffset="16570" SrcFileId="5" StartOffset="16359"/>
</LocList>
<RootTerm CovItemId="C90" CovItemPrefix="Brandon_Dominion.Player.java" Intrnl_Id="1297">
<OpTerm BooleanOpId="10" Intrnl_Id="1298">
<BasicBoolTerm Intrnl_Id="1299">
<LocList>
<Loc EndOffset="16381" SrcFileId="5" StartOffset="16363"/>
</LocList>
</BasicBoolTerm>
<BasicBoolTerm Intrnl_Id="1300">
<LocList>
<Loc EndOffset="16423" SrcFileId="5" StartOffset="16385"/>
</LocList>
</BasicBoolTerm>
<LocList>
<Loc EndOffset="16384" SrcFileId="5" StartOffset="16382"/>
</LocList>
</OpTerm>
</RootTerm>
</CondStmnt>
</StmntSeq>
<Keyword EndOffset="16159" SrcFileId="5" StartOffset="16156"/>
<LocList>
<Loc EndOffset="16575" SrcFileId="5" StartOffset="16156"/>
</LocList>
<RootTerm CovItemId="C88" CovItemPrefix="Brandon_Dominion.Player.java" Intrnl_Id="1301">
<BasicBoolTerm Intrnl_Id="1302">
<LocList>
<Loc EndOffset="16201" SrcFileId="5" StartOffset="16171"/>
</LocList>
</BasicBoolTerm>
</RootTerm>
</LoopStmnt>
</StmntSeq>
</HierarchyLvl>
<HierarchyLvl HierarchyLvlId="57" HierarchyLvlTypeId="13" Intrnl_Id="1303" Name="handleAdventurer">
<Header>
<Loc EndOffset="16624" SrcFileId="5" StartOffset="16593"/>
</Header>
<LocList>
<Loc EndOffset="17148" SrcFileId="5" StartOffset="16593"/>
</LocList>
<StmntSeq Intrnl_Id="1304">
<LocList>
<Loc EndOffset="16647" SrcFileId="5" StartOffset="16629"/>
<Loc EndOffset="16682" SrcFileId="5" StartOffset="16651"/>
<Loc EndOffset="16729" SrcFileId="5" StartOffset="16686"/>
<Loc EndOffset="17093" SrcFileId="5" StartOffset="16733"/>
<Loc EndOffset="17140" SrcFileId="5" StartOffset="17097"/>
</LocList>
<BasicStmnt CovItemId="S328" CovItemPrefix="Brandon_Dominion.Player.java" Intrnl_Id="1305">
<LocList>
<Loc EndOffset="16647" SrcFileId="5" StartOffset="16629"/>
</LocList>
</BasicStmnt>
<BasicStmnt CovItemId="S329" CovItemPrefix="Brandon_Dominion.Player.java" Intrnl_Id="1306">
<LocList>
<Loc EndOffset="16682" SrcFileId="5" StartOffset="16651"/>
</LocList>
</BasicStmnt>
<BasicStmnt CovItemId="S330" CovItemPrefix="Brandon_Dominion.Player.java" Intrnl_Id="1307">
<LocList>
<Loc EndOffset="16729" SrcFileId="5" StartOffset="16686"/>
</LocList>
</BasicStmnt>
<LoopStmnt CovItemId="S331" CovItemPrefix="Brandon_Dominion.Player.java" Intrnl_Id="1308" MltplExecId="L31-2" MltplExecPrefix="Brandon_Dominion.Player.java" NvrExecId="L31-0" NvrExecPrefix="Brandon_Dominion.Player.java" OnceExecutedId="L31-1" OnceExecutedPrefix="Brandon_Dominion.Player.java" OptBodyExec="true">
<StmntSeq Intrnl_Id="1309">
<LocList>
<Loc EndOffset="16803" SrcFileId="5" StartOffset="16753"/>
<Loc EndOffset="17052" SrcFileId="5" StartOffset="16808"/>
<Loc EndOffset="17088" SrcFileId="5" StartOffset="17057"/>
</LocList>
<BasicStmnt CovItemId="S332" CovItemPrefix="Brandon_Dominion.Player.java" Intrnl_Id="1310">
<LocList>
<Loc EndOffset="16803" SrcFileId="5" StartOffset="16753"/>
</LocList>
</BasicStmnt>
<CondStmnt CovItemId="S333" CovItemPrefix="Brandon_Dominion.Player.java" Intrnl_Id="1311">
<Branch CovItemId="B135" CovItemPrefix="Brandon_Dominion.Player.java" Implct="false" Intrnl_Id="1312">
<Cond/>
<LocList>
<Loc EndOffset="16955" SrcFileId="5" StartOffset="16852"/>
</LocList>
<StmntSeq Intrnl_Id="1313">
<LocList>
<Loc EndOffset="16898" SrcFileId="5" StartOffset="16859"/>
<Loc EndOffset="16916" SrcFileId="5" StartOffset="16904"/>
<Loc EndOffset="16949" SrcFileId="5" StartOffset="16922"/>
</LocList>
<BasicStmnt CovItemId="S334" CovItemPrefix="Brandon_Dominion.Player.java" Intrnl_Id="1314">
<LocList>
<Loc EndOffset="16898" SrcFileId="5" StartOffset="16859"/>
</LocList>
</BasicStmnt>
<BasicStmnt CovItemId="S335" CovItemPrefix="Brandon_Dominion.Player.java" Intrnl_Id="1315">
<LocList>
<Loc EndOffset="16916" SrcFileId="5" StartOffset="16904"/>
</LocList>
</BasicStmnt>
<BasicStmnt CovItemId="S336" CovItemPrefix="Brandon_Dominion.Player.java" Intrnl_Id="1316">
<LocList>
<Loc EndOffset="16949" SrcFileId="5" StartOffset="16922"/>
</LocList>
</BasicStmnt>
</StmntSeq>
</Branch>
<Branch CovItemId="B136" CovItemPrefix="Brandon_Dominion.Player.java" Implct="false" Intrnl_Id="1317">
<Cond>
<Loc EndOffset="16964" SrcFileId="5" StartOffset="16960"/>
</Cond>
<LocList>
<Loc EndOffset="17052" SrcFileId="5" StartOffset="16964"/>
</LocList>
<StmntSeq Intrnl_Id="1318">
<LocList>
<Loc EndOffset="17013" SrcFileId="5" StartOffset="16971"/>
<Loc EndOffset="17046" SrcFileId="5" StartOffset="17019"/>
</LocList>
<BasicStmnt CovItemId="S337" CovItemPrefix="Brandon_Dominion.Player.java" Intrnl_Id="1319">
<LocList>
<Loc EndOffset="17013" SrcFileId="5" StartOffset="16971"/>
</LocList>
</BasicStmnt>
<BasicStmnt CovItemId="S338" CovItemPrefix="Brandon_Dominion.Player.java" Intrnl_Id="1320">
<LocList>
<Loc EndOffset="17046" SrcFileId="5" StartOffset="17019"/>
</LocList>
</BasicStmnt>
</StmntSeq>
</Branch>
<Keyword EndOffset="16810" SrcFileId="5" StartOffset="16808"/>
<LocList>
<Loc EndOffset="17052" SrcFileId="5" StartOffset="16808"/>
</LocList>
<RootTerm CovItemId="C92" CovItemPrefix="Brandon_Dominion.Player.java" Intrnl_Id="1321">
<BasicBoolTerm Intrnl_Id="1322">
<LocList>
<Loc EndOffset="16851" SrcFileId="5" StartOffset="16812"/>
</LocList>
</BasicBoolTerm>
</RootTerm>
</CondStmnt>
<CondStmnt CovItemId="S339" CovItemPrefix="Brandon_Dominion.Player.java" Intrnl_Id="1323">
<Branch CovItemId="B137" CovItemPrefix="Brandon_Dominion.Player.java" Implct="false" Intrnl_Id="1324">
<Cond/>
<LocList>
<Loc EndOffset="17088" SrcFileId="5" StartOffset="17082"/>
</LocList>
<StmntSeq Intrnl_Id="1325">
<LocList>
<Loc EndOffset="17088" SrcFileId="5" StartOffset="17082"/>
</LocList>
<BasicStmnt CovItemId="S340" CovItemPrefix="Brandon_Dominion.Player.java" Intrnl_Id="1326">
<LocList>
<Loc EndOffset="17088" SrcFileId="5" StartOffset="17082"/>
</LocList>
</BasicStmnt>
</StmntSeq>
</Branch>
<Branch CovItemId="B138" CovItemPrefix="Brandon_Dominion.Player.java" Implct="true" Intrnl_Id="1327">
<Cond/>
<LocList/>
<StmntSeq Intrnl_Id="1328">
<LocList/>
</StmntSeq>
</Branch>
<Keyword EndOffset="17059" SrcFileId="5" StartOffset="17057"/>
<LocList>
<Loc EndOffset="17088" SrcFileId="5" StartOffset="17057"/>
</LocList>
<RootTerm CovItemId="C93" CovItemPrefix="Brandon_Dominion.Player.java" Intrnl_Id="1329">
<BasicBoolTerm Intrnl_Id="1330">
<LocList>
<Loc EndOffset="17075" SrcFileId="5" StartOffset="17061"/>
</LocList>
</BasicBoolTerm>
</RootTerm>
</CondStmnt>
</StmntSeq>
<Keyword EndOffset="16738" SrcFileId="5" StartOffset="16733"/>
<LocList>
<Loc EndOffset="17093" SrcFileId="5" StartOffset="16733"/>
</LocList>
<RootTerm CovItemId="C91" CovItemPrefix="Brandon_Dominion.Player.java" Intrnl_Id="1331">
<BasicBoolTerm Intrnl_Id="1332">
<LocList>
<Loc EndOffset="16746" SrcFileId="5" StartOffset="16740"/>
</LocList>
</BasicBoolTerm>
</RootTerm>
</LoopStmnt>
<BasicStmnt CovItemId="S341" CovItemPrefix="Brandon_Dominion.Player.java" Intrnl_Id="1333">
<LocList>
<Loc EndOffset="17140" SrcFileId="5" StartOffset="17097"/>
</LocList>
</BasicStmnt>
</StmntSeq>
</HierarchyLvl>
<HierarchyLvl HierarchyLvlId="58" HierarchyLvlTypeId="13" Intrnl_Id="1334" Name="Draw">
<Header>
<Loc EndOffset="17239" SrcFileId="5" StartOffset="17212"/>
</Header>
<LocList>
<Loc EndOffset="17283" SrcFileId="5" StartOffset="17212"/>
</LocList>
<StmntSeq Intrnl_Id="1335">
<LocList>
<Loc EndOffset="17281" SrcFileId="5" StartOffset="17242"/>
</LocList>
<BasicStmnt CovItemId="S342" CovItemPrefix="Brandon_Dominion.Player.java" Intrnl_Id="1336">
<LocList>
<Loc EndOffset="17281" SrcFileId="5" StartOffset="17242"/>
</LocList>
</BasicStmnt>
</StmntSeq>
</HierarchyLvl>
<HierarchyLvl HierarchyLvlId="59" HierarchyLvlTypeId="13" Intrnl_Id="1337" Name="Check_For_Action">
<Header>
<Loc EndOffset="17442" SrcFileId="5" StartOffset="17398"/>
</Header>
<LocList>
<Loc EndOffset="17648" SrcFileId="5" StartOffset="17398"/>
</LocList>
<StmntSeq Intrnl_Id="1338">
<LocList>
<Loc EndOffset="17626" SrcFileId="5" StartOffset="17447"/>
<Loc EndOffset="17640" SrcFileId="5" StartOffset="17630"/>
</LocList>
<LoopStmnt CovItemId="S343" CovItemPrefix="Brandon_Dominion.Player.java" Intrnl_Id="1339" MltplExecId="L32-2" MltplExecPrefix="Brandon_Dominion.Player.java" NvrExecId="L32-0" NvrExecPrefix="Brandon_Dominion.Player.java" OnceExecutedId="L32-1" OnceExecutedPrefix="Brandon_Dominion.Player.java" OptBodyExec="true">
<StmntSeq Intrnl_Id="1340">
<LocList>
<Loc EndOffset="17621" SrcFileId="5" StartOffset="17559"/>
</LocList>
<CondStmnt CovItemId="S344" CovItemPrefix="Brandon_Dominion.Player.java" Intrnl_Id="1341">
<Branch CovItemId="B139" CovItemPrefix="Brandon_Dominion.Player.java" Implct="false" Intrnl_Id="1342">
<Cond/>
<LocList>
<Loc EndOffset="17621" SrcFileId="5" StartOffset="17612"/>
</LocList>
<StmntSeq Intrnl_Id="1343">
<LocList>
<Loc EndOffset="17621" SrcFileId="5" StartOffset="17612"/>
</LocList>
<BasicStmnt CovItemId="S345" CovItemPrefix="Brandon_Dominion.Player.java" Intrnl_Id="1344">
<LocList>
<Loc EndOffset="17621" SrcFileId="5" StartOffset="17612"/>
</LocList>
</BasicStmnt>
</StmntSeq>
</Branch>
<Branch CovItemId="B140" CovItemPrefix="Brandon_Dominion.Player.java" Implct="true" Intrnl_Id="1345">
<Cond/>
<LocList/>
<StmntSeq Intrnl_Id="1346">
<LocList/>
</StmntSeq>
</Branch>
<Keyword EndOffset="17561" SrcFileId="5" StartOffset="17559"/>
<LocList>
<Loc EndOffset="17621" SrcFileId="5" StartOffset="17559"/>
</LocList>
<RootTerm CovItemId="C95" CovItemPrefix="Brandon_Dominion.Player.java" Intrnl_Id="1347">
<BasicBoolTerm Intrnl_Id="1348">
<LocList>
<Loc EndOffset="17605" SrcFileId="5" StartOffset="17563"/>
</LocList>
</BasicBoolTerm>
</RootTerm>
</CondStmnt>
</StmntSeq>
<Keyword EndOffset="17450" SrcFileId="5" StartOffset="17447"/>
<LocList>
<Loc EndOffset="17626" SrcFileId="5" StartOffset="17447"/>
</LocList>
<RootTerm CovItemId="C94" CovItemPrefix="Brandon_Dominion.Player.java" Intrnl_Id="1349">
<BasicBoolTerm Intrnl_Id="1350">
<LocList>
<Loc EndOffset="17487" SrcFileId="5" StartOffset="17463"/>
</LocList>
</BasicBoolTerm>
</RootTerm>
</LoopStmnt>
<BasicStmnt CovItemId="S346" CovItemPrefix="Brandon_Dominion.Player.java" Intrnl_Id="1351">
<LocList>
<Loc EndOffset="17640" SrcFileId="5" StartOffset="17630"/>
</LocList>
</BasicStmnt>
</StmntSeq>
</HierarchyLvl>
<HierarchyLvl HierarchyLvlId="60" HierarchyLvlTypeId="13" Intrnl_Id="1352" Name="shuffle">
<Header>
<Loc EndOffset="17730" SrcFileId="5" StartOffset="17686"/>
</Header>
<LocList>
<Loc EndOffset="17768" SrcFileId="5" StartOffset="17686"/>
</LocList>
<StmntSeq Intrnl_Id="1353">
<LocList>
<Loc EndOffset="17763" SrcFileId="5" StartOffset="17737"/>
</LocList>
<BasicStmnt CovItemId="S347" CovItemPrefix="Brandon_Dominion.Player.java" Intrnl_Id="1354">
<LocList>
<Loc EndOffset="17763" SrcFileId="5" StartOffset="17737"/>
</LocList>
</BasicStmnt>
</StmntSeq>
</HierarchyLvl>
<HierarchyLvl HierarchyLvlId="61" HierarchyLvlTypeId="13" Intrnl_Id="1355" Name="toString">
<Header>
<Loc EndOffset="17850" SrcFileId="5" StartOffset="17826"/>
</Header>
<LocList>
<Loc EndOffset="17956" SrcFileId="5" StartOffset="17826"/>
</LocList>
<StmntSeq Intrnl_Id="1356">
<LocList>
<Loc EndOffset="17948" SrcFileId="5" StartOffset="17855"/>
</LocList>
<BasicStmnt CovItemId="S348" CovItemPrefix="Brandon_Dominion.Player.java" Intrnl_Id="1357">
<LocList>
<Loc EndOffset="17948" SrcFileId="5" StartOffset="17855"/>
</LocList>
</BasicStmnt>
</StmntSeq>
</HierarchyLvl>
</HierarchyLvl>
<HierarchyLvl HierarchyLvlId="64" HierarchyLvlTypeId="14" Intrnl_Id="1358" Name="RandNumbers">
<Header>
<Loc EndOffset="74" SrcFileId="6" StartOffset="57"/>
</Header>
<LocList>
<Loc EndOffset="190" SrcFileId="6" StartOffset="57"/>
</LocList>
<HierarchyLvl HierarchyLvlId="63" HierarchyLvlTypeId="13" Intrnl_Id="1359" Name="getRand">
<Header>
<Loc EndOffset="118" SrcFileId="6" StartOffset="78"/>
</Header>
<LocList>
<Loc EndOffset="185" SrcFileId="6" StartOffset="78"/>
</LocList>
<StmntSeq Intrnl_Id="1360">
<LocList>
<Loc EndOffset="147" SrcFileId="6" StartOffset="123"/>
<Loc EndOffset="181" SrcFileId="6" StartOffset="151"/>
</LocList>
<BasicStmnt CovItemId="S1" CovItemPrefix="Brandon_Dominion.RandNumbers.java" Intrnl_Id="1361">
<LocList>
<Loc EndOffset="147" SrcFileId="6" StartOffset="123"/>
</LocList>
</BasicStmnt>
<BasicStmnt CovItemId="S2" CovItemPrefix="Brandon_Dominion.RandNumbers.java" Intrnl_Id="1362">
<LocList>
<Loc EndOffset="181" SrcFileId="6" StartOffset="151"/>
</LocList>
</BasicStmnt>
</StmntSeq>
</HierarchyLvl>
</HierarchyLvl>
<HierarchyLvl HierarchyLvlId="66" HierarchyLvlTypeId="14" Intrnl_Id="1363" Name="RandNumbersTest">
<Header>
<Loc EndOffset="120" SrcFileId="7" StartOffset="92"/>
</Header>
<LocList>
<Loc EndOffset="297" SrcFileId="7" StartOffset="92"/>
</LocList>
<HierarchyLvl HierarchyLvlId="65" HierarchyLvlTypeId="13" Intrnl_Id="1364" Name="testGetRand">
<Header>
<Loc EndOffset="160" SrcFileId="7" StartOffset="127"/>
</Header>
<LocList>
<Loc EndOffset="292" SrcFileId="7" StartOffset="127"/>
</LocList>
<StmntSeq Intrnl_Id="1365">
<LocList>
<Loc EndOffset="203" SrcFileId="7" StartOffset="166"/>
<Loc EndOffset="234" SrcFileId="7" StartOffset="207"/>
<Loc EndOffset="262" SrcFileId="7" StartOffset="238"/>
<Loc EndOffset="288" SrcFileId="7" StartOffset="266"/>
</LocList>
<BasicStmnt CovItemId="S1" CovItemPrefix="Brandon_Dominion.RandNumbersTest.java" Intrnl_Id="1366">
<LocList>
<Loc EndOffset="203" SrcFileId="7" StartOffset="166"/>
</LocList>
</BasicStmnt>
<BasicStmnt CovItemId="S2" CovItemPrefix="Brandon_Dominion.RandNumbersTest.java" Intrnl_Id="1367">
<LocList>
<Loc EndOffset="234" SrcFileId="7" StartOffset="207"/>
</LocList>
</BasicStmnt>
<BasicStmnt CovItemId="S3" CovItemPrefix="Brandon_Dominion.RandNumbersTest.java" Intrnl_Id="1368">
<LocList>
<Loc EndOffset="262" SrcFileId="7" StartOffset="238"/>
</LocList>
</BasicStmnt>
<BasicStmnt CovItemId="S4" CovItemPrefix="Brandon_Dominion.RandNumbersTest.java" Intrnl_Id="1369">
<LocList>
<Loc EndOffset="288" SrcFileId="7" StartOffset="266"/>
</LocList>
</BasicStmnt>
</StmntSeq>
</HierarchyLvl>
</HierarchyLvl>
<HierarchyLvl HierarchyLvlId="73" HierarchyLvlTypeId="14" Intrnl_Id="1370" Name="playDominionTest">
<Header>
<Loc EndOffset="121" SrcFileId="8" StartOffset="92"/>
</Header>
<LocList>
<Loc EndOffset="2951" SrcFileId="8" StartOffset="92"/>
</LocList>
<HierarchyLvl HierarchyLvlId="67" HierarchyLvlTypeId="13" Intrnl_Id="1371" Name="cleanPiles">
<Header>
<Loc EndOffset="238" SrcFileId="8" StartOffset="177"/>
</Header>
<LocList>
<Loc EndOffset="733" SrcFileId="8" StartOffset="177"/>
</LocList>
<StmntSeq Intrnl_Id="1372">
<LocList>
<Loc EndOffset="359" SrcFileId="8" StartOffset="243"/>
<Loc EndOffset="409" SrcFileId="8" StartOffset="363"/>
<Loc EndOffset="520" SrcFileId="8" StartOffset="413"/>
<Loc EndOffset="566" SrcFileId="8" StartOffset="524"/>
<Loc EndOffset="680" SrcFileId="8" StartOffset="570"/>
<Loc EndOffset="729" SrcFileId="8" StartOffset="684"/>
</LocList>
<LoopStmnt CovItemId="S1" CovItemPrefix="Brandon_Dominion.playDominionTest.java" Intrnl_Id="1373" MltplExecId="L1-2" MltplExecPrefix="Brandon_Dominion.playDominionTest.java" NvrExecId="L1-0" NvrExecPrefix="Brandon_Dominion.playDominionTest.java" OnceExecutedId="L1-1" OnceExecutedPrefix="Brandon_Dominion.playDominionTest.java" OptBodyExec="true">
<StmntSeq Intrnl_Id="1374">
<LocList>
<Loc EndOffset="359" SrcFileId="8" StartOffset="306"/>
</LocList>
<BasicStmnt CovItemId="S2" CovItemPrefix="Brandon_Dominion.playDominionTest.java" Intrnl_Id="1375">
<LocList>
<Loc EndOffset="359" SrcFileId="8" StartOffset="306"/>
</LocList>
</BasicStmnt>
</StmntSeq>
<Keyword EndOffset="246" SrcFileId="8" StartOffset="243"/>
<LocList>
<Loc EndOffset="359" SrcFileId="8" StartOffset="243"/>
</LocList>
<RootTerm CovItemId="C1" CovItemPrefix="Brandon_Dominion.playDominionTest.java" Intrnl_Id="1376">
<BasicBoolTerm Intrnl_Id="1377">
<LocList>
<Loc EndOffset="264" SrcFileId="8" StartOffset="258"/>
</LocList>
</BasicBoolTerm>
</RootTerm>
</LoopStmnt>
<BasicStmnt CovItemId="S3" CovItemPrefix="Brandon_Dominion.playDominionTest.java" Intrnl_Id="1378">
<LocList>
<Loc EndOffset="409" SrcFileId="8" StartOffset="363"/>
</LocList>
</BasicStmnt>
<LoopStmnt CovItemId="S4" CovItemPrefix="Brandon_Dominion.playDominionTest.java" Intrnl_Id="1379" MltplExecId="L2-2" MltplExecPrefix="Brandon_Dominion.playDominionTest.java" NvrExecId="L2-0" NvrExecPrefix="Brandon_Dominion.playDominionTest.java" OnceExecutedId="L2-1" OnceExecutedPrefix="Brandon_Dominion.playDominionTest.java" OptBodyExec="true">
<StmntSeq Intrnl_Id="1380">
<LocList>
<Loc EndOffset="520" SrcFileId="8" StartOffset="471"/>
</LocList>
<BasicStmnt CovItemId="S5" CovItemPrefix="Brandon_Dominion.playDominionTest.java" Intrnl_Id="1381">
<LocList>
<Loc EndOffset="520" SrcFileId="8" StartOffset="471"/>
</LocList>
</BasicStmnt>
</StmntSeq>
<Keyword EndOffset="416" SrcFileId="8" StartOffset="413"/>
<LocList>
<Loc EndOffset="520" SrcFileId="8" StartOffset="413"/>
</LocList>
<RootTerm CovItemId="C2" CovItemPrefix="Brandon_Dominion.playDominionTest.java" Intrnl_Id="1382">
<BasicBoolTerm Intrnl_Id="1383">
<LocList>
<Loc EndOffset="433" SrcFileId="8" StartOffset="428"/>
</LocList>
</BasicBoolTerm>
</RootTerm>
</LoopStmnt>
<BasicStmnt CovItemId="S6" CovItemPrefix="Brandon_Dominion.playDominionTest.java" Intrnl_Id="1384">
<LocList>
<Loc EndOffset="566" SrcFileId="8" StartOffset="524"/>
</LocList>
</BasicStmnt>
<LoopStmnt CovItemId="S7" CovItemPrefix="Brandon_Dominion.playDominionTest.java" Intrnl_Id="1385" MltplExecId="L3-2" MltplExecPrefix="Brandon_Dominion.playDominionTest.java" NvrExecId="L3-0" NvrExecPrefix="Brandon_Dominion.playDominionTest.java" OnceExecutedId="L3-1" OnceExecutedPrefix="Brandon_Dominion.playDominionTest.java" OptBodyExec="true">
<StmntSeq Intrnl_Id="1386">
<LocList>
<Loc EndOffset="680" SrcFileId="8" StartOffset="628"/>
</LocList>
<BasicStmnt CovItemId="S8" CovItemPrefix="Brandon_Dominion.playDominionTest.java" Intrnl_Id="1387">
<LocList>
<Loc EndOffset="680" SrcFileId="8" StartOffset="628"/>
</LocList>
</BasicStmnt>
</StmntSeq>
<Keyword EndOffset="573" SrcFileId="8" StartOffset="570"/>
<LocList>
<Loc EndOffset="680" SrcFileId="8" StartOffset="570"/>
</LocList>
<RootTerm CovItemId="C3" CovItemPrefix="Brandon_Dominion.playDominionTest.java" Intrnl_Id="1388">
<BasicBoolTerm Intrnl_Id="1389">
<LocList>
<Loc EndOffset="590" SrcFileId="8" StartOffset="585"/>
</LocList>
</BasicBoolTerm>
</RootTerm>
</LoopStmnt>
<BasicStmnt CovItemId="S9" CovItemPrefix="Brandon_Dominion.playDominionTest.java" Intrnl_Id="1390">
<LocList>
<Loc EndOffset="729" SrcFileId="8" StartOffset="684"/>
</LocList>
</BasicStmnt>
</StmntSeq>
</HierarchyLvl>
<HierarchyLvl HierarchyLvlId="68" HierarchyLvlTypeId="13" Intrnl_Id="1391" Name="testCheckEmptyPile">
<Header>
<Loc EndOffset="777" SrcFileId="8" StartOffset="736"/>
</Header>
<LocList>
<Loc EndOffset="975" SrcFileId="8" StartOffset="736"/>
</LocList>
<StmntSeq Intrnl_Id="1392">
<LocList>
<Loc EndOffset="813" SrcFileId="8" StartOffset="782"/>
<Loc EndOffset="873" SrcFileId="8" StartOffset="817"/>
<Loc EndOffset="913" SrcFileId="8" StartOffset="877"/>
<Loc EndOffset="971" SrcFileId="8" StartOffset="917"/>
</LocList>
<BasicStmnt CovItemId="S10" CovItemPrefix="Brandon_Dominion.playDominionTest.java" Intrnl_Id="1393">
<LocList>
<Loc EndOffset="813" SrcFileId="8" StartOffset="782"/>
</LocList>
</BasicStmnt>
<BasicStmnt CovItemId="S11" CovItemPrefix="Brandon_Dominion.playDominionTest.java" Intrnl_Id="1394">
<LocList>
<Loc EndOffset="873" SrcFileId="8" StartOffset="817"/>
</LocList>
</BasicStmnt>
<BasicStmnt CovItemId="S12" CovItemPrefix="Brandon_Dominion.playDominionTest.java" Intrnl_Id="1395">
<LocList>
<Loc EndOffset="913" SrcFileId="8" StartOffset="877"/>
</LocList>
</BasicStmnt>
<BasicStmnt CovItemId="S13" CovItemPrefix="Brandon_Dominion.playDominionTest.java" Intrnl_Id="1396">
<LocList>
<Loc EndOffset="971" SrcFileId="8" StartOffset="917"/>
</LocList>
</BasicStmnt>
</StmntSeq>
</HierarchyLvl>
<HierarchyLvl HierarchyLvlId="69" HierarchyLvlTypeId="13" Intrnl_Id="1397" Name="testCheckMoneyPile">
<Header>
<Loc EndOffset="1022" SrcFileId="8" StartOffset="981"/>
</Header>
<LocList>
<Loc EndOffset="1412" SrcFileId="8" StartOffset="981"/>
</LocList>
<StmntSeq Intrnl_Id="1398">
<LocList>
<Loc EndOffset="1054" SrcFileId="8" StartOffset="1027"/>
<Loc EndOffset="1109" SrcFileId="8" StartOffset="1058"/>
<Loc EndOffset="1148" SrcFileId="8" StartOffset="1113"/>
<Loc EndOffset="1202" SrcFileId="8" StartOffset="1152"/>
<Loc EndOffset="1276" SrcFileId="8" StartOffset="1210"/>
<Loc EndOffset="1343" SrcFileId="8" StartOffset="1280"/>
<Loc EndOffset="1379" SrcFileId="8" StartOffset="1351"/>
<Loc EndOffset="1408" SrcFileId="8" StartOffset="1383"/>
</LocList>
<BasicStmnt CovItemId="S14" CovItemPrefix="Brandon_Dominion.playDominionTest.java" Intrnl_Id="1399">
<LocList>
<Loc EndOffset="1054" SrcFileId="8" StartOffset="1027"/>
</LocList>
</BasicStmnt>
<BasicStmnt CovItemId="S15" CovItemPrefix="Brandon_Dominion.playDominionTest.java" Intrnl_Id="1400">
<LocList>
<Loc EndOffset="1109" SrcFileId="8" StartOffset="1058"/>
</LocList>
</BasicStmnt>
<BasicStmnt CovItemId="S16" CovItemPrefix="Brandon_Dominion.playDominionTest.java" Intrnl_Id="1401">
<LocList>
<Loc EndOffset="1148" SrcFileId="8" StartOffset="1113"/>
</LocList>
</BasicStmnt>
<BasicStmnt CovItemId="S17" CovItemPrefix="Brandon_Dominion.playDominionTest.java" Intrnl_Id="1402">
<LocList>
<Loc EndOffset="1202" SrcFileId="8" StartOffset="1152"/>
</LocList>
</BasicStmnt>
<LoopStmnt CovItemId="S18" CovItemPrefix="Brandon_Dominion.playDominionTest.java" Intrnl_Id="1403" MltplExecId="L4-2" MltplExecPrefix="Brandon_Dominion.playDominionTest.java" NvrExecId="L4-0" NvrExecPrefix="Brandon_Dominion.playDominionTest.java" OnceExecutedId="L4-1" OnceExecutedPrefix="Brandon_Dominion.playDominionTest.java" OptBodyExec="true">
<StmntSeq Intrnl_Id="1404">
<LocList>
<Loc EndOffset="1276" SrcFileId="8" StartOffset="1241"/>
</LocList>
<BasicStmnt CovItemId="S19" CovItemPrefix="Brandon_Dominion.playDominionTest.java" Intrnl_Id="1405">
<LocList>
<Loc EndOffset="1276" SrcFileId="8" StartOffset="1241"/>
</LocList>
</BasicStmnt>
</StmntSeq>
<Keyword EndOffset="1213" SrcFileId="8" StartOffset="1210"/>
<LocList>
<Loc EndOffset="1276" SrcFileId="8" StartOffset="1210"/>
</LocList>
<RootTerm CovItemId="C4" CovItemPrefix="Brandon_Dominion.playDominionTest.java" Intrnl_Id="1406">
<BasicBoolTerm Intrnl_Id="1407">
<LocList>
<Loc EndOffset="1230" SrcFileId="8" StartOffset="1225"/>
</LocList>
</BasicBoolTerm>
</RootTerm>
</LoopStmnt>
<LoopStmnt CovItemId="S20" CovItemPrefix="Brandon_Dominion.playDominionTest.java" Intrnl_Id="1408" MltplExecId="L5-2" MltplExecPrefix="Brandon_Dominion.playDominionTest.java" NvrExecId="L5-0" NvrExecPrefix="Brandon_Dominion.playDominionTest.java" OnceExecutedId="L5-1" OnceExecutedPrefix="Brandon_Dominion.playDominionTest.java" OptBodyExec="true">
<StmntSeq Intrnl_Id="1409">
<LocList>
<Loc EndOffset="1343" SrcFileId="8" StartOffset="1311"/>
</LocList>
<BasicStmnt CovItemId="S21" CovItemPrefix="Brandon_Dominion.playDominionTest.java" Intrnl_Id="1410">
<LocList>
<Loc EndOffset="1343" SrcFileId="8" StartOffset="1311"/>
</LocList>
</BasicStmnt>
</StmntSeq>
<Keyword EndOffset="1283" SrcFileId="8" StartOffset="1280"/>
<LocList>
<Loc EndOffset="1343" SrcFileId="8" StartOffset="1280"/>
</LocList>
<RootTerm CovItemId="C5" CovItemPrefix="Brandon_Dominion.playDominionTest.java" Intrnl_Id="1411">
<BasicBoolTerm Intrnl_Id="1412">
<LocList>
<Loc EndOffset="1300" SrcFileId="8" StartOffset="1295"/>
</LocList>
</BasicBoolTerm>
</RootTerm>
</LoopStmnt>
<BasicStmnt CovItemId="S22" CovItemPrefix="Brandon_Dominion.playDominionTest.java" Intrnl_Id="1413">
<LocList>
<Loc EndOffset="1379" SrcFileId="8" StartOffset="1351"/>
</LocList>
</BasicStmnt>
<BasicStmnt CovItemId="S23" CovItemPrefix="Brandon_Dominion.playDominionTest.java" Intrnl_Id="1414">
<LocList>
<Loc EndOffset="1408" SrcFileId="8" StartOffset="1383"/>
</LocList>
</BasicStmnt>
</StmntSeq>
</HierarchyLvl>
<HierarchyLvl HierarchyLvlId="70" HierarchyLvlTypeId="13" Intrnl_Id="1415" Name="testInitGame">
<Header>
<Loc EndOffset="1451" SrcFileId="8" StartOffset="1417"/>
</Header>
<LocList>
<Loc EndOffset="2042" SrcFileId="8" StartOffset="1417"/>
</LocList>
<StmntSeq Intrnl_Id="1416">
<LocList>
<Loc EndOffset="1508" SrcFileId="8" StartOffset="1457"/>
<Loc EndOffset="1563" SrcFileId="8" StartOffset="1512"/>
<Loc EndOffset="1616" SrcFileId="8" StartOffset="1567"/>
<Loc EndOffset="1669" SrcFileId="8" StartOffset="1620"/>
<Loc EndOffset="1728" SrcFileId="8" StartOffset="1673"/>
<Loc EndOffset="1787" SrcFileId="8" StartOffset="1732"/>
<Loc EndOffset="1837" SrcFileId="8" StartOffset="1791"/>
<Loc EndOffset="1885" SrcFileId="8" StartOffset="1841"/>
<Loc EndOffset="1930" SrcFileId="8" StartOffset="1889"/>
<Loc EndOffset="1984" SrcFileId="8" StartOffset="1934"/>
<Loc EndOffset="2038" SrcFileId="8" StartOffset="1988"/>
</LocList>
<BasicStmnt CovItemId="S24" CovItemPrefix="Brandon_Dominion.playDominionTest.java" Intrnl_Id="1417">
<LocList>
<Loc EndOffset="1508" SrcFileId="8" StartOffset="1457"/>
</LocList>
</BasicStmnt>
<BasicStmnt CovItemId="S25" CovItemPrefix="Brandon_Dominion.playDominionTest.java" Intrnl_Id="1418">
<LocList>
<Loc EndOffset="1563" SrcFileId="8" StartOffset="1512"/>
</LocList>
</BasicStmnt>
<BasicStmnt CovItemId="S26" CovItemPrefix="Brandon_Dominion.playDominionTest.java" Intrnl_Id="1419">
<LocList>
<Loc EndOffset="1616" SrcFileId="8" StartOffset="1567"/>
</LocList>
</BasicStmnt>
<BasicStmnt CovItemId="S27" CovItemPrefix="Brandon_Dominion.playDominionTest.java" Intrnl_Id="1420">
<LocList>
<Loc EndOffset="1669" SrcFileId="8" StartOffset="1620"/>
</LocList>
</BasicStmnt>
<BasicStmnt CovItemId="S28" CovItemPrefix="Brandon_Dominion.playDominionTest.java" Intrnl_Id="1421">
<LocList>
<Loc EndOffset="1728" SrcFileId="8" StartOffset="1673"/>
</LocList>
</BasicStmnt>
<BasicStmnt CovItemId="S29" CovItemPrefix="Brandon_Dominion.playDominionTest.java" Intrnl_Id="1422">
<LocList>
<Loc EndOffset="1787" SrcFileId="8" StartOffset="1732"/>
</LocList>
</BasicStmnt>
<BasicStmnt CovItemId="S30" CovItemPrefix="Brandon_Dominion.playDominionTest.java" Intrnl_Id="1423">
<LocList>
<Loc EndOffset="1837" SrcFileId="8" StartOffset="1791"/>
</LocList>
</BasicStmnt>
<BasicStmnt CovItemId="S31" CovItemPrefix="Brandon_Dominion.playDominionTest.java" Intrnl_Id="1424">
<LocList>
<Loc EndOffset="1885" SrcFileId="8" StartOffset="1841"/>
</LocList>
</BasicStmnt>
<BasicStmnt CovItemId="S32" CovItemPrefix="Brandon_Dominion.playDominionTest.java" Intrnl_Id="1425">
<LocList>
<Loc EndOffset="1930" SrcFileId="8" StartOffset="1889"/>
</LocList>
</BasicStmnt>
<BasicStmnt CovItemId="S33" CovItemPrefix="Brandon_Dominion.playDominionTest.java" Intrnl_Id="1426">
<LocList>
<Loc EndOffset="1984" SrcFileId="8" StartOffset="1934"/>
</LocList>
</BasicStmnt>
<BasicStmnt CovItemId="S34" CovItemPrefix="Brandon_Dominion.playDominionTest.java" Intrnl_Id="1427">
<LocList>
<Loc EndOffset="2038" SrcFileId="8" StartOffset="1988"/>
</LocList>
</BasicStmnt>
</StmntSeq>
</HierarchyLvl>
<HierarchyLvl HierarchyLvlId="71" HierarchyLvlTypeId="13" Intrnl_Id="1428" Name="testEndGame">
<Header>
<Loc EndOffset="2119" SrcFileId="8" StartOffset="2048"/>
</Header>
<LocList>
<Loc EndOffset="2784" SrcFileId="8" StartOffset="2048"/>
</LocList>
<StmntSeq Intrnl_Id="1429">
<LocList>
<Loc EndOffset="2151" SrcFileId="8" StartOffset="2124"/>
<Loc EndOffset="2204" SrcFileId="8" StartOffset="2155"/>
<Loc EndOffset="2240" SrcFileId="8" StartOffset="2208"/>
<Loc EndOffset="2291" SrcFileId="8" StartOffset="2244"/>
<Loc EndOffset="2414" SrcFileId="8" StartOffset="2351"/>
<Loc EndOffset="2443" SrcFileId="8" StartOffset="2418"/>
<Loc EndOffset="2474" SrcFileId="8" StartOffset="2447"/>
<Loc EndOffset="2531" SrcFileId="8" StartOffset="2482"/>
<Loc EndOffset="2581" SrcFileId="8" StartOffset="2539"/>
<Loc EndOffset="2674" SrcFileId="8" StartOffset="2589"/>
<Loc EndOffset="2759" SrcFileId="8" StartOffset="2712"/>
<Loc EndOffset="2780" SrcFileId="8" StartOffset="2767"/>
</LocList>
<BasicStmnt CovItemId="S35" CovItemPrefix="Brandon_Dominion.playDominionTest.java" Intrnl_Id="1430">
<LocList>
<Loc EndOffset="2151" SrcFileId="8" StartOffset="2124"/>
</LocList>
</BasicStmnt>
<BasicStmnt CovItemId="S36" CovItemPrefix="Brandon_Dominion.playDominionTest.java" Intrnl_Id="1431">
<LocList>
<Loc EndOffset="2204" SrcFileId="8" StartOffset="2155"/>
</LocList>
</BasicStmnt>
<BasicStmnt CovItemId="S37" CovItemPrefix="Brandon_Dominion.playDominionTest.java" Intrnl_Id="1432">
<LocList>
<Loc EndOffset="2240" SrcFileId="8" StartOffset="2208"/>
</LocList>
</BasicStmnt>
<BasicStmnt CovItemId="S38" CovItemPrefix="Brandon_Dominion.playDominionTest.java" Intrnl_Id="1433">
<LocList>
<Loc EndOffset="2291" SrcFileId="8" StartOffset="2244"/>
</LocList>
</BasicStmnt>
<LoopStmnt CovItemId="S39" CovItemPrefix="Brandon_Dominion.playDominionTest.java" Intrnl_Id="1434" MltplExecId="L6-2" MltplExecPrefix="Brandon_Dominion.playDominionTest.java" NvrExecId="L6-0" NvrExecPrefix="Brandon_Dominion.playDominionTest.java" OnceExecutedId="L6-1" OnceExecutedPrefix="Brandon_Dominion.playDominionTest.java" OptBodyExec="true">
<StmntSeq Intrnl_Id="1435">
<LocList>
<Loc EndOffset="2414" SrcFileId="8" StartOffset="2382"/>
</LocList>
<BasicStmnt CovItemId="S40" CovItemPrefix="Brandon_Dominion.playDominionTest.java" Intrnl_Id="1436">
<LocList>
<Loc EndOffset="2414" SrcFileId="8" StartOffset="2382"/>
</LocList>
</BasicStmnt>
</StmntSeq>
<Keyword EndOffset="2354" SrcFileId="8" StartOffset="2351"/>
<LocList>
<Loc EndOffset="2414" SrcFileId="8" StartOffset="2351"/>
</LocList>
<RootTerm CovItemId="C6" CovItemPrefix="Brandon_Dominion.playDominionTest.java" Intrnl_Id="1437">
<BasicBoolTerm Intrnl_Id="1438">
<LocList>
<Loc EndOffset="2371" SrcFileId="8" StartOffset="2366"/>
</LocList>
</BasicBoolTerm>
</RootTerm>
</LoopStmnt>
<BasicStmnt CovItemId="S41" CovItemPrefix="Brandon_Dominion.playDominionTest.java" Intrnl_Id="1439">
<LocList>
<Loc EndOffset="2443" SrcFileId="8" StartOffset="2418"/>
</LocList>
</BasicStmnt>
<BasicStmnt CovItemId="S42" CovItemPrefix="Brandon_Dominion.playDominionTest.java" Intrnl_Id="1440">
<LocList>
<Loc EndOffset="2474" SrcFileId="8" StartOffset="2447"/>
</LocList>
</BasicStmnt>
<BasicStmnt CovItemId="S43" CovItemPrefix="Brandon_Dominion.playDominionTest.java" Intrnl_Id="1441">
<LocList>
<Loc EndOffset="2531" SrcFileId="8" StartOffset="2482"/>
</LocList>
</BasicStmnt>
<BasicStmnt CovItemId="S44" CovItemPrefix="Brandon_Dominion.playDominionTest.java" Intrnl_Id="1442">
<LocList>
<Loc EndOffset="2581" SrcFileId="8" StartOffset="2539"/>
</LocList>
</BasicStmnt>
<LoopStmnt CovItemId="S45" CovItemPrefix="Brandon_Dominion.playDominionTest.java" Intrnl_Id="1443" MltplExecId="L7-2" MltplExecPrefix="Brandon_Dominion.playDominionTest.java" NvrExecId="L7-0" NvrExecPrefix="Brandon_Dominion.playDominionTest.java" OnceExecutedId="L7-1" OnceExecutedPrefix="Brandon_Dominion.playDominionTest.java" OptBodyExec="true">
<StmntSeq Intrnl_Id="1444">
<LocList>
<Loc EndOffset="2674" SrcFileId="8" StartOffset="2621"/>
</LocList>
<BasicStmnt CovItemId="S46" CovItemPrefix="Brandon_Dominion.playDominionTest.java" Intrnl_Id="1445">
<LocList>
<Loc EndOffset="2674" SrcFileId="8" StartOffset="2621"/>
</LocList>
</BasicStmnt>
</StmntSeq>
<Keyword EndOffset="2592" SrcFileId="8" StartOffset="2589"/>
<LocList>
<Loc EndOffset="2674" SrcFileId="8" StartOffset="2589"/>
</LocList>
<RootTerm CovItemId="C7" CovItemPrefix="Brandon_Dominion.playDominionTest.java" Intrnl_Id="1446">
<BasicBoolTerm Intrnl_Id="1447">
<LocList>
<Loc EndOffset="2610" SrcFileId="8" StartOffset="2605"/>
</LocList>
</BasicBoolTerm>
</RootTerm>
</LoopStmnt>
<BasicStmnt CovItemId="S47" CovItemPrefix="Brandon_Dominion.playDominionTest.java" Intrnl_Id="1448">
<LocList>
<Loc EndOffset="2759" SrcFileId="8" StartOffset="2712"/>
</LocList>
</BasicStmnt>
<BasicStmnt CovItemId="S48" CovItemPrefix="Brandon_Dominion.playDominionTest.java" Intrnl_Id="1449">
<LocList>
<Loc EndOffset="2780" SrcFileId="8" StartOffset="2767"/>
</LocList>
</BasicStmnt>
</StmntSeq>
</HierarchyLvl>
<HierarchyLvl HierarchyLvlId="72" HierarchyLvlTypeId="13" Intrnl_Id="1450" Name="testPlay2">
<Header>
<Loc EndOffset="2821" SrcFileId="8" StartOffset="2790"/>
</Header>
<LocList>
<Loc EndOffset="2941" SrcFileId="8" StartOffset="2790"/>
</LocList>
<StmntSeq Intrnl_Id="1451">
<LocList>
<Loc EndOffset="2868" SrcFileId="8" StartOffset="2826"/>
<Loc EndOffset="2916" SrcFileId="8" StartOffset="2872"/>
<Loc EndOffset="2937" SrcFileId="8" StartOffset="2924"/>
</LocList>
<BasicStmnt CovItemId="S49" CovItemPrefix="Brandon_Dominion.playDominionTest.java" Intrnl_Id="1452">
<LocList>
<Loc EndOffset="2868" SrcFileId="8" StartOffset="2826"/>
</LocList>
</BasicStmnt>
<BasicStmnt CovItemId="S50" CovItemPrefix="Brandon_Dominion.playDominionTest.java" Intrnl_Id="1453">
<LocList>
<Loc EndOffset="2916" SrcFileId="8" StartOffset="2872"/>
</LocList>
</BasicStmnt>
<BasicStmnt CovItemId="S51" CovItemPrefix="Brandon_Dominion.playDominionTest.java" Intrnl_Id="1454">
<LocList>
<Loc EndOffset="2937" SrcFileId="8" StartOffset="2924"/>
</LocList>
</BasicStmnt>
</StmntSeq>
</HierarchyLvl>
</HierarchyLvl>
<HierarchyLvl HierarchyLvlId="80" HierarchyLvlTypeId="14" Intrnl_Id="1455" Name="playerTest">
<Header>
<Loc EndOffset="136" SrcFileId="9" StartOffset="113"/>
</Header>
<LocList>
<Loc EndOffset="2246" SrcFileId="9" StartOffset="113"/>
</LocList>
<HierarchyLvl HierarchyLvlId="74" HierarchyLvlTypeId="13" Intrnl_Id="1456" Name="testGetPVP">
<Header>
<Loc EndOffset="650" SrcFileId="9" StartOffset="617"/>
</Header>
<LocList>
<Loc EndOffset="746" SrcFileId="9" StartOffset="617"/>
</LocList>
<StmntSeq Intrnl_Id="1457">
<LocList>
<Loc EndOffset="683" SrcFileId="9" StartOffset="655"/>
<Loc EndOffset="722" SrcFileId="9" StartOffset="687"/>
</LocList>
<BasicStmnt CovItemId="S1" CovItemPrefix="Brandon_Dominion.playerTest.java" Intrnl_Id="1458">
<LocList>
<Loc EndOffset="683" SrcFileId="9" StartOffset="655"/>
</LocList>
</BasicStmnt>
<BasicStmnt CovItemId="S2" CovItemPrefix="Brandon_Dominion.playerTest.java" Intrnl_Id="1459">
<LocList>
<Loc EndOffset="722" SrcFileId="9" StartOffset="687"/>
</LocList>
</BasicStmnt>
</StmntSeq>
</HierarchyLvl>
<HierarchyLvl HierarchyLvlId="75" HierarchyLvlTypeId="13" Intrnl_Id="1460" Name="testGetPGold">
<Header>
<Loc EndOffset="787" SrcFileId="9" StartOffset="752"/>
</Header>
<LocList>
<Loc EndOffset="865" SrcFileId="9" StartOffset="752"/>
</LocList>
<StmntSeq Intrnl_Id="1461">
<LocList>
<Loc EndOffset="820" SrcFileId="9" StartOffset="792"/>
<Loc EndOffset="861" SrcFileId="9" StartOffset="824"/>
</LocList>
<BasicStmnt CovItemId="S3" CovItemPrefix="Brandon_Dominion.playerTest.java" Intrnl_Id="1462">
<LocList>
<Loc EndOffset="820" SrcFileId="9" StartOffset="792"/>
</LocList>
</BasicStmnt>
<BasicStmnt CovItemId="S4" CovItemPrefix="Brandon_Dominion.playerTest.java" Intrnl_Id="1463">
<LocList>
<Loc EndOffset="861" SrcFileId="9" StartOffset="824"/>
</LocList>
</BasicStmnt>
</StmntSeq>
</HierarchyLvl>
<HierarchyLvl HierarchyLvlId="76" HierarchyLvlTypeId="13" Intrnl_Id="1464" Name="testGetDeck">
<Header>
<Loc EndOffset="905" SrcFileId="9" StartOffset="871"/>
</Header>
<LocList>
<Loc EndOffset="1349" SrcFileId="9" StartOffset="871"/>
</LocList>
<StmntSeq Intrnl_Id="1465">
<LocList>
<Loc EndOffset="938" SrcFileId="9" StartOffset="910"/>
<Loc EndOffset="1087" SrcFileId="9" StartOffset="968"/>
<Loc EndOffset="1133" SrcFileId="9" StartOffset="1091"/>
<Loc EndOffset="1286" SrcFileId="9" StartOffset="1137"/>
<Loc EndOffset="1344" SrcFileId="9" StartOffset="1290"/>
</LocList>
<BasicStmnt CovItemId="S5" CovItemPrefix="Brandon_Dominion.playerTest.java" Intrnl_Id="1466">
<LocList>
<Loc EndOffset="938" SrcFileId="9" StartOffset="910"/>
</LocList>
</BasicStmnt>
<LoopStmnt CovItemId="S6" CovItemPrefix="Brandon_Dominion.playerTest.java" Intrnl_Id="1467" MltplExecId="L1-2" MltplExecPrefix="Brandon_Dominion.playerTest.java" NvrExecId="L1-0" NvrExecPrefix="Brandon_Dominion.playerTest.java" OnceExecutedId="L1-1" OnceExecutedPrefix="Brandon_Dominion.playerTest.java" OptBodyExec="true">
<StmntSeq Intrnl_Id="1468">
<LocList>
<Loc EndOffset="1052" SrcFileId="9" StartOffset="1004"/>
<Loc EndOffset="1082" SrcFileId="9" StartOffset="1058"/>
</LocList>
<BasicStmnt CovItemId="S7" CovItemPrefix="Brandon_Dominion.playerTest.java" Intrnl_Id="1469">
<LocList>
<Loc EndOffset="1052" SrcFileId="9" StartOffset="1004"/>
</LocList>
</BasicStmnt>
<BasicStmnt CovItemId="S8" CovItemPrefix="Brandon_Dominion.playerTest.java" Intrnl_Id="1470">
<LocList>
<Loc EndOffset="1082" SrcFileId="9" StartOffset="1058"/>
</LocList>
</BasicStmnt>
</StmntSeq>
<Keyword EndOffset="971" SrcFileId="9" StartOffset="968"/>
<LocList>
<Loc EndOffset="1087" SrcFileId="9" StartOffset="968"/>
</LocList>
<RootTerm CovItemId="C1" CovItemPrefix="Brandon_Dominion.playerTest.java" Intrnl_Id="1471">
<BasicBoolTerm Intrnl_Id="1472">
<LocList>
<Loc EndOffset="989" SrcFileId="9" StartOffset="984"/>
</LocList>
</BasicBoolTerm>
</RootTerm>
</LoopStmnt>
<BasicStmnt CovItemId="S9" CovItemPrefix="Brandon_Dominion.playerTest.java" Intrnl_Id="1473">
<LocList>
<Loc EndOffset="1133" SrcFileId="9" StartOffset="1091"/>
</LocList>
</BasicStmnt>
<LoopStmnt CovItemId="S10" CovItemPrefix="Brandon_Dominion.playerTest.java" Intrnl_Id="1474" MltplExecId="L2-2" MltplExecPrefix="Brandon_Dominion.playerTest.java" NvrExecId="L2-0" NvrExecPrefix="Brandon_Dominion.playerTest.java" OnceExecutedId="L2-1" OnceExecutedPrefix="Brandon_Dominion.playerTest.java" OptBodyExec="true">
<StmntSeq Intrnl_Id="1475">
<LocList>
<Loc EndOffset="1218" SrcFileId="9" StartOffset="1170"/>
<Loc EndOffset="1281" SrcFileId="9" StartOffset="1264"/>
</LocList>
<BasicStmnt CovItemId="S11" CovItemPrefix="Brandon_Dominion.playerTest.java" Intrnl_Id="1476">
<LocList>
<Loc EndOffset="1218" SrcFileId="9" StartOffset="1170"/>
</LocList>
</BasicStmnt>
<BasicStmnt CovItemId="S12" CovItemPrefix="Brandon_Dominion.playerTest.java" Intrnl_Id="1477">
<LocList>
<Loc EndOffset="1281" SrcFileId="9" StartOffset="1264"/>
</LocList>
</BasicStmnt>
</StmntSeq>
<Keyword EndOffset="1140" SrcFileId="9" StartOffset="1137"/>
<LocList>
<Loc EndOffset="1286" SrcFileId="9" StartOffset="1137"/>
</LocList>
<RootTerm CovItemId="C2" CovItemPrefix="Brandon_Dominion.playerTest.java" Intrnl_Id="1478">
<BasicBoolTerm Intrnl_Id="1479">
<LocList>
<Loc EndOffset="1158" SrcFileId="9" StartOffset="1153"/>
</LocList>
</BasicBoolTerm>
</RootTerm>
</LoopStmnt>
<BasicStmnt CovItemId="S13" CovItemPrefix="Brandon_Dominion.playerTest.java" Intrnl_Id="1480">
<LocList>
<Loc EndOffset="1344" SrcFileId="9" StartOffset="1290"/>
</LocList>
</BasicStmnt>
</StmntSeq>
</HierarchyLvl>
<HierarchyLvl HierarchyLvlId="77" HierarchyLvlTypeId="13" Intrnl_Id="1481" Name="testGetHand">
<Header>
<Loc EndOffset="1392" SrcFileId="9" StartOffset="1358"/>
</Header>
<LocList>
<Loc EndOffset="1845" SrcFileId="9" StartOffset="1358"/>
</LocList>
<StmntSeq Intrnl_Id="1482">
<LocList>
<Loc EndOffset="1425" SrcFileId="9" StartOffset="1397"/>
<Loc EndOffset="1579" SrcFileId="9" StartOffset="1455"/>
<Loc EndOffset="1625" SrcFileId="9" StartOffset="1583"/>
<Loc EndOffset="1778" SrcFileId="9" StartOffset="1629"/>
<Loc EndOffset="1841" SrcFileId="9" StartOffset="1782"/>
</LocList>
<BasicStmnt CovItemId="S14" CovItemPrefix="Brandon_Dominion.playerTest.java" Intrnl_Id="1483">
<LocList>
<Loc EndOffset="1425" SrcFileId="9" StartOffset="1397"/>
</LocList>
</BasicStmnt>
<LoopStmnt CovItemId="S15" CovItemPrefix="Brandon_Dominion.playerTest.java" Intrnl_Id="1484" MltplExecId="L3-2" MltplExecPrefix="Brandon_Dominion.playerTest.java" NvrExecId="L3-0" NvrExecPrefix="Brandon_Dominion.playerTest.java" OnceExecutedId="L3-1" OnceExecutedPrefix="Brandon_Dominion.playerTest.java" OptBodyExec="true">
<StmntSeq Intrnl_Id="1485">
<LocList>
<Loc EndOffset="1539" SrcFileId="9" StartOffset="1491"/>
<Loc EndOffset="1574" SrcFileId="9" StartOffset="1545"/>
</LocList>
<BasicStmnt CovItemId="S16" CovItemPrefix="Brandon_Dominion.playerTest.java" Intrnl_Id="1486">
<LocList>
<Loc EndOffset="1539" SrcFileId="9" StartOffset="1491"/>
</LocList>
</BasicStmnt>
<BasicStmnt CovItemId="S17" CovItemPrefix="Brandon_Dominion.playerTest.java" Intrnl_Id="1487">
<LocList>
<Loc EndOffset="1574" SrcFileId="9" StartOffset="1545"/>
</LocList>
</BasicStmnt>
</StmntSeq>
<Keyword EndOffset="1458" SrcFileId="9" StartOffset="1455"/>
<LocList>
<Loc EndOffset="1579" SrcFileId="9" StartOffset="1455"/>
</LocList>
<RootTerm CovItemId="C3" CovItemPrefix="Brandon_Dominion.playerTest.java" Intrnl_Id="1488">
<BasicBoolTerm Intrnl_Id="1489">
<LocList>
<Loc EndOffset="1476" SrcFileId="9" StartOffset="1471"/>
</LocList>
</BasicBoolTerm>
</RootTerm>
</LoopStmnt>
<BasicStmnt CovItemId="S18" CovItemPrefix="Brandon_Dominion.playerTest.java" Intrnl_Id="1490">
<LocList>
<Loc EndOffset="1625" SrcFileId="9" StartOffset="1583"/>
</LocList>
</BasicStmnt>
<LoopStmnt CovItemId="S19" CovItemPrefix="Brandon_Dominion.playerTest.java" Intrnl_Id="1491" MltplExecId="L4-2" MltplExecPrefix="Brandon_Dominion.playerTest.java" NvrExecId="L4-0" NvrExecPrefix="Brandon_Dominion.playerTest.java" OnceExecutedId="L4-1" OnceExecutedPrefix="Brandon_Dominion.playerTest.java" OptBodyExec="true">
<StmntSeq Intrnl_Id="1492">
<LocList>
<Loc EndOffset="1710" SrcFileId="9" StartOffset="1662"/>
<Loc EndOffset="1773" SrcFileId="9" StartOffset="1756"/>
</LocList>
<BasicStmnt CovItemId="S20" CovItemPrefix="Brandon_Dominion.playerTest.java" Intrnl_Id="1493">
<LocList>
<Loc EndOffset="1710" SrcFileId="9" StartOffset="1662"/>
</LocList>
</BasicStmnt>
<BasicStmnt CovItemId="S21" CovItemPrefix="Brandon_Dominion.playerTest.java" Intrnl_Id="1494">
<LocList>
<Loc EndOffset="1773" SrcFileId="9" StartOffset="1756"/>
</LocList>
</BasicStmnt>
</StmntSeq>
<Keyword EndOffset="1632" SrcFileId="9" StartOffset="1629"/>
<LocList>
<Loc EndOffset="1778" SrcFileId="9" StartOffset="1629"/>
</LocList>
<RootTerm CovItemId="C4" CovItemPrefix="Brandon_Dominion.playerTest.java" Intrnl_Id="1495">
<BasicBoolTerm Intrnl_Id="1496">
<LocList>
<Loc EndOffset="1650" SrcFileId="9" StartOffset="1645"/>
</LocList>
</BasicBoolTerm>
</RootTerm>
</LoopStmnt>
<BasicStmnt CovItemId="S22" CovItemPrefix="Brandon_Dominion.playerTest.java" Intrnl_Id="1497">
<LocList>
<Loc EndOffset="1841" SrcFileId="9" StartOffset="1782"/>
</LocList>
</BasicStmnt>
</StmntSeq>
</HierarchyLvl>
<HierarchyLvl HierarchyLvlId="78" HierarchyLvlTypeId="13" Intrnl_Id="1498" Name="testHandToDiscard">
<Header>
<Loc EndOffset="1891" SrcFileId="9" StartOffset="1851"/>
</Header>
<LocList>
<Loc EndOffset="2187" SrcFileId="9" StartOffset="1851"/>
</LocList>
<StmntSeq Intrnl_Id="1499">
<LocList>
<Loc EndOffset="1924" SrcFileId="9" StartOffset="1896"/>
<Loc EndOffset="1986" SrcFileId="9" StartOffset="1928"/>
<Loc EndOffset="2030" SrcFileId="9" StartOffset="1990"/>
<Loc EndOffset="2072" SrcFileId="9" StartOffset="2034"/>
<Loc EndOffset="2097" SrcFileId="9" StartOffset="2076"/>
<Loc EndOffset="2141" SrcFileId="9" StartOffset="2101"/>
<Loc EndOffset="2183" SrcFileId="9" StartOffset="2145"/>
</LocList>
<BasicStmnt CovItemId="S23" CovItemPrefix="Brandon_Dominion.playerTest.java" Intrnl_Id="1500">
<LocList>
<Loc EndOffset="1924" SrcFileId="9" StartOffset="1896"/>
</LocList>
</BasicStmnt>
<BasicStmnt CovItemId="S24" CovItemPrefix="Brandon_Dominion.playerTest.java" Intrnl_Id="1501">
<LocList>
<Loc EndOffset="1986" SrcFileId="9" StartOffset="1928"/>
</LocList>
</BasicStmnt>
<BasicStmnt CovItemId="S25" CovItemPrefix="Brandon_Dominion.playerTest.java" Intrnl_Id="1502">
<LocList>
<Loc EndOffset="2030" SrcFileId="9" StartOffset="1990"/>
</LocList>
</BasicStmnt>
<BasicStmnt CovItemId="S26" CovItemPrefix="Brandon_Dominion.playerTest.java" Intrnl_Id="1503">
<LocList>
<Loc EndOffset="2072" SrcFileId="9" StartOffset="2034"/>
</LocList>
</BasicStmnt>
<BasicStmnt CovItemId="S27" CovItemPrefix="Brandon_Dominion.playerTest.java" Intrnl_Id="1504">
<LocList>
<Loc EndOffset="2097" SrcFileId="9" StartOffset="2076"/>
</LocList>
</BasicStmnt>
<BasicStmnt CovItemId="S28" CovItemPrefix="Brandon_Dominion.playerTest.java" Intrnl_Id="1505">
<LocList>
<Loc EndOffset="2141" SrcFileId="9" StartOffset="2101"/>
</LocList>
</BasicStmnt>
<BasicStmnt CovItemId="S29" CovItemPrefix="Brandon_Dominion.playerTest.java" Intrnl_Id="1506">
<LocList>
<Loc EndOffset="2183" SrcFileId="9" StartOffset="2145"/>
</LocList>
</BasicStmnt>
</StmntSeq>
</HierarchyLvl>
<HierarchyLvl HierarchyLvlId="79" HierarchyLvlTypeId="13" Intrnl_Id="1507" Name="testPayPiper">
<Header>
<Loc EndOffset="2228" SrcFileId="9" StartOffset="2193"/>
</Header>
<LocList>
<Loc EndOffset="2234" SrcFileId="9" StartOffset="2193"/>
</LocList>
</HierarchyLvl>
</HierarchyLvl>
</HierarchyLvl>
</HierarchyLvl>
</MASTRoot>
</TestSessionContainer>
